2020-03-20 00:19:04.038 | main | INFO  | o.s.b.StartupInfoLogger:StartupInfoLogger.java(55) | Starting PingfenApplication on yu-PC with PID 12668 (C:\Users\Administrator\Desktop\pingfen\target\classes started by Administrator in C:\Users\Administrator\Desktop\pingfen)
2020-03-20 00:19:04.043 | main | INFO  | o.s.b.SpringApplication:SpringApplication.java(651) | No active profile set, falling back to default profiles: default
2020-03-20 00:19:05.459 | main | INFO  | o.s.b.w.e.t.TomcatWebServer:TomcatWebServer.java(92) | Tomcat initialized with port(s): 8080 (http)
2020-03-20 00:19:05.469 | main | INFO  | o.a.j.l.DirectJDKLog:DirectJDKLog.java(173) | Initializing ProtocolHandler ["http-nio-8080"]
2020-03-20 00:19:05.470 | main | INFO  | o.a.j.l.DirectJDKLog:DirectJDKLog.java(173) | Starting service [Tomcat]
2020-03-20 00:19:05.471 | main | INFO  | o.a.j.l.DirectJDKLog:DirectJDKLog.java(173) | Starting Servlet engine: [Apache Tomcat/9.0.29]
2020-03-20 00:19:05.562 | main | INFO  | o.a.j.l.DirectJDKLog:DirectJDKLog.java(173) | Initializing Spring embedded WebApplicationContext
2020-03-20 00:19:05.563 | main | INFO  | o.s.b.w.s.c.ServletWebServerApplicationContext:ServletWebServerApplicationContext.java(284) | Root WebApplicationContext: initialization completed in 1463 ms
2020-03-20 00:19:05.865 | main | WARN  | o.s.s.a.i.AbstractSecurityInterceptor:AbstractSecurityInterceptor.java(159) | Could not validate configuration attributes as the SecurityMetadataSource did not return any attributes from getAllConfigAttributes()
2020-03-20 00:19:05.873 | main | WARN  | o.s.s.a.i.AbstractSecurityInterceptor:AbstractSecurityInterceptor.java(159) | Could not validate configuration attributes as the SecurityMetadataSource did not return any attributes from getAllConfigAttributes()
2020-03-20 00:19:06.091 | main | INFO  | o.s.s.w.DefaultSecurityFilterChain:DefaultSecurityFilterChain.java(43) | Creating filter chain: Ant [pattern='/css/**'], []
2020-03-20 00:19:06.121 | main | INFO  | o.s.s.w.DefaultSecurityFilterChain:DefaultSecurityFilterChain.java(43) | Creating filter chain: any request, [org.springframework.security.web.context.request.async.WebAsyncManagerIntegrationFilter@3bdb2c78, org.springframework.security.web.context.SecurityContextPersistenceFilter@11ebb1b6, org.springframework.security.web.header.HeaderWriterFilter@5d5b5fa7, org.springframework.security.web.authentication.logout.LogoutFilter@7cb8437d, org.springframework.security.web.authentication.UsernamePasswordAuthenticationFilter@2416498e, org.springframework.security.web.savedrequest.RequestCacheAwareFilter@f3021cb, org.springframework.security.web.servletapi.SecurityContextHolderAwareRequestFilter@431f1eaf, org.springframework.security.web.authentication.AnonymousAuthenticationFilter@64693226, org.springframework.security.web.session.SessionManagementFilter@6107165, org.springframework.security.web.access.ExceptionTranslationFilter@64fc097e, org.springframework.security.web.access.intercept.FilterSecurityInterceptor@4e73b552]
2020-03-20 00:19:06.241 | main | INFO  | o.s.s.c.ExecutorConfigurationSupport:ExecutorConfigurationSupport.java(171) | Initializing ExecutorService 'applicationTaskExecutor'
2020-03-20 00:19:06.468 | main | INFO  | o.s.b.a.w.s.WelcomePageHandlerMapping:WelcomePageHandlerMapping.java(58) | Adding welcome page template: index
2020-03-20 00:19:06.618 | main | INFO  | o.a.j.l.DirectJDKLog:DirectJDKLog.java(173) | Starting ProtocolHandler ["http-nio-8080"]
2020-03-20 00:19:06.661 | main | INFO  | o.s.b.w.e.t.TomcatWebServer:TomcatWebServer.java(204) | Tomcat started on port(s): 8080 (http) with context path ''
2020-03-20 00:19:06.665 | main | INFO  | o.s.b.StartupInfoLogger:StartupInfoLogger.java(61) | Started PingfenApplication in 3.322 seconds (JVM running for 4.183)
2020-03-20 00:30:32.699 | RMI TCP Connection(2)-127.0.0.1 | INFO  | o.s.b.a.SpringApplicationAdminMXBeanRegistrar$SpringApplicationAdmin:SpringApplicationAdminMXBeanRegistrar.java(159) | Application shutdown requested.
2020-03-20 00:30:32.703 | RMI TCP Connection(2)-127.0.0.1 | INFO  | o.s.s.c.ExecutorConfigurationSupport:ExecutorConfigurationSupport.java(208) | Shutting down ExecutorService 'applicationTaskExecutor'
2020-03-20 23:34:10.975 | main | INFO  | o.s.b.StartupInfoLogger:StartupInfoLogger.java(55) | Starting PingfenApplication on yu-PC with PID 6488 (C:\Users\Administrator\Desktop\pingfen\target\classes started by Administrator in C:\Users\Administrator\Desktop\pingfen)
2020-03-20 23:34:10.991 | main | INFO  | o.s.b.SpringApplication:SpringApplication.java(651) | No active profile set, falling back to default profiles: default
2020-03-20 23:34:16.130 | main | INFO  | o.s.b.w.e.t.TomcatWebServer:TomcatWebServer.java(92) | Tomcat initialized with port(s): 8080 (http)
2020-03-20 23:34:16.220 | main | INFO  | o.a.j.l.DirectJDKLog:DirectJDKLog.java(173) | Initializing ProtocolHandler ["http-nio-8080"]
2020-03-20 23:34:16.224 | main | INFO  | o.a.j.l.DirectJDKLog:DirectJDKLog.java(173) | Starting service [Tomcat]
2020-03-20 23:34:16.226 | main | INFO  | o.a.j.l.DirectJDKLog:DirectJDKLog.java(173) | Starting Servlet engine: [Apache Tomcat/9.0.29]
2020-03-20 23:34:16.796 | main | INFO  | o.a.j.l.DirectJDKLog:DirectJDKLog.java(173) | Initializing Spring embedded WebApplicationContext
2020-03-20 23:34:16.797 | main | INFO  | o.s.b.w.s.c.ServletWebServerApplicationContext:ServletWebServerApplicationContext.java(284) | Root WebApplicationContext: initialization completed in 5541 ms
2020-03-20 23:34:17.385 | main | WARN  | o.s.s.a.i.AbstractSecurityInterceptor:AbstractSecurityInterceptor.java(159) | Could not validate configuration attributes as the SecurityMetadataSource did not return any attributes from getAllConfigAttributes()
2020-03-20 23:34:17.393 | main | WARN  | o.s.s.a.i.AbstractSecurityInterceptor:AbstractSecurityInterceptor.java(159) | Could not validate configuration attributes as the SecurityMetadataSource did not return any attributes from getAllConfigAttributes()
2020-03-20 23:34:17.807 | main | INFO  | o.s.s.w.DefaultSecurityFilterChain:DefaultSecurityFilterChain.java(43) | Creating filter chain: Ant [pattern='/css/**'], []
2020-03-20 23:34:17.864 | main | INFO  | o.s.s.w.DefaultSecurityFilterChain:DefaultSecurityFilterChain.java(43) | Creating filter chain: any request, [org.springframework.security.web.context.request.async.WebAsyncManagerIntegrationFilter@387bf2d9, org.springframework.security.web.context.SecurityContextPersistenceFilter@42210be1, org.springframework.security.web.header.HeaderWriterFilter@730e5763, org.springframework.security.web.authentication.logout.LogoutFilter@53dad875, org.springframework.security.web.authentication.UsernamePasswordAuthenticationFilter@1a891add, org.springframework.security.web.savedrequest.RequestCacheAwareFilter@2babf189, org.springframework.security.web.servletapi.SecurityContextHolderAwareRequestFilter@c3177d5, org.springframework.security.web.authentication.AnonymousAuthenticationFilter@74aa9c72, org.springframework.security.web.session.SessionManagementFilter@19058533, org.springframework.security.web.access.ExceptionTranslationFilter@69e05f61, org.springframework.security.web.access.intercept.FilterSecurityInterceptor@3a5c2626]
2020-03-20 23:34:18.115 | main | INFO  | o.s.s.c.ExecutorConfigurationSupport:ExecutorConfigurationSupport.java(171) | Initializing ExecutorService 'applicationTaskExecutor'
2020-03-20 23:34:18.456 | main | INFO  | o.s.b.a.w.s.WelcomePageHandlerMapping:WelcomePageHandlerMapping.java(58) | Adding welcome page template: index
2020-03-20 23:34:18.760 | main | INFO  | o.a.j.l.DirectJDKLog:DirectJDKLog.java(173) | Starting ProtocolHandler ["http-nio-8080"]
2020-03-20 23:34:18.854 | main | INFO  | o.s.b.w.e.t.TomcatWebServer:TomcatWebServer.java(204) | Tomcat started on port(s): 8080 (http) with context path ''
2020-03-20 23:34:18.858 | main | INFO  | o.s.b.StartupInfoLogger:StartupInfoLogger.java(61) | Started PingfenApplication in 9.952 seconds (JVM running for 11.91)
2020-03-20 23:48:06.810 | http-nio-8080-exec-1 | INFO  | o.a.j.l.DirectJDKLog:DirectJDKLog.java(173) | Initializing Spring DispatcherServlet 'dispatcherServlet'
2020-03-20 23:48:06.813 | http-nio-8080-exec-1 | INFO  | o.s.w.s.FrameworkServlet:FrameworkServlet.java(525) | Initializing Servlet 'dispatcherServlet'
2020-03-20 23:48:06.837 | http-nio-8080-exec-1 | INFO  | o.s.w.s.FrameworkServlet:FrameworkServlet.java(547) | Completed initialization in 23 ms
2020-03-20 23:48:07.273 | http-nio-8080-exec-3 | INFO  | c.q.p.c.VFilterInvocationSecurityMetadataSource:VFilterInvocationSecurityMetadataSource.java(33) | VFilterInvocationSecurityMetadataSource getAttributes [requestUrl=/login]
2020-03-20 23:48:07.277 | http-nio-8080-exec-3 | INFO  | c.q.p.c.VFilterInvocationSecurityMetadataSource:VFilterInvocationSecurityMetadataSource.java(33) | VFilterInvocationSecurityMetadataSource getAttributes [requestUrl=/login]
2020-03-20 23:48:08.982 | http-nio-8080-exec-4 | INFO  | c.q.p.c.VFilterInvocationSecurityMetadataSource:VFilterInvocationSecurityMetadataSource.java(33) | VFilterInvocationSecurityMetadataSource getAttributes [requestUrl=/vue/index.css]
2020-03-20 23:48:09.055 | http-nio-8080-exec-5 | INFO  | c.q.p.c.VFilterInvocationSecurityMetadataSource:VFilterInvocationSecurityMetadataSource.java(33) | VFilterInvocationSecurityMetadataSource getAttributes [requestUrl=/vue/login.css]
2020-03-20 23:48:09.056 | http-nio-8080-exec-6 | INFO  | c.q.p.c.VFilterInvocationSecurityMetadataSource:VFilterInvocationSecurityMetadataSource.java(33) | VFilterInvocationSecurityMetadataSource getAttributes [requestUrl=/vue/vue.js]
2020-03-20 23:48:09.059 | http-nio-8080-exec-8 | INFO  | c.q.p.c.VFilterInvocationSecurityMetadataSource:VFilterInvocationSecurityMetadataSource.java(33) | VFilterInvocationSecurityMetadataSource getAttributes [requestUrl=/vue/axios.min.js]
2020-03-20 23:48:09.059 | http-nio-8080-exec-7 | INFO  | c.q.p.c.VFilterInvocationSecurityMetadataSource:VFilterInvocationSecurityMetadataSource.java(33) | VFilterInvocationSecurityMetadataSource getAttributes [requestUrl=/vue/index.js]
2020-03-20 23:48:09.062 | http-nio-8080-exec-9 | INFO  | c.q.p.c.VFilterInvocationSecurityMetadataSource:VFilterInvocationSecurityMetadataSource.java(33) | VFilterInvocationSecurityMetadataSource getAttributes [requestUrl=/vue/login.js]
2020-03-20 23:48:09.154 | http-nio-8080-exec-6 | INFO  | c.z.h.HikariDataSource:HikariDataSource.java(110) | HikariPool-1 - Starting...
2020-03-20 23:48:10.960 | http-nio-8080-exec-6 | INFO  | c.z.h.HikariDataSource:HikariDataSource.java(123) | HikariPool-1 - Start completed.
2020-03-20 23:48:12.234 | http-nio-8080-exec-5 | INFO  | c.q.p.c.VFilterInvocationSecurityMetadataSource:VFilterInvocationSecurityMetadataSource.java(42) | VFilterInvocationSecurityMetadataSource getAttributes [sRoleList=[]]
2020-03-20 23:48:12.234 | http-nio-8080-exec-9 | INFO  | c.q.p.c.VFilterInvocationSecurityMetadataSource:VFilterInvocationSecurityMetadataSource.java(42) | VFilterInvocationSecurityMetadataSource getAttributes [sRoleList=[]]
2020-03-20 23:48:12.234 | http-nio-8080-exec-6 | INFO  | c.q.p.c.VFilterInvocationSecurityMetadataSource:VFilterInvocationSecurityMetadataSource.java(42) | VFilterInvocationSecurityMetadataSource getAttributes [sRoleList=[]]
2020-03-20 23:48:12.240 | http-nio-8080-exec-4 | INFO  | c.q.p.c.VFilterInvocationSecurityMetadataSource:VFilterInvocationSecurityMetadataSource.java(42) | VFilterInvocationSecurityMetadataSource getAttributes [sRoleList=[]]
2020-03-20 23:48:12.240 | http-nio-8080-exec-8 | INFO  | c.q.p.c.VFilterInvocationSecurityMetadataSource:VFilterInvocationSecurityMetadataSource.java(42) | VFilterInvocationSecurityMetadataSource getAttributes [sRoleList=[]]
2020-03-20 23:48:12.240 | http-nio-8080-exec-7 | INFO  | c.q.p.c.VFilterInvocationSecurityMetadataSource:VFilterInvocationSecurityMetadataSource.java(42) | VFilterInvocationSecurityMetadataSource getAttributes [sRoleList=[]]
2020-03-20 23:48:12.257 | http-nio-8080-exec-5 | INFO  | c.q.p.c.VFilterInvocationSecurityMetadataSource:VFilterInvocationSecurityMetadataSource.java(48) | VFilterInvocationSecurityMetadataSource getAttributes [sPermissionList=[]]
2020-03-20 23:48:12.258 | http-nio-8080-exec-5 | INFO  | c.q.p.c.VFilterInvocationSecurityMetadataSource:VFilterInvocationSecurityMetadataSource.java(33) | VFilterInvocationSecurityMetadataSource getAttributes [requestUrl=/vue/login.css]
2020-03-20 23:48:12.260 | http-nio-8080-exec-7 | INFO  | c.q.p.c.VFilterInvocationSecurityMetadataSource:VFilterInvocationSecurityMetadataSource.java(48) | VFilterInvocationSecurityMetadataSource getAttributes [sPermissionList=[]]
2020-03-20 23:48:12.490 | http-nio-8080-exec-7 | INFO  | c.q.p.c.VFilterInvocationSecurityMetadataSource:VFilterInvocationSecurityMetadataSource.java(33) | VFilterInvocationSecurityMetadataSource getAttributes [requestUrl=/vue/index.js]
2020-03-20 23:48:12.493 | http-nio-8080-exec-5 | INFO  | c.q.p.c.VFilterInvocationSecurityMetadataSource:VFilterInvocationSecurityMetadataSource.java(42) | VFilterInvocationSecurityMetadataSource getAttributes [sRoleList=[]]
2020-03-20 23:48:12.503 | http-nio-8080-exec-5 | INFO  | c.q.p.c.VFilterInvocationSecurityMetadataSource:VFilterInvocationSecurityMetadataSource.java(48) | VFilterInvocationSecurityMetadataSource getAttributes [sPermissionList=[]]
2020-03-20 23:48:12.505 | http-nio-8080-exec-4 | INFO  | c.q.p.c.VFilterInvocationSecurityMetadataSource:VFilterInvocationSecurityMetadataSource.java(48) | VFilterInvocationSecurityMetadataSource getAttributes [sPermissionList=[]]
2020-03-20 23:48:12.505 | http-nio-8080-exec-4 | INFO  | c.q.p.c.VFilterInvocationSecurityMetadataSource:VFilterInvocationSecurityMetadataSource.java(33) | VFilterInvocationSecurityMetadataSource getAttributes [requestUrl=/vue/index.css]
2020-03-20 23:48:12.511 | http-nio-8080-exec-7 | INFO  | c.q.p.c.VFilterInvocationSecurityMetadataSource:VFilterInvocationSecurityMetadataSource.java(42) | VFilterInvocationSecurityMetadataSource getAttributes [sRoleList=[]]
2020-03-20 23:48:12.514 | http-nio-8080-exec-6 | INFO  | c.q.p.c.VFilterInvocationSecurityMetadataSource:VFilterInvocationSecurityMetadataSource.java(48) | VFilterInvocationSecurityMetadataSource getAttributes [sPermissionList=[]]
2020-03-20 23:48:12.515 | http-nio-8080-exec-6 | INFO  | c.q.p.c.VFilterInvocationSecurityMetadataSource:VFilterInvocationSecurityMetadataSource.java(33) | VFilterInvocationSecurityMetadataSource getAttributes [requestUrl=/vue/vue.js]
2020-03-20 23:48:12.515 | http-nio-8080-exec-4 | INFO  | c.q.p.c.VFilterInvocationSecurityMetadataSource:VFilterInvocationSecurityMetadataSource.java(42) | VFilterInvocationSecurityMetadataSource getAttributes [sRoleList=[]]
2020-03-20 23:48:12.517 | http-nio-8080-exec-7 | INFO  | c.q.p.c.VFilterInvocationSecurityMetadataSource:VFilterInvocationSecurityMetadataSource.java(48) | VFilterInvocationSecurityMetadataSource getAttributes [sPermissionList=[]]
2020-03-20 23:48:12.517 | http-nio-8080-exec-9 | INFO  | c.q.p.c.VFilterInvocationSecurityMetadataSource:VFilterInvocationSecurityMetadataSource.java(48) | VFilterInvocationSecurityMetadataSource getAttributes [sPermissionList=[]]
2020-03-20 23:48:12.518 | http-nio-8080-exec-9 | INFO  | c.q.p.c.VFilterInvocationSecurityMetadataSource:VFilterInvocationSecurityMetadataSource.java(33) | VFilterInvocationSecurityMetadataSource getAttributes [requestUrl=/vue/login.js]
2020-03-20 23:48:12.519 | http-nio-8080-exec-4 | INFO  | c.q.p.c.VFilterInvocationSecurityMetadataSource:VFilterInvocationSecurityMetadataSource.java(48) | VFilterInvocationSecurityMetadataSource getAttributes [sPermissionList=[]]
2020-03-20 23:48:12.524 | http-nio-8080-exec-6 | INFO  | c.q.p.c.VFilterInvocationSecurityMetadataSource:VFilterInvocationSecurityMetadataSource.java(42) | VFilterInvocationSecurityMetadataSource getAttributes [sRoleList=[]]
2020-03-20 23:48:12.510 | http-nio-8080-exec-8 | INFO  | c.q.p.c.VFilterInvocationSecurityMetadataSource:VFilterInvocationSecurityMetadataSource.java(48) | VFilterInvocationSecurityMetadataSource getAttributes [sPermissionList=[]]
2020-03-20 23:48:12.525 | http-nio-8080-exec-8 | INFO  | c.q.p.c.VFilterInvocationSecurityMetadataSource:VFilterInvocationSecurityMetadataSource.java(33) | VFilterInvocationSecurityMetadataSource getAttributes [requestUrl=/vue/axios.min.js]
2020-03-20 23:48:12.532 | http-nio-8080-exec-9 | INFO  | c.q.p.c.VFilterInvocationSecurityMetadataSource:VFilterInvocationSecurityMetadataSource.java(42) | VFilterInvocationSecurityMetadataSource getAttributes [sRoleList=[]]
2020-03-20 23:48:12.533 | http-nio-8080-exec-8 | INFO  | c.q.p.c.VFilterInvocationSecurityMetadataSource:VFilterInvocationSecurityMetadataSource.java(42) | VFilterInvocationSecurityMetadataSource getAttributes [sRoleList=[]]
2020-03-20 23:48:12.535 | http-nio-8080-exec-6 | INFO  | c.q.p.c.VFilterInvocationSecurityMetadataSource:VFilterInvocationSecurityMetadataSource.java(48) | VFilterInvocationSecurityMetadataSource getAttributes [sPermissionList=[]]
2020-03-20 23:48:12.537 | http-nio-8080-exec-8 | INFO  | c.q.p.c.VFilterInvocationSecurityMetadataSource:VFilterInvocationSecurityMetadataSource.java(48) | VFilterInvocationSecurityMetadataSource getAttributes [sPermissionList=[]]
2020-03-20 23:48:12.539 | http-nio-8080-exec-9 | INFO  | c.q.p.c.VFilterInvocationSecurityMetadataSource:VFilterInvocationSecurityMetadataSource.java(48) | VFilterInvocationSecurityMetadataSource getAttributes [sPermissionList=[]]
2020-03-20 23:48:13.428 | http-nio-8080-exec-2 | INFO  | c.q.p.c.VFilterInvocationSecurityMetadataSource:VFilterInvocationSecurityMetadataSource.java(33) | VFilterInvocationSecurityMetadataSource getAttributes [requestUrl=/login]
2020-03-20 23:48:13.430 | http-nio-8080-exec-2 | INFO  | c.q.p.c.VFilterInvocationSecurityMetadataSource:VFilterInvocationSecurityMetadataSource.java(33) | VFilterInvocationSecurityMetadataSource getAttributes [requestUrl=/login]
2020-03-20 23:48:33.144 | http-nio-8080-exec-6 | INFO  | c.q.p.c.VAuthenticationProvider:VAuthenticationProvider.java(39) | VAuthenticationProvider authenticate login user [username=10021, password=123456]
2020-03-20 23:48:33.267 | http-nio-8080-exec-6 | INFO  | c.q.p.c.VAuthenticationProvider:VAuthenticationProvider.java(41) | VAuthenticationProvider authenticate vUserDetails [vUserDetails={"gson":{"calls":{"threadLocalHashCode":-1331339661},"typeTokenCache":{},"constructorConstructor":{"instanceCreators":{},"accessor":{}},"jsonAdapterFactory":{"constructorConstructor":{"instanceCreators":{},"accessor":{}}},"factories":[null,null,{"version":-1.0,"modifiers":136,"serializeInnerClasses":true,"requireExpose":false,"serializationStrategies":[],"deserializationStrategies":[]},null,null,null,null,null,null,null,null,null,null,null,null,null,null,null,null,null,null,null,null,null,null,null,null,null,null,null,null,null,null,null,null,null,{"constructorConstructor":{"instanceCreators":{},"accessor":{}}},{"constructorConstructor":{"instanceCreators":{},"accessor":{}},"complexMapKeySerialization":false},{"constructorConstructor":{"instanceCreators":{},"accessor":{}}},null,{"constructorConstructor":{"instanceCreators":{},"accessor":{}},"fieldNamingPolicy":"IDENTITY","excluder":{"version":-1.0,"modifiers":136,"serializeInnerClasses":true,"requireExpose":false,"serializationStrategies":[],"deserializationStrategies":[]},"jsonAdapterFactory":{"constructorConstructor":{"instanceCreators":{},"accessor":{}}},"accessor":{}}],"excluder":{"version":-1.0,"modifiers":136,"serializeInnerClasses":true,"requireExpose":false,"serializationStrategies":[],"deserializationStrategies":[]},"fieldNamingStrategy":"IDENTITY","instanceCreators":{},"serializeNulls":false,"complexMapKeySerialization":false,"generateNonExecutableJson":false,"htmlSafe":true,"prettyPrinting":false,"lenient":false,"serializeSpecialFloatingPointValues":false,"dateStyle":2,"timeStyle":2,"longSerializationPolicy":"DEFAULT","builderFactories":[],"builderHierarchyFactories":[]},"logger":{"name":"cn.qianshu.pingfen.entity.VUserDetails"},"sRoleList":[{"id":1,"role":"R_ADMIN","describe":"大总管，所有权限"}],"sPermissionList":[{"id":1,"permission":"P_INDEX","url":"/index","describe":"index页面资源"},{"id":2,"permission":"P_ADMIN","url":"/admin","describe":"admin页面资源"},{"id":3,"permission":"P_HELLO","url":"/hello","describe":"hello页面资源"}],"id":1,"name":"admin","password":"$2a$10$D6WR4dcThfRCYGM7AXNHqup.V7URH6QISi4YFxYr1iAJeZf07ryQ2","account":"10021"}]
2020-03-20 23:48:33.407 | http-nio-8080-exec-6 | INFO  | c.q.p.c.VAuthenticationProvider:VAuthenticationProvider.java(45) | 密码匹配结果：true
2020-03-20 23:48:33.533 | http-nio-8080-exec-6 | INFO  | c.q.p.e.VUserDetails:VUserDetails.java(59) | VUserDetails getAuthorities [authoritiesStr=R_ADMIN,P_INDEX,P_ADMIN,P_HELLO 
2020-03-20 23:48:33.540 | http-nio-8080-exec-7 | INFO  | c.q.p.c.VFilterInvocationSecurityMetadataSource:VFilterInvocationSecurityMetadataSource.java(33) | VFilterInvocationSecurityMetadataSource getAttributes [requestUrl=/]
2020-03-20 23:48:33.546 | http-nio-8080-exec-7 | INFO  | c.q.p.c.VFilterInvocationSecurityMetadataSource:VFilterInvocationSecurityMetadataSource.java(42) | VFilterInvocationSecurityMetadataSource getAttributes [sRoleList=[{"id":3,"role":"R_USER","describe":"普通用户，评分"}]]
2020-03-20 23:48:33.549 | http-nio-8080-exec-7 | INFO  | c.q.p.c.VFilterInvocationSecurityMetadataSource:VFilterInvocationSecurityMetadataSource.java(48) | VFilterInvocationSecurityMetadataSource getAttributes [sPermissionList=[{"id":4,"permission":"P_INDEX","url":"/","describe":"/index"}]]
2020-03-20 23:48:33.550 | http-nio-8080-exec-7 | INFO  | c.q.p.c.VFilterInvocationSecurityMetadataSource:VFilterInvocationSecurityMetadataSource.java(58) | VFilterInvocationSecurityMetadataSource getAttributes [permissionArray=["R_USER","P_INDEX"]]
2020-03-20 23:48:33.550 | http-nio-8080-exec-7 | INFO  | c.q.p.c.VFilterInvocationSecurityMetadataSource:VFilterInvocationSecurityMetadataSource.java(33) | VFilterInvocationSecurityMetadataSource getAttributes [requestUrl=/]
2020-03-20 23:48:33.554 | http-nio-8080-exec-7 | INFO  | c.q.p.c.VFilterInvocationSecurityMetadataSource:VFilterInvocationSecurityMetadataSource.java(42) | VFilterInvocationSecurityMetadataSource getAttributes [sRoleList=[{"id":3,"role":"R_USER","describe":"普通用户，评分"}]]
2020-03-20 23:48:33.557 | http-nio-8080-exec-7 | INFO  | c.q.p.c.VFilterInvocationSecurityMetadataSource:VFilterInvocationSecurityMetadataSource.java(48) | VFilterInvocationSecurityMetadataSource getAttributes [sPermissionList=[{"id":4,"permission":"P_INDEX","url":"/","describe":"/index"}]]
2020-03-20 23:48:33.558 | http-nio-8080-exec-7 | INFO  | c.q.p.c.VFilterInvocationSecurityMetadataSource:VFilterInvocationSecurityMetadataSource.java(58) | VFilterInvocationSecurityMetadataSource getAttributes [permissionArray=["R_USER","P_INDEX"]]
2020-03-20 23:48:33.652 | http-nio-8080-exec-10 | INFO  | c.q.p.c.VFilterInvocationSecurityMetadataSource:VFilterInvocationSecurityMetadataSource.java(33) | VFilterInvocationSecurityMetadataSource getAttributes [requestUrl=/index]
2020-03-20 23:48:33.661 | http-nio-8080-exec-10 | INFO  | c.q.p.c.VFilterInvocationSecurityMetadataSource:VFilterInvocationSecurityMetadataSource.java(42) | VFilterInvocationSecurityMetadataSource getAttributes [sRoleList=[{"id":1,"role":"R_ADMIN","describe":"大总管，所有权限"},{"id":2,"role":"R_HELLO","describe":"说hello相关的权限"}]]
2020-03-20 23:48:33.666 | http-nio-8080-exec-10 | INFO  | c.q.p.c.VFilterInvocationSecurityMetadataSource:VFilterInvocationSecurityMetadataSource.java(48) | VFilterInvocationSecurityMetadataSource getAttributes [sPermissionList=[{"id":1,"permission":"P_INDEX","url":"/index","describe":"index页面资源"}]]
2020-03-20 23:48:33.667 | http-nio-8080-exec-10 | INFO  | c.q.p.c.VFilterInvocationSecurityMetadataSource:VFilterInvocationSecurityMetadataSource.java(58) | VFilterInvocationSecurityMetadataSource getAttributes [permissionArray=["R_ADMIN","R_HELLO","P_INDEX"]]
2020-03-20 23:48:33.668 | http-nio-8080-exec-10 | INFO  | c.q.p.c.VFilterInvocationSecurityMetadataSource:VFilterInvocationSecurityMetadataSource.java(33) | VFilterInvocationSecurityMetadataSource getAttributes [requestUrl=/index]
2020-03-20 23:48:33.674 | http-nio-8080-exec-10 | INFO  | c.q.p.c.VFilterInvocationSecurityMetadataSource:VFilterInvocationSecurityMetadataSource.java(42) | VFilterInvocationSecurityMetadataSource getAttributes [sRoleList=[{"id":1,"role":"R_ADMIN","describe":"大总管，所有权限"},{"id":2,"role":"R_HELLO","describe":"说hello相关的权限"}]]
2020-03-20 23:48:33.679 | http-nio-8080-exec-10 | INFO  | c.q.p.c.VFilterInvocationSecurityMetadataSource:VFilterInvocationSecurityMetadataSource.java(48) | VFilterInvocationSecurityMetadataSource getAttributes [sPermissionList=[{"id":1,"permission":"P_INDEX","url":"/index","describe":"index页面资源"}]]
2020-03-20 23:48:33.680 | http-nio-8080-exec-10 | INFO  | c.q.p.c.VFilterInvocationSecurityMetadataSource:VFilterInvocationSecurityMetadataSource.java(58) | VFilterInvocationSecurityMetadataSource getAttributes [permissionArray=["R_ADMIN","R_HELLO","P_INDEX"]]
2020-03-20 23:48:33.687 | http-nio-8080-exec-10 | INFO  | c.q.p.c.IndexController:IndexController.java(35) | index page
2020-03-20 23:48:34.042 | http-nio-8080-exec-2 | INFO  | c.q.p.c.VFilterInvocationSecurityMetadataSource:VFilterInvocationSecurityMetadataSource.java(33) | VFilterInvocationSecurityMetadataSource getAttributes [requestUrl=/]
2020-03-20 23:48:34.050 | http-nio-8080-exec-2 | INFO  | c.q.p.c.VFilterInvocationSecurityMetadataSource:VFilterInvocationSecurityMetadataSource.java(42) | VFilterInvocationSecurityMetadataSource getAttributes [sRoleList=[{"id":3,"role":"R_USER","describe":"普通用户，评分"}]]
2020-03-20 23:48:34.055 | http-nio-8080-exec-2 | INFO  | c.q.p.c.VFilterInvocationSecurityMetadataSource:VFilterInvocationSecurityMetadataSource.java(48) | VFilterInvocationSecurityMetadataSource getAttributes [sPermissionList=[{"id":4,"permission":"P_INDEX","url":"/","describe":"/index"}]]
2020-03-20 23:48:34.055 | http-nio-8080-exec-2 | INFO  | c.q.p.c.VFilterInvocationSecurityMetadataSource:VFilterInvocationSecurityMetadataSource.java(58) | VFilterInvocationSecurityMetadataSource getAttributes [permissionArray=["R_USER","P_INDEX"]]
2020-03-20 23:48:34.055 | http-nio-8080-exec-2 | INFO  | c.q.p.c.VFilterInvocationSecurityMetadataSource:VFilterInvocationSecurityMetadataSource.java(33) | VFilterInvocationSecurityMetadataSource getAttributes [requestUrl=/]
2020-03-20 23:48:34.060 | http-nio-8080-exec-2 | INFO  | c.q.p.c.VFilterInvocationSecurityMetadataSource:VFilterInvocationSecurityMetadataSource.java(42) | VFilterInvocationSecurityMetadataSource getAttributes [sRoleList=[{"id":3,"role":"R_USER","describe":"普通用户，评分"}]]
2020-03-20 23:48:34.063 | http-nio-8080-exec-2 | INFO  | c.q.p.c.VFilterInvocationSecurityMetadataSource:VFilterInvocationSecurityMetadataSource.java(48) | VFilterInvocationSecurityMetadataSource getAttributes [sPermissionList=[{"id":4,"permission":"P_INDEX","url":"/","describe":"/index"}]]
2020-03-20 23:48:34.063 | http-nio-8080-exec-2 | INFO  | c.q.p.c.VFilterInvocationSecurityMetadataSource:VFilterInvocationSecurityMetadataSource.java(58) | VFilterInvocationSecurityMetadataSource getAttributes [permissionArray=["R_USER","P_INDEX"]]
2020-03-20 23:48:34.067 | http-nio-8080-exec-3 | INFO  | c.q.p.c.VFilterInvocationSecurityMetadataSource:VFilterInvocationSecurityMetadataSource.java(33) | VFilterInvocationSecurityMetadataSource getAttributes [requestUrl=/index]
2020-03-20 23:48:34.072 | http-nio-8080-exec-3 | INFO  | c.q.p.c.VFilterInvocationSecurityMetadataSource:VFilterInvocationSecurityMetadataSource.java(42) | VFilterInvocationSecurityMetadataSource getAttributes [sRoleList=[{"id":1,"role":"R_ADMIN","describe":"大总管，所有权限"},{"id":2,"role":"R_HELLO","describe":"说hello相关的权限"}]]
2020-03-20 23:48:34.076 | http-nio-8080-exec-3 | INFO  | c.q.p.c.VFilterInvocationSecurityMetadataSource:VFilterInvocationSecurityMetadataSource.java(48) | VFilterInvocationSecurityMetadataSource getAttributes [sPermissionList=[{"id":1,"permission":"P_INDEX","url":"/index","describe":"index页面资源"}]]
2020-03-20 23:48:34.076 | http-nio-8080-exec-3 | INFO  | c.q.p.c.VFilterInvocationSecurityMetadataSource:VFilterInvocationSecurityMetadataSource.java(58) | VFilterInvocationSecurityMetadataSource getAttributes [permissionArray=["R_ADMIN","R_HELLO","P_INDEX"]]
2020-03-20 23:48:34.076 | http-nio-8080-exec-3 | INFO  | c.q.p.c.VFilterInvocationSecurityMetadataSource:VFilterInvocationSecurityMetadataSource.java(33) | VFilterInvocationSecurityMetadataSource getAttributes [requestUrl=/index]
2020-03-20 23:48:34.080 | http-nio-8080-exec-3 | INFO  | c.q.p.c.VFilterInvocationSecurityMetadataSource:VFilterInvocationSecurityMetadataSource.java(42) | VFilterInvocationSecurityMetadataSource getAttributes [sRoleList=[{"id":1,"role":"R_ADMIN","describe":"大总管，所有权限"},{"id":2,"role":"R_HELLO","describe":"说hello相关的权限"}]]
2020-03-20 23:48:34.084 | http-nio-8080-exec-3 | INFO  | c.q.p.c.VFilterInvocationSecurityMetadataSource:VFilterInvocationSecurityMetadataSource.java(48) | VFilterInvocationSecurityMetadataSource getAttributes [sPermissionList=[{"id":1,"permission":"P_INDEX","url":"/index","describe":"index页面资源"}]]
2020-03-20 23:48:34.084 | http-nio-8080-exec-3 | INFO  | c.q.p.c.VFilterInvocationSecurityMetadataSource:VFilterInvocationSecurityMetadataSource.java(58) | VFilterInvocationSecurityMetadataSource getAttributes [permissionArray=["R_ADMIN","R_HELLO","P_INDEX"]]
2020-03-20 23:48:34.085 | http-nio-8080-exec-3 | INFO  | c.q.p.c.IndexController:IndexController.java(35) | index page
2020-03-20 23:48:34.163 | http-nio-8080-exec-9 | INFO  | c.q.p.c.VFilterInvocationSecurityMetadataSource:VFilterInvocationSecurityMetadataSource.java(33) | VFilterInvocationSecurityMetadataSource getAttributes [requestUrl=/vue/index.css]
2020-03-20 23:48:34.169 | http-nio-8080-exec-9 | INFO  | c.q.p.c.VFilterInvocationSecurityMetadataSource:VFilterInvocationSecurityMetadataSource.java(42) | VFilterInvocationSecurityMetadataSource getAttributes [sRoleList=[]]
2020-03-20 23:48:34.238 | http-nio-8080-exec-4 | INFO  | c.q.p.c.VFilterInvocationSecurityMetadataSource:VFilterInvocationSecurityMetadataSource.java(33) | VFilterInvocationSecurityMetadataSource getAttributes [requestUrl=/vue/custom.css]
2020-03-20 23:48:34.241 | http-nio-8080-exec-5 | INFO  | c.q.p.c.VFilterInvocationSecurityMetadataSource:VFilterInvocationSecurityMetadataSource.java(33) | VFilterInvocationSecurityMetadataSource getAttributes [requestUrl=/vue/vue.js]
2020-03-20 23:48:34.244 | http-nio-8080-exec-8 | INFO  | c.q.p.c.VFilterInvocationSecurityMetadataSource:VFilterInvocationSecurityMetadataSource.java(33) | VFilterInvocationSecurityMetadataSource getAttributes [requestUrl=/vue/index.js]
2020-03-20 23:48:34.245 | http-nio-8080-exec-1 | INFO  | c.q.p.c.VFilterInvocationSecurityMetadataSource:VFilterInvocationSecurityMetadataSource.java(33) | VFilterInvocationSecurityMetadataSource getAttributes [requestUrl=/vue/vue-router.js]
2020-03-20 23:48:34.247 | http-nio-8080-exec-6 | INFO  | c.q.p.c.VFilterInvocationSecurityMetadataSource:VFilterInvocationSecurityMetadataSource.java(33) | VFilterInvocationSecurityMetadataSource getAttributes [requestUrl=/vue/axios.min.js]
2020-03-20 23:48:34.371 | http-nio-8080-exec-9 | INFO  | c.q.p.c.VFilterInvocationSecurityMetadataSource:VFilterInvocationSecurityMetadataSource.java(48) | VFilterInvocationSecurityMetadataSource getAttributes [sPermissionList=[]]
2020-03-20 23:48:34.372 | http-nio-8080-exec-9 | INFO  | c.q.p.c.VFilterInvocationSecurityMetadataSource:VFilterInvocationSecurityMetadataSource.java(33) | VFilterInvocationSecurityMetadataSource getAttributes [requestUrl=/vue/index.css]
2020-03-20 23:48:34.374 | http-nio-8080-exec-6 | INFO  | c.q.p.c.VFilterInvocationSecurityMetadataSource:VFilterInvocationSecurityMetadataSource.java(42) | VFilterInvocationSecurityMetadataSource getAttributes [sRoleList=[]]
2020-03-20 23:48:34.376 | http-nio-8080-exec-1 | INFO  | c.q.p.c.VFilterInvocationSecurityMetadataSource:VFilterInvocationSecurityMetadataSource.java(42) | VFilterInvocationSecurityMetadataSource getAttributes [sRoleList=[]]
2020-03-20 23:48:34.379 | http-nio-8080-exec-9 | INFO  | c.q.p.c.VFilterInvocationSecurityMetadataSource:VFilterInvocationSecurityMetadataSource.java(42) | VFilterInvocationSecurityMetadataSource getAttributes [sRoleList=[]]
2020-03-20 23:48:34.384 | http-nio-8080-exec-6 | INFO  | c.q.p.c.VFilterInvocationSecurityMetadataSource:VFilterInvocationSecurityMetadataSource.java(48) | VFilterInvocationSecurityMetadataSource getAttributes [sPermissionList=[]]
2020-03-20 23:48:34.385 | http-nio-8080-exec-6 | INFO  | c.q.p.c.VFilterInvocationSecurityMetadataSource:VFilterInvocationSecurityMetadataSource.java(33) | VFilterInvocationSecurityMetadataSource getAttributes [requestUrl=/vue/axios.min.js]
2020-03-20 23:48:34.388 | http-nio-8080-exec-9 | INFO  | c.q.p.c.VFilterInvocationSecurityMetadataSource:VFilterInvocationSecurityMetadataSource.java(48) | VFilterInvocationSecurityMetadataSource getAttributes [sPermissionList=[]]
2020-03-20 23:48:34.395 | http-nio-8080-exec-6 | INFO  | c.q.p.c.VFilterInvocationSecurityMetadataSource:VFilterInvocationSecurityMetadataSource.java(42) | VFilterInvocationSecurityMetadataSource getAttributes [sRoleList=[]]
2020-03-20 23:48:34.397 | http-nio-8080-exec-1 | INFO  | c.q.p.c.VFilterInvocationSecurityMetadataSource:VFilterInvocationSecurityMetadataSource.java(48) | VFilterInvocationSecurityMetadataSource getAttributes [sPermissionList=[]]
2020-03-20 23:48:34.398 | http-nio-8080-exec-1 | INFO  | c.q.p.c.VFilterInvocationSecurityMetadataSource:VFilterInvocationSecurityMetadataSource.java(33) | VFilterInvocationSecurityMetadataSource getAttributes [requestUrl=/vue/vue-router.js]
2020-03-20 23:48:34.400 | http-nio-8080-exec-8 | INFO  | c.q.p.c.VFilterInvocationSecurityMetadataSource:VFilterInvocationSecurityMetadataSource.java(42) | VFilterInvocationSecurityMetadataSource getAttributes [sRoleList=[]]
2020-03-20 23:48:34.402 | http-nio-8080-exec-5 | INFO  | c.q.p.c.VFilterInvocationSecurityMetadataSource:VFilterInvocationSecurityMetadataSource.java(42) | VFilterInvocationSecurityMetadataSource getAttributes [sRoleList=[]]
2020-03-20 23:48:34.404 | http-nio-8080-exec-4 | INFO  | c.q.p.c.VFilterInvocationSecurityMetadataSource:VFilterInvocationSecurityMetadataSource.java(42) | VFilterInvocationSecurityMetadataSource getAttributes [sRoleList=[]]
2020-03-20 23:48:34.408 | http-nio-8080-exec-6 | INFO  | c.q.p.c.VFilterInvocationSecurityMetadataSource:VFilterInvocationSecurityMetadataSource.java(48) | VFilterInvocationSecurityMetadataSource getAttributes [sPermissionList=[]]
2020-03-20 23:48:34.408 | http-nio-8080-exec-8 | INFO  | c.q.p.c.VFilterInvocationSecurityMetadataSource:VFilterInvocationSecurityMetadataSource.java(48) | VFilterInvocationSecurityMetadataSource getAttributes [sPermissionList=[]]
2020-03-20 23:48:34.408 | http-nio-8080-exec-8 | INFO  | c.q.p.c.VFilterInvocationSecurityMetadataSource:VFilterInvocationSecurityMetadataSource.java(33) | VFilterInvocationSecurityMetadataSource getAttributes [requestUrl=/vue/index.js]
2020-03-20 23:48:34.409 | http-nio-8080-exec-4 | INFO  | c.q.p.c.VFilterInvocationSecurityMetadataSource:VFilterInvocationSecurityMetadataSource.java(48) | VFilterInvocationSecurityMetadataSource getAttributes [sPermissionList=[]]
2020-03-20 23:48:34.409 | http-nio-8080-exec-4 | INFO  | c.q.p.c.VFilterInvocationSecurityMetadataSource:VFilterInvocationSecurityMetadataSource.java(33) | VFilterInvocationSecurityMetadataSource getAttributes [requestUrl=/vue/custom.css]
2020-03-20 23:48:34.411 | http-nio-8080-exec-1 | INFO  | c.q.p.c.VFilterInvocationSecurityMetadataSource:VFilterInvocationSecurityMetadataSource.java(42) | VFilterInvocationSecurityMetadataSource getAttributes [sRoleList=[]]
2020-03-20 23:48:34.415 | http-nio-8080-exec-1 | INFO  | c.q.p.c.VFilterInvocationSecurityMetadataSource:VFilterInvocationSecurityMetadataSource.java(48) | VFilterInvocationSecurityMetadataSource getAttributes [sPermissionList=[]]
2020-03-20 23:48:34.415 | http-nio-8080-exec-4 | INFO  | c.q.p.c.VFilterInvocationSecurityMetadataSource:VFilterInvocationSecurityMetadataSource.java(42) | VFilterInvocationSecurityMetadataSource getAttributes [sRoleList=[]]
2020-03-20 23:48:34.415 | http-nio-8080-exec-8 | INFO  | c.q.p.c.VFilterInvocationSecurityMetadataSource:VFilterInvocationSecurityMetadataSource.java(42) | VFilterInvocationSecurityMetadataSource getAttributes [sRoleList=[]]
2020-03-20 23:48:34.422 | http-nio-8080-exec-8 | INFO  | c.q.p.c.VFilterInvocationSecurityMetadataSource:VFilterInvocationSecurityMetadataSource.java(48) | VFilterInvocationSecurityMetadataSource getAttributes [sPermissionList=[]]
2020-03-20 23:48:34.423 | http-nio-8080-exec-5 | INFO  | c.q.p.c.VFilterInvocationSecurityMetadataSource:VFilterInvocationSecurityMetadataSource.java(48) | VFilterInvocationSecurityMetadataSource getAttributes [sPermissionList=[]]
2020-03-20 23:48:34.423 | http-nio-8080-exec-5 | INFO  | c.q.p.c.VFilterInvocationSecurityMetadataSource:VFilterInvocationSecurityMetadataSource.java(33) | VFilterInvocationSecurityMetadataSource getAttributes [requestUrl=/vue/vue.js]
2020-03-20 23:48:34.425 | http-nio-8080-exec-4 | INFO  | c.q.p.c.VFilterInvocationSecurityMetadataSource:VFilterInvocationSecurityMetadataSource.java(48) | VFilterInvocationSecurityMetadataSource getAttributes [sPermissionList=[]]
2020-03-20 23:48:34.430 | http-nio-8080-exec-5 | INFO  | c.q.p.c.VFilterInvocationSecurityMetadataSource:VFilterInvocationSecurityMetadataSource.java(42) | VFilterInvocationSecurityMetadataSource getAttributes [sRoleList=[]]
2020-03-20 23:48:34.434 | http-nio-8080-exec-5 | INFO  | c.q.p.c.VFilterInvocationSecurityMetadataSource:VFilterInvocationSecurityMetadataSource.java(48) | VFilterInvocationSecurityMetadataSource getAttributes [sPermissionList=[]]
2020-03-20 23:48:34.444 | http-nio-8080-exec-7 | INFO  | c.q.p.c.VFilterInvocationSecurityMetadataSource:VFilterInvocationSecurityMetadataSource.java(33) | VFilterInvocationSecurityMetadataSource getAttributes [requestUrl=/vue/router1.js]
2020-03-20 23:48:34.453 | http-nio-8080-exec-7 | INFO  | c.q.p.c.VFilterInvocationSecurityMetadataSource:VFilterInvocationSecurityMetadataSource.java(42) | VFilterInvocationSecurityMetadataSource getAttributes [sRoleList=[]]
2020-03-20 23:48:34.460 | http-nio-8080-exec-7 | INFO  | c.q.p.c.VFilterInvocationSecurityMetadataSource:VFilterInvocationSecurityMetadataSource.java(48) | VFilterInvocationSecurityMetadataSource getAttributes [sPermissionList=[]]
2020-03-20 23:48:34.461 | http-nio-8080-exec-7 | INFO  | c.q.p.c.VFilterInvocationSecurityMetadataSource:VFilterInvocationSecurityMetadataSource.java(33) | VFilterInvocationSecurityMetadataSource getAttributes [requestUrl=/vue/router1.js]
2020-03-20 23:48:34.469 | http-nio-8080-exec-7 | INFO  | c.q.p.c.VFilterInvocationSecurityMetadataSource:VFilterInvocationSecurityMetadataSource.java(42) | VFilterInvocationSecurityMetadataSource getAttributes [sRoleList=[]]
2020-03-20 23:48:34.474 | http-nio-8080-exec-7 | INFO  | c.q.p.c.VFilterInvocationSecurityMetadataSource:VFilterInvocationSecurityMetadataSource.java(48) | VFilterInvocationSecurityMetadataSource getAttributes [sPermissionList=[]]
2020-03-20 23:48:34.666 | http-nio-8080-exec-10 | INFO  | c.q.p.c.VFilterInvocationSecurityMetadataSource:VFilterInvocationSecurityMetadataSource.java(33) | VFilterInvocationSecurityMetadataSource getAttributes [requestUrl=/activity/get_by_useruanme]
2020-03-20 23:48:34.671 | http-nio-8080-exec-10 | INFO  | c.q.p.c.VFilterInvocationSecurityMetadataSource:VFilterInvocationSecurityMetadataSource.java(42) | VFilterInvocationSecurityMetadataSource getAttributes [sRoleList=[]]
2020-03-20 23:48:34.674 | http-nio-8080-exec-10 | INFO  | c.q.p.c.VFilterInvocationSecurityMetadataSource:VFilterInvocationSecurityMetadataSource.java(48) | VFilterInvocationSecurityMetadataSource getAttributes [sPermissionList=[]]
2020-03-20 23:48:34.674 | http-nio-8080-exec-10 | INFO  | c.q.p.c.VFilterInvocationSecurityMetadataSource:VFilterInvocationSecurityMetadataSource.java(33) | VFilterInvocationSecurityMetadataSource getAttributes [requestUrl=/activity/get_by_useruanme]
2020-03-20 23:48:34.686 | http-nio-8080-exec-2 | INFO  | c.q.p.c.VFilterInvocationSecurityMetadataSource:VFilterInvocationSecurityMetadataSource.java(33) | VFilterInvocationSecurityMetadataSource getAttributes [requestUrl=/vue/fonts/element-icons.woff]
2020-03-20 23:48:34.695 | http-nio-8080-exec-10 | INFO  | c.q.p.c.VFilterInvocationSecurityMetadataSource:VFilterInvocationSecurityMetadataSource.java(42) | VFilterInvocationSecurityMetadataSource getAttributes [sRoleList=[]]
2020-03-20 23:48:34.695 | http-nio-8080-exec-2 | INFO  | c.q.p.c.VFilterInvocationSecurityMetadataSource:VFilterInvocationSecurityMetadataSource.java(42) | VFilterInvocationSecurityMetadataSource getAttributes [sRoleList=[]]
2020-03-20 23:48:34.698 | http-nio-8080-exec-2 | INFO  | c.q.p.c.VFilterInvocationSecurityMetadataSource:VFilterInvocationSecurityMetadataSource.java(48) | VFilterInvocationSecurityMetadataSource getAttributes [sPermissionList=[]]
2020-03-20 23:48:34.698 | http-nio-8080-exec-10 | INFO  | c.q.p.c.VFilterInvocationSecurityMetadataSource:VFilterInvocationSecurityMetadataSource.java(48) | VFilterInvocationSecurityMetadataSource getAttributes [sPermissionList=[]]
2020-03-20 23:48:34.698 | http-nio-8080-exec-2 | INFO  | c.q.p.c.VFilterInvocationSecurityMetadataSource:VFilterInvocationSecurityMetadataSource.java(33) | VFilterInvocationSecurityMetadataSource getAttributes [requestUrl=/vue/fonts/element-icons.woff]
2020-03-20 23:48:34.700 | http-nio-8080-exec-10 | INFO  | c.q.p.c.ActivityController:ActivityController.java(140) | activity controller getactivity get_by_useruanme:admin
2020-03-20 23:48:34.703 | http-nio-8080-exec-2 | INFO  | c.q.p.c.VFilterInvocationSecurityMetadataSource:VFilterInvocationSecurityMetadataSource.java(42) | VFilterInvocationSecurityMetadataSource getAttributes [sRoleList=[]]
2020-03-20 23:48:34.706 | http-nio-8080-exec-2 | INFO  | c.q.p.c.VFilterInvocationSecurityMetadataSource:VFilterInvocationSecurityMetadataSource.java(48) | VFilterInvocationSecurityMetadataSource getAttributes [sPermissionList=[]]
2020-03-20 23:48:35.003 | http-nio-8080-exec-3 | INFO  | c.q.p.c.VFilterInvocationSecurityMetadataSource:VFilterInvocationSecurityMetadataSource.java(33) | VFilterInvocationSecurityMetadataSource getAttributes [requestUrl=/favicon.ico]
2020-03-20 23:48:35.007 | http-nio-8080-exec-3 | INFO  | c.q.p.c.VFilterInvocationSecurityMetadataSource:VFilterInvocationSecurityMetadataSource.java(42) | VFilterInvocationSecurityMetadataSource getAttributes [sRoleList=[]]
2020-03-20 23:48:35.010 | http-nio-8080-exec-3 | INFO  | c.q.p.c.VFilterInvocationSecurityMetadataSource:VFilterInvocationSecurityMetadataSource.java(48) | VFilterInvocationSecurityMetadataSource getAttributes [sPermissionList=[]]
2020-03-20 23:48:35.010 | http-nio-8080-exec-3 | INFO  | c.q.p.c.VFilterInvocationSecurityMetadataSource:VFilterInvocationSecurityMetadataSource.java(33) | VFilterInvocationSecurityMetadataSource getAttributes [requestUrl=/favicon.ico]
2020-03-20 23:48:35.014 | http-nio-8080-exec-3 | INFO  | c.q.p.c.VFilterInvocationSecurityMetadataSource:VFilterInvocationSecurityMetadataSource.java(42) | VFilterInvocationSecurityMetadataSource getAttributes [sRoleList=[]]
2020-03-20 23:48:35.018 | http-nio-8080-exec-3 | INFO  | c.q.p.c.VFilterInvocationSecurityMetadataSource:VFilterInvocationSecurityMetadataSource.java(48) | VFilterInvocationSecurityMetadataSource getAttributes [sPermissionList=[]]
2020-03-20 23:48:36.540 | http-nio-8080-exec-8 | INFO  | c.q.p.c.VFilterInvocationSecurityMetadataSource:VFilterInvocationSecurityMetadataSource.java(33) | VFilterInvocationSecurityMetadataSource getAttributes [requestUrl=/activity/find_by_activityid?id=2&username=admin]
2020-03-20 23:48:36.547 | http-nio-8080-exec-8 | INFO  | c.q.p.c.VFilterInvocationSecurityMetadataSource:VFilterInvocationSecurityMetadataSource.java(42) | VFilterInvocationSecurityMetadataSource getAttributes [sRoleList=[]]
2020-03-20 23:48:36.553 | http-nio-8080-exec-8 | INFO  | c.q.p.c.VFilterInvocationSecurityMetadataSource:VFilterInvocationSecurityMetadataSource.java(48) | VFilterInvocationSecurityMetadataSource getAttributes [sPermissionList=[]]
2020-03-20 23:48:36.554 | http-nio-8080-exec-8 | INFO  | c.q.p.c.VFilterInvocationSecurityMetadataSource:VFilterInvocationSecurityMetadataSource.java(33) | VFilterInvocationSecurityMetadataSource getAttributes [requestUrl=/activity/find_by_activityid?id=2&username=admin]
2020-03-20 23:48:36.559 | http-nio-8080-exec-8 | INFO  | c.q.p.c.VFilterInvocationSecurityMetadataSource:VFilterInvocationSecurityMetadataSource.java(42) | VFilterInvocationSecurityMetadataSource getAttributes [sRoleList=[]]
2020-03-20 23:48:36.565 | http-nio-8080-exec-8 | INFO  | c.q.p.c.VFilterInvocationSecurityMetadataSource:VFilterInvocationSecurityMetadataSource.java(48) | VFilterInvocationSecurityMetadataSource getAttributes [sPermissionList=[]]
2020-03-20 23:48:36.589 | http-nio-8080-exec-8 | INFO  | c.q.p.c.ActivityController:ActivityController.java(151) | activity controller find_by_activity_id:2,username:admin
2020-03-20 23:48:36.592 | http-nio-8080-exec-8 | INFO  | c.q.p.c.ActivityController:ActivityController.java(155) | user:admin
2020-03-20 23:48:36.592 | http-nio-8080-exec-8 | INFO  | c.q.p.c.ActivityController:ActivityController.java(156) | activity:Activity [id=2, name=hhhhh, holdaddress=hhhhh, avg=true, koufen=true, active=1, holdtime=Fri Mar 13 08:00:00 CST 2020]
2020-03-20 23:48:36.633 | http-nio-8080-exec-3 | INFO  | c.q.p.c.VFilterInvocationSecurityMetadataSource:VFilterInvocationSecurityMetadataSource.java(33) | VFilterInvocationSecurityMetadataSource getAttributes [requestUrl=/vue/custom.css]
2020-03-20 23:48:36.634 | http-nio-8080-exec-2 | INFO  | c.q.p.c.VFilterInvocationSecurityMetadataSource:VFilterInvocationSecurityMetadataSource.java(33) | VFilterInvocationSecurityMetadataSource getAttributes [requestUrl=/vue/index.css]
2020-03-20 23:48:36.637 | http-nio-8080-exec-10 | INFO  | c.q.p.c.VFilterInvocationSecurityMetadataSource:VFilterInvocationSecurityMetadataSource.java(33) | VFilterInvocationSecurityMetadataSource getAttributes [requestUrl=/vue/vue.js]
2020-03-20 23:48:36.639 | http-nio-8080-exec-4 | INFO  | c.q.p.c.VFilterInvocationSecurityMetadataSource:VFilterInvocationSecurityMetadataSource.java(33) | VFilterInvocationSecurityMetadataSource getAttributes [requestUrl=/vue/vue-router.js]
2020-03-20 23:48:36.640 | http-nio-8080-exec-6 | INFO  | c.q.p.c.VFilterInvocationSecurityMetadataSource:VFilterInvocationSecurityMetadataSource.java(33) | VFilterInvocationSecurityMetadataSource getAttributes [requestUrl=/vue/index.js]
2020-03-20 23:48:36.642 | http-nio-8080-exec-3 | INFO  | c.q.p.c.VFilterInvocationSecurityMetadataSource:VFilterInvocationSecurityMetadataSource.java(42) | VFilterInvocationSecurityMetadataSource getAttributes [sRoleList=[]]
2020-03-20 23:48:36.645 | http-nio-8080-exec-4 | INFO  | c.q.p.c.VFilterInvocationSecurityMetadataSource:VFilterInvocationSecurityMetadataSource.java(42) | VFilterInvocationSecurityMetadataSource getAttributes [sRoleList=[]]
2020-03-20 23:48:36.647 | http-nio-8080-exec-4 | INFO  | c.q.p.c.VFilterInvocationSecurityMetadataSource:VFilterInvocationSecurityMetadataSource.java(48) | VFilterInvocationSecurityMetadataSource getAttributes [sPermissionList=[]]
2020-03-20 23:48:36.647 | http-nio-8080-exec-6 | INFO  | c.q.p.c.VFilterInvocationSecurityMetadataSource:VFilterInvocationSecurityMetadataSource.java(42) | VFilterInvocationSecurityMetadataSource getAttributes [sRoleList=[]]
2020-03-20 23:48:36.647 | http-nio-8080-exec-4 | INFO  | c.q.p.c.VFilterInvocationSecurityMetadataSource:VFilterInvocationSecurityMetadataSource.java(33) | VFilterInvocationSecurityMetadataSource getAttributes [requestUrl=/vue/vue-router.js]
2020-03-20 23:48:36.650 | http-nio-8080-exec-6 | INFO  | c.q.p.c.VFilterInvocationSecurityMetadataSource:VFilterInvocationSecurityMetadataSource.java(48) | VFilterInvocationSecurityMetadataSource getAttributes [sPermissionList=[]]
2020-03-20 23:48:36.650 | http-nio-8080-exec-6 | INFO  | c.q.p.c.VFilterInvocationSecurityMetadataSource:VFilterInvocationSecurityMetadataSource.java(33) | VFilterInvocationSecurityMetadataSource getAttributes [requestUrl=/vue/index.js]
2020-03-20 23:48:36.650 | http-nio-8080-exec-4 | INFO  | c.q.p.c.VFilterInvocationSecurityMetadataSource:VFilterInvocationSecurityMetadataSource.java(42) | VFilterInvocationSecurityMetadataSource getAttributes [sRoleList=[]]
2020-03-20 23:48:36.652 | http-nio-8080-exec-2 | INFO  | c.q.p.c.VFilterInvocationSecurityMetadataSource:VFilterInvocationSecurityMetadataSource.java(42) | VFilterInvocationSecurityMetadataSource getAttributes [sRoleList=[]]
2020-03-20 23:48:36.656 | http-nio-8080-exec-1 | INFO  | c.q.p.c.VFilterInvocationSecurityMetadataSource:VFilterInvocationSecurityMetadataSource.java(33) | VFilterInvocationSecurityMetadataSource getAttributes [requestUrl=/vue/axios.min.js]
2020-03-20 23:48:36.692 | http-nio-8080-exec-2 | INFO  | c.q.p.c.VFilterInvocationSecurityMetadataSource:VFilterInvocationSecurityMetadataSource.java(48) | VFilterInvocationSecurityMetadataSource getAttributes [sPermissionList=[]]
2020-03-20 23:48:36.692 | http-nio-8080-exec-4 | INFO  | c.q.p.c.VFilterInvocationSecurityMetadataSource:VFilterInvocationSecurityMetadataSource.java(48) | VFilterInvocationSecurityMetadataSource getAttributes [sPermissionList=[]]
2020-03-20 23:48:36.693 | http-nio-8080-exec-2 | INFO  | c.q.p.c.VFilterInvocationSecurityMetadataSource:VFilterInvocationSecurityMetadataSource.java(33) | VFilterInvocationSecurityMetadataSource getAttributes [requestUrl=/vue/index.css]
2020-03-20 23:48:36.693 | http-nio-8080-exec-3 | INFO  | c.q.p.c.VFilterInvocationSecurityMetadataSource:VFilterInvocationSecurityMetadataSource.java(48) | VFilterInvocationSecurityMetadataSource getAttributes [sPermissionList=[]]
2020-03-20 23:48:36.694 | http-nio-8080-exec-3 | INFO  | c.q.p.c.VFilterInvocationSecurityMetadataSource:VFilterInvocationSecurityMetadataSource.java(33) | VFilterInvocationSecurityMetadataSource getAttributes [requestUrl=/vue/custom.css]
2020-03-20 23:48:36.727 | http-nio-8080-exec-3 | INFO  | c.q.p.c.VFilterInvocationSecurityMetadataSource:VFilterInvocationSecurityMetadataSource.java(42) | VFilterInvocationSecurityMetadataSource getAttributes [sRoleList=[]]
2020-03-20 23:48:36.725 | http-nio-8080-exec-10 | INFO  | c.q.p.c.VFilterInvocationSecurityMetadataSource:VFilterInvocationSecurityMetadataSource.java(42) | VFilterInvocationSecurityMetadataSource getAttributes [sRoleList=[]]
2020-03-20 23:48:36.730 | http-nio-8080-exec-1 | INFO  | c.q.p.c.VFilterInvocationSecurityMetadataSource:VFilterInvocationSecurityMetadataSource.java(42) | VFilterInvocationSecurityMetadataSource getAttributes [sRoleList=[]]
2020-03-20 23:48:36.729 | http-nio-8080-exec-6 | INFO  | c.q.p.c.VFilterInvocationSecurityMetadataSource:VFilterInvocationSecurityMetadataSource.java(42) | VFilterInvocationSecurityMetadataSource getAttributes [sRoleList=[]]
2020-03-20 23:48:36.731 | http-nio-8080-exec-3 | INFO  | c.q.p.c.VFilterInvocationSecurityMetadataSource:VFilterInvocationSecurityMetadataSource.java(48) | VFilterInvocationSecurityMetadataSource getAttributes [sPermissionList=[]]
2020-03-20 23:48:36.732 | http-nio-8080-exec-2 | INFO  | c.q.p.c.VFilterInvocationSecurityMetadataSource:VFilterInvocationSecurityMetadataSource.java(42) | VFilterInvocationSecurityMetadataSource getAttributes [sRoleList=[]]
2020-03-20 23:48:36.733 | http-nio-8080-exec-1 | INFO  | c.q.p.c.VFilterInvocationSecurityMetadataSource:VFilterInvocationSecurityMetadataSource.java(48) | VFilterInvocationSecurityMetadataSource getAttributes [sPermissionList=[]]
2020-03-20 23:48:36.733 | http-nio-8080-exec-1 | INFO  | c.q.p.c.VFilterInvocationSecurityMetadataSource:VFilterInvocationSecurityMetadataSource.java(33) | VFilterInvocationSecurityMetadataSource getAttributes [requestUrl=/vue/axios.min.js]
2020-03-20 23:48:36.736 | http-nio-8080-exec-6 | INFO  | c.q.p.c.VFilterInvocationSecurityMetadataSource:VFilterInvocationSecurityMetadataSource.java(48) | VFilterInvocationSecurityMetadataSource getAttributes [sPermissionList=[]]
2020-03-20 23:48:36.741 | http-nio-8080-exec-1 | INFO  | c.q.p.c.VFilterInvocationSecurityMetadataSource:VFilterInvocationSecurityMetadataSource.java(42) | VFilterInvocationSecurityMetadataSource getAttributes [sRoleList=[]]
2020-03-20 23:48:36.743 | http-nio-8080-exec-10 | INFO  | c.q.p.c.VFilterInvocationSecurityMetadataSource:VFilterInvocationSecurityMetadataSource.java(48) | VFilterInvocationSecurityMetadataSource getAttributes [sPermissionList=[]]
2020-03-20 23:48:36.743 | http-nio-8080-exec-10 | INFO  | c.q.p.c.VFilterInvocationSecurityMetadataSource:VFilterInvocationSecurityMetadataSource.java(33) | VFilterInvocationSecurityMetadataSource getAttributes [requestUrl=/vue/vue.js]
2020-03-20 23:48:36.745 | http-nio-8080-exec-1 | INFO  | c.q.p.c.VFilterInvocationSecurityMetadataSource:VFilterInvocationSecurityMetadataSource.java(48) | VFilterInvocationSecurityMetadataSource getAttributes [sPermissionList=[]]
2020-03-20 23:48:36.746 | http-nio-8080-exec-2 | INFO  | c.q.p.c.VFilterInvocationSecurityMetadataSource:VFilterInvocationSecurityMetadataSource.java(48) | VFilterInvocationSecurityMetadataSource getAttributes [sPermissionList=[]]
2020-03-20 23:48:36.757 | http-nio-8080-exec-10 | INFO  | c.q.p.c.VFilterInvocationSecurityMetadataSource:VFilterInvocationSecurityMetadataSource.java(42) | VFilterInvocationSecurityMetadataSource getAttributes [sRoleList=[]]
2020-03-20 23:48:36.759 | http-nio-8080-exec-7 | INFO  | c.q.p.c.VFilterInvocationSecurityMetadataSource:VFilterInvocationSecurityMetadataSource.java(33) | VFilterInvocationSecurityMetadataSource getAttributes [requestUrl=/vue/activity_team.js]
2020-03-20 23:48:36.762 | http-nio-8080-exec-10 | INFO  | c.q.p.c.VFilterInvocationSecurityMetadataSource:VFilterInvocationSecurityMetadataSource.java(48) | VFilterInvocationSecurityMetadataSource getAttributes [sPermissionList=[]]
2020-03-20 23:48:36.767 | http-nio-8080-exec-7 | INFO  | c.q.p.c.VFilterInvocationSecurityMetadataSource:VFilterInvocationSecurityMetadataSource.java(42) | VFilterInvocationSecurityMetadataSource getAttributes [sRoleList=[]]
2020-03-20 23:48:36.771 | http-nio-8080-exec-7 | INFO  | c.q.p.c.VFilterInvocationSecurityMetadataSource:VFilterInvocationSecurityMetadataSource.java(48) | VFilterInvocationSecurityMetadataSource getAttributes [sPermissionList=[]]
2020-03-20 23:48:36.771 | http-nio-8080-exec-7 | INFO  | c.q.p.c.VFilterInvocationSecurityMetadataSource:VFilterInvocationSecurityMetadataSource.java(33) | VFilterInvocationSecurityMetadataSource getAttributes [requestUrl=/vue/activity_team.js]
2020-03-20 23:48:36.777 | http-nio-8080-exec-7 | INFO  | c.q.p.c.VFilterInvocationSecurityMetadataSource:VFilterInvocationSecurityMetadataSource.java(42) | VFilterInvocationSecurityMetadataSource getAttributes [sRoleList=[]]
2020-03-20 23:48:36.782 | http-nio-8080-exec-7 | INFO  | c.q.p.c.VFilterInvocationSecurityMetadataSource:VFilterInvocationSecurityMetadataSource.java(48) | VFilterInvocationSecurityMetadataSource getAttributes [sPermissionList=[]]
2020-03-20 23:48:36.979 | http-nio-8080-exec-5 | INFO  | c.q.p.c.VFilterInvocationSecurityMetadataSource:VFilterInvocationSecurityMetadataSource.java(33) | VFilterInvocationSecurityMetadataSource getAttributes [requestUrl=/activity/find_total_by_user_name_and_activity_name?user_name=admin&activity_name=hhhhh]
2020-03-20 23:48:36.983 | http-nio-8080-exec-5 | INFO  | c.q.p.c.VFilterInvocationSecurityMetadataSource:VFilterInvocationSecurityMetadataSource.java(42) | VFilterInvocationSecurityMetadataSource getAttributes [sRoleList=[]]
2020-03-20 23:48:36.987 | http-nio-8080-exec-5 | INFO  | c.q.p.c.VFilterInvocationSecurityMetadataSource:VFilterInvocationSecurityMetadataSource.java(48) | VFilterInvocationSecurityMetadataSource getAttributes [sPermissionList=[]]
2020-03-20 23:48:36.987 | http-nio-8080-exec-5 | INFO  | c.q.p.c.VFilterInvocationSecurityMetadataSource:VFilterInvocationSecurityMetadataSource.java(33) | VFilterInvocationSecurityMetadataSource getAttributes [requestUrl=/activity/find_total_by_user_name_and_activity_name?user_name=admin&activity_name=hhhhh]
2020-03-20 23:48:36.992 | http-nio-8080-exec-5 | INFO  | c.q.p.c.VFilterInvocationSecurityMetadataSource:VFilterInvocationSecurityMetadataSource.java(42) | VFilterInvocationSecurityMetadataSource getAttributes [sRoleList=[]]
2020-03-20 23:48:36.996 | http-nio-8080-exec-5 | INFO  | c.q.p.c.VFilterInvocationSecurityMetadataSource:VFilterInvocationSecurityMetadataSource.java(48) | VFilterInvocationSecurityMetadataSource getAttributes [sPermissionList=[]]
2020-03-20 23:48:36.998 | http-nio-8080-exec-5 | INFO  | c.q.p.c.ActivityController:ActivityController.java(163) | find_total_by_user_name_and_activity_name:admin,activity_name:hhhhh
2020-03-20 23:49:29.462 | http-nio-8080-exec-7 | INFO  | c.q.p.c.VFilterInvocationSecurityMetadataSource:VFilterInvocationSecurityMetadataSource.java(33) | VFilterInvocationSecurityMetadataSource getAttributes [requestUrl=/activity/find_by_activityid?id=2&username=admin]
2020-03-20 23:49:29.469 | http-nio-8080-exec-7 | INFO  | c.q.p.c.VFilterInvocationSecurityMetadataSource:VFilterInvocationSecurityMetadataSource.java(42) | VFilterInvocationSecurityMetadataSource getAttributes [sRoleList=[]]
2020-03-20 23:49:29.472 | http-nio-8080-exec-7 | INFO  | c.q.p.c.VFilterInvocationSecurityMetadataSource:VFilterInvocationSecurityMetadataSource.java(48) | VFilterInvocationSecurityMetadataSource getAttributes [sPermissionList=[]]
2020-03-20 23:49:29.472 | http-nio-8080-exec-7 | INFO  | c.q.p.c.VFilterInvocationSecurityMetadataSource:VFilterInvocationSecurityMetadataSource.java(33) | VFilterInvocationSecurityMetadataSource getAttributes [requestUrl=/activity/find_by_activityid?id=2&username=admin]
2020-03-20 23:49:29.476 | http-nio-8080-exec-7 | INFO  | c.q.p.c.VFilterInvocationSecurityMetadataSource:VFilterInvocationSecurityMetadataSource.java(42) | VFilterInvocationSecurityMetadataSource getAttributes [sRoleList=[]]
2020-03-20 23:49:29.479 | http-nio-8080-exec-7 | INFO  | c.q.p.c.VFilterInvocationSecurityMetadataSource:VFilterInvocationSecurityMetadataSource.java(48) | VFilterInvocationSecurityMetadataSource getAttributes [sPermissionList=[]]
2020-03-20 23:49:29.480 | http-nio-8080-exec-7 | INFO  | c.q.p.c.ActivityController:ActivityController.java(151) | activity controller find_by_activity_id:2,username:admin
2020-03-20 23:49:29.484 | http-nio-8080-exec-7 | INFO  | c.q.p.c.ActivityController:ActivityController.java(155) | user:admin
2020-03-20 23:49:29.485 | http-nio-8080-exec-7 | INFO  | c.q.p.c.ActivityController:ActivityController.java(156) | activity:Activity [id=2, name=hhhhh, holdaddress=hhhhh, avg=true, koufen=true, active=1, holdtime=Fri Mar 13 08:00:00 CST 2020]
2020-03-20 23:49:29.509 | http-nio-8080-exec-10 | INFO  | c.q.p.c.VFilterInvocationSecurityMetadataSource:VFilterInvocationSecurityMetadataSource.java(33) | VFilterInvocationSecurityMetadataSource getAttributes [requestUrl=/vue/index.css]
2020-03-20 23:49:29.513 | http-nio-8080-exec-10 | INFO  | c.q.p.c.VFilterInvocationSecurityMetadataSource:VFilterInvocationSecurityMetadataSource.java(42) | VFilterInvocationSecurityMetadataSource getAttributes [sRoleList=[]]
2020-03-20 23:49:29.517 | http-nio-8080-exec-10 | INFO  | c.q.p.c.VFilterInvocationSecurityMetadataSource:VFilterInvocationSecurityMetadataSource.java(48) | VFilterInvocationSecurityMetadataSource getAttributes [sPermissionList=[]]
2020-03-20 23:49:29.519 | http-nio-8080-exec-10 | INFO  | c.q.p.c.VFilterInvocationSecurityMetadataSource:VFilterInvocationSecurityMetadataSource.java(33) | VFilterInvocationSecurityMetadataSource getAttributes [requestUrl=/vue/index.css]
2020-03-20 23:49:29.522 | http-nio-8080-exec-10 | INFO  | c.q.p.c.VFilterInvocationSecurityMetadataSource:VFilterInvocationSecurityMetadataSource.java(42) | VFilterInvocationSecurityMetadataSource getAttributes [sRoleList=[]]
2020-03-20 23:49:29.525 | http-nio-8080-exec-10 | INFO  | c.q.p.c.VFilterInvocationSecurityMetadataSource:VFilterInvocationSecurityMetadataSource.java(48) | VFilterInvocationSecurityMetadataSource getAttributes [sPermissionList=[]]
2020-03-20 23:49:29.545 | http-nio-8080-exec-6 | INFO  | c.q.p.c.VFilterInvocationSecurityMetadataSource:VFilterInvocationSecurityMetadataSource.java(33) | VFilterInvocationSecurityMetadataSource getAttributes [requestUrl=/vue/custom.css]
2020-03-20 23:49:29.552 | http-nio-8080-exec-6 | INFO  | c.q.p.c.VFilterInvocationSecurityMetadataSource:VFilterInvocationSecurityMetadataSource.java(42) | VFilterInvocationSecurityMetadataSource getAttributes [sRoleList=[]]
2020-03-20 23:49:29.553 | http-nio-8080-exec-5 | INFO  | c.q.p.c.VFilterInvocationSecurityMetadataSource:VFilterInvocationSecurityMetadataSource.java(33) | VFilterInvocationSecurityMetadataSource getAttributes [requestUrl=/vue/vue.js]
2020-03-20 23:49:29.556 | http-nio-8080-exec-3 | INFO  | c.q.p.c.VFilterInvocationSecurityMetadataSource:VFilterInvocationSecurityMetadataSource.java(33) | VFilterInvocationSecurityMetadataSource getAttributes [requestUrl=/vue/axios.min.js]
2020-03-20 23:49:29.557 | http-nio-8080-exec-5 | INFO  | c.q.p.c.VFilterInvocationSecurityMetadataSource:VFilterInvocationSecurityMetadataSource.java(42) | VFilterInvocationSecurityMetadataSource getAttributes [sRoleList=[]]
2020-03-20 23:49:29.560 | http-nio-8080-exec-3 | INFO  | c.q.p.c.VFilterInvocationSecurityMetadataSource:VFilterInvocationSecurityMetadataSource.java(42) | VFilterInvocationSecurityMetadataSource getAttributes [sRoleList=[]]
2020-03-20 23:49:29.558 | http-nio-8080-exec-4 | INFO  | c.q.p.c.VFilterInvocationSecurityMetadataSource:VFilterInvocationSecurityMetadataSource.java(33) | VFilterInvocationSecurityMetadataSource getAttributes [requestUrl=/vue/vue-router.js]
2020-03-20 23:49:29.561 | http-nio-8080-exec-5 | INFO  | c.q.p.c.VFilterInvocationSecurityMetadataSource:VFilterInvocationSecurityMetadataSource.java(48) | VFilterInvocationSecurityMetadataSource getAttributes [sPermissionList=[]]
2020-03-20 23:49:29.561 | http-nio-8080-exec-5 | INFO  | c.q.p.c.VFilterInvocationSecurityMetadataSource:VFilterInvocationSecurityMetadataSource.java(33) | VFilterInvocationSecurityMetadataSource getAttributes [requestUrl=/vue/vue.js]
2020-03-20 23:49:29.565 | http-nio-8080-exec-4 | INFO  | c.q.p.c.VFilterInvocationSecurityMetadataSource:VFilterInvocationSecurityMetadataSource.java(42) | VFilterInvocationSecurityMetadataSource getAttributes [sRoleList=[]]
2020-03-20 23:49:29.567 | http-nio-8080-exec-5 | INFO  | c.q.p.c.VFilterInvocationSecurityMetadataSource:VFilterInvocationSecurityMetadataSource.java(42) | VFilterInvocationSecurityMetadataSource getAttributes [sRoleList=[]]
2020-03-20 23:49:29.574 | http-nio-8080-exec-5 | INFO  | c.q.p.c.VFilterInvocationSecurityMetadataSource:VFilterInvocationSecurityMetadataSource.java(48) | VFilterInvocationSecurityMetadataSource getAttributes [sPermissionList=[]]
2020-03-20 23:49:29.575 | http-nio-8080-exec-9 | INFO  | c.q.p.c.VFilterInvocationSecurityMetadataSource:VFilterInvocationSecurityMetadataSource.java(33) | VFilterInvocationSecurityMetadataSource getAttributes [requestUrl=/vue/index.js]
2020-03-20 23:49:29.581 | http-nio-8080-exec-9 | INFO  | c.q.p.c.VFilterInvocationSecurityMetadataSource:VFilterInvocationSecurityMetadataSource.java(42) | VFilterInvocationSecurityMetadataSource getAttributes [sRoleList=[]]
2020-03-20 23:49:29.585 | http-nio-8080-exec-3 | INFO  | c.q.p.c.VFilterInvocationSecurityMetadataSource:VFilterInvocationSecurityMetadataSource.java(48) | VFilterInvocationSecurityMetadataSource getAttributes [sPermissionList=[]]
2020-03-20 23:49:29.585 | http-nio-8080-exec-3 | INFO  | c.q.p.c.VFilterInvocationSecurityMetadataSource:VFilterInvocationSecurityMetadataSource.java(33) | VFilterInvocationSecurityMetadataSource getAttributes [requestUrl=/vue/axios.min.js]
2020-03-20 23:49:29.585 | http-nio-8080-exec-9 | INFO  | c.q.p.c.VFilterInvocationSecurityMetadataSource:VFilterInvocationSecurityMetadataSource.java(48) | VFilterInvocationSecurityMetadataSource getAttributes [sPermissionList=[]]
2020-03-20 23:49:29.586 | http-nio-8080-exec-4 | INFO  | c.q.p.c.VFilterInvocationSecurityMetadataSource:VFilterInvocationSecurityMetadataSource.java(48) | VFilterInvocationSecurityMetadataSource getAttributes [sPermissionList=[]]
2020-03-20 23:49:29.586 | http-nio-8080-exec-4 | INFO  | c.q.p.c.VFilterInvocationSecurityMetadataSource:VFilterInvocationSecurityMetadataSource.java(33) | VFilterInvocationSecurityMetadataSource getAttributes [requestUrl=/vue/vue-router.js]
2020-03-20 23:49:29.587 | http-nio-8080-exec-9 | INFO  | c.q.p.c.VFilterInvocationSecurityMetadataSource:VFilterInvocationSecurityMetadataSource.java(33) | VFilterInvocationSecurityMetadataSource getAttributes [requestUrl=/vue/index.js]
2020-03-20 23:49:29.591 | http-nio-8080-exec-4 | INFO  | c.q.p.c.VFilterInvocationSecurityMetadataSource:VFilterInvocationSecurityMetadataSource.java(42) | VFilterInvocationSecurityMetadataSource getAttributes [sRoleList=[]]
2020-03-20 23:49:29.592 | http-nio-8080-exec-3 | INFO  | c.q.p.c.VFilterInvocationSecurityMetadataSource:VFilterInvocationSecurityMetadataSource.java(42) | VFilterInvocationSecurityMetadataSource getAttributes [sRoleList=[]]
2020-03-20 23:49:29.592 | http-nio-8080-exec-6 | INFO  | c.q.p.c.VFilterInvocationSecurityMetadataSource:VFilterInvocationSecurityMetadataSource.java(48) | VFilterInvocationSecurityMetadataSource getAttributes [sPermissionList=[]]
2020-03-20 23:49:29.592 | http-nio-8080-exec-6 | INFO  | c.q.p.c.VFilterInvocationSecurityMetadataSource:VFilterInvocationSecurityMetadataSource.java(33) | VFilterInvocationSecurityMetadataSource getAttributes [requestUrl=/vue/custom.css]
2020-03-20 23:49:29.594 | http-nio-8080-exec-3 | INFO  | c.q.p.c.VFilterInvocationSecurityMetadataSource:VFilterInvocationSecurityMetadataSource.java(48) | VFilterInvocationSecurityMetadataSource getAttributes [sPermissionList=[]]
2020-03-20 23:49:29.594 | http-nio-8080-exec-9 | INFO  | c.q.p.c.VFilterInvocationSecurityMetadataSource:VFilterInvocationSecurityMetadataSource.java(42) | VFilterInvocationSecurityMetadataSource getAttributes [sRoleList=[]]
2020-03-20 23:49:29.595 | http-nio-8080-exec-4 | INFO  | c.q.p.c.VFilterInvocationSecurityMetadataSource:VFilterInvocationSecurityMetadataSource.java(48) | VFilterInvocationSecurityMetadataSource getAttributes [sPermissionList=[]]
2020-03-20 23:49:29.597 | http-nio-8080-exec-9 | INFO  | c.q.p.c.VFilterInvocationSecurityMetadataSource:VFilterInvocationSecurityMetadataSource.java(48) | VFilterInvocationSecurityMetadataSource getAttributes [sPermissionList=[]]
2020-03-20 23:49:29.609 | http-nio-8080-exec-6 | INFO  | c.q.p.c.VFilterInvocationSecurityMetadataSource:VFilterInvocationSecurityMetadataSource.java(42) | VFilterInvocationSecurityMetadataSource getAttributes [sRoleList=[]]
2020-03-20 23:49:29.613 | http-nio-8080-exec-2 | INFO  | c.q.p.c.VFilterInvocationSecurityMetadataSource:VFilterInvocationSecurityMetadataSource.java(33) | VFilterInvocationSecurityMetadataSource getAttributes [requestUrl=/vue/activity_team.js]
2020-03-20 23:49:29.613 | http-nio-8080-exec-6 | INFO  | c.q.p.c.VFilterInvocationSecurityMetadataSource:VFilterInvocationSecurityMetadataSource.java(48) | VFilterInvocationSecurityMetadataSource getAttributes [sPermissionList=[]]
2020-03-20 23:49:29.618 | http-nio-8080-exec-2 | INFO  | c.q.p.c.VFilterInvocationSecurityMetadataSource:VFilterInvocationSecurityMetadataSource.java(42) | VFilterInvocationSecurityMetadataSource getAttributes [sRoleList=[]]
2020-03-20 23:49:29.621 | http-nio-8080-exec-2 | INFO  | c.q.p.c.VFilterInvocationSecurityMetadataSource:VFilterInvocationSecurityMetadataSource.java(48) | VFilterInvocationSecurityMetadataSource getAttributes [sPermissionList=[]]
2020-03-20 23:49:29.622 | http-nio-8080-exec-2 | INFO  | c.q.p.c.VFilterInvocationSecurityMetadataSource:VFilterInvocationSecurityMetadataSource.java(33) | VFilterInvocationSecurityMetadataSource getAttributes [requestUrl=/vue/activity_team.js]
2020-03-20 23:49:29.628 | http-nio-8080-exec-2 | INFO  | c.q.p.c.VFilterInvocationSecurityMetadataSource:VFilterInvocationSecurityMetadataSource.java(42) | VFilterInvocationSecurityMetadataSource getAttributes [sRoleList=[]]
2020-03-20 23:49:29.631 | http-nio-8080-exec-2 | INFO  | c.q.p.c.VFilterInvocationSecurityMetadataSource:VFilterInvocationSecurityMetadataSource.java(48) | VFilterInvocationSecurityMetadataSource getAttributes [sPermissionList=[]]
2020-03-20 23:49:29.822 | http-nio-8080-exec-1 | INFO  | c.q.p.c.VFilterInvocationSecurityMetadataSource:VFilterInvocationSecurityMetadataSource.java(33) | VFilterInvocationSecurityMetadataSource getAttributes [requestUrl=/activity/find_total_by_user_name_and_activity_name?user_name=admin&activity_name=hhhhh]
2020-03-20 23:49:29.828 | http-nio-8080-exec-1 | INFO  | c.q.p.c.VFilterInvocationSecurityMetadataSource:VFilterInvocationSecurityMetadataSource.java(42) | VFilterInvocationSecurityMetadataSource getAttributes [sRoleList=[]]
2020-03-20 23:49:29.835 | http-nio-8080-exec-1 | INFO  | c.q.p.c.VFilterInvocationSecurityMetadataSource:VFilterInvocationSecurityMetadataSource.java(48) | VFilterInvocationSecurityMetadataSource getAttributes [sPermissionList=[]]
2020-03-20 23:49:29.836 | http-nio-8080-exec-1 | INFO  | c.q.p.c.VFilterInvocationSecurityMetadataSource:VFilterInvocationSecurityMetadataSource.java(33) | VFilterInvocationSecurityMetadataSource getAttributes [requestUrl=/activity/find_total_by_user_name_and_activity_name?user_name=admin&activity_name=hhhhh]
2020-03-20 23:49:29.842 | http-nio-8080-exec-1 | INFO  | c.q.p.c.VFilterInvocationSecurityMetadataSource:VFilterInvocationSecurityMetadataSource.java(42) | VFilterInvocationSecurityMetadataSource getAttributes [sRoleList=[]]
2020-03-20 23:49:29.845 | http-nio-8080-exec-1 | INFO  | c.q.p.c.VFilterInvocationSecurityMetadataSource:VFilterInvocationSecurityMetadataSource.java(48) | VFilterInvocationSecurityMetadataSource getAttributes [sPermissionList=[]]
2020-03-20 23:49:29.846 | http-nio-8080-exec-1 | INFO  | c.q.p.c.ActivityController:ActivityController.java(163) | find_total_by_user_name_and_activity_name:admin,activity_name:hhhhh
2020-03-20 23:49:56.099 | http-nio-8080-exec-9 | INFO  | c.q.p.c.VFilterInvocationSecurityMetadataSource:VFilterInvocationSecurityMetadataSource.java(33) | VFilterInvocationSecurityMetadataSource getAttributes [requestUrl=/activity/find_by_activityid?id=2&username=admin]
2020-03-20 23:49:56.108 | http-nio-8080-exec-9 | INFO  | c.q.p.c.VFilterInvocationSecurityMetadataSource:VFilterInvocationSecurityMetadataSource.java(42) | VFilterInvocationSecurityMetadataSource getAttributes [sRoleList=[]]
2020-03-20 23:49:56.113 | http-nio-8080-exec-9 | INFO  | c.q.p.c.VFilterInvocationSecurityMetadataSource:VFilterInvocationSecurityMetadataSource.java(48) | VFilterInvocationSecurityMetadataSource getAttributes [sPermissionList=[]]
2020-03-20 23:49:56.113 | http-nio-8080-exec-9 | INFO  | c.q.p.c.VFilterInvocationSecurityMetadataSource:VFilterInvocationSecurityMetadataSource.java(33) | VFilterInvocationSecurityMetadataSource getAttributes [requestUrl=/activity/find_by_activityid?id=2&username=admin]
2020-03-20 23:49:56.121 | http-nio-8080-exec-9 | INFO  | c.q.p.c.VFilterInvocationSecurityMetadataSource:VFilterInvocationSecurityMetadataSource.java(42) | VFilterInvocationSecurityMetadataSource getAttributes [sRoleList=[]]
2020-03-20 23:49:56.126 | http-nio-8080-exec-9 | INFO  | c.q.p.c.VFilterInvocationSecurityMetadataSource:VFilterInvocationSecurityMetadataSource.java(48) | VFilterInvocationSecurityMetadataSource getAttributes [sPermissionList=[]]
2020-03-20 23:49:56.127 | http-nio-8080-exec-9 | INFO  | c.q.p.c.ActivityController:ActivityController.java(151) | activity controller find_by_activity_id:2,username:admin
2020-03-20 23:49:56.129 | http-nio-8080-exec-9 | INFO  | c.q.p.c.ActivityController:ActivityController.java(155) | user:admin
2020-03-20 23:49:56.130 | http-nio-8080-exec-9 | INFO  | c.q.p.c.ActivityController:ActivityController.java(156) | activity:Activity [id=2, name=hhhhh, holdaddress=hhhhh, avg=true, koufen=true, active=1, holdtime=Fri Mar 13 08:00:00 CST 2020]
2020-03-20 23:49:56.255 | http-nio-8080-exec-10 | INFO  | c.q.p.c.VFilterInvocationSecurityMetadataSource:VFilterInvocationSecurityMetadataSource.java(33) | VFilterInvocationSecurityMetadataSource getAttributes [requestUrl=/vue/index.css]
2020-03-20 23:49:56.255 | http-nio-8080-exec-5 | INFO  | c.q.p.c.VFilterInvocationSecurityMetadataSource:VFilterInvocationSecurityMetadataSource.java(33) | VFilterInvocationSecurityMetadataSource getAttributes [requestUrl=/vue/custom.css]
2020-03-20 23:49:56.261 | http-nio-8080-exec-5 | INFO  | c.q.p.c.VFilterInvocationSecurityMetadataSource:VFilterInvocationSecurityMetadataSource.java(42) | VFilterInvocationSecurityMetadataSource getAttributes [sRoleList=[]]
2020-03-20 23:49:56.261 | http-nio-8080-exec-10 | INFO  | c.q.p.c.VFilterInvocationSecurityMetadataSource:VFilterInvocationSecurityMetadataSource.java(42) | VFilterInvocationSecurityMetadataSource getAttributes [sRoleList=[]]
2020-03-20 23:49:56.264 | http-nio-8080-exec-10 | INFO  | c.q.p.c.VFilterInvocationSecurityMetadataSource:VFilterInvocationSecurityMetadataSource.java(48) | VFilterInvocationSecurityMetadataSource getAttributes [sPermissionList=[]]
2020-03-20 23:49:56.264 | http-nio-8080-exec-5 | INFO  | c.q.p.c.VFilterInvocationSecurityMetadataSource:VFilterInvocationSecurityMetadataSource.java(48) | VFilterInvocationSecurityMetadataSource getAttributes [sPermissionList=[]]
2020-03-20 23:49:56.264 | http-nio-8080-exec-10 | INFO  | c.q.p.c.VFilterInvocationSecurityMetadataSource:VFilterInvocationSecurityMetadataSource.java(33) | VFilterInvocationSecurityMetadataSource getAttributes [requestUrl=/vue/index.css]
2020-03-20 23:49:56.265 | http-nio-8080-exec-5 | INFO  | c.q.p.c.VFilterInvocationSecurityMetadataSource:VFilterInvocationSecurityMetadataSource.java(33) | VFilterInvocationSecurityMetadataSource getAttributes [requestUrl=/vue/custom.css]
2020-03-20 23:49:56.272 | http-nio-8080-exec-1 | INFO  | c.q.p.c.VFilterInvocationSecurityMetadataSource:VFilterInvocationSecurityMetadataSource.java(33) | VFilterInvocationSecurityMetadataSource getAttributes [requestUrl=/vue/vue.js]
2020-03-20 23:49:56.272 | http-nio-8080-exec-5 | INFO  | c.q.p.c.VFilterInvocationSecurityMetadataSource:VFilterInvocationSecurityMetadataSource.java(42) | VFilterInvocationSecurityMetadataSource getAttributes [sRoleList=[]]
2020-03-20 23:49:56.274 | http-nio-8080-exec-2 | INFO  | c.q.p.c.VFilterInvocationSecurityMetadataSource:VFilterInvocationSecurityMetadataSource.java(33) | VFilterInvocationSecurityMetadataSource getAttributes [requestUrl=/vue/index.js]
2020-03-20 23:49:56.275 | http-nio-8080-exec-3 | INFO  | c.q.p.c.VFilterInvocationSecurityMetadataSource:VFilterInvocationSecurityMetadataSource.java(33) | VFilterInvocationSecurityMetadataSource getAttributes [requestUrl=/vue/vue-router.js]
2020-03-20 23:49:56.276 | http-nio-8080-exec-1 | INFO  | c.q.p.c.VFilterInvocationSecurityMetadataSource:VFilterInvocationSecurityMetadataSource.java(42) | VFilterInvocationSecurityMetadataSource getAttributes [sRoleList=[]]
2020-03-20 23:49:56.276 | http-nio-8080-exec-5 | INFO  | c.q.p.c.VFilterInvocationSecurityMetadataSource:VFilterInvocationSecurityMetadataSource.java(48) | VFilterInvocationSecurityMetadataSource getAttributes [sPermissionList=[]]
2020-03-20 23:49:56.279 | http-nio-8080-exec-2 | INFO  | c.q.p.c.VFilterInvocationSecurityMetadataSource:VFilterInvocationSecurityMetadataSource.java(42) | VFilterInvocationSecurityMetadataSource getAttributes [sRoleList=[]]
2020-03-20 23:49:56.280 | http-nio-8080-exec-1 | INFO  | c.q.p.c.VFilterInvocationSecurityMetadataSource:VFilterInvocationSecurityMetadataSource.java(48) | VFilterInvocationSecurityMetadataSource getAttributes [sPermissionList=[]]
2020-03-20 23:49:56.280 | http-nio-8080-exec-1 | INFO  | c.q.p.c.VFilterInvocationSecurityMetadataSource:VFilterInvocationSecurityMetadataSource.java(33) | VFilterInvocationSecurityMetadataSource getAttributes [requestUrl=/vue/vue.js]
2020-03-20 23:49:56.281 | http-nio-8080-exec-10 | INFO  | c.q.p.c.VFilterInvocationSecurityMetadataSource:VFilterInvocationSecurityMetadataSource.java(42) | VFilterInvocationSecurityMetadataSource getAttributes [sRoleList=[]]
2020-03-20 23:49:56.282 | http-nio-8080-exec-5 | INFO  | c.q.p.c.VFilterInvocationSecurityMetadataSource:VFilterInvocationSecurityMetadataSource.java(33) | VFilterInvocationSecurityMetadataSource getAttributes [requestUrl=/vue/axios.min.js]
2020-03-20 23:49:56.282 | http-nio-8080-exec-3 | INFO  | c.q.p.c.VFilterInvocationSecurityMetadataSource:VFilterInvocationSecurityMetadataSource.java(42) | VFilterInvocationSecurityMetadataSource getAttributes [sRoleList=[]]
2020-03-20 23:49:56.285 | http-nio-8080-exec-1 | INFO  | c.q.p.c.VFilterInvocationSecurityMetadataSource:VFilterInvocationSecurityMetadataSource.java(42) | VFilterInvocationSecurityMetadataSource getAttributes [sRoleList=[]]
2020-03-20 23:49:56.287 | http-nio-8080-exec-5 | INFO  | c.q.p.c.VFilterInvocationSecurityMetadataSource:VFilterInvocationSecurityMetadataSource.java(42) | VFilterInvocationSecurityMetadataSource getAttributes [sRoleList=[]]
2020-03-20 23:49:56.288 | http-nio-8080-exec-3 | INFO  | c.q.p.c.VFilterInvocationSecurityMetadataSource:VFilterInvocationSecurityMetadataSource.java(48) | VFilterInvocationSecurityMetadataSource getAttributes [sPermissionList=[]]
2020-03-20 23:49:56.289 | http-nio-8080-exec-3 | INFO  | c.q.p.c.VFilterInvocationSecurityMetadataSource:VFilterInvocationSecurityMetadataSource.java(33) | VFilterInvocationSecurityMetadataSource getAttributes [requestUrl=/vue/vue-router.js]
2020-03-20 23:49:56.285 | http-nio-8080-exec-10 | INFO  | c.q.p.c.VFilterInvocationSecurityMetadataSource:VFilterInvocationSecurityMetadataSource.java(48) | VFilterInvocationSecurityMetadataSource getAttributes [sPermissionList=[]]
2020-03-20 23:49:56.291 | http-nio-8080-exec-1 | INFO  | c.q.p.c.VFilterInvocationSecurityMetadataSource:VFilterInvocationSecurityMetadataSource.java(48) | VFilterInvocationSecurityMetadataSource getAttributes [sPermissionList=[]]
2020-03-20 23:49:56.291 | http-nio-8080-exec-5 | INFO  | c.q.p.c.VFilterInvocationSecurityMetadataSource:VFilterInvocationSecurityMetadataSource.java(48) | VFilterInvocationSecurityMetadataSource getAttributes [sPermissionList=[]]
2020-03-20 23:49:56.291 | http-nio-8080-exec-5 | INFO  | c.q.p.c.VFilterInvocationSecurityMetadataSource:VFilterInvocationSecurityMetadataSource.java(33) | VFilterInvocationSecurityMetadataSource getAttributes [requestUrl=/vue/axios.min.js]
2020-03-20 23:49:56.295 | http-nio-8080-exec-3 | INFO  | c.q.p.c.VFilterInvocationSecurityMetadataSource:VFilterInvocationSecurityMetadataSource.java(42) | VFilterInvocationSecurityMetadataSource getAttributes [sRoleList=[]]
2020-03-20 23:49:56.296 | http-nio-8080-exec-5 | INFO  | c.q.p.c.VFilterInvocationSecurityMetadataSource:VFilterInvocationSecurityMetadataSource.java(42) | VFilterInvocationSecurityMetadataSource getAttributes [sRoleList=[]]
2020-03-20 23:49:56.298 | http-nio-8080-exec-3 | INFO  | c.q.p.c.VFilterInvocationSecurityMetadataSource:VFilterInvocationSecurityMetadataSource.java(48) | VFilterInvocationSecurityMetadataSource getAttributes [sPermissionList=[]]
2020-03-20 23:49:56.300 | http-nio-8080-exec-5 | INFO  | c.q.p.c.VFilterInvocationSecurityMetadataSource:VFilterInvocationSecurityMetadataSource.java(48) | VFilterInvocationSecurityMetadataSource getAttributes [sPermissionList=[]]
2020-03-20 23:49:56.298 | http-nio-8080-exec-2 | INFO  | c.q.p.c.VFilterInvocationSecurityMetadataSource:VFilterInvocationSecurityMetadataSource.java(48) | VFilterInvocationSecurityMetadataSource getAttributes [sPermissionList=[]]
2020-03-20 23:49:56.304 | http-nio-8080-exec-2 | INFO  | c.q.p.c.VFilterInvocationSecurityMetadataSource:VFilterInvocationSecurityMetadataSource.java(33) | VFilterInvocationSecurityMetadataSource getAttributes [requestUrl=/vue/index.js]
2020-03-20 23:49:56.312 | http-nio-8080-exec-2 | INFO  | c.q.p.c.VFilterInvocationSecurityMetadataSource:VFilterInvocationSecurityMetadataSource.java(42) | VFilterInvocationSecurityMetadataSource getAttributes [sRoleList=[]]
2020-03-20 23:49:56.313 | http-nio-8080-exec-8 | INFO  | c.q.p.c.VFilterInvocationSecurityMetadataSource:VFilterInvocationSecurityMetadataSource.java(33) | VFilterInvocationSecurityMetadataSource getAttributes [requestUrl=/vue/activity_team.js]
2020-03-20 23:49:56.317 | http-nio-8080-exec-2 | INFO  | c.q.p.c.VFilterInvocationSecurityMetadataSource:VFilterInvocationSecurityMetadataSource.java(48) | VFilterInvocationSecurityMetadataSource getAttributes [sPermissionList=[]]
2020-03-20 23:49:56.322 | http-nio-8080-exec-8 | INFO  | c.q.p.c.VFilterInvocationSecurityMetadataSource:VFilterInvocationSecurityMetadataSource.java(42) | VFilterInvocationSecurityMetadataSource getAttributes [sRoleList=[]]
2020-03-20 23:49:56.327 | http-nio-8080-exec-8 | INFO  | c.q.p.c.VFilterInvocationSecurityMetadataSource:VFilterInvocationSecurityMetadataSource.java(48) | VFilterInvocationSecurityMetadataSource getAttributes [sPermissionList=[]]
2020-03-20 23:49:56.327 | http-nio-8080-exec-8 | INFO  | c.q.p.c.VFilterInvocationSecurityMetadataSource:VFilterInvocationSecurityMetadataSource.java(33) | VFilterInvocationSecurityMetadataSource getAttributes [requestUrl=/vue/activity_team.js]
2020-03-20 23:49:56.333 | http-nio-8080-exec-8 | INFO  | c.q.p.c.VFilterInvocationSecurityMetadataSource:VFilterInvocationSecurityMetadataSource.java(42) | VFilterInvocationSecurityMetadataSource getAttributes [sRoleList=[]]
2020-03-20 23:49:56.339 | http-nio-8080-exec-8 | INFO  | c.q.p.c.VFilterInvocationSecurityMetadataSource:VFilterInvocationSecurityMetadataSource.java(48) | VFilterInvocationSecurityMetadataSource getAttributes [sPermissionList=[]]
2020-03-20 23:49:56.453 | http-nio-8080-exec-4 | INFO  | c.q.p.c.VFilterInvocationSecurityMetadataSource:VFilterInvocationSecurityMetadataSource.java(33) | VFilterInvocationSecurityMetadataSource getAttributes [requestUrl=/activity/find_total_by_user_name_and_activity_name?user_name=admin&activity_name=hhhhh]
2020-03-20 23:49:56.458 | http-nio-8080-exec-4 | INFO  | c.q.p.c.VFilterInvocationSecurityMetadataSource:VFilterInvocationSecurityMetadataSource.java(42) | VFilterInvocationSecurityMetadataSource getAttributes [sRoleList=[]]
2020-03-20 23:49:56.463 | http-nio-8080-exec-4 | INFO  | c.q.p.c.VFilterInvocationSecurityMetadataSource:VFilterInvocationSecurityMetadataSource.java(48) | VFilterInvocationSecurityMetadataSource getAttributes [sPermissionList=[]]
2020-03-20 23:49:56.464 | http-nio-8080-exec-4 | INFO  | c.q.p.c.VFilterInvocationSecurityMetadataSource:VFilterInvocationSecurityMetadataSource.java(33) | VFilterInvocationSecurityMetadataSource getAttributes [requestUrl=/activity/find_total_by_user_name_and_activity_name?user_name=admin&activity_name=hhhhh]
2020-03-20 23:49:56.468 | http-nio-8080-exec-4 | INFO  | c.q.p.c.VFilterInvocationSecurityMetadataSource:VFilterInvocationSecurityMetadataSource.java(42) | VFilterInvocationSecurityMetadataSource getAttributes [sRoleList=[]]
2020-03-20 23:49:56.471 | http-nio-8080-exec-4 | INFO  | c.q.p.c.VFilterInvocationSecurityMetadataSource:VFilterInvocationSecurityMetadataSource.java(48) | VFilterInvocationSecurityMetadataSource getAttributes [sPermissionList=[]]
2020-03-20 23:49:56.473 | http-nio-8080-exec-4 | INFO  | c.q.p.c.ActivityController:ActivityController.java(163) | find_total_by_user_name_and_activity_name:admin,activity_name:hhhhh
2020-03-20 23:49:58.661 | http-nio-8080-exec-1 | INFO  | c.q.p.c.VFilterInvocationSecurityMetadataSource:VFilterInvocationSecurityMetadataSource.java(33) | VFilterInvocationSecurityMetadataSource getAttributes [requestUrl=/activity/comment/admin/hhhhh/急诊科]
2020-03-20 23:49:58.670 | http-nio-8080-exec-1 | INFO  | c.q.p.c.VFilterInvocationSecurityMetadataSource:VFilterInvocationSecurityMetadataSource.java(42) | VFilterInvocationSecurityMetadataSource getAttributes [sRoleList=[]]
2020-03-20 23:49:58.675 | http-nio-8080-exec-1 | INFO  | c.q.p.c.VFilterInvocationSecurityMetadataSource:VFilterInvocationSecurityMetadataSource.java(48) | VFilterInvocationSecurityMetadataSource getAttributes [sPermissionList=[]]
2020-03-20 23:49:58.675 | http-nio-8080-exec-1 | INFO  | c.q.p.c.VFilterInvocationSecurityMetadataSource:VFilterInvocationSecurityMetadataSource.java(33) | VFilterInvocationSecurityMetadataSource getAttributes [requestUrl=/activity/comment/admin/hhhhh/急诊科]
2020-03-20 23:49:58.678 | http-nio-8080-exec-1 | INFO  | c.q.p.c.VFilterInvocationSecurityMetadataSource:VFilterInvocationSecurityMetadataSource.java(42) | VFilterInvocationSecurityMetadataSource getAttributes [sRoleList=[]]
2020-03-20 23:49:58.681 | http-nio-8080-exec-1 | INFO  | c.q.p.c.VFilterInvocationSecurityMetadataSource:VFilterInvocationSecurityMetadataSource.java(48) | VFilterInvocationSecurityMetadataSource getAttributes [sPermissionList=[]]
2020-03-20 23:57:48.906 | RMI TCP Connection(2)-127.0.0.1 | INFO  | o.s.b.a.SpringApplicationAdminMXBeanRegistrar$SpringApplicationAdmin:SpringApplicationAdminMXBeanRegistrar.java(159) | Application shutdown requested.
2020-03-20 23:57:48.910 | RMI TCP Connection(2)-127.0.0.1 | INFO  | o.s.s.c.ExecutorConfigurationSupport:ExecutorConfigurationSupport.java(208) | Shutting down ExecutorService 'applicationTaskExecutor'
2020-03-20 23:57:48.912 | RMI TCP Connection(2)-127.0.0.1 | INFO  | c.z.h.HikariDataSource:HikariDataSource.java(350) | HikariPool-1 - Shutdown initiated...
2020-03-20 23:57:48.923 | RMI TCP Connection(2)-127.0.0.1 | INFO  | c.z.h.HikariDataSource:HikariDataSource.java(352) | HikariPool-1 - Shutdown completed.
