2020-03-24 23:18:58.553 | main | INFO  | o.s.b.StartupInfoLogger:StartupInfoLogger.java(55) | Starting PingfenApplication on yu-PC with PID 4228 (C:\Users\Administrator\Desktop\pingfen\target\classes started by Administrator in C:\Users\Administrator\Desktop\pingfen)
2020-03-24 23:18:58.569 | main | INFO  | o.s.b.SpringApplication:SpringApplication.java(651) | No active profile set, falling back to default profiles: default
2020-03-24 23:19:02.243 | main | INFO  | o.s.b.w.e.t.TomcatWebServer:TomcatWebServer.java(92) | Tomcat initialized with port(s): 8080 (http)
2020-03-24 23:19:02.255 | main | INFO  | o.a.j.l.DirectJDKLog:DirectJDKLog.java(173) | Initializing ProtocolHandler ["http-nio-8080"]
2020-03-24 23:19:02.257 | main | INFO  | o.a.j.l.DirectJDKLog:DirectJDKLog.java(173) | Starting service [Tomcat]
2020-03-24 23:19:02.257 | main | INFO  | o.a.j.l.DirectJDKLog:DirectJDKLog.java(173) | Starting Servlet engine: [Apache Tomcat/9.0.29]
2020-03-24 23:19:02.368 | main | INFO  | o.a.j.l.DirectJDKLog:DirectJDKLog.java(173) | Initializing Spring embedded WebApplicationContext
2020-03-24 23:19:02.369 | main | INFO  | o.s.b.w.s.c.ServletWebServerApplicationContext:ServletWebServerApplicationContext.java(284) | Root WebApplicationContext: initialization completed in 3574 ms
2020-03-24 23:19:02.827 | main | WARN  | o.s.s.a.i.AbstractSecurityInterceptor:AbstractSecurityInterceptor.java(159) | Could not validate configuration attributes as the SecurityMetadataSource did not return any attributes from getAllConfigAttributes()
2020-03-24 23:19:02.843 | main | WARN  | o.s.s.a.i.AbstractSecurityInterceptor:AbstractSecurityInterceptor.java(159) | Could not validate configuration attributes as the SecurityMetadataSource did not return any attributes from getAllConfigAttributes()
2020-03-24 23:19:03.275 | main | INFO  | o.s.s.w.DefaultSecurityFilterChain:DefaultSecurityFilterChain.java(43) | Creating filter chain: Ant [pattern='/css/**'], []
2020-03-24 23:19:03.354 | main | INFO  | o.s.s.w.DefaultSecurityFilterChain:DefaultSecurityFilterChain.java(43) | Creating filter chain: any request, [org.springframework.security.web.context.request.async.WebAsyncManagerIntegrationFilter@756b58a7, org.springframework.security.web.context.SecurityContextPersistenceFilter@36ddaebf, org.springframework.security.web.header.HeaderWriterFilter@4c48fe92, org.springframework.security.web.authentication.logout.LogoutFilter@53a5e217, org.springframework.security.web.authentication.UsernamePasswordAuthenticationFilter@2e3f79a2, org.springframework.security.web.savedrequest.RequestCacheAwareFilter@9d7ccfe, org.springframework.security.web.servletapi.SecurityContextHolderAwareRequestFilter@15f8701f, org.springframework.security.web.authentication.AnonymousAuthenticationFilter@2cc04358, org.springframework.security.web.session.SessionManagementFilter@38320e34, org.springframework.security.web.access.ExceptionTranslationFilter@55e3d6c3, org.springframework.security.web.access.intercept.FilterSecurityInterceptor@2ff15f8c]
2020-03-24 23:19:03.552 | main | INFO  | o.s.s.c.ExecutorConfigurationSupport:ExecutorConfigurationSupport.java(171) | Initializing ExecutorService 'applicationTaskExecutor'
2020-03-24 23:19:03.859 | main | INFO  | o.s.b.a.w.s.WelcomePageHandlerMapping:WelcomePageHandlerMapping.java(58) | Adding welcome page template: index
2020-03-24 23:19:04.169 | main | INFO  | o.a.j.l.DirectJDKLog:DirectJDKLog.java(173) | Starting ProtocolHandler ["http-nio-8080"]
2020-03-24 23:19:04.196 | main | INFO  | o.s.b.w.e.t.TomcatWebServer:TomcatWebServer.java(204) | Tomcat started on port(s): 8080 (http) with context path ''
2020-03-24 23:19:04.196 | main | INFO  | o.s.b.StartupInfoLogger:StartupInfoLogger.java(61) | Started PingfenApplication in 7.42 seconds (JVM running for 8.704)
2020-03-24 23:19:11.922 | http-nio-8080-exec-1 | INFO  | o.a.j.l.DirectJDKLog:DirectJDKLog.java(173) | Initializing Spring DispatcherServlet 'dispatcherServlet'
2020-03-24 23:19:11.923 | http-nio-8080-exec-1 | INFO  | o.s.w.s.FrameworkServlet:FrameworkServlet.java(525) | Initializing Servlet 'dispatcherServlet'
2020-03-24 23:19:11.947 | http-nio-8080-exec-1 | INFO  | o.s.w.s.FrameworkServlet:FrameworkServlet.java(547) | Completed initialization in 23 ms
2020-03-24 23:19:12.081 | http-nio-8080-exec-2 | INFO  | c.q.p.c.VFilterInvocationSecurityMetadataSource:VFilterInvocationSecurityMetadataSource.java(33) | VFilterInvocationSecurityMetadataSource getAttributes [requestUrl=/login]
2020-03-24 23:19:12.083 | http-nio-8080-exec-2 | INFO  | c.q.p.c.VFilterInvocationSecurityMetadataSource:VFilterInvocationSecurityMetadataSource.java(33) | VFilterInvocationSecurityMetadataSource getAttributes [requestUrl=/login]
2020-03-24 23:19:12.476 | http-nio-8080-exec-3 | INFO  | c.q.p.c.VFilterInvocationSecurityMetadataSource:VFilterInvocationSecurityMetadataSource.java(33) | VFilterInvocationSecurityMetadataSource getAttributes [requestUrl=/vue/index.css]
2020-03-24 23:19:12.484 | http-nio-8080-exec-4 | INFO  | c.q.p.c.VFilterInvocationSecurityMetadataSource:VFilterInvocationSecurityMetadataSource.java(33) | VFilterInvocationSecurityMetadataSource getAttributes [requestUrl=/vue/login.css]
2020-03-24 23:19:12.485 | http-nio-8080-exec-6 | INFO  | c.q.p.c.VFilterInvocationSecurityMetadataSource:VFilterInvocationSecurityMetadataSource.java(33) | VFilterInvocationSecurityMetadataSource getAttributes [requestUrl=/vue/index.js]
2020-03-24 23:19:12.486 | http-nio-8080-exec-7 | INFO  | c.q.p.c.VFilterInvocationSecurityMetadataSource:VFilterInvocationSecurityMetadataSource.java(33) | VFilterInvocationSecurityMetadataSource getAttributes [requestUrl=/vue/axios.min.js]
2020-03-24 23:19:12.487 | http-nio-8080-exec-5 | INFO  | c.q.p.c.VFilterInvocationSecurityMetadataSource:VFilterInvocationSecurityMetadataSource.java(33) | VFilterInvocationSecurityMetadataSource getAttributes [requestUrl=/vue/vue.js]
2020-03-24 23:19:12.488 | http-nio-8080-exec-8 | INFO  | c.q.p.c.VFilterInvocationSecurityMetadataSource:VFilterInvocationSecurityMetadataSource.java(33) | VFilterInvocationSecurityMetadataSource getAttributes [requestUrl=/vue/login.js]
2020-03-24 23:19:12.812 | http-nio-8080-exec-6 | INFO  | c.z.h.HikariDataSource:HikariDataSource.java(110) | HikariPool-1 - Starting...
2020-03-24 23:19:13.313 | http-nio-8080-exec-6 | INFO  | c.z.h.HikariDataSource:HikariDataSource.java(123) | HikariPool-1 - Start completed.
2020-03-24 23:19:13.778 | http-nio-8080-exec-3 | INFO  | c.q.p.c.VFilterInvocationSecurityMetadataSource:VFilterInvocationSecurityMetadataSource.java(42) | VFilterInvocationSecurityMetadataSource getAttributes [sRoleList=[]]
2020-03-24 23:19:13.778 | http-nio-8080-exec-8 | INFO  | c.q.p.c.VFilterInvocationSecurityMetadataSource:VFilterInvocationSecurityMetadataSource.java(42) | VFilterInvocationSecurityMetadataSource getAttributes [sRoleList=[]]
2020-03-24 23:19:13.778 | http-nio-8080-exec-5 | INFO  | c.q.p.c.VFilterInvocationSecurityMetadataSource:VFilterInvocationSecurityMetadataSource.java(42) | VFilterInvocationSecurityMetadataSource getAttributes [sRoleList=[]]
2020-03-24 23:19:13.778 | http-nio-8080-exec-6 | INFO  | c.q.p.c.VFilterInvocationSecurityMetadataSource:VFilterInvocationSecurityMetadataSource.java(42) | VFilterInvocationSecurityMetadataSource getAttributes [sRoleList=[]]
2020-03-24 23:19:13.785 | http-nio-8080-exec-5 | INFO  | c.q.p.c.VFilterInvocationSecurityMetadataSource:VFilterInvocationSecurityMetadataSource.java(48) | VFilterInvocationSecurityMetadataSource getAttributes [sPermissionList=[]]
2020-03-24 23:19:13.778 | http-nio-8080-exec-7 | INFO  | c.q.p.c.VFilterInvocationSecurityMetadataSource:VFilterInvocationSecurityMetadataSource.java(42) | VFilterInvocationSecurityMetadataSource getAttributes [sRoleList=[]]
2020-03-24 23:19:13.790 | http-nio-8080-exec-6 | INFO  | c.q.p.c.VFilterInvocationSecurityMetadataSource:VFilterInvocationSecurityMetadataSource.java(48) | VFilterInvocationSecurityMetadataSource getAttributes [sPermissionList=[]]
2020-03-24 23:19:13.790 | http-nio-8080-exec-6 | INFO  | c.q.p.c.VFilterInvocationSecurityMetadataSource:VFilterInvocationSecurityMetadataSource.java(33) | VFilterInvocationSecurityMetadataSource getAttributes [requestUrl=/vue/index.js]
2020-03-24 23:19:13.791 | http-nio-8080-exec-3 | INFO  | c.q.p.c.VFilterInvocationSecurityMetadataSource:VFilterInvocationSecurityMetadataSource.java(48) | VFilterInvocationSecurityMetadataSource getAttributes [sPermissionList=[]]
2020-03-24 23:19:13.792 | http-nio-8080-exec-3 | INFO  | c.q.p.c.VFilterInvocationSecurityMetadataSource:VFilterInvocationSecurityMetadataSource.java(33) | VFilterInvocationSecurityMetadataSource getAttributes [requestUrl=/vue/index.css]
2020-03-24 23:19:13.811 | http-nio-8080-exec-4 | INFO  | c.q.p.c.VFilterInvocationSecurityMetadataSource:VFilterInvocationSecurityMetadataSource.java(42) | VFilterInvocationSecurityMetadataSource getAttributes [sRoleList=[]]
2020-03-24 23:19:13.815 | http-nio-8080-exec-5 | INFO  | c.q.p.c.VFilterInvocationSecurityMetadataSource:VFilterInvocationSecurityMetadataSource.java(33) | VFilterInvocationSecurityMetadataSource getAttributes [requestUrl=/vue/vue.js]
2020-03-24 23:19:13.818 | http-nio-8080-exec-6 | INFO  | c.q.p.c.VFilterInvocationSecurityMetadataSource:VFilterInvocationSecurityMetadataSource.java(42) | VFilterInvocationSecurityMetadataSource getAttributes [sRoleList=[]]
2020-03-24 23:19:13.819 | http-nio-8080-exec-7 | INFO  | c.q.p.c.VFilterInvocationSecurityMetadataSource:VFilterInvocationSecurityMetadataSource.java(48) | VFilterInvocationSecurityMetadataSource getAttributes [sPermissionList=[]]
2020-03-24 23:19:13.822 | http-nio-8080-exec-5 | INFO  | c.q.p.c.VFilterInvocationSecurityMetadataSource:VFilterInvocationSecurityMetadataSource.java(42) | VFilterInvocationSecurityMetadataSource getAttributes [sRoleList=[]]
2020-03-24 23:19:13.823 | http-nio-8080-exec-8 | INFO  | c.q.p.c.VFilterInvocationSecurityMetadataSource:VFilterInvocationSecurityMetadataSource.java(48) | VFilterInvocationSecurityMetadataSource getAttributes [sPermissionList=[]]
2020-03-24 23:19:13.824 | http-nio-8080-exec-7 | INFO  | c.q.p.c.VFilterInvocationSecurityMetadataSource:VFilterInvocationSecurityMetadataSource.java(33) | VFilterInvocationSecurityMetadataSource getAttributes [requestUrl=/vue/axios.min.js]
2020-03-24 23:19:13.825 | http-nio-8080-exec-8 | INFO  | c.q.p.c.VFilterInvocationSecurityMetadataSource:VFilterInvocationSecurityMetadataSource.java(33) | VFilterInvocationSecurityMetadataSource getAttributes [requestUrl=/vue/login.js]
2020-03-24 23:19:13.826 | http-nio-8080-exec-6 | INFO  | c.q.p.c.VFilterInvocationSecurityMetadataSource:VFilterInvocationSecurityMetadataSource.java(48) | VFilterInvocationSecurityMetadataSource getAttributes [sPermissionList=[]]
2020-03-24 23:19:13.831 | http-nio-8080-exec-4 | INFO  | c.q.p.c.VFilterInvocationSecurityMetadataSource:VFilterInvocationSecurityMetadataSource.java(48) | VFilterInvocationSecurityMetadataSource getAttributes [sPermissionList=[]]
2020-03-24 23:19:13.831 | http-nio-8080-exec-4 | INFO  | c.q.p.c.VFilterInvocationSecurityMetadataSource:VFilterInvocationSecurityMetadataSource.java(33) | VFilterInvocationSecurityMetadataSource getAttributes [requestUrl=/vue/login.css]
2020-03-24 23:19:13.840 | http-nio-8080-exec-3 | INFO  | c.q.p.c.VFilterInvocationSecurityMetadataSource:VFilterInvocationSecurityMetadataSource.java(42) | VFilterInvocationSecurityMetadataSource getAttributes [sRoleList=[]]
2020-03-24 23:19:13.840 | http-nio-8080-exec-5 | INFO  | c.q.p.c.VFilterInvocationSecurityMetadataSource:VFilterInvocationSecurityMetadataSource.java(48) | VFilterInvocationSecurityMetadataSource getAttributes [sPermissionList=[]]
2020-03-24 23:19:13.842 | http-nio-8080-exec-8 | INFO  | c.q.p.c.VFilterInvocationSecurityMetadataSource:VFilterInvocationSecurityMetadataSource.java(42) | VFilterInvocationSecurityMetadataSource getAttributes [sRoleList=[]]
2020-03-24 23:19:13.848 | http-nio-8080-exec-7 | INFO  | c.q.p.c.VFilterInvocationSecurityMetadataSource:VFilterInvocationSecurityMetadataSource.java(42) | VFilterInvocationSecurityMetadataSource getAttributes [sRoleList=[]]
2020-03-24 23:19:13.853 | http-nio-8080-exec-3 | INFO  | c.q.p.c.VFilterInvocationSecurityMetadataSource:VFilterInvocationSecurityMetadataSource.java(48) | VFilterInvocationSecurityMetadataSource getAttributes [sPermissionList=[]]
2020-03-24 23:19:13.853 | http-nio-8080-exec-8 | INFO  | c.q.p.c.VFilterInvocationSecurityMetadataSource:VFilterInvocationSecurityMetadataSource.java(48) | VFilterInvocationSecurityMetadataSource getAttributes [sPermissionList=[]]
2020-03-24 23:19:13.857 | http-nio-8080-exec-4 | INFO  | c.q.p.c.VFilterInvocationSecurityMetadataSource:VFilterInvocationSecurityMetadataSource.java(42) | VFilterInvocationSecurityMetadataSource getAttributes [sRoleList=[]]
2020-03-24 23:19:13.862 | http-nio-8080-exec-7 | INFO  | c.q.p.c.VFilterInvocationSecurityMetadataSource:VFilterInvocationSecurityMetadataSource.java(48) | VFilterInvocationSecurityMetadataSource getAttributes [sPermissionList=[]]
2020-03-24 23:19:13.868 | http-nio-8080-exec-4 | INFO  | c.q.p.c.VFilterInvocationSecurityMetadataSource:VFilterInvocationSecurityMetadataSource.java(48) | VFilterInvocationSecurityMetadataSource getAttributes [sPermissionList=[]]
2020-03-24 23:19:21.727 | http-nio-8080-exec-7 | INFO  | c.q.p.c.VAuthenticationProvider:VAuthenticationProvider.java(39) | VAuthenticationProvider authenticate login user [username=10021, password=123456]
2020-03-24 23:19:22.012 | http-nio-8080-exec-7 | INFO  | c.q.p.c.VAuthenticationProvider:VAuthenticationProvider.java(41) | VAuthenticationProvider authenticate vUserDetails [vUserDetails={"gson":{"calls":{"threadLocalHashCode":1323096108},"typeTokenCache":{},"constructorConstructor":{"instanceCreators":{},"accessor":{}},"jsonAdapterFactory":{"constructorConstructor":{"instanceCreators":{},"accessor":{}}},"factories":[null,null,{"version":-1.0,"modifiers":136,"serializeInnerClasses":true,"requireExpose":false,"serializationStrategies":[],"deserializationStrategies":[]},null,null,null,null,null,null,null,null,null,null,null,null,null,null,null,null,null,null,null,null,null,null,null,null,null,null,null,null,null,null,null,null,null,{"constructorConstructor":{"instanceCreators":{},"accessor":{}}},{"constructorConstructor":{"instanceCreators":{},"accessor":{}},"complexMapKeySerialization":false},{"constructorConstructor":{"instanceCreators":{},"accessor":{}}},null,{"constructorConstructor":{"instanceCreators":{},"accessor":{}},"fieldNamingPolicy":"IDENTITY","excluder":{"version":-1.0,"modifiers":136,"serializeInnerClasses":true,"requireExpose":false,"serializationStrategies":[],"deserializationStrategies":[]},"jsonAdapterFactory":{"constructorConstructor":{"instanceCreators":{},"accessor":{}}},"accessor":{}}],"excluder":{"version":-1.0,"modifiers":136,"serializeInnerClasses":true,"requireExpose":false,"serializationStrategies":[],"deserializationStrategies":[]},"fieldNamingStrategy":"IDENTITY","instanceCreators":{},"serializeNulls":false,"complexMapKeySerialization":false,"generateNonExecutableJson":false,"htmlSafe":true,"prettyPrinting":false,"lenient":false,"serializeSpecialFloatingPointValues":false,"dateStyle":2,"timeStyle":2,"longSerializationPolicy":"DEFAULT","builderFactories":[],"builderHierarchyFactories":[]},"logger":{"name":"cn.qianshu.pingfen.entity.VUserDetails"},"sRoleList":[{"id":1,"role":"R_ADMIN","describe":"大总管，所有权限"}],"sPermissionList":[{"id":1,"permission":"P_INDEX","url":"/index","describe":"index页面资源"},{"id":2,"permission":"P_ADMIN","url":"/admin","describe":"admin页面资源"},{"id":3,"permission":"P_HELLO","url":"/hello","describe":"hello页面资源"}],"id":1,"name":"admin","password":"$2a$10$D6WR4dcThfRCYGM7AXNHqup.V7URH6QISi4YFxYr1iAJeZf07ryQ2","account":"10021"}]
2020-03-24 23:19:22.153 | http-nio-8080-exec-7 | INFO  | c.q.p.c.VAuthenticationProvider:VAuthenticationProvider.java(45) | 密码匹配结果：true
2020-03-24 23:19:22.278 | http-nio-8080-exec-7 | INFO  | c.q.p.e.VUserDetails:VUserDetails.java(59) | VUserDetails getAuthorities [authoritiesStr=R_ADMIN,P_INDEX,P_ADMIN,P_HELLO 
2020-03-24 23:19:22.288 | http-nio-8080-exec-3 | INFO  | c.q.p.c.VFilterInvocationSecurityMetadataSource:VFilterInvocationSecurityMetadataSource.java(33) | VFilterInvocationSecurityMetadataSource getAttributes [requestUrl=/]
2020-03-24 23:19:22.296 | http-nio-8080-exec-3 | INFO  | c.q.p.c.VFilterInvocationSecurityMetadataSource:VFilterInvocationSecurityMetadataSource.java(42) | VFilterInvocationSecurityMetadataSource getAttributes [sRoleList=[{"id":3,"role":"R_USER","describe":"普通用户，评分"}]]
2020-03-24 23:19:22.300 | http-nio-8080-exec-3 | INFO  | c.q.p.c.VFilterInvocationSecurityMetadataSource:VFilterInvocationSecurityMetadataSource.java(48) | VFilterInvocationSecurityMetadataSource getAttributes [sPermissionList=[{"id":4,"permission":"P_INDEX","url":"/","describe":"/index"}]]
2020-03-24 23:19:22.301 | http-nio-8080-exec-3 | INFO  | c.q.p.c.VFilterInvocationSecurityMetadataSource:VFilterInvocationSecurityMetadataSource.java(58) | VFilterInvocationSecurityMetadataSource getAttributes [permissionArray=["R_USER","P_INDEX"]]
2020-03-24 23:19:22.301 | http-nio-8080-exec-3 | INFO  | c.q.p.c.VFilterInvocationSecurityMetadataSource:VFilterInvocationSecurityMetadataSource.java(33) | VFilterInvocationSecurityMetadataSource getAttributes [requestUrl=/]
2020-03-24 23:19:22.387 | http-nio-8080-exec-3 | INFO  | c.q.p.c.VFilterInvocationSecurityMetadataSource:VFilterInvocationSecurityMetadataSource.java(42) | VFilterInvocationSecurityMetadataSource getAttributes [sRoleList=[{"id":3,"role":"R_USER","describe":"普通用户，评分"}]]
2020-03-24 23:19:22.395 | http-nio-8080-exec-3 | INFO  | c.q.p.c.VFilterInvocationSecurityMetadataSource:VFilterInvocationSecurityMetadataSource.java(48) | VFilterInvocationSecurityMetadataSource getAttributes [sPermissionList=[{"id":4,"permission":"P_INDEX","url":"/","describe":"/index"}]]
2020-03-24 23:19:22.396 | http-nio-8080-exec-3 | INFO  | c.q.p.c.VFilterInvocationSecurityMetadataSource:VFilterInvocationSecurityMetadataSource.java(58) | VFilterInvocationSecurityMetadataSource getAttributes [permissionArray=["R_USER","P_INDEX"]]
2020-03-24 23:19:22.454 | http-nio-8080-exec-5 | INFO  | c.q.p.c.VFilterInvocationSecurityMetadataSource:VFilterInvocationSecurityMetadataSource.java(33) | VFilterInvocationSecurityMetadataSource getAttributes [requestUrl=/index]
2020-03-24 23:19:22.460 | http-nio-8080-exec-5 | INFO  | c.q.p.c.VFilterInvocationSecurityMetadataSource:VFilterInvocationSecurityMetadataSource.java(42) | VFilterInvocationSecurityMetadataSource getAttributes [sRoleList=[{"id":1,"role":"R_ADMIN","describe":"大总管，所有权限"},{"id":2,"role":"R_HELLO","describe":"说hello相关的权限"}]]
2020-03-24 23:19:22.463 | http-nio-8080-exec-5 | INFO  | c.q.p.c.VFilterInvocationSecurityMetadataSource:VFilterInvocationSecurityMetadataSource.java(48) | VFilterInvocationSecurityMetadataSource getAttributes [sPermissionList=[{"id":1,"permission":"P_INDEX","url":"/index","describe":"index页面资源"}]]
2020-03-24 23:19:22.464 | http-nio-8080-exec-5 | INFO  | c.q.p.c.VFilterInvocationSecurityMetadataSource:VFilterInvocationSecurityMetadataSource.java(58) | VFilterInvocationSecurityMetadataSource getAttributes [permissionArray=["R_ADMIN","R_HELLO","P_INDEX"]]
2020-03-24 23:19:22.464 | http-nio-8080-exec-5 | INFO  | c.q.p.c.VFilterInvocationSecurityMetadataSource:VFilterInvocationSecurityMetadataSource.java(33) | VFilterInvocationSecurityMetadataSource getAttributes [requestUrl=/index]
2020-03-24 23:19:22.468 | http-nio-8080-exec-5 | INFO  | c.q.p.c.VFilterInvocationSecurityMetadataSource:VFilterInvocationSecurityMetadataSource.java(42) | VFilterInvocationSecurityMetadataSource getAttributes [sRoleList=[{"id":1,"role":"R_ADMIN","describe":"大总管，所有权限"},{"id":2,"role":"R_HELLO","describe":"说hello相关的权限"}]]
2020-03-24 23:19:22.471 | http-nio-8080-exec-5 | INFO  | c.q.p.c.VFilterInvocationSecurityMetadataSource:VFilterInvocationSecurityMetadataSource.java(48) | VFilterInvocationSecurityMetadataSource getAttributes [sPermissionList=[{"id":1,"permission":"P_INDEX","url":"/index","describe":"index页面资源"}]]
2020-03-24 23:19:22.471 | http-nio-8080-exec-5 | INFO  | c.q.p.c.VFilterInvocationSecurityMetadataSource:VFilterInvocationSecurityMetadataSource.java(58) | VFilterInvocationSecurityMetadataSource getAttributes [permissionArray=["R_ADMIN","R_HELLO","P_INDEX"]]
2020-03-24 23:19:22.533 | http-nio-8080-exec-5 | INFO  | c.q.p.c.IndexController:IndexController.java(35) | index page
2020-03-24 23:19:23.094 | http-nio-8080-exec-6 | INFO  | c.q.p.c.VFilterInvocationSecurityMetadataSource:VFilterInvocationSecurityMetadataSource.java(33) | VFilterInvocationSecurityMetadataSource getAttributes [requestUrl=/]
2020-03-24 23:19:23.110 | http-nio-8080-exec-6 | INFO  | c.q.p.c.VFilterInvocationSecurityMetadataSource:VFilterInvocationSecurityMetadataSource.java(42) | VFilterInvocationSecurityMetadataSource getAttributes [sRoleList=[{"id":3,"role":"R_USER","describe":"普通用户，评分"}]]
2020-03-24 23:19:23.110 | http-nio-8080-exec-6 | INFO  | c.q.p.c.VFilterInvocationSecurityMetadataSource:VFilterInvocationSecurityMetadataSource.java(48) | VFilterInvocationSecurityMetadataSource getAttributes [sPermissionList=[{"id":4,"permission":"P_INDEX","url":"/","describe":"/index"}]]
2020-03-24 23:19:23.126 | http-nio-8080-exec-6 | INFO  | c.q.p.c.VFilterInvocationSecurityMetadataSource:VFilterInvocationSecurityMetadataSource.java(58) | VFilterInvocationSecurityMetadataSource getAttributes [permissionArray=["R_USER","P_INDEX"]]
2020-03-24 23:19:23.126 | http-nio-8080-exec-6 | INFO  | c.q.p.c.VFilterInvocationSecurityMetadataSource:VFilterInvocationSecurityMetadataSource.java(33) | VFilterInvocationSecurityMetadataSource getAttributes [requestUrl=/]
2020-03-24 23:19:23.131 | http-nio-8080-exec-6 | INFO  | c.q.p.c.VFilterInvocationSecurityMetadataSource:VFilterInvocationSecurityMetadataSource.java(42) | VFilterInvocationSecurityMetadataSource getAttributes [sRoleList=[{"id":3,"role":"R_USER","describe":"普通用户，评分"}]]
2020-03-24 23:19:23.134 | http-nio-8080-exec-6 | INFO  | c.q.p.c.VFilterInvocationSecurityMetadataSource:VFilterInvocationSecurityMetadataSource.java(48) | VFilterInvocationSecurityMetadataSource getAttributes [sPermissionList=[{"id":4,"permission":"P_INDEX","url":"/","describe":"/index"}]]
2020-03-24 23:19:23.134 | http-nio-8080-exec-6 | INFO  | c.q.p.c.VFilterInvocationSecurityMetadataSource:VFilterInvocationSecurityMetadataSource.java(58) | VFilterInvocationSecurityMetadataSource getAttributes [permissionArray=["R_USER","P_INDEX"]]
2020-03-24 23:19:23.139 | http-nio-8080-exec-10 | INFO  | c.q.p.c.VFilterInvocationSecurityMetadataSource:VFilterInvocationSecurityMetadataSource.java(33) | VFilterInvocationSecurityMetadataSource getAttributes [requestUrl=/index]
2020-03-24 23:19:23.144 | http-nio-8080-exec-10 | INFO  | c.q.p.c.VFilterInvocationSecurityMetadataSource:VFilterInvocationSecurityMetadataSource.java(42) | VFilterInvocationSecurityMetadataSource getAttributes [sRoleList=[{"id":1,"role":"R_ADMIN","describe":"大总管，所有权限"},{"id":2,"role":"R_HELLO","describe":"说hello相关的权限"}]]
2020-03-24 23:19:23.148 | http-nio-8080-exec-10 | INFO  | c.q.p.c.VFilterInvocationSecurityMetadataSource:VFilterInvocationSecurityMetadataSource.java(48) | VFilterInvocationSecurityMetadataSource getAttributes [sPermissionList=[{"id":1,"permission":"P_INDEX","url":"/index","describe":"index页面资源"}]]
2020-03-24 23:19:23.148 | http-nio-8080-exec-10 | INFO  | c.q.p.c.VFilterInvocationSecurityMetadataSource:VFilterInvocationSecurityMetadataSource.java(58) | VFilterInvocationSecurityMetadataSource getAttributes [permissionArray=["R_ADMIN","R_HELLO","P_INDEX"]]
2020-03-24 23:19:23.148 | http-nio-8080-exec-10 | INFO  | c.q.p.c.VFilterInvocationSecurityMetadataSource:VFilterInvocationSecurityMetadataSource.java(33) | VFilterInvocationSecurityMetadataSource getAttributes [requestUrl=/index]
2020-03-24 23:19:23.153 | http-nio-8080-exec-10 | INFO  | c.q.p.c.VFilterInvocationSecurityMetadataSource:VFilterInvocationSecurityMetadataSource.java(42) | VFilterInvocationSecurityMetadataSource getAttributes [sRoleList=[{"id":1,"role":"R_ADMIN","describe":"大总管，所有权限"},{"id":2,"role":"R_HELLO","describe":"说hello相关的权限"}]]
2020-03-24 23:19:23.156 | http-nio-8080-exec-10 | INFO  | c.q.p.c.VFilterInvocationSecurityMetadataSource:VFilterInvocationSecurityMetadataSource.java(48) | VFilterInvocationSecurityMetadataSource getAttributes [sPermissionList=[{"id":1,"permission":"P_INDEX","url":"/index","describe":"index页面资源"}]]
2020-03-24 23:19:23.157 | http-nio-8080-exec-10 | INFO  | c.q.p.c.VFilterInvocationSecurityMetadataSource:VFilterInvocationSecurityMetadataSource.java(58) | VFilterInvocationSecurityMetadataSource getAttributes [permissionArray=["R_ADMIN","R_HELLO","P_INDEX"]]
2020-03-24 23:19:23.157 | http-nio-8080-exec-10 | INFO  | c.q.p.c.IndexController:IndexController.java(35) | index page
2020-03-24 23:19:23.194 | http-nio-8080-exec-8 | INFO  | c.q.p.c.VFilterInvocationSecurityMetadataSource:VFilterInvocationSecurityMetadataSource.java(33) | VFilterInvocationSecurityMetadataSource getAttributes [requestUrl=/vue/index.css]
2020-03-24 23:19:23.204 | http-nio-8080-exec-8 | INFO  | c.q.p.c.VFilterInvocationSecurityMetadataSource:VFilterInvocationSecurityMetadataSource.java(42) | VFilterInvocationSecurityMetadataSource getAttributes [sRoleList=[]]
2020-03-24 23:19:23.210 | http-nio-8080-exec-8 | INFO  | c.q.p.c.VFilterInvocationSecurityMetadataSource:VFilterInvocationSecurityMetadataSource.java(48) | VFilterInvocationSecurityMetadataSource getAttributes [sPermissionList=[]]
2020-03-24 23:19:23.211 | http-nio-8080-exec-8 | INFO  | c.q.p.c.VFilterInvocationSecurityMetadataSource:VFilterInvocationSecurityMetadataSource.java(33) | VFilterInvocationSecurityMetadataSource getAttributes [requestUrl=/vue/index.css]
2020-03-24 23:19:23.215 | http-nio-8080-exec-4 | INFO  | c.q.p.c.VFilterInvocationSecurityMetadataSource:VFilterInvocationSecurityMetadataSource.java(33) | VFilterInvocationSecurityMetadataSource getAttributes [requestUrl=/vue/custom.css]
2020-03-24 23:19:23.218 | http-nio-8080-exec-8 | INFO  | c.q.p.c.VFilterInvocationSecurityMetadataSource:VFilterInvocationSecurityMetadataSource.java(42) | VFilterInvocationSecurityMetadataSource getAttributes [sRoleList=[]]
2020-03-24 23:19:23.227 | http-nio-8080-exec-8 | INFO  | c.q.p.c.VFilterInvocationSecurityMetadataSource:VFilterInvocationSecurityMetadataSource.java(48) | VFilterInvocationSecurityMetadataSource getAttributes [sPermissionList=[]]
2020-03-24 23:19:23.242 | http-nio-8080-exec-4 | INFO  | c.q.p.c.VFilterInvocationSecurityMetadataSource:VFilterInvocationSecurityMetadataSource.java(42) | VFilterInvocationSecurityMetadataSource getAttributes [sRoleList=[]]
2020-03-24 23:19:23.248 | http-nio-8080-exec-4 | INFO  | c.q.p.c.VFilterInvocationSecurityMetadataSource:VFilterInvocationSecurityMetadataSource.java(48) | VFilterInvocationSecurityMetadataSource getAttributes [sPermissionList=[]]
2020-03-24 23:19:23.248 | http-nio-8080-exec-4 | INFO  | c.q.p.c.VFilterInvocationSecurityMetadataSource:VFilterInvocationSecurityMetadataSource.java(33) | VFilterInvocationSecurityMetadataSource getAttributes [requestUrl=/vue/custom.css]
2020-03-24 23:19:23.253 | http-nio-8080-exec-4 | INFO  | c.q.p.c.VFilterInvocationSecurityMetadataSource:VFilterInvocationSecurityMetadataSource.java(42) | VFilterInvocationSecurityMetadataSource getAttributes [sRoleList=[]]
2020-03-24 23:19:23.254 | http-nio-8080-exec-9 | INFO  | c.q.p.c.VFilterInvocationSecurityMetadataSource:VFilterInvocationSecurityMetadataSource.java(33) | VFilterInvocationSecurityMetadataSource getAttributes [requestUrl=/vue/vue.js]
2020-03-24 23:19:23.256 | http-nio-8080-exec-2 | INFO  | c.q.p.c.VFilterInvocationSecurityMetadataSource:VFilterInvocationSecurityMetadataSource.java(33) | VFilterInvocationSecurityMetadataSource getAttributes [requestUrl=/vue/index.js]
2020-03-24 23:19:23.260 | http-nio-8080-exec-4 | INFO  | c.q.p.c.VFilterInvocationSecurityMetadataSource:VFilterInvocationSecurityMetadataSource.java(48) | VFilterInvocationSecurityMetadataSource getAttributes [sPermissionList=[]]
2020-03-24 23:19:23.260 | http-nio-8080-exec-9 | INFO  | c.q.p.c.VFilterInvocationSecurityMetadataSource:VFilterInvocationSecurityMetadataSource.java(42) | VFilterInvocationSecurityMetadataSource getAttributes [sRoleList=[]]
2020-03-24 23:19:23.263 | http-nio-8080-exec-2 | INFO  | c.q.p.c.VFilterInvocationSecurityMetadataSource:VFilterInvocationSecurityMetadataSource.java(42) | VFilterInvocationSecurityMetadataSource getAttributes [sRoleList=[]]
2020-03-24 23:19:23.267 | http-nio-8080-exec-2 | INFO  | c.q.p.c.VFilterInvocationSecurityMetadataSource:VFilterInvocationSecurityMetadataSource.java(48) | VFilterInvocationSecurityMetadataSource getAttributes [sPermissionList=[]]
2020-03-24 23:19:23.267 | http-nio-8080-exec-2 | INFO  | c.q.p.c.VFilterInvocationSecurityMetadataSource:VFilterInvocationSecurityMetadataSource.java(33) | VFilterInvocationSecurityMetadataSource getAttributes [requestUrl=/vue/index.js]
2020-03-24 23:19:23.269 | http-nio-8080-exec-4 | INFO  | c.q.p.c.VFilterInvocationSecurityMetadataSource:VFilterInvocationSecurityMetadataSource.java(33) | VFilterInvocationSecurityMetadataSource getAttributes [requestUrl=/vue/vue-router.js]
2020-03-24 23:19:23.272 | http-nio-8080-exec-7 | INFO  | c.q.p.c.VFilterInvocationSecurityMetadataSource:VFilterInvocationSecurityMetadataSource.java(33) | VFilterInvocationSecurityMetadataSource getAttributes [requestUrl=/vue/axios.min.js]
2020-03-24 23:19:23.276 | http-nio-8080-exec-9 | INFO  | c.q.p.c.VFilterInvocationSecurityMetadataSource:VFilterInvocationSecurityMetadataSource.java(48) | VFilterInvocationSecurityMetadataSource getAttributes [sPermissionList=[]]
2020-03-24 23:19:23.276 | http-nio-8080-exec-9 | INFO  | c.q.p.c.VFilterInvocationSecurityMetadataSource:VFilterInvocationSecurityMetadataSource.java(33) | VFilterInvocationSecurityMetadataSource getAttributes [requestUrl=/vue/vue.js]
2020-03-24 23:19:23.277 | http-nio-8080-exec-2 | INFO  | c.q.p.c.VFilterInvocationSecurityMetadataSource:VFilterInvocationSecurityMetadataSource.java(42) | VFilterInvocationSecurityMetadataSource getAttributes [sRoleList=[]]
2020-03-24 23:19:23.280 | http-nio-8080-exec-7 | INFO  | c.q.p.c.VFilterInvocationSecurityMetadataSource:VFilterInvocationSecurityMetadataSource.java(42) | VFilterInvocationSecurityMetadataSource getAttributes [sRoleList=[]]
2020-03-24 23:19:23.281 | http-nio-8080-exec-2 | INFO  | c.q.p.c.VFilterInvocationSecurityMetadataSource:VFilterInvocationSecurityMetadataSource.java(48) | VFilterInvocationSecurityMetadataSource getAttributes [sPermissionList=[]]
2020-03-24 23:19:23.285 | http-nio-8080-exec-9 | INFO  | c.q.p.c.VFilterInvocationSecurityMetadataSource:VFilterInvocationSecurityMetadataSource.java(42) | VFilterInvocationSecurityMetadataSource getAttributes [sRoleList=[]]
2020-03-24 23:19:23.288 | http-nio-8080-exec-7 | INFO  | c.q.p.c.VFilterInvocationSecurityMetadataSource:VFilterInvocationSecurityMetadataSource.java(48) | VFilterInvocationSecurityMetadataSource getAttributes [sPermissionList=[]]
2020-03-24 23:19:23.288 | http-nio-8080-exec-9 | INFO  | c.q.p.c.VFilterInvocationSecurityMetadataSource:VFilterInvocationSecurityMetadataSource.java(48) | VFilterInvocationSecurityMetadataSource getAttributes [sPermissionList=[]]
2020-03-24 23:19:23.288 | http-nio-8080-exec-7 | INFO  | c.q.p.c.VFilterInvocationSecurityMetadataSource:VFilterInvocationSecurityMetadataSource.java(33) | VFilterInvocationSecurityMetadataSource getAttributes [requestUrl=/vue/axios.min.js]
2020-03-24 23:19:23.296 | http-nio-8080-exec-7 | INFO  | c.q.p.c.VFilterInvocationSecurityMetadataSource:VFilterInvocationSecurityMetadataSource.java(42) | VFilterInvocationSecurityMetadataSource getAttributes [sRoleList=[]]
2020-03-24 23:19:23.297 | http-nio-8080-exec-4 | INFO  | c.q.p.c.VFilterInvocationSecurityMetadataSource:VFilterInvocationSecurityMetadataSource.java(42) | VFilterInvocationSecurityMetadataSource getAttributes [sRoleList=[]]
2020-03-24 23:19:23.301 | http-nio-8080-exec-7 | INFO  | c.q.p.c.VFilterInvocationSecurityMetadataSource:VFilterInvocationSecurityMetadataSource.java(48) | VFilterInvocationSecurityMetadataSource getAttributes [sPermissionList=[]]
2020-03-24 23:19:23.301 | http-nio-8080-exec-4 | INFO  | c.q.p.c.VFilterInvocationSecurityMetadataSource:VFilterInvocationSecurityMetadataSource.java(48) | VFilterInvocationSecurityMetadataSource getAttributes [sPermissionList=[]]
2020-03-24 23:19:23.301 | http-nio-8080-exec-4 | INFO  | c.q.p.c.VFilterInvocationSecurityMetadataSource:VFilterInvocationSecurityMetadataSource.java(33) | VFilterInvocationSecurityMetadataSource getAttributes [requestUrl=/vue/vue-router.js]
2020-03-24 23:19:23.308 | http-nio-8080-exec-4 | INFO  | c.q.p.c.VFilterInvocationSecurityMetadataSource:VFilterInvocationSecurityMetadataSource.java(42) | VFilterInvocationSecurityMetadataSource getAttributes [sRoleList=[]]
2020-03-24 23:19:23.316 | http-nio-8080-exec-4 | INFO  | c.q.p.c.VFilterInvocationSecurityMetadataSource:VFilterInvocationSecurityMetadataSource.java(48) | VFilterInvocationSecurityMetadataSource getAttributes [sPermissionList=[]]
2020-03-24 23:19:23.319 | http-nio-8080-exec-3 | INFO  | c.q.p.c.VFilterInvocationSecurityMetadataSource:VFilterInvocationSecurityMetadataSource.java(33) | VFilterInvocationSecurityMetadataSource getAttributes [requestUrl=/vue/router1.js]
2020-03-24 23:19:23.324 | http-nio-8080-exec-3 | INFO  | c.q.p.c.VFilterInvocationSecurityMetadataSource:VFilterInvocationSecurityMetadataSource.java(42) | VFilterInvocationSecurityMetadataSource getAttributes [sRoleList=[]]
2020-03-24 23:19:23.331 | http-nio-8080-exec-3 | INFO  | c.q.p.c.VFilterInvocationSecurityMetadataSource:VFilterInvocationSecurityMetadataSource.java(48) | VFilterInvocationSecurityMetadataSource getAttributes [sPermissionList=[]]
2020-03-24 23:19:23.332 | http-nio-8080-exec-3 | INFO  | c.q.p.c.VFilterInvocationSecurityMetadataSource:VFilterInvocationSecurityMetadataSource.java(33) | VFilterInvocationSecurityMetadataSource getAttributes [requestUrl=/vue/router1.js]
2020-03-24 23:19:23.340 | http-nio-8080-exec-3 | INFO  | c.q.p.c.VFilterInvocationSecurityMetadataSource:VFilterInvocationSecurityMetadataSource.java(42) | VFilterInvocationSecurityMetadataSource getAttributes [sRoleList=[]]
2020-03-24 23:19:23.351 | http-nio-8080-exec-3 | INFO  | c.q.p.c.VFilterInvocationSecurityMetadataSource:VFilterInvocationSecurityMetadataSource.java(48) | VFilterInvocationSecurityMetadataSource getAttributes [sPermissionList=[]]
2020-03-24 23:19:23.538 | http-nio-8080-exec-5 | INFO  | c.q.p.c.VFilterInvocationSecurityMetadataSource:VFilterInvocationSecurityMetadataSource.java(33) | VFilterInvocationSecurityMetadataSource getAttributes [requestUrl=/activity/get_by_useruanme]
2020-03-24 23:19:23.543 | http-nio-8080-exec-5 | INFO  | c.q.p.c.VFilterInvocationSecurityMetadataSource:VFilterInvocationSecurityMetadataSource.java(42) | VFilterInvocationSecurityMetadataSource getAttributes [sRoleList=[]]
2020-03-24 23:19:23.546 | http-nio-8080-exec-5 | INFO  | c.q.p.c.VFilterInvocationSecurityMetadataSource:VFilterInvocationSecurityMetadataSource.java(48) | VFilterInvocationSecurityMetadataSource getAttributes [sPermissionList=[]]
2020-03-24 23:19:23.547 | http-nio-8080-exec-5 | INFO  | c.q.p.c.VFilterInvocationSecurityMetadataSource:VFilterInvocationSecurityMetadataSource.java(33) | VFilterInvocationSecurityMetadataSource getAttributes [requestUrl=/activity/get_by_useruanme]
2020-03-24 23:19:23.551 | http-nio-8080-exec-5 | INFO  | c.q.p.c.VFilterInvocationSecurityMetadataSource:VFilterInvocationSecurityMetadataSource.java(42) | VFilterInvocationSecurityMetadataSource getAttributes [sRoleList=[]]
2020-03-24 23:19:23.554 | http-nio-8080-exec-5 | INFO  | c.q.p.c.VFilterInvocationSecurityMetadataSource:VFilterInvocationSecurityMetadataSource.java(48) | VFilterInvocationSecurityMetadataSource getAttributes [sPermissionList=[]]
2020-03-24 23:19:23.557 | http-nio-8080-exec-5 | INFO  | c.q.p.c.ActivityController:ActivityController.java(166) | activity controller getactivity get_by_useruanme:admin
2020-03-24 23:19:23.564 | http-nio-8080-exec-6 | INFO  | c.q.p.c.VFilterInvocationSecurityMetadataSource:VFilterInvocationSecurityMetadataSource.java(33) | VFilterInvocationSecurityMetadataSource getAttributes [requestUrl=/vue/fonts/element-icons.woff]
2020-03-24 23:19:23.571 | http-nio-8080-exec-6 | INFO  | c.q.p.c.VFilterInvocationSecurityMetadataSource:VFilterInvocationSecurityMetadataSource.java(42) | VFilterInvocationSecurityMetadataSource getAttributes [sRoleList=[]]
2020-03-24 23:19:23.573 | http-nio-8080-exec-6 | INFO  | c.q.p.c.VFilterInvocationSecurityMetadataSource:VFilterInvocationSecurityMetadataSource.java(48) | VFilterInvocationSecurityMetadataSource getAttributes [sPermissionList=[]]
2020-03-24 23:19:23.573 | http-nio-8080-exec-6 | INFO  | c.q.p.c.VFilterInvocationSecurityMetadataSource:VFilterInvocationSecurityMetadataSource.java(33) | VFilterInvocationSecurityMetadataSource getAttributes [requestUrl=/vue/fonts/element-icons.woff]
2020-03-24 23:19:23.576 | http-nio-8080-exec-6 | INFO  | c.q.p.c.VFilterInvocationSecurityMetadataSource:VFilterInvocationSecurityMetadataSource.java(42) | VFilterInvocationSecurityMetadataSource getAttributes [sRoleList=[]]
2020-03-24 23:19:23.580 | http-nio-8080-exec-6 | INFO  | c.q.p.c.VFilterInvocationSecurityMetadataSource:VFilterInvocationSecurityMetadataSource.java(48) | VFilterInvocationSecurityMetadataSource getAttributes [sPermissionList=[]]
2020-03-24 23:19:24.963 | http-nio-8080-exec-4 | INFO  | c.q.p.c.VFilterInvocationSecurityMetadataSource:VFilterInvocationSecurityMetadataSource.java(33) | VFilterInvocationSecurityMetadataSource getAttributes [requestUrl=/comment/paiming]
2020-03-24 23:19:24.968 | http-nio-8080-exec-4 | INFO  | c.q.p.c.VFilterInvocationSecurityMetadataSource:VFilterInvocationSecurityMetadataSource.java(42) | VFilterInvocationSecurityMetadataSource getAttributes [sRoleList=[]]
2020-03-24 23:19:24.971 | http-nio-8080-exec-4 | INFO  | c.q.p.c.VFilterInvocationSecurityMetadataSource:VFilterInvocationSecurityMetadataSource.java(48) | VFilterInvocationSecurityMetadataSource getAttributes [sPermissionList=[]]
2020-03-24 23:19:24.971 | http-nio-8080-exec-4 | INFO  | c.q.p.c.VFilterInvocationSecurityMetadataSource:VFilterInvocationSecurityMetadataSource.java(33) | VFilterInvocationSecurityMetadataSource getAttributes [requestUrl=/comment/paiming]
2020-03-24 23:19:24.975 | http-nio-8080-exec-4 | INFO  | c.q.p.c.VFilterInvocationSecurityMetadataSource:VFilterInvocationSecurityMetadataSource.java(42) | VFilterInvocationSecurityMetadataSource getAttributes [sRoleList=[]]
2020-03-24 23:19:24.977 | http-nio-8080-exec-4 | INFO  | c.q.p.c.VFilterInvocationSecurityMetadataSource:VFilterInvocationSecurityMetadataSource.java(48) | VFilterInvocationSecurityMetadataSource getAttributes [sPermissionList=[]]
2020-03-24 23:19:24.979 | http-nio-8080-exec-4 | INFO  | c.q.p.c.CommentController:CommentController.java(135) | 进入排名列表页面！！！
2020-03-24 23:19:25.004 | http-nio-8080-exec-3 | INFO  | c.q.p.c.VFilterInvocationSecurityMetadataSource:VFilterInvocationSecurityMetadataSource.java(33) | VFilterInvocationSecurityMetadataSource getAttributes [requestUrl=/vue/index.css]
2020-03-24 23:19:25.006 | http-nio-8080-exec-6 | INFO  | c.q.p.c.VFilterInvocationSecurityMetadataSource:VFilterInvocationSecurityMetadataSource.java(33) | VFilterInvocationSecurityMetadataSource getAttributes [requestUrl=/vue/custom.css]
2020-03-24 23:19:25.013 | http-nio-8080-exec-6 | INFO  | c.q.p.c.VFilterInvocationSecurityMetadataSource:VFilterInvocationSecurityMetadataSource.java(42) | VFilterInvocationSecurityMetadataSource getAttributes [sRoleList=[]]
2020-03-24 23:19:25.013 | http-nio-8080-exec-3 | INFO  | c.q.p.c.VFilterInvocationSecurityMetadataSource:VFilterInvocationSecurityMetadataSource.java(42) | VFilterInvocationSecurityMetadataSource getAttributes [sRoleList=[]]
2020-03-24 23:19:25.015 | http-nio-8080-exec-6 | INFO  | c.q.p.c.VFilterInvocationSecurityMetadataSource:VFilterInvocationSecurityMetadataSource.java(48) | VFilterInvocationSecurityMetadataSource getAttributes [sPermissionList=[]]
2020-03-24 23:19:25.016 | http-nio-8080-exec-6 | INFO  | c.q.p.c.VFilterInvocationSecurityMetadataSource:VFilterInvocationSecurityMetadataSource.java(33) | VFilterInvocationSecurityMetadataSource getAttributes [requestUrl=/vue/custom.css]
2020-03-24 23:19:25.015 | http-nio-8080-exec-3 | INFO  | c.q.p.c.VFilterInvocationSecurityMetadataSource:VFilterInvocationSecurityMetadataSource.java(48) | VFilterInvocationSecurityMetadataSource getAttributes [sPermissionList=[]]
2020-03-24 23:19:25.016 | http-nio-8080-exec-3 | INFO  | c.q.p.c.VFilterInvocationSecurityMetadataSource:VFilterInvocationSecurityMetadataSource.java(33) | VFilterInvocationSecurityMetadataSource getAttributes [requestUrl=/vue/index.css]
2020-03-24 23:19:25.019 | http-nio-8080-exec-6 | INFO  | c.q.p.c.VFilterInvocationSecurityMetadataSource:VFilterInvocationSecurityMetadataSource.java(42) | VFilterInvocationSecurityMetadataSource getAttributes [sRoleList=[]]
2020-03-24 23:19:25.022 | http-nio-8080-exec-6 | INFO  | c.q.p.c.VFilterInvocationSecurityMetadataSource:VFilterInvocationSecurityMetadataSource.java(48) | VFilterInvocationSecurityMetadataSource getAttributes [sPermissionList=[]]
2020-03-24 23:19:25.022 | http-nio-8080-exec-3 | INFO  | c.q.p.c.VFilterInvocationSecurityMetadataSource:VFilterInvocationSecurityMetadataSource.java(42) | VFilterInvocationSecurityMetadataSource getAttributes [sRoleList=[]]
2020-03-24 23:19:25.024 | http-nio-8080-exec-3 | INFO  | c.q.p.c.VFilterInvocationSecurityMetadataSource:VFilterInvocationSecurityMetadataSource.java(48) | VFilterInvocationSecurityMetadataSource getAttributes [sPermissionList=[]]
2020-03-24 23:19:25.026 | http-nio-8080-exec-5 | INFO  | c.q.p.c.VFilterInvocationSecurityMetadataSource:VFilterInvocationSecurityMetadataSource.java(33) | VFilterInvocationSecurityMetadataSource getAttributes [requestUrl=/vue/vue.js]
2020-03-24 23:19:25.030 | http-nio-8080-exec-6 | INFO  | c.q.p.c.VFilterInvocationSecurityMetadataSource:VFilterInvocationSecurityMetadataSource.java(33) | VFilterInvocationSecurityMetadataSource getAttributes [requestUrl=/vue/index.js]
2020-03-24 23:19:25.035 | http-nio-8080-exec-9 | INFO  | c.q.p.c.VFilterInvocationSecurityMetadataSource:VFilterInvocationSecurityMetadataSource.java(33) | VFilterInvocationSecurityMetadataSource getAttributes [requestUrl=/vue/axios.min.js]
2020-03-24 23:19:25.036 | http-nio-8080-exec-6 | INFO  | c.q.p.c.VFilterInvocationSecurityMetadataSource:VFilterInvocationSecurityMetadataSource.java(42) | VFilterInvocationSecurityMetadataSource getAttributes [sRoleList=[]]
2020-03-24 23:19:25.037 | http-nio-8080-exec-7 | INFO  | c.q.p.c.VFilterInvocationSecurityMetadataSource:VFilterInvocationSecurityMetadataSource.java(33) | VFilterInvocationSecurityMetadataSource getAttributes [requestUrl=/vue/vue-router.js]
2020-03-24 23:19:25.039 | http-nio-8080-exec-6 | INFO  | c.q.p.c.VFilterInvocationSecurityMetadataSource:VFilterInvocationSecurityMetadataSource.java(48) | VFilterInvocationSecurityMetadataSource getAttributes [sPermissionList=[]]
2020-03-24 23:19:25.039 | http-nio-8080-exec-6 | INFO  | c.q.p.c.VFilterInvocationSecurityMetadataSource:VFilterInvocationSecurityMetadataSource.java(33) | VFilterInvocationSecurityMetadataSource getAttributes [requestUrl=/vue/index.js]
2020-03-24 23:19:25.048 | http-nio-8080-exec-7 | INFO  | c.q.p.c.VFilterInvocationSecurityMetadataSource:VFilterInvocationSecurityMetadataSource.java(42) | VFilterInvocationSecurityMetadataSource getAttributes [sRoleList=[]]
2020-03-24 23:19:25.049 | http-nio-8080-exec-6 | INFO  | c.q.p.c.VFilterInvocationSecurityMetadataSource:VFilterInvocationSecurityMetadataSource.java(42) | VFilterInvocationSecurityMetadataSource getAttributes [sRoleList=[]]
2020-03-24 23:19:25.054 | http-nio-8080-exec-6 | INFO  | c.q.p.c.VFilterInvocationSecurityMetadataSource:VFilterInvocationSecurityMetadataSource.java(48) | VFilterInvocationSecurityMetadataSource getAttributes [sPermissionList=[]]
2020-03-24 23:19:25.055 | http-nio-8080-exec-9 | INFO  | c.q.p.c.VFilterInvocationSecurityMetadataSource:VFilterInvocationSecurityMetadataSource.java(42) | VFilterInvocationSecurityMetadataSource getAttributes [sRoleList=[]]
2020-03-24 23:19:25.058 | http-nio-8080-exec-5 | INFO  | c.q.p.c.VFilterInvocationSecurityMetadataSource:VFilterInvocationSecurityMetadataSource.java(42) | VFilterInvocationSecurityMetadataSource getAttributes [sRoleList=[]]
2020-03-24 23:19:25.061 | http-nio-8080-exec-7 | INFO  | c.q.p.c.VFilterInvocationSecurityMetadataSource:VFilterInvocationSecurityMetadataSource.java(48) | VFilterInvocationSecurityMetadataSource getAttributes [sPermissionList=[]]
2020-03-24 23:19:25.061 | http-nio-8080-exec-7 | INFO  | c.q.p.c.VFilterInvocationSecurityMetadataSource:VFilterInvocationSecurityMetadataSource.java(33) | VFilterInvocationSecurityMetadataSource getAttributes [requestUrl=/vue/vue-router.js]
2020-03-24 23:19:25.064 | http-nio-8080-exec-9 | INFO  | c.q.p.c.VFilterInvocationSecurityMetadataSource:VFilterInvocationSecurityMetadataSource.java(48) | VFilterInvocationSecurityMetadataSource getAttributes [sPermissionList=[]]
2020-03-24 23:19:25.071 | http-nio-8080-exec-5 | INFO  | c.q.p.c.VFilterInvocationSecurityMetadataSource:VFilterInvocationSecurityMetadataSource.java(48) | VFilterInvocationSecurityMetadataSource getAttributes [sPermissionList=[]]
2020-03-24 23:19:25.071 | http-nio-8080-exec-1 | INFO  | c.q.p.c.VFilterInvocationSecurityMetadataSource:VFilterInvocationSecurityMetadataSource.java(33) | VFilterInvocationSecurityMetadataSource getAttributes [requestUrl=/vue/paiming_list.js]
2020-03-24 23:19:25.072 | http-nio-8080-exec-5 | INFO  | c.q.p.c.VFilterInvocationSecurityMetadataSource:VFilterInvocationSecurityMetadataSource.java(33) | VFilterInvocationSecurityMetadataSource getAttributes [requestUrl=/vue/vue.js]
2020-03-24 23:19:25.064 | http-nio-8080-exec-9 | INFO  | c.q.p.c.VFilterInvocationSecurityMetadataSource:VFilterInvocationSecurityMetadataSource.java(33) | VFilterInvocationSecurityMetadataSource getAttributes [requestUrl=/vue/axios.min.js]
2020-03-24 23:19:25.076 | http-nio-8080-exec-1 | INFO  | c.q.p.c.VFilterInvocationSecurityMetadataSource:VFilterInvocationSecurityMetadataSource.java(42) | VFilterInvocationSecurityMetadataSource getAttributes [sRoleList=[]]
2020-03-24 23:19:25.077 | http-nio-8080-exec-7 | INFO  | c.q.p.c.VFilterInvocationSecurityMetadataSource:VFilterInvocationSecurityMetadataSource.java(42) | VFilterInvocationSecurityMetadataSource getAttributes [sRoleList=[]]
2020-03-24 23:19:25.084 | http-nio-8080-exec-9 | INFO  | c.q.p.c.VFilterInvocationSecurityMetadataSource:VFilterInvocationSecurityMetadataSource.java(42) | VFilterInvocationSecurityMetadataSource getAttributes [sRoleList=[]]
2020-03-24 23:19:25.087 | http-nio-8080-exec-5 | INFO  | c.q.p.c.VFilterInvocationSecurityMetadataSource:VFilterInvocationSecurityMetadataSource.java(42) | VFilterInvocationSecurityMetadataSource getAttributes [sRoleList=[]]
2020-03-24 23:19:25.090 | http-nio-8080-exec-7 | INFO  | c.q.p.c.VFilterInvocationSecurityMetadataSource:VFilterInvocationSecurityMetadataSource.java(48) | VFilterInvocationSecurityMetadataSource getAttributes [sPermissionList=[]]
2020-03-24 23:19:25.093 | http-nio-8080-exec-1 | INFO  | c.q.p.c.VFilterInvocationSecurityMetadataSource:VFilterInvocationSecurityMetadataSource.java(48) | VFilterInvocationSecurityMetadataSource getAttributes [sPermissionList=[]]
2020-03-24 23:19:25.094 | http-nio-8080-exec-1 | INFO  | c.q.p.c.VFilterInvocationSecurityMetadataSource:VFilterInvocationSecurityMetadataSource.java(33) | VFilterInvocationSecurityMetadataSource getAttributes [requestUrl=/vue/paiming_list.js]
2020-03-24 23:19:25.096 | http-nio-8080-exec-9 | INFO  | c.q.p.c.VFilterInvocationSecurityMetadataSource:VFilterInvocationSecurityMetadataSource.java(48) | VFilterInvocationSecurityMetadataSource getAttributes [sPermissionList=[]]
2020-03-24 23:19:25.103 | http-nio-8080-exec-1 | INFO  | c.q.p.c.VFilterInvocationSecurityMetadataSource:VFilterInvocationSecurityMetadataSource.java(42) | VFilterInvocationSecurityMetadataSource getAttributes [sRoleList=[]]
2020-03-24 23:19:25.105 | http-nio-8080-exec-5 | INFO  | c.q.p.c.VFilterInvocationSecurityMetadataSource:VFilterInvocationSecurityMetadataSource.java(48) | VFilterInvocationSecurityMetadataSource getAttributes [sPermissionList=[]]
2020-03-24 23:19:25.106 | http-nio-8080-exec-1 | INFO  | c.q.p.c.VFilterInvocationSecurityMetadataSource:VFilterInvocationSecurityMetadataSource.java(48) | VFilterInvocationSecurityMetadataSource getAttributes [sPermissionList=[]]
2020-03-24 23:19:25.280 | http-nio-8080-exec-8 | INFO  | c.q.p.c.VFilterInvocationSecurityMetadataSource:VFilterInvocationSecurityMetadataSource.java(33) | VFilterInvocationSecurityMetadataSource getAttributes [requestUrl=/comment/findAllActivity]
2020-03-24 23:19:25.287 | http-nio-8080-exec-8 | INFO  | c.q.p.c.VFilterInvocationSecurityMetadataSource:VFilterInvocationSecurityMetadataSource.java(42) | VFilterInvocationSecurityMetadataSource getAttributes [sRoleList=[]]
2020-03-24 23:19:25.291 | http-nio-8080-exec-8 | INFO  | c.q.p.c.VFilterInvocationSecurityMetadataSource:VFilterInvocationSecurityMetadataSource.java(48) | VFilterInvocationSecurityMetadataSource getAttributes [sPermissionList=[]]
2020-03-24 23:19:25.291 | http-nio-8080-exec-8 | INFO  | c.q.p.c.VFilterInvocationSecurityMetadataSource:VFilterInvocationSecurityMetadataSource.java(33) | VFilterInvocationSecurityMetadataSource getAttributes [requestUrl=/comment/findAllActivity]
2020-03-24 23:19:25.295 | http-nio-8080-exec-8 | INFO  | c.q.p.c.VFilterInvocationSecurityMetadataSource:VFilterInvocationSecurityMetadataSource.java(42) | VFilterInvocationSecurityMetadataSource getAttributes [sRoleList=[]]
2020-03-24 23:19:25.299 | http-nio-8080-exec-8 | INFO  | c.q.p.c.VFilterInvocationSecurityMetadataSource:VFilterInvocationSecurityMetadataSource.java(48) | VFilterInvocationSecurityMetadataSource getAttributes [sPermissionList=[]]
2020-03-24 23:19:25.300 | http-nio-8080-exec-8 | INFO  | c.q.p.c.CommentController:CommentController.java(143) | 查找所有活动
2020-03-24 23:19:32.432 | http-nio-8080-exec-10 | INFO  | c.q.p.c.VFilterInvocationSecurityMetadataSource:VFilterInvocationSecurityMetadataSource.java(33) | VFilterInvocationSecurityMetadataSource getAttributes [requestUrl=/activity_/rank/2]
2020-03-24 23:19:32.440 | http-nio-8080-exec-10 | INFO  | c.q.p.c.VFilterInvocationSecurityMetadataSource:VFilterInvocationSecurityMetadataSource.java(42) | VFilterInvocationSecurityMetadataSource getAttributes [sRoleList=[]]
2020-03-24 23:19:32.446 | http-nio-8080-exec-10 | INFO  | c.q.p.c.VFilterInvocationSecurityMetadataSource:VFilterInvocationSecurityMetadataSource.java(48) | VFilterInvocationSecurityMetadataSource getAttributes [sPermissionList=[]]
2020-03-24 23:19:32.447 | http-nio-8080-exec-10 | INFO  | c.q.p.c.VFilterInvocationSecurityMetadataSource:VFilterInvocationSecurityMetadataSource.java(33) | VFilterInvocationSecurityMetadataSource getAttributes [requestUrl=/activity_/rank/2]
2020-03-24 23:19:32.454 | http-nio-8080-exec-10 | INFO  | c.q.p.c.VFilterInvocationSecurityMetadataSource:VFilterInvocationSecurityMetadataSource.java(42) | VFilterInvocationSecurityMetadataSource getAttributes [sRoleList=[]]
2020-03-24 23:19:32.457 | http-nio-8080-exec-10 | INFO  | c.q.p.c.VFilterInvocationSecurityMetadataSource:VFilterInvocationSecurityMetadataSource.java(48) | VFilterInvocationSecurityMetadataSource getAttributes [sPermissionList=[]]
2020-03-24 23:21:08.664 | RMI TCP Connection(2)-127.0.0.1 | INFO  | o.s.b.a.SpringApplicationAdminMXBeanRegistrar$SpringApplicationAdmin:SpringApplicationAdminMXBeanRegistrar.java(159) | Application shutdown requested.
2020-03-24 23:21:08.664 | RMI TCP Connection(2)-127.0.0.1 | INFO  | o.s.s.c.ExecutorConfigurationSupport:ExecutorConfigurationSupport.java(208) | Shutting down ExecutorService 'applicationTaskExecutor'
2020-03-24 23:21:08.664 | RMI TCP Connection(2)-127.0.0.1 | INFO  | c.z.h.HikariDataSource:HikariDataSource.java(350) | HikariPool-1 - Shutdown initiated...
2020-03-24 23:21:08.680 | RMI TCP Connection(2)-127.0.0.1 | INFO  | c.z.h.HikariDataSource:HikariDataSource.java(352) | HikariPool-1 - Shutdown completed.
