2020-03-22 16:58:31.349 [main] INFO  cn.qianshu.pingfen.PingfenApplication - Starting PingfenApplication on yu-PC with PID 13640 (C:\Users\Administrator\Desktop\pingfen\target\classes started by Administrator in C:\Users\Administrator\Desktop\pingfen)
2020-03-22 16:58:31.354 [main] INFO  cn.qianshu.pingfen.PingfenApplication - No active profile set, falling back to default profiles: default
2020-03-22 16:58:32.859 [main] INFO  o.s.boot.web.embedded.tomcat.TomcatWebServer - Tomcat initialized with port(s): 8080 (http)
2020-03-22 16:58:32.872 [main] INFO  org.apache.coyote.http11.Http11NioProtocol - Initializing ProtocolHandler ["http-nio-8080"]
2020-03-22 16:58:32.873 [main] INFO  org.apache.catalina.core.StandardService - Starting service [Tomcat]
2020-03-22 16:58:32.874 [main] INFO  org.apache.catalina.core.StandardEngine - Starting Servlet engine: [Apache Tomcat/9.0.29]
2020-03-22 16:58:32.976 [main] INFO  o.a.c.core.ContainerBase.[Tomcat].[localhost].[/] - Initializing Spring embedded WebApplicationContext
2020-03-22 16:58:32.977 [main] INFO  org.springframework.web.context.ContextLoader - Root WebApplicationContext: initialization completed in 1572 ms
2020-03-22 16:58:33.314 [main] WARN  c.q.pingfen.config.VFilterSecurityInterceptor - Could not validate configuration attributes as the SecurityMetadataSource did not return any attributes from getAllConfigAttributes()
2020-03-22 16:58:33.323 [main] WARN  c.q.pingfen.config.VFilterSecurityInterceptor - Could not validate configuration attributes as the SecurityMetadataSource did not return any attributes from getAllConfigAttributes()
2020-03-22 16:58:33.585 [main] INFO  o.s.security.web.DefaultSecurityFilterChain - Creating filter chain: Ant [pattern='/css/**'], []
2020-03-22 16:58:33.618 [main] INFO  o.s.security.web.DefaultSecurityFilterChain - Creating filter chain: any request, [org.springframework.security.web.context.request.async.WebAsyncManagerIntegrationFilter@95bb2a2, org.springframework.security.web.context.SecurityContextPersistenceFilter@5f9b6ae7, org.springframework.security.web.header.HeaderWriterFilter@70e13fa, org.springframework.security.web.authentication.logout.LogoutFilter@2babf189, org.springframework.security.web.authentication.UsernamePasswordAuthenticationFilter@47b179d7, org.springframework.security.web.savedrequest.RequestCacheAwareFilter@5432c277, org.springframework.security.web.servletapi.SecurityContextHolderAwareRequestFilter@f446158, org.springframework.security.web.authentication.AnonymousAuthenticationFilter@46d567cb, org.springframework.security.web.session.SessionManagementFilter@280d9edc, org.springframework.security.web.access.ExceptionTranslationFilter@3bbf9027, org.springframework.security.web.access.intercept.FilterSecurityInterceptor@1976f537]
2020-03-22 16:58:33.744 [main] INFO  o.s.scheduling.concurrent.ThreadPoolTaskExecutor - Initializing ExecutorService 'applicationTaskExecutor'
2020-03-22 16:58:33.947 [main] INFO  o.s.b.a.web.servlet.WelcomePageHandlerMapping - Adding welcome page template: index
2020-03-22 16:58:34.124 [main] INFO  org.apache.coyote.http11.Http11NioProtocol - Starting ProtocolHandler ["http-nio-8080"]
2020-03-22 16:58:34.154 [main] INFO  o.s.boot.web.embedded.tomcat.TomcatWebServer - Tomcat started on port(s): 8080 (http) with context path ''
2020-03-22 16:58:34.158 [main] INFO  cn.qianshu.pingfen.PingfenApplication - Started PingfenApplication in 3.455 seconds (JVM running for 4.218)
2020-03-22 16:59:40.005 [http-nio-8080-exec-1] INFO  o.a.c.core.ContainerBase.[Tomcat].[localhost].[/] - Initializing Spring DispatcherServlet 'dispatcherServlet'
2020-03-22 16:59:40.005 [http-nio-8080-exec-1] INFO  org.springframework.web.servlet.DispatcherServlet - Initializing Servlet 'dispatcherServlet'
2020-03-22 16:59:40.014 [http-nio-8080-exec-1] INFO  org.springframework.web.servlet.DispatcherServlet - Completed initialization in 8 ms
2020-03-22 16:59:40.071 [http-nio-8080-exec-2] INFO  c.q.p.c.VFilterInvocationSecurityMetadataSource - VFilterInvocationSecurityMetadataSource getAttributes [requestUrl=/login]
2020-03-22 16:59:40.073 [http-nio-8080-exec-2] INFO  c.q.p.c.VFilterInvocationSecurityMetadataSource - VFilterInvocationSecurityMetadataSource getAttributes [requestUrl=/login]
2020-03-22 16:59:40.325 [http-nio-8080-exec-4] INFO  c.q.p.c.VFilterInvocationSecurityMetadataSource - VFilterInvocationSecurityMetadataSource getAttributes [requestUrl=/vue/login.css]
2020-03-22 16:59:40.325 [http-nio-8080-exec-3] INFO  c.q.p.c.VFilterInvocationSecurityMetadataSource - VFilterInvocationSecurityMetadataSource getAttributes [requestUrl=/vue/index.css]
2020-03-22 16:59:40.328 [http-nio-8080-exec-5] INFO  c.q.p.c.VFilterInvocationSecurityMetadataSource - VFilterInvocationSecurityMetadataSource getAttributes [requestUrl=/vue/vue.js]
2020-03-22 16:59:40.335 [http-nio-8080-exec-7] INFO  c.q.p.c.VFilterInvocationSecurityMetadataSource - VFilterInvocationSecurityMetadataSource getAttributes [requestUrl=/vue/axios.min.js]
2020-03-22 16:59:40.339 [http-nio-8080-exec-8] INFO  c.q.p.c.VFilterInvocationSecurityMetadataSource - VFilterInvocationSecurityMetadataSource getAttributes [requestUrl=/vue/index.js]
2020-03-22 16:59:40.347 [http-nio-8080-exec-6] INFO  c.q.p.c.VFilterInvocationSecurityMetadataSource - VFilterInvocationSecurityMetadataSource getAttributes [requestUrl=/vue/login.js]
2020-03-22 16:59:40.377 [http-nio-8080-exec-5] INFO  com.zaxxer.hikari.HikariDataSource - HikariPool-1 - Starting...
2020-03-22 16:59:40.561 [http-nio-8080-exec-5] INFO  com.zaxxer.hikari.HikariDataSource - HikariPool-1 - Start completed.
2020-03-22 16:59:40.574 [http-nio-8080-exec-7] DEBUG c.q.p.dao.SRoleDao.findSRoleListBySPermissionUrl - ==>  Preparing: SELECT sr.* FROM s_role sr LEFT JOIN s_role_permission srp ON sr.id = srp.fk_role_id LEFT JOIN s_permission sp ON srp.fk_permission_id = sp.id WHERE sp.url = ? 
2020-03-22 16:59:40.595 [http-nio-8080-exec-6] DEBUG c.q.p.dao.SRoleDao.findSRoleListBySPermissionUrl - ==>  Preparing: SELECT sr.* FROM s_role sr LEFT JOIN s_role_permission srp ON sr.id = srp.fk_role_id LEFT JOIN s_permission sp ON srp.fk_permission_id = sp.id WHERE sp.url = ? 
2020-03-22 16:59:40.619 [http-nio-8080-exec-7] DEBUG c.q.p.dao.SRoleDao.findSRoleListBySPermissionUrl - ==> Parameters: /vue/axios.min.js(String)
2020-03-22 16:59:40.619 [http-nio-8080-exec-6] DEBUG c.q.p.dao.SRoleDao.findSRoleListBySPermissionUrl - ==> Parameters: /vue/login.js(String)
2020-03-22 16:59:40.621 [http-nio-8080-exec-4] DEBUG c.q.p.dao.SRoleDao.findSRoleListBySPermissionUrl - ==>  Preparing: SELECT sr.* FROM s_role sr LEFT JOIN s_role_permission srp ON sr.id = srp.fk_role_id LEFT JOIN s_permission sp ON srp.fk_permission_id = sp.id WHERE sp.url = ? 
2020-03-22 16:59:40.622 [http-nio-8080-exec-4] DEBUG c.q.p.dao.SRoleDao.findSRoleListBySPermissionUrl - ==> Parameters: /vue/login.css(String)
2020-03-22 16:59:40.648 [http-nio-8080-exec-7] DEBUG c.q.p.dao.SRoleDao.findSRoleListBySPermissionUrl - <==      Total: 0
2020-03-22 16:59:40.648 [http-nio-8080-exec-4] DEBUG c.q.p.dao.SRoleDao.findSRoleListBySPermissionUrl - <==      Total: 0
2020-03-22 16:59:40.648 [http-nio-8080-exec-6] DEBUG c.q.p.dao.SRoleDao.findSRoleListBySPermissionUrl - <==      Total: 0
2020-03-22 16:59:40.654 [http-nio-8080-exec-3] DEBUG c.q.p.dao.SRoleDao.findSRoleListBySPermissionUrl - ==>  Preparing: SELECT sr.* FROM s_role sr LEFT JOIN s_role_permission srp ON sr.id = srp.fk_role_id LEFT JOIN s_permission sp ON srp.fk_permission_id = sp.id WHERE sp.url = ? 
2020-03-22 16:59:40.654 [http-nio-8080-exec-5] DEBUG c.q.p.dao.SRoleDao.findSRoleListBySPermissionUrl - ==>  Preparing: SELECT sr.* FROM s_role sr LEFT JOIN s_role_permission srp ON sr.id = srp.fk_role_id LEFT JOIN s_permission sp ON srp.fk_permission_id = sp.id WHERE sp.url = ? 
2020-03-22 16:59:40.654 [http-nio-8080-exec-8] DEBUG c.q.p.dao.SRoleDao.findSRoleListBySPermissionUrl - ==>  Preparing: SELECT sr.* FROM s_role sr LEFT JOIN s_role_permission srp ON sr.id = srp.fk_role_id LEFT JOIN s_permission sp ON srp.fk_permission_id = sp.id WHERE sp.url = ? 
2020-03-22 16:59:40.656 [http-nio-8080-exec-3] DEBUG c.q.p.dao.SRoleDao.findSRoleListBySPermissionUrl - ==> Parameters: /vue/index.css(String)
2020-03-22 16:59:40.656 [http-nio-8080-exec-8] DEBUG c.q.p.dao.SRoleDao.findSRoleListBySPermissionUrl - ==> Parameters: /vue/index.js(String)
2020-03-22 16:59:40.658 [http-nio-8080-exec-5] DEBUG c.q.p.dao.SRoleDao.findSRoleListBySPermissionUrl - ==> Parameters: /vue/vue.js(String)
2020-03-22 16:59:40.659 [http-nio-8080-exec-8] DEBUG c.q.p.dao.SRoleDao.findSRoleListBySPermissionUrl - <==      Total: 0
2020-03-22 16:59:40.659 [http-nio-8080-exec-3] DEBUG c.q.p.dao.SRoleDao.findSRoleListBySPermissionUrl - <==      Total: 0
2020-03-22 16:59:40.662 [http-nio-8080-exec-5] DEBUG c.q.p.dao.SRoleDao.findSRoleListBySPermissionUrl - <==      Total: 0
2020-03-22 16:59:40.664 [http-nio-8080-exec-4] INFO  c.q.p.c.VFilterInvocationSecurityMetadataSource - VFilterInvocationSecurityMetadataSource getAttributes [sRoleList=[]]
2020-03-22 16:59:40.664 [http-nio-8080-exec-7] INFO  c.q.p.c.VFilterInvocationSecurityMetadataSource - VFilterInvocationSecurityMetadataSource getAttributes [sRoleList=[]]
2020-03-22 16:59:40.665 [http-nio-8080-exec-4] DEBUG c.q.p.d.S.findSPermissionListBySPermissionUrl - ==>  Preparing: SELECT * FROM s_permission sp WHERE sp.url = ? 
2020-03-22 16:59:40.665 [http-nio-8080-exec-5] INFO  c.q.p.c.VFilterInvocationSecurityMetadataSource - VFilterInvocationSecurityMetadataSource getAttributes [sRoleList=[]]
2020-03-22 16:59:40.666 [http-nio-8080-exec-7] DEBUG c.q.p.d.S.findSPermissionListBySPermissionUrl - ==>  Preparing: SELECT * FROM s_permission sp WHERE sp.url = ? 
2020-03-22 16:59:40.665 [http-nio-8080-exec-3] INFO  c.q.p.c.VFilterInvocationSecurityMetadataSource - VFilterInvocationSecurityMetadataSource getAttributes [sRoleList=[]]
2020-03-22 16:59:40.666 [http-nio-8080-exec-4] DEBUG c.q.p.d.S.findSPermissionListBySPermissionUrl - ==> Parameters: /vue/login.css(String)
2020-03-22 16:59:40.666 [http-nio-8080-exec-7] DEBUG c.q.p.d.S.findSPermissionListBySPermissionUrl - ==> Parameters: /vue/axios.min.js(String)
2020-03-22 16:59:40.668 [http-nio-8080-exec-5] DEBUG c.q.p.d.S.findSPermissionListBySPermissionUrl - ==>  Preparing: SELECT * FROM s_permission sp WHERE sp.url = ? 
2020-03-22 16:59:40.668 [http-nio-8080-exec-8] INFO  c.q.p.c.VFilterInvocationSecurityMetadataSource - VFilterInvocationSecurityMetadataSource getAttributes [sRoleList=[]]
2020-03-22 16:59:40.669 [http-nio-8080-exec-5] DEBUG c.q.p.d.S.findSPermissionListBySPermissionUrl - ==> Parameters: /vue/vue.js(String)
2020-03-22 16:59:40.664 [http-nio-8080-exec-6] INFO  c.q.p.c.VFilterInvocationSecurityMetadataSource - VFilterInvocationSecurityMetadataSource getAttributes [sRoleList=[]]
2020-03-22 16:59:40.673 [http-nio-8080-exec-7] DEBUG c.q.p.d.S.findSPermissionListBySPermissionUrl - <==      Total: 0
2020-03-22 16:59:40.675 [http-nio-8080-exec-7] INFO  c.q.p.c.VFilterInvocationSecurityMetadataSource - VFilterInvocationSecurityMetadataSource getAttributes [sPermissionList=[]]
2020-03-22 16:59:40.676 [http-nio-8080-exec-5] DEBUG c.q.p.d.S.findSPermissionListBySPermissionUrl - <==      Total: 0
2020-03-22 16:59:40.677 [http-nio-8080-exec-7] INFO  c.q.p.c.VFilterInvocationSecurityMetadataSource - VFilterInvocationSecurityMetadataSource getAttributes [requestUrl=/vue/axios.min.js]
2020-03-22 16:59:40.677 [http-nio-8080-exec-6] DEBUG c.q.p.d.S.findSPermissionListBySPermissionUrl - ==>  Preparing: SELECT * FROM s_permission sp WHERE sp.url = ? 
2020-03-22 16:59:40.677 [http-nio-8080-exec-4] DEBUG c.q.p.d.S.findSPermissionListBySPermissionUrl - <==      Total: 0
2020-03-22 16:59:40.678 [http-nio-8080-exec-7] DEBUG c.q.p.dao.SRoleDao.findSRoleListBySPermissionUrl - ==>  Preparing: SELECT sr.* FROM s_role sr LEFT JOIN s_role_permission srp ON sr.id = srp.fk_role_id LEFT JOIN s_permission sp ON srp.fk_permission_id = sp.id WHERE sp.url = ? 
2020-03-22 16:59:40.678 [http-nio-8080-exec-6] DEBUG c.q.p.d.S.findSPermissionListBySPermissionUrl - ==> Parameters: /vue/login.js(String)
2020-03-22 16:59:40.678 [http-nio-8080-exec-4] INFO  c.q.p.c.VFilterInvocationSecurityMetadataSource - VFilterInvocationSecurityMetadataSource getAttributes [sPermissionList=[]]
2020-03-22 16:59:40.679 [http-nio-8080-exec-4] INFO  c.q.p.c.VFilterInvocationSecurityMetadataSource - VFilterInvocationSecurityMetadataSource getAttributes [requestUrl=/vue/login.css]
2020-03-22 16:59:40.680 [http-nio-8080-exec-4] DEBUG c.q.p.dao.SRoleDao.findSRoleListBySPermissionUrl - ==>  Preparing: SELECT sr.* FROM s_role sr LEFT JOIN s_role_permission srp ON sr.id = srp.fk_role_id LEFT JOIN s_permission sp ON srp.fk_permission_id = sp.id WHERE sp.url = ? 
2020-03-22 16:59:40.677 [http-nio-8080-exec-5] INFO  c.q.p.c.VFilterInvocationSecurityMetadataSource - VFilterInvocationSecurityMetadataSource getAttributes [sPermissionList=[]]
2020-03-22 16:59:40.681 [http-nio-8080-exec-7] DEBUG c.q.p.dao.SRoleDao.findSRoleListBySPermissionUrl - ==> Parameters: /vue/axios.min.js(String)
2020-03-22 16:59:40.681 [http-nio-8080-exec-4] DEBUG c.q.p.dao.SRoleDao.findSRoleListBySPermissionUrl - ==> Parameters: /vue/login.css(String)
2020-03-22 16:59:40.682 [http-nio-8080-exec-5] INFO  c.q.p.c.VFilterInvocationSecurityMetadataSource - VFilterInvocationSecurityMetadataSource getAttributes [requestUrl=/vue/vue.js]
2020-03-22 16:59:40.689 [http-nio-8080-exec-6] DEBUG c.q.p.d.S.findSPermissionListBySPermissionUrl - <==      Total: 0
2020-03-22 16:59:40.691 [http-nio-8080-exec-4] DEBUG c.q.p.dao.SRoleDao.findSRoleListBySPermissionUrl - <==      Total: 0
2020-03-22 16:59:40.691 [http-nio-8080-exec-6] INFO  c.q.p.c.VFilterInvocationSecurityMetadataSource - VFilterInvocationSecurityMetadataSource getAttributes [sPermissionList=[]]
2020-03-22 16:59:40.691 [http-nio-8080-exec-7] DEBUG c.q.p.dao.SRoleDao.findSRoleListBySPermissionUrl - <==      Total: 0
2020-03-22 16:59:40.691 [http-nio-8080-exec-6] INFO  c.q.p.c.VFilterInvocationSecurityMetadataSource - VFilterInvocationSecurityMetadataSource getAttributes [requestUrl=/vue/login.js]
2020-03-22 16:59:40.691 [http-nio-8080-exec-4] INFO  c.q.p.c.VFilterInvocationSecurityMetadataSource - VFilterInvocationSecurityMetadataSource getAttributes [sRoleList=[]]
2020-03-22 16:59:40.691 [http-nio-8080-exec-5] DEBUG c.q.p.dao.SRoleDao.findSRoleListBySPermissionUrl - ==>  Preparing: SELECT sr.* FROM s_role sr LEFT JOIN s_role_permission srp ON sr.id = srp.fk_role_id LEFT JOIN s_permission sp ON srp.fk_permission_id = sp.id WHERE sp.url = ? 
2020-03-22 16:59:40.692 [http-nio-8080-exec-6] DEBUG c.q.p.dao.SRoleDao.findSRoleListBySPermissionUrl - ==>  Preparing: SELECT sr.* FROM s_role sr LEFT JOIN s_role_permission srp ON sr.id = srp.fk_role_id LEFT JOIN s_permission sp ON srp.fk_permission_id = sp.id WHERE sp.url = ? 
2020-03-22 16:59:40.692 [http-nio-8080-exec-5] DEBUG c.q.p.dao.SRoleDao.findSRoleListBySPermissionUrl - ==> Parameters: /vue/vue.js(String)
2020-03-22 16:59:40.692 [http-nio-8080-exec-7] INFO  c.q.p.c.VFilterInvocationSecurityMetadataSource - VFilterInvocationSecurityMetadataSource getAttributes [sRoleList=[]]
2020-03-22 16:59:40.694 [http-nio-8080-exec-7] DEBUG c.q.p.d.S.findSPermissionListBySPermissionUrl - ==>  Preparing: SELECT * FROM s_permission sp WHERE sp.url = ? 
2020-03-22 16:59:40.694 [http-nio-8080-exec-6] DEBUG c.q.p.dao.SRoleDao.findSRoleListBySPermissionUrl - ==> Parameters: /vue/login.js(String)
2020-03-22 16:59:40.696 [http-nio-8080-exec-5] DEBUG c.q.p.dao.SRoleDao.findSRoleListBySPermissionUrl - <==      Total: 0
2020-03-22 16:59:40.696 [http-nio-8080-exec-7] DEBUG c.q.p.d.S.findSPermissionListBySPermissionUrl - ==> Parameters: /vue/axios.min.js(String)
2020-03-22 16:59:40.697 [http-nio-8080-exec-5] INFO  c.q.p.c.VFilterInvocationSecurityMetadataSource - VFilterInvocationSecurityMetadataSource getAttributes [sRoleList=[]]
2020-03-22 16:59:40.698 [http-nio-8080-exec-5] DEBUG c.q.p.d.S.findSPermissionListBySPermissionUrl - ==>  Preparing: SELECT * FROM s_permission sp WHERE sp.url = ? 
2020-03-22 16:59:40.698 [http-nio-8080-exec-6] DEBUG c.q.p.dao.SRoleDao.findSRoleListBySPermissionUrl - <==      Total: 0
2020-03-22 16:59:40.699 [http-nio-8080-exec-5] DEBUG c.q.p.d.S.findSPermissionListBySPermissionUrl - ==> Parameters: /vue/vue.js(String)
2020-03-22 16:59:40.699 [http-nio-8080-exec-6] INFO  c.q.p.c.VFilterInvocationSecurityMetadataSource - VFilterInvocationSecurityMetadataSource getAttributes [sRoleList=[]]
2020-03-22 16:59:40.700 [http-nio-8080-exec-7] DEBUG c.q.p.d.S.findSPermissionListBySPermissionUrl - <==      Total: 0
2020-03-22 16:59:40.700 [http-nio-8080-exec-6] DEBUG c.q.p.d.S.findSPermissionListBySPermissionUrl - ==>  Preparing: SELECT * FROM s_permission sp WHERE sp.url = ? 
2020-03-22 16:59:40.701 [http-nio-8080-exec-7] INFO  c.q.p.c.VFilterInvocationSecurityMetadataSource - VFilterInvocationSecurityMetadataSource getAttributes [sPermissionList=[]]
2020-03-22 16:59:40.701 [http-nio-8080-exec-5] DEBUG c.q.p.d.S.findSPermissionListBySPermissionUrl - <==      Total: 0
2020-03-22 16:59:40.701 [http-nio-8080-exec-6] DEBUG c.q.p.d.S.findSPermissionListBySPermissionUrl - ==> Parameters: /vue/login.js(String)
2020-03-22 16:59:40.702 [http-nio-8080-exec-5] INFO  c.q.p.c.VFilterInvocationSecurityMetadataSource - VFilterInvocationSecurityMetadataSource getAttributes [sPermissionList=[]]
2020-03-22 16:59:40.703 [http-nio-8080-exec-6] DEBUG c.q.p.d.S.findSPermissionListBySPermissionUrl - <==      Total: 0
2020-03-22 16:59:40.704 [http-nio-8080-exec-8] DEBUG c.q.p.d.S.findSPermissionListBySPermissionUrl - ==>  Preparing: SELECT * FROM s_permission sp WHERE sp.url = ? 
2020-03-22 16:59:40.705 [http-nio-8080-exec-8] DEBUG c.q.p.d.S.findSPermissionListBySPermissionUrl - ==> Parameters: /vue/index.js(String)
2020-03-22 16:59:40.707 [http-nio-8080-exec-4] DEBUG c.q.p.d.S.findSPermissionListBySPermissionUrl - ==>  Preparing: SELECT * FROM s_permission sp WHERE sp.url = ? 
2020-03-22 16:59:40.709 [http-nio-8080-exec-4] DEBUG c.q.p.d.S.findSPermissionListBySPermissionUrl - ==> Parameters: /vue/login.css(String)
2020-03-22 16:59:40.713 [http-nio-8080-exec-3] DEBUG c.q.p.d.S.findSPermissionListBySPermissionUrl - ==>  Preparing: SELECT * FROM s_permission sp WHERE sp.url = ? 
2020-03-22 16:59:40.714 [http-nio-8080-exec-6] INFO  c.q.p.c.VFilterInvocationSecurityMetadataSource - VFilterInvocationSecurityMetadataSource getAttributes [sPermissionList=[]]
2020-03-22 16:59:40.717 [http-nio-8080-exec-4] DEBUG c.q.p.d.S.findSPermissionListBySPermissionUrl - <==      Total: 0
2020-03-22 16:59:40.720 [http-nio-8080-exec-4] INFO  c.q.p.c.VFilterInvocationSecurityMetadataSource - VFilterInvocationSecurityMetadataSource getAttributes [sPermissionList=[]]
2020-03-22 16:59:40.724 [http-nio-8080-exec-3] DEBUG c.q.p.d.S.findSPermissionListBySPermissionUrl - ==> Parameters: /vue/index.css(String)
2020-03-22 16:59:40.725 [http-nio-8080-exec-8] DEBUG c.q.p.d.S.findSPermissionListBySPermissionUrl - <==      Total: 0
2020-03-22 16:59:40.727 [http-nio-8080-exec-3] DEBUG c.q.p.d.S.findSPermissionListBySPermissionUrl - <==      Total: 0
2020-03-22 16:59:40.732 [http-nio-8080-exec-3] INFO  c.q.p.c.VFilterInvocationSecurityMetadataSource - VFilterInvocationSecurityMetadataSource getAttributes [sPermissionList=[]]
2020-03-22 16:59:40.734 [http-nio-8080-exec-3] INFO  c.q.p.c.VFilterInvocationSecurityMetadataSource - VFilterInvocationSecurityMetadataSource getAttributes [requestUrl=/vue/index.css]
2020-03-22 16:59:40.736 [http-nio-8080-exec-3] DEBUG c.q.p.dao.SRoleDao.findSRoleListBySPermissionUrl - ==>  Preparing: SELECT sr.* FROM s_role sr LEFT JOIN s_role_permission srp ON sr.id = srp.fk_role_id LEFT JOIN s_permission sp ON srp.fk_permission_id = sp.id WHERE sp.url = ? 
2020-03-22 16:59:40.738 [http-nio-8080-exec-3] DEBUG c.q.p.dao.SRoleDao.findSRoleListBySPermissionUrl - ==> Parameters: /vue/index.css(String)
2020-03-22 16:59:40.727 [http-nio-8080-exec-8] INFO  c.q.p.c.VFilterInvocationSecurityMetadataSource - VFilterInvocationSecurityMetadataSource getAttributes [sPermissionList=[]]
2020-03-22 16:59:40.740 [http-nio-8080-exec-8] INFO  c.q.p.c.VFilterInvocationSecurityMetadataSource - VFilterInvocationSecurityMetadataSource getAttributes [requestUrl=/vue/index.js]
2020-03-22 16:59:40.741 [http-nio-8080-exec-8] DEBUG c.q.p.dao.SRoleDao.findSRoleListBySPermissionUrl - ==>  Preparing: SELECT sr.* FROM s_role sr LEFT JOIN s_role_permission srp ON sr.id = srp.fk_role_id LEFT JOIN s_permission sp ON srp.fk_permission_id = sp.id WHERE sp.url = ? 
2020-03-22 16:59:40.741 [http-nio-8080-exec-3] DEBUG c.q.p.dao.SRoleDao.findSRoleListBySPermissionUrl - <==      Total: 0
2020-03-22 16:59:40.742 [http-nio-8080-exec-8] DEBUG c.q.p.dao.SRoleDao.findSRoleListBySPermissionUrl - ==> Parameters: /vue/index.js(String)
2020-03-22 16:59:40.744 [http-nio-8080-exec-3] INFO  c.q.p.c.VFilterInvocationSecurityMetadataSource - VFilterInvocationSecurityMetadataSource getAttributes [sRoleList=[]]
2020-03-22 16:59:40.745 [http-nio-8080-exec-3] DEBUG c.q.p.d.S.findSPermissionListBySPermissionUrl - ==>  Preparing: SELECT * FROM s_permission sp WHERE sp.url = ? 
2020-03-22 16:59:40.745 [http-nio-8080-exec-3] DEBUG c.q.p.d.S.findSPermissionListBySPermissionUrl - ==> Parameters: /vue/index.css(String)
2020-03-22 16:59:40.747 [http-nio-8080-exec-3] DEBUG c.q.p.d.S.findSPermissionListBySPermissionUrl - <==      Total: 0
2020-03-22 16:59:40.748 [http-nio-8080-exec-3] INFO  c.q.p.c.VFilterInvocationSecurityMetadataSource - VFilterInvocationSecurityMetadataSource getAttributes [sPermissionList=[]]
2020-03-22 16:59:40.757 [http-nio-8080-exec-8] DEBUG c.q.p.dao.SRoleDao.findSRoleListBySPermissionUrl - <==      Total: 0
2020-03-22 16:59:40.758 [http-nio-8080-exec-8] INFO  c.q.p.c.VFilterInvocationSecurityMetadataSource - VFilterInvocationSecurityMetadataSource getAttributes [sRoleList=[]]
2020-03-22 16:59:40.759 [http-nio-8080-exec-8] DEBUG c.q.p.d.S.findSPermissionListBySPermissionUrl - ==>  Preparing: SELECT * FROM s_permission sp WHERE sp.url = ? 
2020-03-22 16:59:40.760 [http-nio-8080-exec-8] DEBUG c.q.p.d.S.findSPermissionListBySPermissionUrl - ==> Parameters: /vue/index.js(String)
2020-03-22 16:59:40.763 [http-nio-8080-exec-8] DEBUG c.q.p.d.S.findSPermissionListBySPermissionUrl - <==      Total: 0
2020-03-22 16:59:40.765 [http-nio-8080-exec-8] INFO  c.q.p.c.VFilterInvocationSecurityMetadataSource - VFilterInvocationSecurityMetadataSource getAttributes [sPermissionList=[]]
2020-03-22 16:59:53.739 [http-nio-8080-exec-4] INFO  cn.qianshu.pingfen.config.VAuthenticationProvider - VAuthenticationProvider authenticate login user [username=10021, password=123456]
2020-03-22 16:59:53.742 [http-nio-8080-exec-4] DEBUG cn.qianshu.pingfen.dao.SUserDao.findSUserByName - ==>  Preparing: SELECT su.* FROM s_user su WHERE su.account = ? 
2020-03-22 16:59:53.743 [http-nio-8080-exec-4] DEBUG cn.qianshu.pingfen.dao.SUserDao.findSUserByName - ==> Parameters: 10021(String)
2020-03-22 16:59:53.750 [http-nio-8080-exec-4] DEBUG cn.qianshu.pingfen.dao.SUserDao.findSUserByName - <==      Total: 1
2020-03-22 16:59:53.752 [http-nio-8080-exec-4] DEBUG c.q.pingfen.dao.SRoleDao.findSRoleListBySUserId - ==>  Preparing: SELECT sr.* FROM s_role sr LEFT JOIN s_user_role sur ON sr.id = sur.fk_role_id LEFT JOIN s_user su ON sur.fk_user_id = su.id WHERE su.id = ? 
2020-03-22 16:59:53.753 [http-nio-8080-exec-4] DEBUG c.q.pingfen.dao.SRoleDao.findSRoleListBySUserId - ==> Parameters: 1(Integer)
2020-03-22 16:59:53.756 [http-nio-8080-exec-4] DEBUG c.q.pingfen.dao.SRoleDao.findSRoleListBySUserId - <==      Total: 1
2020-03-22 16:59:53.757 [http-nio-8080-exec-4] DEBUG c.q.p.d.S.findSPermissionListBySUserId - ==>  Preparing: SELECT * FROM s_permission sp LEFT JOIN s_role_permission srp ON sp.id = srp.fk_permission_id LEFT JOIN s_role sr ON srp.fk_role_id = sr.id LEFT JOIN s_user_role sur ON sr.id = sur.fk_role_id LEFT JOIN s_user su ON sur.fk_user_id = su.id WHERE su.id = ? 
2020-03-22 16:59:53.757 [http-nio-8080-exec-4] DEBUG c.q.p.d.S.findSPermissionListBySUserId - ==> Parameters: 1(Integer)
2020-03-22 16:59:53.772 [http-nio-8080-exec-4] DEBUG c.q.p.d.S.findSPermissionListBySUserId - <==      Total: 3
2020-03-22 16:59:53.788 [http-nio-8080-exec-4] INFO  cn.qianshu.pingfen.config.VAuthenticationProvider - VAuthenticationProvider authenticate vUserDetails [vUserDetails={"gson":{"calls":{"threadLocalHashCode":1323096108},"typeTokenCache":{},"constructorConstructor":{"instanceCreators":{},"accessor":{}},"jsonAdapterFactory":{"constructorConstructor":{"instanceCreators":{},"accessor":{}}},"factories":[null,null,{"version":-1.0,"modifiers":136,"serializeInnerClasses":true,"requireExpose":false,"serializationStrategies":[],"deserializationStrategies":[]},null,null,null,null,null,null,null,null,null,null,null,null,null,null,null,null,null,null,null,null,null,null,null,null,null,null,null,null,null,null,null,null,null,{"constructorConstructor":{"instanceCreators":{},"accessor":{}}},{"constructorConstructor":{"instanceCreators":{},"accessor":{}},"complexMapKeySerialization":false},{"constructorConstructor":{"instanceCreators":{},"accessor":{}}},null,{"constructorConstructor":{"instanceCreators":{},"accessor":{}},"fieldNamingPolicy":"IDENTITY","excluder":{"version":-1.0,"modifiers":136,"serializeInnerClasses":true,"requireExpose":false,"serializationStrategies":[],"deserializationStrategies":[]},"jsonAdapterFactory":{"constructorConstructor":{"instanceCreators":{},"accessor":{}}},"accessor":{}}],"excluder":{"version":-1.0,"modifiers":136,"serializeInnerClasses":true,"requireExpose":false,"serializationStrategies":[],"deserializationStrategies":[]},"fieldNamingStrategy":"IDENTITY","instanceCreators":{},"serializeNulls":false,"complexMapKeySerialization":false,"generateNonExecutableJson":false,"htmlSafe":true,"prettyPrinting":false,"lenient":false,"serializeSpecialFloatingPointValues":false,"dateStyle":2,"timeStyle":2,"longSerializationPolicy":"DEFAULT","builderFactories":[],"builderHierarchyFactories":[]},"logger":{"name":"cn.qianshu.pingfen.entity.VUserDetails"},"sRoleList":[{"id":1,"role":"R_ADMIN","describe":"大总管，所有权限"}],"sPermissionList":[{"id":1,"permission":"P_INDEX","url":"/index","describe":"index页面资源"},{"id":2,"permission":"P_ADMIN","url":"/admin","describe":"admin页面资源"},{"id":3,"permission":"P_HELLO","url":"/hello","describe":"hello页面资源"}],"id":1,"name":"admin","password":"$2a$10$D6WR4dcThfRCYGM7AXNHqup.V7URH6QISi4YFxYr1iAJeZf07ryQ2","account":"10021"}]
2020-03-22 16:59:53.951 [http-nio-8080-exec-4] INFO  cn.qianshu.pingfen.config.VAuthenticationProvider - 密码匹配结果：true
2020-03-22 16:59:54.083 [http-nio-8080-exec-4] INFO  cn.qianshu.pingfen.entity.VUserDetails - VUserDetails getAuthorities [authoritiesStr=R_ADMIN,P_INDEX,P_ADMIN,P_HELLO 
2020-03-22 16:59:54.092 [http-nio-8080-exec-3] INFO  c.q.p.c.VFilterInvocationSecurityMetadataSource - VFilterInvocationSecurityMetadataSource getAttributes [requestUrl=/index]
2020-03-22 16:59:54.093 [http-nio-8080-exec-3] DEBUG c.q.p.dao.SRoleDao.findSRoleListBySPermissionUrl - ==>  Preparing: SELECT sr.* FROM s_role sr LEFT JOIN s_role_permission srp ON sr.id = srp.fk_role_id LEFT JOIN s_permission sp ON srp.fk_permission_id = sp.id WHERE sp.url = ? 
2020-03-22 16:59:54.093 [http-nio-8080-exec-3] DEBUG c.q.p.dao.SRoleDao.findSRoleListBySPermissionUrl - ==> Parameters: /index(String)
2020-03-22 16:59:54.098 [http-nio-8080-exec-3] DEBUG c.q.p.dao.SRoleDao.findSRoleListBySPermissionUrl - <==      Total: 2
2020-03-22 16:59:54.099 [http-nio-8080-exec-3] INFO  c.q.p.c.VFilterInvocationSecurityMetadataSource - VFilterInvocationSecurityMetadataSource getAttributes [sRoleList=[{"id":1,"role":"R_ADMIN","describe":"大总管，所有权限"},{"id":2,"role":"R_HELLO","describe":"说hello相关的权限"}]]
2020-03-22 16:59:54.100 [http-nio-8080-exec-3] DEBUG c.q.p.d.S.findSPermissionListBySPermissionUrl - ==>  Preparing: SELECT * FROM s_permission sp WHERE sp.url = ? 
2020-03-22 16:59:54.100 [http-nio-8080-exec-3] DEBUG c.q.p.d.S.findSPermissionListBySPermissionUrl - ==> Parameters: /index(String)
2020-03-22 16:59:54.102 [http-nio-8080-exec-3] DEBUG c.q.p.d.S.findSPermissionListBySPermissionUrl - <==      Total: 1
2020-03-22 16:59:54.103 [http-nio-8080-exec-3] INFO  c.q.p.c.VFilterInvocationSecurityMetadataSource - VFilterInvocationSecurityMetadataSource getAttributes [sPermissionList=[{"id":1,"permission":"P_INDEX","url":"/index","describe":"index页面资源"}]]
2020-03-22 16:59:54.104 [http-nio-8080-exec-3] INFO  c.q.p.c.VFilterInvocationSecurityMetadataSource - VFilterInvocationSecurityMetadataSource getAttributes [permissionArray=["R_ADMIN","R_HELLO","P_INDEX"]]
2020-03-22 16:59:54.105 [http-nio-8080-exec-3] INFO  c.q.p.c.VFilterInvocationSecurityMetadataSource - VFilterInvocationSecurityMetadataSource getAttributes [requestUrl=/index]
2020-03-22 16:59:54.105 [http-nio-8080-exec-3] DEBUG c.q.p.dao.SRoleDao.findSRoleListBySPermissionUrl - ==>  Preparing: SELECT sr.* FROM s_role sr LEFT JOIN s_role_permission srp ON sr.id = srp.fk_role_id LEFT JOIN s_permission sp ON srp.fk_permission_id = sp.id WHERE sp.url = ? 
2020-03-22 16:59:54.106 [http-nio-8080-exec-3] DEBUG c.q.p.dao.SRoleDao.findSRoleListBySPermissionUrl - ==> Parameters: /index(String)
2020-03-22 16:59:54.109 [http-nio-8080-exec-3] DEBUG c.q.p.dao.SRoleDao.findSRoleListBySPermissionUrl - <==      Total: 2
2020-03-22 16:59:54.109 [http-nio-8080-exec-3] INFO  c.q.p.c.VFilterInvocationSecurityMetadataSource - VFilterInvocationSecurityMetadataSource getAttributes [sRoleList=[{"id":1,"role":"R_ADMIN","describe":"大总管，所有权限"},{"id":2,"role":"R_HELLO","describe":"说hello相关的权限"}]]
2020-03-22 16:59:54.110 [http-nio-8080-exec-3] DEBUG c.q.p.d.S.findSPermissionListBySPermissionUrl - ==>  Preparing: SELECT * FROM s_permission sp WHERE sp.url = ? 
2020-03-22 16:59:54.111 [http-nio-8080-exec-3] DEBUG c.q.p.d.S.findSPermissionListBySPermissionUrl - ==> Parameters: /index(String)
2020-03-22 16:59:54.113 [http-nio-8080-exec-3] DEBUG c.q.p.d.S.findSPermissionListBySPermissionUrl - <==      Total: 1
2020-03-22 16:59:54.114 [http-nio-8080-exec-3] INFO  c.q.p.c.VFilterInvocationSecurityMetadataSource - VFilterInvocationSecurityMetadataSource getAttributes [sPermissionList=[{"id":1,"permission":"P_INDEX","url":"/index","describe":"index页面资源"}]]
2020-03-22 16:59:54.114 [http-nio-8080-exec-3] INFO  c.q.p.c.VFilterInvocationSecurityMetadataSource - VFilterInvocationSecurityMetadataSource getAttributes [permissionArray=["R_ADMIN","R_HELLO","P_INDEX"]]
2020-03-22 16:59:54.128 [http-nio-8080-exec-3] INFO  cn.qianshu.pingfen.controller.IndexController - index page
2020-03-22 16:59:54.430 [http-nio-8080-exec-5] INFO  c.q.p.c.VFilterInvocationSecurityMetadataSource - VFilterInvocationSecurityMetadataSource getAttributes [requestUrl=/]
2020-03-22 16:59:54.431 [http-nio-8080-exec-5] DEBUG c.q.p.dao.SRoleDao.findSRoleListBySPermissionUrl - ==>  Preparing: SELECT sr.* FROM s_role sr LEFT JOIN s_role_permission srp ON sr.id = srp.fk_role_id LEFT JOIN s_permission sp ON srp.fk_permission_id = sp.id WHERE sp.url = ? 
2020-03-22 16:59:54.431 [http-nio-8080-exec-5] DEBUG c.q.p.dao.SRoleDao.findSRoleListBySPermissionUrl - ==> Parameters: /(String)
2020-03-22 16:59:54.435 [http-nio-8080-exec-5] DEBUG c.q.p.dao.SRoleDao.findSRoleListBySPermissionUrl - <==      Total: 1
2020-03-22 16:59:54.437 [http-nio-8080-exec-5] INFO  c.q.p.c.VFilterInvocationSecurityMetadataSource - VFilterInvocationSecurityMetadataSource getAttributes [sRoleList=[{"id":3,"role":"R_USER","describe":"普通用户，评分"}]]
2020-03-22 16:59:54.437 [http-nio-8080-exec-5] DEBUG c.q.p.d.S.findSPermissionListBySPermissionUrl - ==>  Preparing: SELECT * FROM s_permission sp WHERE sp.url = ? 
2020-03-22 16:59:54.438 [http-nio-8080-exec-5] DEBUG c.q.p.d.S.findSPermissionListBySPermissionUrl - ==> Parameters: /(String)
2020-03-22 16:59:54.440 [http-nio-8080-exec-5] DEBUG c.q.p.d.S.findSPermissionListBySPermissionUrl - <==      Total: 1
2020-03-22 16:59:54.441 [http-nio-8080-exec-5] INFO  c.q.p.c.VFilterInvocationSecurityMetadataSource - VFilterInvocationSecurityMetadataSource getAttributes [sPermissionList=[{"id":4,"permission":"P_INDEX","url":"/","describe":"/index"}]]
2020-03-22 16:59:54.441 [http-nio-8080-exec-5] INFO  c.q.p.c.VFilterInvocationSecurityMetadataSource - VFilterInvocationSecurityMetadataSource getAttributes [permissionArray=["R_USER","P_INDEX"]]
2020-03-22 16:59:54.442 [http-nio-8080-exec-5] INFO  c.q.p.c.VFilterInvocationSecurityMetadataSource - VFilterInvocationSecurityMetadataSource getAttributes [requestUrl=/]
2020-03-22 16:59:54.442 [http-nio-8080-exec-5] DEBUG c.q.p.dao.SRoleDao.findSRoleListBySPermissionUrl - ==>  Preparing: SELECT sr.* FROM s_role sr LEFT JOIN s_role_permission srp ON sr.id = srp.fk_role_id LEFT JOIN s_permission sp ON srp.fk_permission_id = sp.id WHERE sp.url = ? 
2020-03-22 16:59:54.443 [http-nio-8080-exec-5] DEBUG c.q.p.dao.SRoleDao.findSRoleListBySPermissionUrl - ==> Parameters: /(String)
2020-03-22 16:59:54.446 [http-nio-8080-exec-5] DEBUG c.q.p.dao.SRoleDao.findSRoleListBySPermissionUrl - <==      Total: 1
2020-03-22 16:59:54.447 [http-nio-8080-exec-5] INFO  c.q.p.c.VFilterInvocationSecurityMetadataSource - VFilterInvocationSecurityMetadataSource getAttributes [sRoleList=[{"id":3,"role":"R_USER","describe":"普通用户，评分"}]]
2020-03-22 16:59:54.447 [http-nio-8080-exec-5] DEBUG c.q.p.d.S.findSPermissionListBySPermissionUrl - ==>  Preparing: SELECT * FROM s_permission sp WHERE sp.url = ? 
2020-03-22 16:59:54.448 [http-nio-8080-exec-5] DEBUG c.q.p.d.S.findSPermissionListBySPermissionUrl - ==> Parameters: /(String)
2020-03-22 16:59:54.449 [http-nio-8080-exec-5] DEBUG c.q.p.d.S.findSPermissionListBySPermissionUrl - <==      Total: 1
2020-03-22 16:59:54.450 [http-nio-8080-exec-5] INFO  c.q.p.c.VFilterInvocationSecurityMetadataSource - VFilterInvocationSecurityMetadataSource getAttributes [sPermissionList=[{"id":4,"permission":"P_INDEX","url":"/","describe":"/index"}]]
2020-03-22 16:59:54.450 [http-nio-8080-exec-5] INFO  c.q.p.c.VFilterInvocationSecurityMetadataSource - VFilterInvocationSecurityMetadataSource getAttributes [permissionArray=["R_USER","P_INDEX"]]
2020-03-22 16:59:54.461 [http-nio-8080-exec-8] INFO  c.q.p.c.VFilterInvocationSecurityMetadataSource - VFilterInvocationSecurityMetadataSource getAttributes [requestUrl=/index]
2020-03-22 16:59:54.462 [http-nio-8080-exec-8] DEBUG c.q.p.dao.SRoleDao.findSRoleListBySPermissionUrl - ==>  Preparing: SELECT sr.* FROM s_role sr LEFT JOIN s_role_permission srp ON sr.id = srp.fk_role_id LEFT JOIN s_permission sp ON srp.fk_permission_id = sp.id WHERE sp.url = ? 
2020-03-22 16:59:54.462 [http-nio-8080-exec-8] DEBUG c.q.p.dao.SRoleDao.findSRoleListBySPermissionUrl - ==> Parameters: /index(String)
2020-03-22 16:59:54.465 [http-nio-8080-exec-8] DEBUG c.q.p.dao.SRoleDao.findSRoleListBySPermissionUrl - <==      Total: 2
2020-03-22 16:59:54.465 [http-nio-8080-exec-8] INFO  c.q.p.c.VFilterInvocationSecurityMetadataSource - VFilterInvocationSecurityMetadataSource getAttributes [sRoleList=[{"id":1,"role":"R_ADMIN","describe":"大总管，所有权限"},{"id":2,"role":"R_HELLO","describe":"说hello相关的权限"}]]
2020-03-22 16:59:54.466 [http-nio-8080-exec-8] DEBUG c.q.p.d.S.findSPermissionListBySPermissionUrl - ==>  Preparing: SELECT * FROM s_permission sp WHERE sp.url = ? 
2020-03-22 16:59:54.466 [http-nio-8080-exec-8] DEBUG c.q.p.d.S.findSPermissionListBySPermissionUrl - ==> Parameters: /index(String)
2020-03-22 16:59:54.468 [http-nio-8080-exec-8] DEBUG c.q.p.d.S.findSPermissionListBySPermissionUrl - <==      Total: 1
2020-03-22 16:59:54.469 [http-nio-8080-exec-8] INFO  c.q.p.c.VFilterInvocationSecurityMetadataSource - VFilterInvocationSecurityMetadataSource getAttributes [sPermissionList=[{"id":1,"permission":"P_INDEX","url":"/index","describe":"index页面资源"}]]
2020-03-22 16:59:54.470 [http-nio-8080-exec-8] INFO  c.q.p.c.VFilterInvocationSecurityMetadataSource - VFilterInvocationSecurityMetadataSource getAttributes [permissionArray=["R_ADMIN","R_HELLO","P_INDEX"]]
2020-03-22 16:59:54.471 [http-nio-8080-exec-8] INFO  c.q.p.c.VFilterInvocationSecurityMetadataSource - VFilterInvocationSecurityMetadataSource getAttributes [requestUrl=/index]
2020-03-22 16:59:54.472 [http-nio-8080-exec-8] DEBUG c.q.p.dao.SRoleDao.findSRoleListBySPermissionUrl - ==>  Preparing: SELECT sr.* FROM s_role sr LEFT JOIN s_role_permission srp ON sr.id = srp.fk_role_id LEFT JOIN s_permission sp ON srp.fk_permission_id = sp.id WHERE sp.url = ? 
2020-03-22 16:59:54.473 [http-nio-8080-exec-8] DEBUG c.q.p.dao.SRoleDao.findSRoleListBySPermissionUrl - ==> Parameters: /index(String)
2020-03-22 16:59:54.477 [http-nio-8080-exec-8] DEBUG c.q.p.dao.SRoleDao.findSRoleListBySPermissionUrl - <==      Total: 2
2020-03-22 16:59:54.478 [http-nio-8080-exec-8] INFO  c.q.p.c.VFilterInvocationSecurityMetadataSource - VFilterInvocationSecurityMetadataSource getAttributes [sRoleList=[{"id":1,"role":"R_ADMIN","describe":"大总管，所有权限"},{"id":2,"role":"R_HELLO","describe":"说hello相关的权限"}]]
2020-03-22 16:59:54.478 [http-nio-8080-exec-8] DEBUG c.q.p.d.S.findSPermissionListBySPermissionUrl - ==>  Preparing: SELECT * FROM s_permission sp WHERE sp.url = ? 
2020-03-22 16:59:54.479 [http-nio-8080-exec-8] DEBUG c.q.p.d.S.findSPermissionListBySPermissionUrl - ==> Parameters: /index(String)
2020-03-22 16:59:54.481 [http-nio-8080-exec-8] DEBUG c.q.p.d.S.findSPermissionListBySPermissionUrl - <==      Total: 1
2020-03-22 16:59:54.481 [http-nio-8080-exec-8] INFO  c.q.p.c.VFilterInvocationSecurityMetadataSource - VFilterInvocationSecurityMetadataSource getAttributes [sPermissionList=[{"id":1,"permission":"P_INDEX","url":"/index","describe":"index页面资源"}]]
2020-03-22 16:59:54.482 [http-nio-8080-exec-8] INFO  c.q.p.c.VFilterInvocationSecurityMetadataSource - VFilterInvocationSecurityMetadataSource getAttributes [permissionArray=["R_ADMIN","R_HELLO","P_INDEX"]]
2020-03-22 16:59:54.482 [http-nio-8080-exec-8] INFO  cn.qianshu.pingfen.controller.IndexController - index page
2020-03-22 16:59:54.511 [http-nio-8080-exec-7] INFO  c.q.p.c.VFilterInvocationSecurityMetadataSource - VFilterInvocationSecurityMetadataSource getAttributes [requestUrl=/vue/index.css]
2020-03-22 16:59:54.511 [http-nio-8080-exec-6] INFO  c.q.p.c.VFilterInvocationSecurityMetadataSource - VFilterInvocationSecurityMetadataSource getAttributes [requestUrl=/vue/custom.css]
2020-03-22 16:59:54.512 [http-nio-8080-exec-7] DEBUG c.q.p.dao.SRoleDao.findSRoleListBySPermissionUrl - ==>  Preparing: SELECT sr.* FROM s_role sr LEFT JOIN s_role_permission srp ON sr.id = srp.fk_role_id LEFT JOIN s_permission sp ON srp.fk_permission_id = sp.id WHERE sp.url = ? 
2020-03-22 16:59:54.512 [http-nio-8080-exec-6] DEBUG c.q.p.dao.SRoleDao.findSRoleListBySPermissionUrl - ==>  Preparing: SELECT sr.* FROM s_role sr LEFT JOIN s_role_permission srp ON sr.id = srp.fk_role_id LEFT JOIN s_permission sp ON srp.fk_permission_id = sp.id WHERE sp.url = ? 
2020-03-22 16:59:54.512 [http-nio-8080-exec-7] DEBUG c.q.p.dao.SRoleDao.findSRoleListBySPermissionUrl - ==> Parameters: /vue/index.css(String)
2020-03-22 16:59:54.513 [http-nio-8080-exec-6] DEBUG c.q.p.dao.SRoleDao.findSRoleListBySPermissionUrl - ==> Parameters: /vue/custom.css(String)
2020-03-22 16:59:54.515 [http-nio-8080-exec-7] DEBUG c.q.p.dao.SRoleDao.findSRoleListBySPermissionUrl - <==      Total: 0
2020-03-22 16:59:54.517 [http-nio-8080-exec-6] DEBUG c.q.p.dao.SRoleDao.findSRoleListBySPermissionUrl - <==      Total: 0
2020-03-22 16:59:54.519 [http-nio-8080-exec-6] INFO  c.q.p.c.VFilterInvocationSecurityMetadataSource - VFilterInvocationSecurityMetadataSource getAttributes [sRoleList=[]]
2020-03-22 16:59:54.520 [http-nio-8080-exec-6] DEBUG c.q.p.d.S.findSPermissionListBySPermissionUrl - ==>  Preparing: SELECT * FROM s_permission sp WHERE sp.url = ? 
2020-03-22 16:59:54.520 [http-nio-8080-exec-7] INFO  c.q.p.c.VFilterInvocationSecurityMetadataSource - VFilterInvocationSecurityMetadataSource getAttributes [sRoleList=[]]
2020-03-22 16:59:54.521 [http-nio-8080-exec-6] DEBUG c.q.p.d.S.findSPermissionListBySPermissionUrl - ==> Parameters: /vue/custom.css(String)
2020-03-22 16:59:54.521 [http-nio-8080-exec-1] INFO  c.q.p.c.VFilterInvocationSecurityMetadataSource - VFilterInvocationSecurityMetadataSource getAttributes [requestUrl=/vue/vue.js]
2020-03-22 16:59:54.522 [http-nio-8080-exec-1] DEBUG c.q.p.dao.SRoleDao.findSRoleListBySPermissionUrl - ==>  Preparing: SELECT sr.* FROM s_role sr LEFT JOIN s_role_permission srp ON sr.id = srp.fk_role_id LEFT JOIN s_permission sp ON srp.fk_permission_id = sp.id WHERE sp.url = ? 
2020-03-22 16:59:54.522 [http-nio-8080-exec-1] DEBUG c.q.p.dao.SRoleDao.findSRoleListBySPermissionUrl - ==> Parameters: /vue/vue.js(String)
2020-03-22 16:59:54.523 [http-nio-8080-exec-9] INFO  c.q.p.c.VFilterInvocationSecurityMetadataSource - VFilterInvocationSecurityMetadataSource getAttributes [requestUrl=/vue/index.js]
2020-03-22 16:59:54.523 [http-nio-8080-exec-7] DEBUG c.q.p.d.S.findSPermissionListBySPermissionUrl - ==>  Preparing: SELECT * FROM s_permission sp WHERE sp.url = ? 
2020-03-22 16:59:54.524 [http-nio-8080-exec-1] DEBUG c.q.p.dao.SRoleDao.findSRoleListBySPermissionUrl - <==      Total: 0
2020-03-22 16:59:54.524 [http-nio-8080-exec-6] DEBUG c.q.p.d.S.findSPermissionListBySPermissionUrl - <==      Total: 0
2020-03-22 16:59:54.524 [http-nio-8080-exec-7] DEBUG c.q.p.d.S.findSPermissionListBySPermissionUrl - ==> Parameters: /vue/index.css(String)
2020-03-22 16:59:54.525 [http-nio-8080-exec-1] INFO  c.q.p.c.VFilterInvocationSecurityMetadataSource - VFilterInvocationSecurityMetadataSource getAttributes [sRoleList=[]]
2020-03-22 16:59:54.525 [http-nio-8080-exec-6] INFO  c.q.p.c.VFilterInvocationSecurityMetadataSource - VFilterInvocationSecurityMetadataSource getAttributes [sPermissionList=[]]
2020-03-22 16:59:54.525 [http-nio-8080-exec-1] DEBUG c.q.p.d.S.findSPermissionListBySPermissionUrl - ==>  Preparing: SELECT * FROM s_permission sp WHERE sp.url = ? 
2020-03-22 16:59:54.525 [http-nio-8080-exec-6] INFO  c.q.p.c.VFilterInvocationSecurityMetadataSource - VFilterInvocationSecurityMetadataSource getAttributes [requestUrl=/vue/custom.css]
2020-03-22 16:59:54.526 [http-nio-8080-exec-1] DEBUG c.q.p.d.S.findSPermissionListBySPermissionUrl - ==> Parameters: /vue/vue.js(String)
2020-03-22 16:59:54.526 [http-nio-8080-exec-6] DEBUG c.q.p.dao.SRoleDao.findSRoleListBySPermissionUrl - ==>  Preparing: SELECT sr.* FROM s_role sr LEFT JOIN s_role_permission srp ON sr.id = srp.fk_role_id LEFT JOIN s_permission sp ON srp.fk_permission_id = sp.id WHERE sp.url = ? 
2020-03-22 16:59:54.526 [http-nio-8080-exec-1] DEBUG c.q.p.d.S.findSPermissionListBySPermissionUrl - <==      Total: 0
2020-03-22 16:59:54.527 [http-nio-8080-exec-6] DEBUG c.q.p.dao.SRoleDao.findSRoleListBySPermissionUrl - ==> Parameters: /vue/custom.css(String)
2020-03-22 16:59:54.527 [http-nio-8080-exec-1] INFO  c.q.p.c.VFilterInvocationSecurityMetadataSource - VFilterInvocationSecurityMetadataSource getAttributes [sPermissionList=[]]
2020-03-22 16:59:54.527 [http-nio-8080-exec-1] INFO  c.q.p.c.VFilterInvocationSecurityMetadataSource - VFilterInvocationSecurityMetadataSource getAttributes [requestUrl=/vue/vue.js]
2020-03-22 16:59:54.527 [http-nio-8080-exec-1] DEBUG c.q.p.dao.SRoleDao.findSRoleListBySPermissionUrl - ==>  Preparing: SELECT sr.* FROM s_role sr LEFT JOIN s_role_permission srp ON sr.id = srp.fk_role_id LEFT JOIN s_permission sp ON srp.fk_permission_id = sp.id WHERE sp.url = ? 
2020-03-22 16:59:54.528 [http-nio-8080-exec-1] DEBUG c.q.p.dao.SRoleDao.findSRoleListBySPermissionUrl - ==> Parameters: /vue/vue.js(String)
2020-03-22 16:59:54.528 [http-nio-8080-exec-2] INFO  c.q.p.c.VFilterInvocationSecurityMetadataSource - VFilterInvocationSecurityMetadataSource getAttributes [requestUrl=/vue/vue-router.js]
2020-03-22 16:59:54.529 [http-nio-8080-exec-10] INFO  c.q.p.c.VFilterInvocationSecurityMetadataSource - VFilterInvocationSecurityMetadataSource getAttributes [requestUrl=/vue/axios.min.js]
2020-03-22 16:59:54.531 [http-nio-8080-exec-1] DEBUG c.q.p.dao.SRoleDao.findSRoleListBySPermissionUrl - <==      Total: 0
2020-03-22 16:59:54.532 [http-nio-8080-exec-1] INFO  c.q.p.c.VFilterInvocationSecurityMetadataSource - VFilterInvocationSecurityMetadataSource getAttributes [sRoleList=[]]
2020-03-22 16:59:54.532 [http-nio-8080-exec-6] DEBUG c.q.p.dao.SRoleDao.findSRoleListBySPermissionUrl - <==      Total: 0
2020-03-22 16:59:54.532 [http-nio-8080-exec-1] DEBUG c.q.p.d.S.findSPermissionListBySPermissionUrl - ==>  Preparing: SELECT * FROM s_permission sp WHERE sp.url = ? 
2020-03-22 16:59:54.533 [http-nio-8080-exec-7] DEBUG c.q.p.d.S.findSPermissionListBySPermissionUrl - <==      Total: 0
2020-03-22 16:59:54.533 [http-nio-8080-exec-6] INFO  c.q.p.c.VFilterInvocationSecurityMetadataSource - VFilterInvocationSecurityMetadataSource getAttributes [sRoleList=[]]
2020-03-22 16:59:54.533 [http-nio-8080-exec-1] DEBUG c.q.p.d.S.findSPermissionListBySPermissionUrl - ==> Parameters: /vue/vue.js(String)
2020-03-22 16:59:54.534 [http-nio-8080-exec-7] INFO  c.q.p.c.VFilterInvocationSecurityMetadataSource - VFilterInvocationSecurityMetadataSource getAttributes [sPermissionList=[]]
2020-03-22 16:59:54.534 [http-nio-8080-exec-6] DEBUG c.q.p.d.S.findSPermissionListBySPermissionUrl - ==>  Preparing: SELECT * FROM s_permission sp WHERE sp.url = ? 
2020-03-22 16:59:54.534 [http-nio-8080-exec-7] INFO  c.q.p.c.VFilterInvocationSecurityMetadataSource - VFilterInvocationSecurityMetadataSource getAttributes [requestUrl=/vue/index.css]
2020-03-22 16:59:54.535 [http-nio-8080-exec-7] DEBUG c.q.p.dao.SRoleDao.findSRoleListBySPermissionUrl - ==>  Preparing: SELECT sr.* FROM s_role sr LEFT JOIN s_role_permission srp ON sr.id = srp.fk_role_id LEFT JOIN s_permission sp ON srp.fk_permission_id = sp.id WHERE sp.url = ? 
2020-03-22 16:59:54.535 [http-nio-8080-exec-6] DEBUG c.q.p.d.S.findSPermissionListBySPermissionUrl - ==> Parameters: /vue/custom.css(String)
2020-03-22 16:59:54.536 [http-nio-8080-exec-7] DEBUG c.q.p.dao.SRoleDao.findSRoleListBySPermissionUrl - ==> Parameters: /vue/index.css(String)
2020-03-22 16:59:54.538 [http-nio-8080-exec-9] DEBUG c.q.p.dao.SRoleDao.findSRoleListBySPermissionUrl - ==>  Preparing: SELECT sr.* FROM s_role sr LEFT JOIN s_role_permission srp ON sr.id = srp.fk_role_id LEFT JOIN s_permission sp ON srp.fk_permission_id = sp.id WHERE sp.url = ? 
2020-03-22 16:59:54.538 [http-nio-8080-exec-1] DEBUG c.q.p.d.S.findSPermissionListBySPermissionUrl - <==      Total: 0
2020-03-22 16:59:54.539 [http-nio-8080-exec-6] DEBUG c.q.p.d.S.findSPermissionListBySPermissionUrl - <==      Total: 0
2020-03-22 16:59:54.539 [http-nio-8080-exec-1] INFO  c.q.p.c.VFilterInvocationSecurityMetadataSource - VFilterInvocationSecurityMetadataSource getAttributes [sPermissionList=[]]
2020-03-22 16:59:54.540 [http-nio-8080-exec-6] INFO  c.q.p.c.VFilterInvocationSecurityMetadataSource - VFilterInvocationSecurityMetadataSource getAttributes [sPermissionList=[]]
2020-03-22 16:59:54.542 [http-nio-8080-exec-7] DEBUG c.q.p.dao.SRoleDao.findSRoleListBySPermissionUrl - <==      Total: 0
2020-03-22 16:59:54.543 [http-nio-8080-exec-7] INFO  c.q.p.c.VFilterInvocationSecurityMetadataSource - VFilterInvocationSecurityMetadataSource getAttributes [sRoleList=[]]
2020-03-22 16:59:54.543 [http-nio-8080-exec-7] DEBUG c.q.p.d.S.findSPermissionListBySPermissionUrl - ==>  Preparing: SELECT * FROM s_permission sp WHERE sp.url = ? 
2020-03-22 16:59:54.544 [http-nio-8080-exec-7] DEBUG c.q.p.d.S.findSPermissionListBySPermissionUrl - ==> Parameters: /vue/index.css(String)
2020-03-22 16:59:54.546 [http-nio-8080-exec-2] DEBUG c.q.p.dao.SRoleDao.findSRoleListBySPermissionUrl - ==>  Preparing: SELECT sr.* FROM s_role sr LEFT JOIN s_role_permission srp ON sr.id = srp.fk_role_id LEFT JOIN s_permission sp ON srp.fk_permission_id = sp.id WHERE sp.url = ? 
2020-03-22 16:59:54.547 [http-nio-8080-exec-2] DEBUG c.q.p.dao.SRoleDao.findSRoleListBySPermissionUrl - ==> Parameters: /vue/vue-router.js(String)
2020-03-22 16:59:54.551 [http-nio-8080-exec-9] DEBUG c.q.p.dao.SRoleDao.findSRoleListBySPermissionUrl - ==> Parameters: /vue/index.js(String)
2020-03-22 16:59:54.551 [http-nio-8080-exec-2] DEBUG c.q.p.dao.SRoleDao.findSRoleListBySPermissionUrl - <==      Total: 0
2020-03-22 16:59:54.552 [http-nio-8080-exec-2] INFO  c.q.p.c.VFilterInvocationSecurityMetadataSource - VFilterInvocationSecurityMetadataSource getAttributes [sRoleList=[]]
2020-03-22 16:59:54.553 [http-nio-8080-exec-7] DEBUG c.q.p.d.S.findSPermissionListBySPermissionUrl - <==      Total: 0
2020-03-22 16:59:54.554 [http-nio-8080-exec-7] INFO  c.q.p.c.VFilterInvocationSecurityMetadataSource - VFilterInvocationSecurityMetadataSource getAttributes [sPermissionList=[]]
2020-03-22 16:59:54.554 [http-nio-8080-exec-2] DEBUG c.q.p.d.S.findSPermissionListBySPermissionUrl - ==>  Preparing: SELECT * FROM s_permission sp WHERE sp.url = ? 
2020-03-22 16:59:54.558 [http-nio-8080-exec-2] DEBUG c.q.p.d.S.findSPermissionListBySPermissionUrl - ==> Parameters: /vue/vue-router.js(String)
2020-03-22 16:59:54.559 [http-nio-8080-exec-9] DEBUG c.q.p.dao.SRoleDao.findSRoleListBySPermissionUrl - <==      Total: 0
2020-03-22 16:59:54.560 [http-nio-8080-exec-9] INFO  c.q.p.c.VFilterInvocationSecurityMetadataSource - VFilterInvocationSecurityMetadataSource getAttributes [sRoleList=[]]
2020-03-22 16:59:54.561 [http-nio-8080-exec-9] DEBUG c.q.p.d.S.findSPermissionListBySPermissionUrl - ==>  Preparing: SELECT * FROM s_permission sp WHERE sp.url = ? 
2020-03-22 16:59:54.562 [http-nio-8080-exec-9] DEBUG c.q.p.d.S.findSPermissionListBySPermissionUrl - ==> Parameters: /vue/index.js(String)
2020-03-22 16:59:54.564 [http-nio-8080-exec-4] INFO  c.q.p.c.VFilterInvocationSecurityMetadataSource - VFilterInvocationSecurityMetadataSource getAttributes [requestUrl=/vue/router1.js]
2020-03-22 16:59:54.565 [http-nio-8080-exec-4] DEBUG c.q.p.dao.SRoleDao.findSRoleListBySPermissionUrl - ==>  Preparing: SELECT sr.* FROM s_role sr LEFT JOIN s_role_permission srp ON sr.id = srp.fk_role_id LEFT JOIN s_permission sp ON srp.fk_permission_id = sp.id WHERE sp.url = ? 
2020-03-22 16:59:54.565 [http-nio-8080-exec-2] DEBUG c.q.p.d.S.findSPermissionListBySPermissionUrl - <==      Total: 0
2020-03-22 16:59:54.565 [http-nio-8080-exec-4] DEBUG c.q.p.dao.SRoleDao.findSRoleListBySPermissionUrl - ==> Parameters: /vue/router1.js(String)
2020-03-22 16:59:54.567 [http-nio-8080-exec-9] DEBUG c.q.p.d.S.findSPermissionListBySPermissionUrl - <==      Total: 0
2020-03-22 16:59:54.566 [http-nio-8080-exec-10] DEBUG c.q.p.dao.SRoleDao.findSRoleListBySPermissionUrl - ==>  Preparing: SELECT sr.* FROM s_role sr LEFT JOIN s_role_permission srp ON sr.id = srp.fk_role_id LEFT JOIN s_permission sp ON srp.fk_permission_id = sp.id WHERE sp.url = ? 
2020-03-22 16:59:54.568 [http-nio-8080-exec-9] INFO  c.q.p.c.VFilterInvocationSecurityMetadataSource - VFilterInvocationSecurityMetadataSource getAttributes [sPermissionList=[]]
2020-03-22 16:59:54.569 [http-nio-8080-exec-2] INFO  c.q.p.c.VFilterInvocationSecurityMetadataSource - VFilterInvocationSecurityMetadataSource getAttributes [sPermissionList=[]]
2020-03-22 16:59:54.569 [http-nio-8080-exec-9] INFO  c.q.p.c.VFilterInvocationSecurityMetadataSource - VFilterInvocationSecurityMetadataSource getAttributes [requestUrl=/vue/index.js]
2020-03-22 16:59:54.570 [http-nio-8080-exec-9] DEBUG c.q.p.dao.SRoleDao.findSRoleListBySPermissionUrl - ==>  Preparing: SELECT sr.* FROM s_role sr LEFT JOIN s_role_permission srp ON sr.id = srp.fk_role_id LEFT JOIN s_permission sp ON srp.fk_permission_id = sp.id WHERE sp.url = ? 
2020-03-22 16:59:54.570 [http-nio-8080-exec-2] INFO  c.q.p.c.VFilterInvocationSecurityMetadataSource - VFilterInvocationSecurityMetadataSource getAttributes [requestUrl=/vue/vue-router.js]
2020-03-22 16:59:54.570 [http-nio-8080-exec-9] DEBUG c.q.p.dao.SRoleDao.findSRoleListBySPermissionUrl - ==> Parameters: /vue/index.js(String)
2020-03-22 16:59:54.570 [http-nio-8080-exec-10] DEBUG c.q.p.dao.SRoleDao.findSRoleListBySPermissionUrl - ==> Parameters: /vue/axios.min.js(String)
2020-03-22 16:59:54.571 [http-nio-8080-exec-2] DEBUG c.q.p.dao.SRoleDao.findSRoleListBySPermissionUrl - ==>  Preparing: SELECT sr.* FROM s_role sr LEFT JOIN s_role_permission srp ON sr.id = srp.fk_role_id LEFT JOIN s_permission sp ON srp.fk_permission_id = sp.id WHERE sp.url = ? 
2020-03-22 16:59:54.573 [http-nio-8080-exec-9] DEBUG c.q.p.dao.SRoleDao.findSRoleListBySPermissionUrl - <==      Total: 0
2020-03-22 16:59:54.574 [http-nio-8080-exec-2] DEBUG c.q.p.dao.SRoleDao.findSRoleListBySPermissionUrl - ==> Parameters: /vue/vue-router.js(String)
2020-03-22 16:59:54.576 [http-nio-8080-exec-10] DEBUG c.q.p.dao.SRoleDao.findSRoleListBySPermissionUrl - <==      Total: 0
2020-03-22 16:59:54.577 [http-nio-8080-exec-4] DEBUG c.q.p.dao.SRoleDao.findSRoleListBySPermissionUrl - <==      Total: 0
2020-03-22 16:59:54.661 [http-nio-8080-exec-9] INFO  c.q.p.c.VFilterInvocationSecurityMetadataSource - VFilterInvocationSecurityMetadataSource getAttributes [sRoleList=[]]
2020-03-22 16:59:54.661 [http-nio-8080-exec-10] INFO  c.q.p.c.VFilterInvocationSecurityMetadataSource - VFilterInvocationSecurityMetadataSource getAttributes [sRoleList=[]]
2020-03-22 16:59:54.661 [http-nio-8080-exec-9] DEBUG c.q.p.d.S.findSPermissionListBySPermissionUrl - ==>  Preparing: SELECT * FROM s_permission sp WHERE sp.url = ? 
2020-03-22 16:59:54.662 [http-nio-8080-exec-10] DEBUG c.q.p.d.S.findSPermissionListBySPermissionUrl - ==>  Preparing: SELECT * FROM s_permission sp WHERE sp.url = ? 
2020-03-22 16:59:54.662 [http-nio-8080-exec-9] DEBUG c.q.p.d.S.findSPermissionListBySPermissionUrl - ==> Parameters: /vue/index.js(String)
2020-03-22 16:59:54.663 [http-nio-8080-exec-2] DEBUG c.q.p.dao.SRoleDao.findSRoleListBySPermissionUrl - <==      Total: 0
2020-03-22 16:59:54.663 [http-nio-8080-exec-4] INFO  c.q.p.c.VFilterInvocationSecurityMetadataSource - VFilterInvocationSecurityMetadataSource getAttributes [sRoleList=[]]
2020-03-22 16:59:54.663 [http-nio-8080-exec-4] DEBUG c.q.p.d.S.findSPermissionListBySPermissionUrl - ==>  Preparing: SELECT * FROM s_permission sp WHERE sp.url = ? 
2020-03-22 16:59:54.663 [http-nio-8080-exec-2] INFO  c.q.p.c.VFilterInvocationSecurityMetadataSource - VFilterInvocationSecurityMetadataSource getAttributes [sRoleList=[]]
2020-03-22 16:59:54.664 [http-nio-8080-exec-2] DEBUG c.q.p.d.S.findSPermissionListBySPermissionUrl - ==>  Preparing: SELECT * FROM s_permission sp WHERE sp.url = ? 
2020-03-22 16:59:54.664 [http-nio-8080-exec-10] DEBUG c.q.p.d.S.findSPermissionListBySPermissionUrl - ==> Parameters: /vue/axios.min.js(String)
2020-03-22 16:59:54.665 [http-nio-8080-exec-2] DEBUG c.q.p.d.S.findSPermissionListBySPermissionUrl - ==> Parameters: /vue/vue-router.js(String)
2020-03-22 16:59:54.665 [http-nio-8080-exec-9] DEBUG c.q.p.d.S.findSPermissionListBySPermissionUrl - <==      Total: 0
2020-03-22 16:59:54.666 [http-nio-8080-exec-2] DEBUG c.q.p.d.S.findSPermissionListBySPermissionUrl - <==      Total: 0
2020-03-22 16:59:54.665 [http-nio-8080-exec-9] INFO  c.q.p.c.VFilterInvocationSecurityMetadataSource - VFilterInvocationSecurityMetadataSource getAttributes [sPermissionList=[]]
2020-03-22 16:59:54.666 [http-nio-8080-exec-2] INFO  c.q.p.c.VFilterInvocationSecurityMetadataSource - VFilterInvocationSecurityMetadataSource getAttributes [sPermissionList=[]]
2020-03-22 16:59:54.672 [http-nio-8080-exec-10] DEBUG c.q.p.d.S.findSPermissionListBySPermissionUrl - <==      Total: 0
2020-03-22 16:59:54.674 [http-nio-8080-exec-10] INFO  c.q.p.c.VFilterInvocationSecurityMetadataSource - VFilterInvocationSecurityMetadataSource getAttributes [sPermissionList=[]]
2020-03-22 16:59:54.674 [http-nio-8080-exec-10] INFO  c.q.p.c.VFilterInvocationSecurityMetadataSource - VFilterInvocationSecurityMetadataSource getAttributes [requestUrl=/vue/axios.min.js]
2020-03-22 16:59:54.675 [http-nio-8080-exec-10] DEBUG c.q.p.dao.SRoleDao.findSRoleListBySPermissionUrl - ==>  Preparing: SELECT sr.* FROM s_role sr LEFT JOIN s_role_permission srp ON sr.id = srp.fk_role_id LEFT JOIN s_permission sp ON srp.fk_permission_id = sp.id WHERE sp.url = ? 
2020-03-22 16:59:54.676 [http-nio-8080-exec-10] DEBUG c.q.p.dao.SRoleDao.findSRoleListBySPermissionUrl - ==> Parameters: /vue/axios.min.js(String)
2020-03-22 16:59:54.678 [http-nio-8080-exec-4] DEBUG c.q.p.d.S.findSPermissionListBySPermissionUrl - ==> Parameters: /vue/router1.js(String)
2020-03-22 16:59:54.680 [http-nio-8080-exec-10] DEBUG c.q.p.dao.SRoleDao.findSRoleListBySPermissionUrl - <==      Total: 0
2020-03-22 16:59:54.680 [http-nio-8080-exec-4] DEBUG c.q.p.d.S.findSPermissionListBySPermissionUrl - <==      Total: 0
2020-03-22 16:59:54.681 [http-nio-8080-exec-4] INFO  c.q.p.c.VFilterInvocationSecurityMetadataSource - VFilterInvocationSecurityMetadataSource getAttributes [sPermissionList=[]]
2020-03-22 16:59:54.681 [http-nio-8080-exec-10] INFO  c.q.p.c.VFilterInvocationSecurityMetadataSource - VFilterInvocationSecurityMetadataSource getAttributes [sRoleList=[]]
2020-03-22 16:59:54.682 [http-nio-8080-exec-4] INFO  c.q.p.c.VFilterInvocationSecurityMetadataSource - VFilterInvocationSecurityMetadataSource getAttributes [requestUrl=/vue/router1.js]
2020-03-22 16:59:54.682 [http-nio-8080-exec-10] DEBUG c.q.p.d.S.findSPermissionListBySPermissionUrl - ==>  Preparing: SELECT * FROM s_permission sp WHERE sp.url = ? 
2020-03-22 16:59:54.682 [http-nio-8080-exec-4] DEBUG c.q.p.dao.SRoleDao.findSRoleListBySPermissionUrl - ==>  Preparing: SELECT sr.* FROM s_role sr LEFT JOIN s_role_permission srp ON sr.id = srp.fk_role_id LEFT JOIN s_permission sp ON srp.fk_permission_id = sp.id WHERE sp.url = ? 
2020-03-22 16:59:54.683 [http-nio-8080-exec-10] DEBUG c.q.p.d.S.findSPermissionListBySPermissionUrl - ==> Parameters: /vue/axios.min.js(String)
2020-03-22 16:59:54.684 [http-nio-8080-exec-4] DEBUG c.q.p.dao.SRoleDao.findSRoleListBySPermissionUrl - ==> Parameters: /vue/router1.js(String)
2020-03-22 16:59:54.685 [http-nio-8080-exec-10] DEBUG c.q.p.d.S.findSPermissionListBySPermissionUrl - <==      Total: 0
2020-03-22 16:59:54.685 [http-nio-8080-exec-10] INFO  c.q.p.c.VFilterInvocationSecurityMetadataSource - VFilterInvocationSecurityMetadataSource getAttributes [sPermissionList=[]]
2020-03-22 16:59:54.688 [http-nio-8080-exec-4] DEBUG c.q.p.dao.SRoleDao.findSRoleListBySPermissionUrl - <==      Total: 0
2020-03-22 16:59:54.689 [http-nio-8080-exec-4] INFO  c.q.p.c.VFilterInvocationSecurityMetadataSource - VFilterInvocationSecurityMetadataSource getAttributes [sRoleList=[]]
2020-03-22 16:59:54.689 [http-nio-8080-exec-4] DEBUG c.q.p.d.S.findSPermissionListBySPermissionUrl - ==>  Preparing: SELECT * FROM s_permission sp WHERE sp.url = ? 
2020-03-22 16:59:54.690 [http-nio-8080-exec-4] DEBUG c.q.p.d.S.findSPermissionListBySPermissionUrl - ==> Parameters: /vue/router1.js(String)
2020-03-22 16:59:54.696 [http-nio-8080-exec-4] DEBUG c.q.p.d.S.findSPermissionListBySPermissionUrl - <==      Total: 0
2020-03-22 16:59:54.697 [http-nio-8080-exec-4] INFO  c.q.p.c.VFilterInvocationSecurityMetadataSource - VFilterInvocationSecurityMetadataSource getAttributes [sPermissionList=[]]
2020-03-22 16:59:54.905 [http-nio-8080-exec-3] INFO  c.q.p.c.VFilterInvocationSecurityMetadataSource - VFilterInvocationSecurityMetadataSource getAttributes [requestUrl=/activity/get_by_useruanme]
2020-03-22 16:59:54.906 [http-nio-8080-exec-3] DEBUG c.q.p.dao.SRoleDao.findSRoleListBySPermissionUrl - ==>  Preparing: SELECT sr.* FROM s_role sr LEFT JOIN s_role_permission srp ON sr.id = srp.fk_role_id LEFT JOIN s_permission sp ON srp.fk_permission_id = sp.id WHERE sp.url = ? 
2020-03-22 16:59:54.907 [http-nio-8080-exec-3] DEBUG c.q.p.dao.SRoleDao.findSRoleListBySPermissionUrl - ==> Parameters: /activity/get_by_useruanme(String)
2020-03-22 16:59:54.911 [http-nio-8080-exec-3] DEBUG c.q.p.dao.SRoleDao.findSRoleListBySPermissionUrl - <==      Total: 0
2020-03-22 16:59:54.911 [http-nio-8080-exec-5] INFO  c.q.p.c.VFilterInvocationSecurityMetadataSource - VFilterInvocationSecurityMetadataSource getAttributes [requestUrl=/vue/fonts/element-icons.woff]
2020-03-22 16:59:54.911 [http-nio-8080-exec-5] DEBUG c.q.p.dao.SRoleDao.findSRoleListBySPermissionUrl - ==>  Preparing: SELECT sr.* FROM s_role sr LEFT JOIN s_role_permission srp ON sr.id = srp.fk_role_id LEFT JOIN s_permission sp ON srp.fk_permission_id = sp.id WHERE sp.url = ? 
2020-03-22 16:59:54.911 [http-nio-8080-exec-3] INFO  c.q.p.c.VFilterInvocationSecurityMetadataSource - VFilterInvocationSecurityMetadataSource getAttributes [sRoleList=[]]
2020-03-22 16:59:54.912 [http-nio-8080-exec-5] DEBUG c.q.p.dao.SRoleDao.findSRoleListBySPermissionUrl - ==> Parameters: /vue/fonts/element-icons.woff(String)
2020-03-22 16:59:54.912 [http-nio-8080-exec-3] DEBUG c.q.p.d.S.findSPermissionListBySPermissionUrl - ==>  Preparing: SELECT * FROM s_permission sp WHERE sp.url = ? 
2020-03-22 16:59:54.913 [http-nio-8080-exec-3] DEBUG c.q.p.d.S.findSPermissionListBySPermissionUrl - ==> Parameters: /activity/get_by_useruanme(String)
2020-03-22 16:59:54.914 [http-nio-8080-exec-5] DEBUG c.q.p.dao.SRoleDao.findSRoleListBySPermissionUrl - <==      Total: 0
2020-03-22 16:59:54.915 [http-nio-8080-exec-5] INFO  c.q.p.c.VFilterInvocationSecurityMetadataSource - VFilterInvocationSecurityMetadataSource getAttributes [sRoleList=[]]
2020-03-22 16:59:54.915 [http-nio-8080-exec-5] DEBUG c.q.p.d.S.findSPermissionListBySPermissionUrl - ==>  Preparing: SELECT * FROM s_permission sp WHERE sp.url = ? 
2020-03-22 16:59:54.916 [http-nio-8080-exec-5] DEBUG c.q.p.d.S.findSPermissionListBySPermissionUrl - ==> Parameters: /vue/fonts/element-icons.woff(String)
2020-03-22 16:59:54.916 [http-nio-8080-exec-3] DEBUG c.q.p.d.S.findSPermissionListBySPermissionUrl - <==      Total: 0
2020-03-22 16:59:54.917 [http-nio-8080-exec-5] DEBUG c.q.p.d.S.findSPermissionListBySPermissionUrl - <==      Total: 0
2020-03-22 16:59:54.917 [http-nio-8080-exec-3] INFO  c.q.p.c.VFilterInvocationSecurityMetadataSource - VFilterInvocationSecurityMetadataSource getAttributes [sPermissionList=[]]
2020-03-22 16:59:54.917 [http-nio-8080-exec-5] INFO  c.q.p.c.VFilterInvocationSecurityMetadataSource - VFilterInvocationSecurityMetadataSource getAttributes [sPermissionList=[]]
2020-03-22 16:59:54.918 [http-nio-8080-exec-5] INFO  c.q.p.c.VFilterInvocationSecurityMetadataSource - VFilterInvocationSecurityMetadataSource getAttributes [requestUrl=/vue/fonts/element-icons.woff]
2020-03-22 16:59:54.918 [http-nio-8080-exec-3] INFO  c.q.p.c.VFilterInvocationSecurityMetadataSource - VFilterInvocationSecurityMetadataSource getAttributes [requestUrl=/activity/get_by_useruanme]
2020-03-22 16:59:54.918 [http-nio-8080-exec-5] DEBUG c.q.p.dao.SRoleDao.findSRoleListBySPermissionUrl - ==>  Preparing: SELECT sr.* FROM s_role sr LEFT JOIN s_role_permission srp ON sr.id = srp.fk_role_id LEFT JOIN s_permission sp ON srp.fk_permission_id = sp.id WHERE sp.url = ? 
2020-03-22 16:59:54.919 [http-nio-8080-exec-5] DEBUG c.q.p.dao.SRoleDao.findSRoleListBySPermissionUrl - ==> Parameters: /vue/fonts/element-icons.woff(String)
2020-03-22 16:59:54.919 [http-nio-8080-exec-3] DEBUG c.q.p.dao.SRoleDao.findSRoleListBySPermissionUrl - ==>  Preparing: SELECT sr.* FROM s_role sr LEFT JOIN s_role_permission srp ON sr.id = srp.fk_role_id LEFT JOIN s_permission sp ON srp.fk_permission_id = sp.id WHERE sp.url = ? 
2020-03-22 16:59:54.920 [http-nio-8080-exec-3] DEBUG c.q.p.dao.SRoleDao.findSRoleListBySPermissionUrl - ==> Parameters: /activity/get_by_useruanme(String)
2020-03-22 16:59:54.922 [http-nio-8080-exec-5] DEBUG c.q.p.dao.SRoleDao.findSRoleListBySPermissionUrl - <==      Total: 0
2020-03-22 16:59:54.923 [http-nio-8080-exec-5] INFO  c.q.p.c.VFilterInvocationSecurityMetadataSource - VFilterInvocationSecurityMetadataSource getAttributes [sRoleList=[]]
2020-03-22 16:59:54.923 [http-nio-8080-exec-3] DEBUG c.q.p.dao.SRoleDao.findSRoleListBySPermissionUrl - <==      Total: 0
2020-03-22 16:59:54.923 [http-nio-8080-exec-5] DEBUG c.q.p.d.S.findSPermissionListBySPermissionUrl - ==>  Preparing: SELECT * FROM s_permission sp WHERE sp.url = ? 
2020-03-22 16:59:54.923 [http-nio-8080-exec-3] INFO  c.q.p.c.VFilterInvocationSecurityMetadataSource - VFilterInvocationSecurityMetadataSource getAttributes [sRoleList=[]]
2020-03-22 16:59:54.924 [http-nio-8080-exec-3] DEBUG c.q.p.d.S.findSPermissionListBySPermissionUrl - ==>  Preparing: SELECT * FROM s_permission sp WHERE sp.url = ? 
2020-03-22 16:59:54.924 [http-nio-8080-exec-5] DEBUG c.q.p.d.S.findSPermissionListBySPermissionUrl - ==> Parameters: /vue/fonts/element-icons.woff(String)
2020-03-22 16:59:54.925 [http-nio-8080-exec-3] DEBUG c.q.p.d.S.findSPermissionListBySPermissionUrl - ==> Parameters: /activity/get_by_useruanme(String)
2020-03-22 16:59:54.926 [http-nio-8080-exec-5] DEBUG c.q.p.d.S.findSPermissionListBySPermissionUrl - <==      Total: 0
2020-03-22 16:59:54.927 [http-nio-8080-exec-3] DEBUG c.q.p.d.S.findSPermissionListBySPermissionUrl - <==      Total: 0
2020-03-22 16:59:54.927 [http-nio-8080-exec-5] INFO  c.q.p.c.VFilterInvocationSecurityMetadataSource - VFilterInvocationSecurityMetadataSource getAttributes [sPermissionList=[]]
2020-03-22 16:59:54.928 [http-nio-8080-exec-3] INFO  c.q.p.c.VFilterInvocationSecurityMetadataSource - VFilterInvocationSecurityMetadataSource getAttributes [sPermissionList=[]]
2020-03-22 16:59:54.930 [http-nio-8080-exec-3] INFO  cn.qianshu.pingfen.controller.ActivityController - activity controller getactivity get_by_useruanme:admin
2020-03-22 16:59:54.931 [http-nio-8080-exec-3] DEBUG cn.qianshu.pingfen.dao.SActivityDao.findbyUserName - ==>  Preparing: SELECT a.* FROM s_activity a LEFT JOIN s_activity_user au ON a.id = au.activity_id left join s_user u on au.user_id=u.id where u.name=? and a.active=1 ORDER BY a.id 
2020-03-22 16:59:54.932 [http-nio-8080-exec-3] DEBUG cn.qianshu.pingfen.dao.SActivityDao.findbyUserName - ==> Parameters: admin(String)
2020-03-22 16:59:54.936 [http-nio-8080-exec-3] DEBUG cn.qianshu.pingfen.dao.SActivityDao.findbyUserName - <==      Total: 1
2020-03-22 17:00:20.055 [http-nio-8080-exec-4] INFO  c.q.p.c.VFilterInvocationSecurityMetadataSource - VFilterInvocationSecurityMetadataSource getAttributes [requestUrl=/activity_/koufen_page]
2020-03-22 17:00:20.057 [http-nio-8080-exec-4] DEBUG c.q.p.dao.SRoleDao.findSRoleListBySPermissionUrl - ==>  Preparing: SELECT sr.* FROM s_role sr LEFT JOIN s_role_permission srp ON sr.id = srp.fk_role_id LEFT JOIN s_permission sp ON srp.fk_permission_id = sp.id WHERE sp.url = ? 
2020-03-22 17:00:20.058 [http-nio-8080-exec-4] DEBUG c.q.p.dao.SRoleDao.findSRoleListBySPermissionUrl - ==> Parameters: /activity_/koufen_page(String)
2020-03-22 17:00:20.061 [http-nio-8080-exec-4] DEBUG c.q.p.dao.SRoleDao.findSRoleListBySPermissionUrl - <==      Total: 0
2020-03-22 17:00:20.062 [http-nio-8080-exec-4] INFO  c.q.p.c.VFilterInvocationSecurityMetadataSource - VFilterInvocationSecurityMetadataSource getAttributes [sRoleList=[]]
2020-03-22 17:00:20.063 [http-nio-8080-exec-4] DEBUG c.q.p.d.S.findSPermissionListBySPermissionUrl - ==>  Preparing: SELECT * FROM s_permission sp WHERE sp.url = ? 
2020-03-22 17:00:20.063 [http-nio-8080-exec-4] DEBUG c.q.p.d.S.findSPermissionListBySPermissionUrl - ==> Parameters: /activity_/koufen_page(String)
2020-03-22 17:00:20.065 [http-nio-8080-exec-4] DEBUG c.q.p.d.S.findSPermissionListBySPermissionUrl - <==      Total: 0
2020-03-22 17:00:20.065 [http-nio-8080-exec-4] INFO  c.q.p.c.VFilterInvocationSecurityMetadataSource - VFilterInvocationSecurityMetadataSource getAttributes [sPermissionList=[]]
2020-03-22 17:00:20.066 [http-nio-8080-exec-4] INFO  c.q.p.c.VFilterInvocationSecurityMetadataSource - VFilterInvocationSecurityMetadataSource getAttributes [requestUrl=/activity_/koufen_page]
2020-03-22 17:00:20.066 [http-nio-8080-exec-4] DEBUG c.q.p.dao.SRoleDao.findSRoleListBySPermissionUrl - ==>  Preparing: SELECT sr.* FROM s_role sr LEFT JOIN s_role_permission srp ON sr.id = srp.fk_role_id LEFT JOIN s_permission sp ON srp.fk_permission_id = sp.id WHERE sp.url = ? 
2020-03-22 17:00:20.067 [http-nio-8080-exec-4] DEBUG c.q.p.dao.SRoleDao.findSRoleListBySPermissionUrl - ==> Parameters: /activity_/koufen_page(String)
2020-03-22 17:00:20.070 [http-nio-8080-exec-4] DEBUG c.q.p.dao.SRoleDao.findSRoleListBySPermissionUrl - <==      Total: 0
2020-03-22 17:00:20.070 [http-nio-8080-exec-4] INFO  c.q.p.c.VFilterInvocationSecurityMetadataSource - VFilterInvocationSecurityMetadataSource getAttributes [sRoleList=[]]
2020-03-22 17:00:20.071 [http-nio-8080-exec-4] DEBUG c.q.p.d.S.findSPermissionListBySPermissionUrl - ==>  Preparing: SELECT * FROM s_permission sp WHERE sp.url = ? 
2020-03-22 17:00:20.071 [http-nio-8080-exec-4] DEBUG c.q.p.d.S.findSPermissionListBySPermissionUrl - ==> Parameters: /activity_/koufen_page(String)
2020-03-22 17:00:20.072 [http-nio-8080-exec-4] DEBUG c.q.p.d.S.findSPermissionListBySPermissionUrl - <==      Total: 0
2020-03-22 17:00:20.073 [http-nio-8080-exec-4] INFO  c.q.p.c.VFilterInvocationSecurityMetadataSource - VFilterInvocationSecurityMetadataSource getAttributes [sPermissionList=[]]
2020-03-22 17:15:37.321 [RMI TCP Connection(2)-127.0.0.1] INFO  o.s.b.a.SpringApplicationAdminMXBeanRegistrar$SpringApplicationAdmin - Application shutdown requested.
2020-03-22 17:15:37.324 [RMI TCP Connection(2)-127.0.0.1] INFO  o.s.scheduling.concurrent.ThreadPoolTaskExecutor - Shutting down ExecutorService 'applicationTaskExecutor'
2020-03-22 17:15:37.326 [RMI TCP Connection(2)-127.0.0.1] INFO  com.zaxxer.hikari.HikariDataSource - HikariPool-1 - Shutdown initiated...
2020-03-22 17:15:37.333 [RMI TCP Connection(2)-127.0.0.1] INFO  com.zaxxer.hikari.HikariDataSource - HikariPool-1 - Shutdown completed.
