2020-03-17 23:06:18.201 [main] INFO  cn.qianshu.pingfen.PingfenApplication - Starting PingfenApplication on yu-PC with PID 18200 (C:\Users\Administrator\Desktop\pingfen\target\classes started by Administrator in C:\Users\Administrator\Desktop\pingfen)
2020-03-17 23:06:18.234 [main] INFO  cn.qianshu.pingfen.PingfenApplication - No active profile set, falling back to default profiles: default
2020-03-17 23:06:21.115 [main] INFO  o.s.boot.web.embedded.tomcat.TomcatWebServer - Tomcat initialized with port(s): 8080 (http)
2020-03-17 23:06:21.132 [main] INFO  org.apache.coyote.http11.Http11NioProtocol - Initializing ProtocolHandler ["http-nio-8080"]
2020-03-17 23:06:21.133 [main] INFO  org.apache.catalina.core.StandardService - Starting service [Tomcat]
2020-03-17 23:06:21.134 [main] INFO  org.apache.catalina.core.StandardEngine - Starting Servlet engine: [Apache Tomcat/9.0.29]
2020-03-17 23:06:21.215 [main] INFO  o.a.c.core.ContainerBase.[Tomcat].[localhost].[/] - Initializing Spring embedded WebApplicationContext
2020-03-17 23:06:21.216 [main] INFO  org.springframework.web.context.ContextLoader - Root WebApplicationContext: initialization completed in 2708 ms
2020-03-17 23:06:21.612 [main] WARN  c.q.pingfen.config.VFilterSecurityInterceptor - Could not validate configuration attributes as the SecurityMetadataSource did not return any attributes from getAllConfigAttributes()
2020-03-17 23:06:21.619 [main] WARN  c.q.pingfen.config.VFilterSecurityInterceptor - Could not validate configuration attributes as the SecurityMetadataSource did not return any attributes from getAllConfigAttributes()
2020-03-17 23:06:22.386 [main] INFO  o.s.security.web.DefaultSecurityFilterChain - Creating filter chain: Ant [pattern='/css/**'], []
2020-03-17 23:06:22.427 [main] INFO  o.s.security.web.DefaultSecurityFilterChain - Creating filter chain: any request, [org.springframework.security.web.context.request.async.WebAsyncManagerIntegrationFilter@6f4ade6e, org.springframework.security.web.context.SecurityContextPersistenceFilter@25da615a, org.springframework.security.web.header.HeaderWriterFilter@173f73e7, org.springframework.security.web.authentication.logout.LogoutFilter@1640c151, org.springframework.security.web.authentication.UsernamePasswordAuthenticationFilter@3effd4f3, org.springframework.security.web.savedrequest.RequestCacheAwareFilter@7ee3d262, org.springframework.security.web.servletapi.SecurityContextHolderAwareRequestFilter@5176d279, org.springframework.security.web.authentication.AnonymousAuthenticationFilter@39e43310, org.springframework.security.web.session.SessionManagementFilter@2e23c180, org.springframework.security.web.access.ExceptionTranslationFilter@46d567cb, org.springframework.security.web.access.intercept.FilterSecurityInterceptor@7c29adc8]
2020-03-17 23:06:22.608 [main] INFO  o.s.scheduling.concurrent.ThreadPoolTaskExecutor - Initializing ExecutorService 'applicationTaskExecutor'
2020-03-17 23:06:22.851 [main] INFO  o.s.b.a.web.servlet.WelcomePageHandlerMapping - Adding welcome page template: index
2020-03-17 23:06:23.097 [main] INFO  org.apache.coyote.http11.Http11NioProtocol - Starting ProtocolHandler ["http-nio-8080"]
2020-03-17 23:06:23.122 [main] INFO  o.s.boot.web.embedded.tomcat.TomcatWebServer - Tomcat started on port(s): 8080 (http) with context path ''
2020-03-17 23:06:23.125 [main] INFO  cn.qianshu.pingfen.PingfenApplication - Started PingfenApplication in 6.499 seconds (JVM running for 7.903)
2020-03-17 23:08:59.121 [http-nio-8080-exec-1] INFO  o.a.c.core.ContainerBase.[Tomcat].[localhost].[/] - Initializing Spring DispatcherServlet 'dispatcherServlet'
2020-03-17 23:08:59.123 [http-nio-8080-exec-1] INFO  org.springframework.web.servlet.DispatcherServlet - Initializing Servlet 'dispatcherServlet'
2020-03-17 23:08:59.135 [http-nio-8080-exec-1] INFO  org.springframework.web.servlet.DispatcherServlet - Completed initialization in 11 ms
2020-03-17 23:08:59.557 [http-nio-8080-exec-2] INFO  c.q.p.c.VFilterInvocationSecurityMetadataSource - VFilterInvocationSecurityMetadataSource getAttributes [requestUrl=/login]
2020-03-17 23:08:59.562 [http-nio-8080-exec-2] INFO  c.q.p.c.VFilterInvocationSecurityMetadataSource - VFilterInvocationSecurityMetadataSource getAttributes [requestUrl=/login]
2020-03-17 23:09:06.566 [http-nio-8080-exec-3] INFO  c.q.p.c.VFilterInvocationSecurityMetadataSource - VFilterInvocationSecurityMetadataSource getAttributes [requestUrl=/vue/index.css]
2020-03-17 23:09:06.572 [http-nio-8080-exec-4] INFO  c.q.p.c.VFilterInvocationSecurityMetadataSource - VFilterInvocationSecurityMetadataSource getAttributes [requestUrl=/vue/login.css]
2020-03-17 23:09:06.606 [http-nio-8080-exec-3] INFO  com.zaxxer.hikari.HikariDataSource - HikariPool-1 - Starting...
2020-03-17 23:09:06.657 [http-nio-8080-exec-5] INFO  c.q.p.c.VFilterInvocationSecurityMetadataSource - VFilterInvocationSecurityMetadataSource getAttributes [requestUrl=/vue/vue.js]
2020-03-17 23:09:06.686 [http-nio-8080-exec-7] INFO  c.q.p.c.VFilterInvocationSecurityMetadataSource - VFilterInvocationSecurityMetadataSource getAttributes [requestUrl=/vue/axios.min.js]
2020-03-17 23:09:06.687 [http-nio-8080-exec-6] INFO  c.q.p.c.VFilterInvocationSecurityMetadataSource - VFilterInvocationSecurityMetadataSource getAttributes [requestUrl=/vue/index.js]
2020-03-17 23:09:06.691 [http-nio-8080-exec-8] INFO  c.q.p.c.VFilterInvocationSecurityMetadataSource - VFilterInvocationSecurityMetadataSource getAttributes [requestUrl=/vue/login.js]
2020-03-17 23:09:15.020 [http-nio-8080-exec-3] INFO  com.zaxxer.hikari.HikariDataSource - HikariPool-1 - Start completed.
2020-03-17 23:09:15.198 [http-nio-8080-exec-3] DEBUG c.q.p.dao.SRoleDao.findSRoleListBySPermissionUrl - ==>  Preparing: SELECT sr.* FROM s_role sr LEFT JOIN s_role_permission srp ON sr.id = srp.fk_role_id LEFT JOIN s_permission sp ON srp.fk_permission_id = sp.id WHERE sp.url = ? 
2020-03-17 23:09:15.297 [http-nio-8080-exec-3] DEBUG c.q.p.dao.SRoleDao.findSRoleListBySPermissionUrl - ==> Parameters: /vue/index.css(String)
2020-03-17 23:09:15.326 [http-nio-8080-exec-6] DEBUG c.q.p.dao.SRoleDao.findSRoleListBySPermissionUrl - ==>  Preparing: SELECT sr.* FROM s_role sr LEFT JOIN s_role_permission srp ON sr.id = srp.fk_role_id LEFT JOIN s_permission sp ON srp.fk_permission_id = sp.id WHERE sp.url = ? 
2020-03-17 23:09:15.327 [http-nio-8080-exec-6] DEBUG c.q.p.dao.SRoleDao.findSRoleListBySPermissionUrl - ==> Parameters: /vue/index.js(String)
2020-03-17 23:09:15.867 [http-nio-8080-exec-8] DEBUG c.q.p.dao.SRoleDao.findSRoleListBySPermissionUrl - ==>  Preparing: SELECT sr.* FROM s_role sr LEFT JOIN s_role_permission srp ON sr.id = srp.fk_role_id LEFT JOIN s_permission sp ON srp.fk_permission_id = sp.id WHERE sp.url = ? 
2020-03-17 23:09:15.868 [http-nio-8080-exec-8] DEBUG c.q.p.dao.SRoleDao.findSRoleListBySPermissionUrl - ==> Parameters: /vue/login.js(String)
2020-03-17 23:09:16.448 [http-nio-8080-exec-7] DEBUG c.q.p.dao.SRoleDao.findSRoleListBySPermissionUrl - ==>  Preparing: SELECT sr.* FROM s_role sr LEFT JOIN s_role_permission srp ON sr.id = srp.fk_role_id LEFT JOIN s_permission sp ON srp.fk_permission_id = sp.id WHERE sp.url = ? 
2020-03-17 23:09:16.450 [http-nio-8080-exec-7] DEBUG c.q.p.dao.SRoleDao.findSRoleListBySPermissionUrl - ==> Parameters: /vue/axios.min.js(String)
2020-03-17 23:09:16.948 [http-nio-8080-exec-5] DEBUG c.q.p.dao.SRoleDao.findSRoleListBySPermissionUrl - ==>  Preparing: SELECT sr.* FROM s_role sr LEFT JOIN s_role_permission srp ON sr.id = srp.fk_role_id LEFT JOIN s_permission sp ON srp.fk_permission_id = sp.id WHERE sp.url = ? 
2020-03-17 23:09:16.949 [http-nio-8080-exec-5] DEBUG c.q.p.dao.SRoleDao.findSRoleListBySPermissionUrl - ==> Parameters: /vue/vue.js(String)
2020-03-17 23:09:17.444 [http-nio-8080-exec-4] DEBUG c.q.p.dao.SRoleDao.findSRoleListBySPermissionUrl - ==>  Preparing: SELECT sr.* FROM s_role sr LEFT JOIN s_role_permission srp ON sr.id = srp.fk_role_id LEFT JOIN s_permission sp ON srp.fk_permission_id = sp.id WHERE sp.url = ? 
2020-03-17 23:09:17.446 [http-nio-8080-exec-4] DEBUG c.q.p.dao.SRoleDao.findSRoleListBySPermissionUrl - ==> Parameters: /vue/login.css(String)
2020-03-17 23:09:18.664 [http-nio-8080-exec-3] DEBUG c.q.p.dao.SRoleDao.findSRoleListBySPermissionUrl - <==      Total: 0
2020-03-17 23:09:18.664 [http-nio-8080-exec-5] DEBUG c.q.p.dao.SRoleDao.findSRoleListBySPermissionUrl - <==      Total: 0
2020-03-17 23:09:18.664 [http-nio-8080-exec-6] DEBUG c.q.p.dao.SRoleDao.findSRoleListBySPermissionUrl - <==      Total: 0
2020-03-17 23:09:18.665 [http-nio-8080-exec-8] DEBUG c.q.p.dao.SRoleDao.findSRoleListBySPermissionUrl - <==      Total: 0
2020-03-17 23:09:18.664 [http-nio-8080-exec-4] DEBUG c.q.p.dao.SRoleDao.findSRoleListBySPermissionUrl - <==      Total: 0
2020-03-17 23:09:18.664 [http-nio-8080-exec-7] DEBUG c.q.p.dao.SRoleDao.findSRoleListBySPermissionUrl - <==      Total: 0
2020-03-17 23:09:18.675 [http-nio-8080-exec-7] INFO  c.q.p.c.VFilterInvocationSecurityMetadataSource - VFilterInvocationSecurityMetadataSource getAttributes [sRoleList=[]]
2020-03-17 23:09:18.676 [http-nio-8080-exec-7] DEBUG c.q.p.d.S.findSPermissionListBySPermissionUrl - ==>  Preparing: SELECT * FROM s_permission sp WHERE sp.url = ? 
2020-03-17 23:09:18.677 [http-nio-8080-exec-7] DEBUG c.q.p.d.S.findSPermissionListBySPermissionUrl - ==> Parameters: /vue/axios.min.js(String)
2020-03-17 23:09:18.677 [http-nio-8080-exec-6] INFO  c.q.p.c.VFilterInvocationSecurityMetadataSource - VFilterInvocationSecurityMetadataSource getAttributes [sRoleList=[]]
2020-03-17 23:09:18.675 [http-nio-8080-exec-5] INFO  c.q.p.c.VFilterInvocationSecurityMetadataSource - VFilterInvocationSecurityMetadataSource getAttributes [sRoleList=[]]
2020-03-17 23:09:18.678 [http-nio-8080-exec-5] DEBUG c.q.p.d.S.findSPermissionListBySPermissionUrl - ==>  Preparing: SELECT * FROM s_permission sp WHERE sp.url = ? 
2020-03-17 23:09:18.678 [http-nio-8080-exec-5] DEBUG c.q.p.d.S.findSPermissionListBySPermissionUrl - ==> Parameters: /vue/vue.js(String)
2020-03-17 23:09:18.679 [http-nio-8080-exec-3] INFO  c.q.p.c.VFilterInvocationSecurityMetadataSource - VFilterInvocationSecurityMetadataSource getAttributes [sRoleList=[]]
2020-03-17 23:09:18.681 [http-nio-8080-exec-3] DEBUG c.q.p.d.S.findSPermissionListBySPermissionUrl - ==>  Preparing: SELECT * FROM s_permission sp WHERE sp.url = ? 
2020-03-17 23:09:18.681 [http-nio-8080-exec-5] DEBUG c.q.p.d.S.findSPermissionListBySPermissionUrl - <==      Total: 0
2020-03-17 23:09:18.681 [http-nio-8080-exec-5] INFO  c.q.p.c.VFilterInvocationSecurityMetadataSource - VFilterInvocationSecurityMetadataSource getAttributes [sPermissionList=[]]
2020-03-17 23:09:18.682 [http-nio-8080-exec-3] DEBUG c.q.p.d.S.findSPermissionListBySPermissionUrl - ==> Parameters: /vue/index.css(String)
2020-03-17 23:09:18.682 [http-nio-8080-exec-5] INFO  c.q.p.c.VFilterInvocationSecurityMetadataSource - VFilterInvocationSecurityMetadataSource getAttributes [requestUrl=/vue/vue.js]
2020-03-17 23:09:18.682 [http-nio-8080-exec-5] DEBUG c.q.p.dao.SRoleDao.findSRoleListBySPermissionUrl - ==>  Preparing: SELECT sr.* FROM s_role sr LEFT JOIN s_role_permission srp ON sr.id = srp.fk_role_id LEFT JOIN s_permission sp ON srp.fk_permission_id = sp.id WHERE sp.url = ? 
2020-03-17 23:09:18.683 [http-nio-8080-exec-5] DEBUG c.q.p.dao.SRoleDao.findSRoleListBySPermissionUrl - ==> Parameters: /vue/vue.js(String)
2020-03-17 23:09:18.684 [http-nio-8080-exec-4] INFO  c.q.p.c.VFilterInvocationSecurityMetadataSource - VFilterInvocationSecurityMetadataSource getAttributes [sRoleList=[]]
2020-03-17 23:09:18.678 [http-nio-8080-exec-6] DEBUG c.q.p.d.S.findSPermissionListBySPermissionUrl - ==>  Preparing: SELECT * FROM s_permission sp WHERE sp.url = ? 
2020-03-17 23:09:18.685 [http-nio-8080-exec-4] DEBUG c.q.p.d.S.findSPermissionListBySPermissionUrl - ==>  Preparing: SELECT * FROM s_permission sp WHERE sp.url = ? 
2020-03-17 23:09:18.685 [http-nio-8080-exec-6] DEBUG c.q.p.d.S.findSPermissionListBySPermissionUrl - ==> Parameters: /vue/index.js(String)
2020-03-17 23:09:18.685 [http-nio-8080-exec-4] DEBUG c.q.p.d.S.findSPermissionListBySPermissionUrl - ==> Parameters: /vue/login.css(String)
2020-03-17 23:09:18.675 [http-nio-8080-exec-8] INFO  c.q.p.c.VFilterInvocationSecurityMetadataSource - VFilterInvocationSecurityMetadataSource getAttributes [sRoleList=[]]
2020-03-17 23:09:18.690 [http-nio-8080-exec-8] DEBUG c.q.p.d.S.findSPermissionListBySPermissionUrl - ==>  Preparing: SELECT * FROM s_permission sp WHERE sp.url = ? 
2020-03-17 23:09:18.691 [http-nio-8080-exec-8] DEBUG c.q.p.d.S.findSPermissionListBySPermissionUrl - ==> Parameters: /vue/login.js(String)
2020-03-17 23:09:18.731 [http-nio-8080-exec-8] DEBUG c.q.p.d.S.findSPermissionListBySPermissionUrl - <==      Total: 0
2020-03-17 23:09:18.732 [http-nio-8080-exec-8] INFO  c.q.p.c.VFilterInvocationSecurityMetadataSource - VFilterInvocationSecurityMetadataSource getAttributes [sPermissionList=[]]
2020-03-17 23:09:18.732 [http-nio-8080-exec-8] INFO  c.q.p.c.VFilterInvocationSecurityMetadataSource - VFilterInvocationSecurityMetadataSource getAttributes [requestUrl=/vue/login.js]
2020-03-17 23:09:18.733 [http-nio-8080-exec-8] DEBUG c.q.p.dao.SRoleDao.findSRoleListBySPermissionUrl - ==>  Preparing: SELECT sr.* FROM s_role sr LEFT JOIN s_role_permission srp ON sr.id = srp.fk_role_id LEFT JOIN s_permission sp ON srp.fk_permission_id = sp.id WHERE sp.url = ? 
2020-03-17 23:09:18.733 [http-nio-8080-exec-5] DEBUG c.q.p.dao.SRoleDao.findSRoleListBySPermissionUrl - <==      Total: 0
2020-03-17 23:09:18.733 [http-nio-8080-exec-8] DEBUG c.q.p.dao.SRoleDao.findSRoleListBySPermissionUrl - ==> Parameters: /vue/login.js(String)
2020-03-17 23:09:18.734 [http-nio-8080-exec-5] INFO  c.q.p.c.VFilterInvocationSecurityMetadataSource - VFilterInvocationSecurityMetadataSource getAttributes [sRoleList=[]]
2020-03-17 23:09:18.734 [http-nio-8080-exec-3] DEBUG c.q.p.d.S.findSPermissionListBySPermissionUrl - <==      Total: 0
2020-03-17 23:09:18.734 [http-nio-8080-exec-3] INFO  c.q.p.c.VFilterInvocationSecurityMetadataSource - VFilterInvocationSecurityMetadataSource getAttributes [sPermissionList=[]]
2020-03-17 23:09:18.735 [http-nio-8080-exec-3] INFO  c.q.p.c.VFilterInvocationSecurityMetadataSource - VFilterInvocationSecurityMetadataSource getAttributes [requestUrl=/vue/index.css]
2020-03-17 23:09:18.736 [http-nio-8080-exec-5] DEBUG c.q.p.d.S.findSPermissionListBySPermissionUrl - ==>  Preparing: SELECT * FROM s_permission sp WHERE sp.url = ? 
2020-03-17 23:09:18.736 [http-nio-8080-exec-3] DEBUG c.q.p.dao.SRoleDao.findSRoleListBySPermissionUrl - ==>  Preparing: SELECT sr.* FROM s_role sr LEFT JOIN s_role_permission srp ON sr.id = srp.fk_role_id LEFT JOIN s_permission sp ON srp.fk_permission_id = sp.id WHERE sp.url = ? 
2020-03-17 23:09:18.736 [http-nio-8080-exec-5] DEBUG c.q.p.d.S.findSPermissionListBySPermissionUrl - ==> Parameters: /vue/vue.js(String)
2020-03-17 23:09:18.737 [http-nio-8080-exec-3] DEBUG c.q.p.dao.SRoleDao.findSRoleListBySPermissionUrl - ==> Parameters: /vue/index.css(String)
2020-03-17 23:09:18.738 [http-nio-8080-exec-5] DEBUG c.q.p.d.S.findSPermissionListBySPermissionUrl - <==      Total: 0
2020-03-17 23:09:18.738 [http-nio-8080-exec-5] INFO  c.q.p.c.VFilterInvocationSecurityMetadataSource - VFilterInvocationSecurityMetadataSource getAttributes [sPermissionList=[]]
2020-03-17 23:09:18.741 [http-nio-8080-exec-3] DEBUG c.q.p.dao.SRoleDao.findSRoleListBySPermissionUrl - <==      Total: 0
2020-03-17 23:09:18.742 [http-nio-8080-exec-3] INFO  c.q.p.c.VFilterInvocationSecurityMetadataSource - VFilterInvocationSecurityMetadataSource getAttributes [sRoleList=[]]
2020-03-17 23:09:18.743 [http-nio-8080-exec-3] DEBUG c.q.p.d.S.findSPermissionListBySPermissionUrl - ==>  Preparing: SELECT * FROM s_permission sp WHERE sp.url = ? 
2020-03-17 23:09:18.743 [http-nio-8080-exec-8] DEBUG c.q.p.dao.SRoleDao.findSRoleListBySPermissionUrl - <==      Total: 0
2020-03-17 23:09:18.743 [http-nio-8080-exec-3] DEBUG c.q.p.d.S.findSPermissionListBySPermissionUrl - ==> Parameters: /vue/index.css(String)
2020-03-17 23:09:18.744 [http-nio-8080-exec-8] INFO  c.q.p.c.VFilterInvocationSecurityMetadataSource - VFilterInvocationSecurityMetadataSource getAttributes [sRoleList=[]]
2020-03-17 23:09:18.744 [http-nio-8080-exec-8] DEBUG c.q.p.d.S.findSPermissionListBySPermissionUrl - ==>  Preparing: SELECT * FROM s_permission sp WHERE sp.url = ? 
2020-03-17 23:09:18.745 [http-nio-8080-exec-8] DEBUG c.q.p.d.S.findSPermissionListBySPermissionUrl - ==> Parameters: /vue/login.js(String)
2020-03-17 23:09:18.745 [http-nio-8080-exec-6] DEBUG c.q.p.d.S.findSPermissionListBySPermissionUrl - <==      Total: 0
2020-03-17 23:09:18.746 [http-nio-8080-exec-7] DEBUG c.q.p.d.S.findSPermissionListBySPermissionUrl - <==      Total: 0
2020-03-17 23:09:18.746 [http-nio-8080-exec-6] INFO  c.q.p.c.VFilterInvocationSecurityMetadataSource - VFilterInvocationSecurityMetadataSource getAttributes [sPermissionList=[]]
2020-03-17 23:09:18.748 [http-nio-8080-exec-4] DEBUG c.q.p.d.S.findSPermissionListBySPermissionUrl - <==      Total: 0
2020-03-17 23:09:18.748 [http-nio-8080-exec-3] DEBUG c.q.p.d.S.findSPermissionListBySPermissionUrl - <==      Total: 0
2020-03-17 23:09:18.746 [http-nio-8080-exec-7] INFO  c.q.p.c.VFilterInvocationSecurityMetadataSource - VFilterInvocationSecurityMetadataSource getAttributes [sPermissionList=[]]
2020-03-17 23:09:18.748 [http-nio-8080-exec-6] INFO  c.q.p.c.VFilterInvocationSecurityMetadataSource - VFilterInvocationSecurityMetadataSource getAttributes [requestUrl=/vue/index.js]
2020-03-17 23:09:18.749 [http-nio-8080-exec-3] INFO  c.q.p.c.VFilterInvocationSecurityMetadataSource - VFilterInvocationSecurityMetadataSource getAttributes [sPermissionList=[]]
2020-03-17 23:09:18.747 [http-nio-8080-exec-8] DEBUG c.q.p.d.S.findSPermissionListBySPermissionUrl - <==      Total: 0
2020-03-17 23:09:18.750 [http-nio-8080-exec-8] INFO  c.q.p.c.VFilterInvocationSecurityMetadataSource - VFilterInvocationSecurityMetadataSource getAttributes [sPermissionList=[]]
2020-03-17 23:09:18.749 [http-nio-8080-exec-7] INFO  c.q.p.c.VFilterInvocationSecurityMetadataSource - VFilterInvocationSecurityMetadataSource getAttributes [requestUrl=/vue/axios.min.js]
2020-03-17 23:09:18.749 [http-nio-8080-exec-6] DEBUG c.q.p.dao.SRoleDao.findSRoleListBySPermissionUrl - ==>  Preparing: SELECT sr.* FROM s_role sr LEFT JOIN s_role_permission srp ON sr.id = srp.fk_role_id LEFT JOIN s_permission sp ON srp.fk_permission_id = sp.id WHERE sp.url = ? 
2020-03-17 23:09:18.751 [http-nio-8080-exec-4] INFO  c.q.p.c.VFilterInvocationSecurityMetadataSource - VFilterInvocationSecurityMetadataSource getAttributes [sPermissionList=[]]
2020-03-17 23:09:18.751 [http-nio-8080-exec-4] INFO  c.q.p.c.VFilterInvocationSecurityMetadataSource - VFilterInvocationSecurityMetadataSource getAttributes [requestUrl=/vue/login.css]
2020-03-17 23:09:18.751 [http-nio-8080-exec-7] DEBUG c.q.p.dao.SRoleDao.findSRoleListBySPermissionUrl - ==>  Preparing: SELECT sr.* FROM s_role sr LEFT JOIN s_role_permission srp ON sr.id = srp.fk_role_id LEFT JOIN s_permission sp ON srp.fk_permission_id = sp.id WHERE sp.url = ? 
2020-03-17 23:09:18.751 [http-nio-8080-exec-6] DEBUG c.q.p.dao.SRoleDao.findSRoleListBySPermissionUrl - ==> Parameters: /vue/index.js(String)
2020-03-17 23:09:18.751 [http-nio-8080-exec-4] DEBUG c.q.p.dao.SRoleDao.findSRoleListBySPermissionUrl - ==>  Preparing: SELECT sr.* FROM s_role sr LEFT JOIN s_role_permission srp ON sr.id = srp.fk_role_id LEFT JOIN s_permission sp ON srp.fk_permission_id = sp.id WHERE sp.url = ? 
2020-03-17 23:09:18.753 [http-nio-8080-exec-7] DEBUG c.q.p.dao.SRoleDao.findSRoleListBySPermissionUrl - ==> Parameters: /vue/axios.min.js(String)
2020-03-17 23:09:18.754 [http-nio-8080-exec-4] DEBUG c.q.p.dao.SRoleDao.findSRoleListBySPermissionUrl - ==> Parameters: /vue/login.css(String)
2020-03-17 23:09:18.755 [http-nio-8080-exec-6] DEBUG c.q.p.dao.SRoleDao.findSRoleListBySPermissionUrl - <==      Total: 0
2020-03-17 23:09:18.756 [http-nio-8080-exec-6] INFO  c.q.p.c.VFilterInvocationSecurityMetadataSource - VFilterInvocationSecurityMetadataSource getAttributes [sRoleList=[]]
2020-03-17 23:09:18.757 [http-nio-8080-exec-6] DEBUG c.q.p.d.S.findSPermissionListBySPermissionUrl - ==>  Preparing: SELECT * FROM s_permission sp WHERE sp.url = ? 
2020-03-17 23:09:18.759 [http-nio-8080-exec-6] DEBUG c.q.p.d.S.findSPermissionListBySPermissionUrl - ==> Parameters: /vue/index.js(String)
2020-03-17 23:09:18.760 [http-nio-8080-exec-4] DEBUG c.q.p.dao.SRoleDao.findSRoleListBySPermissionUrl - <==      Total: 0
2020-03-17 23:09:18.761 [http-nio-8080-exec-6] DEBUG c.q.p.d.S.findSPermissionListBySPermissionUrl - <==      Total: 0
2020-03-17 23:09:18.764 [http-nio-8080-exec-7] DEBUG c.q.p.dao.SRoleDao.findSRoleListBySPermissionUrl - <==      Total: 0
2020-03-17 23:09:18.764 [http-nio-8080-exec-6] INFO  c.q.p.c.VFilterInvocationSecurityMetadataSource - VFilterInvocationSecurityMetadataSource getAttributes [sPermissionList=[]]
2020-03-17 23:09:18.764 [http-nio-8080-exec-7] INFO  c.q.p.c.VFilterInvocationSecurityMetadataSource - VFilterInvocationSecurityMetadataSource getAttributes [sRoleList=[]]
2020-03-17 23:09:18.765 [http-nio-8080-exec-7] DEBUG c.q.p.d.S.findSPermissionListBySPermissionUrl - ==>  Preparing: SELECT * FROM s_permission sp WHERE sp.url = ? 
2020-03-17 23:09:18.765 [http-nio-8080-exec-7] DEBUG c.q.p.d.S.findSPermissionListBySPermissionUrl - ==> Parameters: /vue/axios.min.js(String)
2020-03-17 23:09:18.766 [http-nio-8080-exec-4] INFO  c.q.p.c.VFilterInvocationSecurityMetadataSource - VFilterInvocationSecurityMetadataSource getAttributes [sRoleList=[]]
2020-03-17 23:09:18.766 [http-nio-8080-exec-4] DEBUG c.q.p.d.S.findSPermissionListBySPermissionUrl - ==>  Preparing: SELECT * FROM s_permission sp WHERE sp.url = ? 
2020-03-17 23:09:18.767 [http-nio-8080-exec-7] DEBUG c.q.p.d.S.findSPermissionListBySPermissionUrl - <==      Total: 0
2020-03-17 23:09:18.768 [http-nio-8080-exec-7] INFO  c.q.p.c.VFilterInvocationSecurityMetadataSource - VFilterInvocationSecurityMetadataSource getAttributes [sPermissionList=[]]
2020-03-17 23:09:18.767 [http-nio-8080-exec-4] DEBUG c.q.p.d.S.findSPermissionListBySPermissionUrl - ==> Parameters: /vue/login.css(String)
2020-03-17 23:09:18.770 [http-nio-8080-exec-4] DEBUG c.q.p.d.S.findSPermissionListBySPermissionUrl - <==      Total: 0
2020-03-17 23:09:18.770 [http-nio-8080-exec-4] INFO  c.q.p.c.VFilterInvocationSecurityMetadataSource - VFilterInvocationSecurityMetadataSource getAttributes [sPermissionList=[]]
2020-03-17 23:09:38.527 [http-nio-8080-exec-9] INFO  cn.qianshu.pingfen.config.VAuthenticationProvider - VAuthenticationProvider authenticate login user [username=10021, password=123456]
2020-03-17 23:09:38.534 [http-nio-8080-exec-9] DEBUG cn.qianshu.pingfen.dao.SUserDao.findSUserByName - ==>  Preparing: SELECT su.* FROM s_user su WHERE su.account = ? 
2020-03-17 23:09:38.535 [http-nio-8080-exec-9] DEBUG cn.qianshu.pingfen.dao.SUserDao.findSUserByName - ==> Parameters: 10021(String)
2020-03-17 23:09:38.581 [http-nio-8080-exec-9] DEBUG cn.qianshu.pingfen.dao.SUserDao.findSUserByName - <==      Total: 1
2020-03-17 23:09:38.582 [http-nio-8080-exec-9] DEBUG c.q.pingfen.dao.SRoleDao.findSRoleListBySUserId - ==>  Preparing: SELECT sr.* FROM s_role sr LEFT JOIN s_user_role sur ON sr.id = sur.fk_role_id LEFT JOIN s_user su ON sur.fk_user_id = su.id WHERE su.id = ? 
2020-03-17 23:09:38.583 [http-nio-8080-exec-9] DEBUG c.q.pingfen.dao.SRoleDao.findSRoleListBySUserId - ==> Parameters: 1(Integer)
2020-03-17 23:09:38.707 [http-nio-8080-exec-9] DEBUG c.q.pingfen.dao.SRoleDao.findSRoleListBySUserId - <==      Total: 1
2020-03-17 23:09:38.709 [http-nio-8080-exec-9] DEBUG c.q.p.d.S.findSPermissionListBySUserId - ==>  Preparing: SELECT * FROM s_permission sp LEFT JOIN s_role_permission srp ON sp.id = srp.fk_permission_id LEFT JOIN s_role sr ON srp.fk_role_id = sr.id LEFT JOIN s_user_role sur ON sr.id = sur.fk_role_id LEFT JOIN s_user su ON sur.fk_user_id = su.id WHERE su.id = ? 
2020-03-17 23:09:38.711 [http-nio-8080-exec-9] DEBUG c.q.p.d.S.findSPermissionListBySUserId - ==> Parameters: 1(Integer)
2020-03-17 23:09:38.723 [http-nio-8080-exec-9] DEBUG c.q.p.d.S.findSPermissionListBySUserId - <==      Total: 3
2020-03-17 23:09:38.752 [http-nio-8080-exec-9] INFO  cn.qianshu.pingfen.config.VAuthenticationProvider - VAuthenticationProvider authenticate vUserDetails [vUserDetails={"gson":{"calls":{"threadLocalHashCode":-317435419},"typeTokenCache":{},"constructorConstructor":{"instanceCreators":{},"accessor":{}},"jsonAdapterFactory":{"constructorConstructor":{"instanceCreators":{},"accessor":{}}},"factories":[null,null,{"version":-1.0,"modifiers":136,"serializeInnerClasses":true,"requireExpose":false,"serializationStrategies":[],"deserializationStrategies":[]},null,null,null,null,null,null,null,null,null,null,null,null,null,null,null,null,null,null,null,null,null,null,null,null,null,null,null,null,null,null,null,null,null,{"constructorConstructor":{"instanceCreators":{},"accessor":{}}},{"constructorConstructor":{"instanceCreators":{},"accessor":{}},"complexMapKeySerialization":false},{"constructorConstructor":{"instanceCreators":{},"accessor":{}}},null,{"constructorConstructor":{"instanceCreators":{},"accessor":{}},"fieldNamingPolicy":"IDENTITY","excluder":{"version":-1.0,"modifiers":136,"serializeInnerClasses":true,"requireExpose":false,"serializationStrategies":[],"deserializationStrategies":[]},"jsonAdapterFactory":{"constructorConstructor":{"instanceCreators":{},"accessor":{}}},"accessor":{}}],"excluder":{"version":-1.0,"modifiers":136,"serializeInnerClasses":true,"requireExpose":false,"serializationStrategies":[],"deserializationStrategies":[]},"fieldNamingStrategy":"IDENTITY","instanceCreators":{},"serializeNulls":false,"complexMapKeySerialization":false,"generateNonExecutableJson":false,"htmlSafe":true,"prettyPrinting":false,"lenient":false,"serializeSpecialFloatingPointValues":false,"dateStyle":2,"timeStyle":2,"longSerializationPolicy":"DEFAULT","builderFactories":[],"builderHierarchyFactories":[]},"logger":{"name":"cn.qianshu.pingfen.entity.VUserDetails"},"sRoleList":[{"id":1,"role":"R_ADMIN","describe":"大总管，所有权限"}],"sPermissionList":[{"id":1,"permission":"P_INDEX","url":"/index","describe":"index页面资源"},{"id":2,"permission":"P_ADMIN","url":"/admin","describe":"admin页面资源"},{"id":3,"permission":"P_HELLO","url":"/hello","describe":"hello页面资源"}],"id":1,"name":"admin","password":"$2a$10$D6WR4dcThfRCYGM7AXNHqup.V7URH6QISi4YFxYr1iAJeZf07ryQ2","account":"10021"}]
2020-03-17 23:09:38.893 [http-nio-8080-exec-9] INFO  cn.qianshu.pingfen.config.VAuthenticationProvider - 密码匹配结果：true
2020-03-17 23:09:39.014 [http-nio-8080-exec-9] INFO  cn.qianshu.pingfen.entity.VUserDetails - VUserDetails getAuthorities [authoritiesStr=R_ADMIN,P_INDEX,P_ADMIN,P_HELLO 
2020-03-17 23:09:39.022 [http-nio-8080-exec-10] INFO  c.q.p.c.VFilterInvocationSecurityMetadataSource - VFilterInvocationSecurityMetadataSource getAttributes [requestUrl=/index]
2020-03-17 23:09:39.023 [http-nio-8080-exec-10] DEBUG c.q.p.dao.SRoleDao.findSRoleListBySPermissionUrl - ==>  Preparing: SELECT sr.* FROM s_role sr LEFT JOIN s_role_permission srp ON sr.id = srp.fk_role_id LEFT JOIN s_permission sp ON srp.fk_permission_id = sp.id WHERE sp.url = ? 
2020-03-17 23:09:39.023 [http-nio-8080-exec-10] DEBUG c.q.p.dao.SRoleDao.findSRoleListBySPermissionUrl - ==> Parameters: /index(String)
2020-03-17 23:09:39.039 [http-nio-8080-exec-10] DEBUG c.q.p.dao.SRoleDao.findSRoleListBySPermissionUrl - <==      Total: 2
2020-03-17 23:09:39.040 [http-nio-8080-exec-10] INFO  c.q.p.c.VFilterInvocationSecurityMetadataSource - VFilterInvocationSecurityMetadataSource getAttributes [sRoleList=[{"id":1,"role":"R_ADMIN","describe":"大总管，所有权限"},{"id":2,"role":"R_HELLO","describe":"说hello相关的权限"}]]
2020-03-17 23:09:39.041 [http-nio-8080-exec-10] DEBUG c.q.p.d.S.findSPermissionListBySPermissionUrl - ==>  Preparing: SELECT * FROM s_permission sp WHERE sp.url = ? 
2020-03-17 23:09:39.041 [http-nio-8080-exec-10] DEBUG c.q.p.d.S.findSPermissionListBySPermissionUrl - ==> Parameters: /index(String)
2020-03-17 23:09:39.043 [http-nio-8080-exec-10] DEBUG c.q.p.d.S.findSPermissionListBySPermissionUrl - <==      Total: 1
2020-03-17 23:09:39.044 [http-nio-8080-exec-10] INFO  c.q.p.c.VFilterInvocationSecurityMetadataSource - VFilterInvocationSecurityMetadataSource getAttributes [sPermissionList=[{"id":1,"permission":"P_INDEX","url":"/index","describe":"index页面资源"}]]
2020-03-17 23:09:39.045 [http-nio-8080-exec-10] INFO  c.q.p.c.VFilterInvocationSecurityMetadataSource - VFilterInvocationSecurityMetadataSource getAttributes [permissionArray=["R_ADMIN","R_HELLO","P_INDEX"]]
2020-03-17 23:09:39.045 [http-nio-8080-exec-10] INFO  c.q.p.c.VFilterInvocationSecurityMetadataSource - VFilterInvocationSecurityMetadataSource getAttributes [requestUrl=/index]
2020-03-17 23:09:39.046 [http-nio-8080-exec-10] DEBUG c.q.p.dao.SRoleDao.findSRoleListBySPermissionUrl - ==>  Preparing: SELECT sr.* FROM s_role sr LEFT JOIN s_role_permission srp ON sr.id = srp.fk_role_id LEFT JOIN s_permission sp ON srp.fk_permission_id = sp.id WHERE sp.url = ? 
2020-03-17 23:09:39.046 [http-nio-8080-exec-10] DEBUG c.q.p.dao.SRoleDao.findSRoleListBySPermissionUrl - ==> Parameters: /index(String)
2020-03-17 23:09:39.049 [http-nio-8080-exec-10] DEBUG c.q.p.dao.SRoleDao.findSRoleListBySPermissionUrl - <==      Total: 2
2020-03-17 23:09:39.050 [http-nio-8080-exec-10] INFO  c.q.p.c.VFilterInvocationSecurityMetadataSource - VFilterInvocationSecurityMetadataSource getAttributes [sRoleList=[{"id":1,"role":"R_ADMIN","describe":"大总管，所有权限"},{"id":2,"role":"R_HELLO","describe":"说hello相关的权限"}]]
2020-03-17 23:09:39.050 [http-nio-8080-exec-10] DEBUG c.q.p.d.S.findSPermissionListBySPermissionUrl - ==>  Preparing: SELECT * FROM s_permission sp WHERE sp.url = ? 
2020-03-17 23:09:39.051 [http-nio-8080-exec-10] DEBUG c.q.p.d.S.findSPermissionListBySPermissionUrl - ==> Parameters: /index(String)
2020-03-17 23:09:39.053 [http-nio-8080-exec-10] DEBUG c.q.p.d.S.findSPermissionListBySPermissionUrl - <==      Total: 1
2020-03-17 23:09:39.054 [http-nio-8080-exec-10] INFO  c.q.p.c.VFilterInvocationSecurityMetadataSource - VFilterInvocationSecurityMetadataSource getAttributes [sPermissionList=[{"id":1,"permission":"P_INDEX","url":"/index","describe":"index页面资源"}]]
2020-03-17 23:09:39.054 [http-nio-8080-exec-10] INFO  c.q.p.c.VFilterInvocationSecurityMetadataSource - VFilterInvocationSecurityMetadataSource getAttributes [permissionArray=["R_ADMIN","R_HELLO","P_INDEX"]]
2020-03-17 23:09:39.067 [http-nio-8080-exec-10] INFO  cn.qianshu.pingfen.controller.IndexController - index page
2020-03-17 23:09:39.444 [http-nio-8080-exec-1] INFO  c.q.p.c.VFilterInvocationSecurityMetadataSource - VFilterInvocationSecurityMetadataSource getAttributes [requestUrl=/]
2020-03-17 23:09:39.445 [http-nio-8080-exec-1] DEBUG c.q.p.dao.SRoleDao.findSRoleListBySPermissionUrl - ==>  Preparing: SELECT sr.* FROM s_role sr LEFT JOIN s_role_permission srp ON sr.id = srp.fk_role_id LEFT JOIN s_permission sp ON srp.fk_permission_id = sp.id WHERE sp.url = ? 
2020-03-17 23:09:39.446 [http-nio-8080-exec-1] DEBUG c.q.p.dao.SRoleDao.findSRoleListBySPermissionUrl - ==> Parameters: /(String)
2020-03-17 23:09:39.451 [http-nio-8080-exec-1] DEBUG c.q.p.dao.SRoleDao.findSRoleListBySPermissionUrl - <==      Total: 1
2020-03-17 23:09:39.451 [http-nio-8080-exec-1] INFO  c.q.p.c.VFilterInvocationSecurityMetadataSource - VFilterInvocationSecurityMetadataSource getAttributes [sRoleList=[{"id":3,"role":"R_USER","describe":"普通用户，评分"}]]
2020-03-17 23:09:39.452 [http-nio-8080-exec-1] DEBUG c.q.p.d.S.findSPermissionListBySPermissionUrl - ==>  Preparing: SELECT * FROM s_permission sp WHERE sp.url = ? 
2020-03-17 23:09:39.452 [http-nio-8080-exec-1] DEBUG c.q.p.d.S.findSPermissionListBySPermissionUrl - ==> Parameters: /(String)
2020-03-17 23:09:39.456 [http-nio-8080-exec-1] DEBUG c.q.p.d.S.findSPermissionListBySPermissionUrl - <==      Total: 1
2020-03-17 23:09:39.457 [http-nio-8080-exec-1] INFO  c.q.p.c.VFilterInvocationSecurityMetadataSource - VFilterInvocationSecurityMetadataSource getAttributes [sPermissionList=[{"id":4,"permission":"P_INDEX","url":"/","describe":"/index"}]]
2020-03-17 23:09:39.457 [http-nio-8080-exec-1] INFO  c.q.p.c.VFilterInvocationSecurityMetadataSource - VFilterInvocationSecurityMetadataSource getAttributes [permissionArray=["R_USER","P_INDEX"]]
2020-03-17 23:09:39.457 [http-nio-8080-exec-1] INFO  c.q.p.c.VFilterInvocationSecurityMetadataSource - VFilterInvocationSecurityMetadataSource getAttributes [requestUrl=/]
2020-03-17 23:09:39.458 [http-nio-8080-exec-1] DEBUG c.q.p.dao.SRoleDao.findSRoleListBySPermissionUrl - ==>  Preparing: SELECT sr.* FROM s_role sr LEFT JOIN s_role_permission srp ON sr.id = srp.fk_role_id LEFT JOIN s_permission sp ON srp.fk_permission_id = sp.id WHERE sp.url = ? 
2020-03-17 23:09:39.459 [http-nio-8080-exec-1] DEBUG c.q.p.dao.SRoleDao.findSRoleListBySPermissionUrl - ==> Parameters: /(String)
2020-03-17 23:09:39.475 [http-nio-8080-exec-1] DEBUG c.q.p.dao.SRoleDao.findSRoleListBySPermissionUrl - <==      Total: 1
2020-03-17 23:09:39.476 [http-nio-8080-exec-1] INFO  c.q.p.c.VFilterInvocationSecurityMetadataSource - VFilterInvocationSecurityMetadataSource getAttributes [sRoleList=[{"id":3,"role":"R_USER","describe":"普通用户，评分"}]]
2020-03-17 23:09:39.477 [http-nio-8080-exec-1] DEBUG c.q.p.d.S.findSPermissionListBySPermissionUrl - ==>  Preparing: SELECT * FROM s_permission sp WHERE sp.url = ? 
2020-03-17 23:09:39.477 [http-nio-8080-exec-1] DEBUG c.q.p.d.S.findSPermissionListBySPermissionUrl - ==> Parameters: /(String)
2020-03-17 23:09:39.480 [http-nio-8080-exec-1] DEBUG c.q.p.d.S.findSPermissionListBySPermissionUrl - <==      Total: 1
2020-03-17 23:09:39.481 [http-nio-8080-exec-1] INFO  c.q.p.c.VFilterInvocationSecurityMetadataSource - VFilterInvocationSecurityMetadataSource getAttributes [sPermissionList=[{"id":4,"permission":"P_INDEX","url":"/","describe":"/index"}]]
2020-03-17 23:09:39.481 [http-nio-8080-exec-1] INFO  c.q.p.c.VFilterInvocationSecurityMetadataSource - VFilterInvocationSecurityMetadataSource getAttributes [permissionArray=["R_USER","P_INDEX"]]
2020-03-17 23:09:39.493 [http-nio-8080-exec-2] INFO  c.q.p.c.VFilterInvocationSecurityMetadataSource - VFilterInvocationSecurityMetadataSource getAttributes [requestUrl=/index]
2020-03-17 23:09:39.494 [http-nio-8080-exec-2] DEBUG c.q.p.dao.SRoleDao.findSRoleListBySPermissionUrl - ==>  Preparing: SELECT sr.* FROM s_role sr LEFT JOIN s_role_permission srp ON sr.id = srp.fk_role_id LEFT JOIN s_permission sp ON srp.fk_permission_id = sp.id WHERE sp.url = ? 
2020-03-17 23:09:39.494 [http-nio-8080-exec-2] DEBUG c.q.p.dao.SRoleDao.findSRoleListBySPermissionUrl - ==> Parameters: /index(String)
2020-03-17 23:09:39.497 [http-nio-8080-exec-2] DEBUG c.q.p.dao.SRoleDao.findSRoleListBySPermissionUrl - <==      Total: 2
2020-03-17 23:09:39.497 [http-nio-8080-exec-2] INFO  c.q.p.c.VFilterInvocationSecurityMetadataSource - VFilterInvocationSecurityMetadataSource getAttributes [sRoleList=[{"id":1,"role":"R_ADMIN","describe":"大总管，所有权限"},{"id":2,"role":"R_HELLO","describe":"说hello相关的权限"}]]
2020-03-17 23:09:39.498 [http-nio-8080-exec-2] DEBUG c.q.p.d.S.findSPermissionListBySPermissionUrl - ==>  Preparing: SELECT * FROM s_permission sp WHERE sp.url = ? 
2020-03-17 23:09:39.498 [http-nio-8080-exec-2] DEBUG c.q.p.d.S.findSPermissionListBySPermissionUrl - ==> Parameters: /index(String)
2020-03-17 23:09:39.501 [http-nio-8080-exec-2] DEBUG c.q.p.d.S.findSPermissionListBySPermissionUrl - <==      Total: 1
2020-03-17 23:09:39.502 [http-nio-8080-exec-2] INFO  c.q.p.c.VFilterInvocationSecurityMetadataSource - VFilterInvocationSecurityMetadataSource getAttributes [sPermissionList=[{"id":1,"permission":"P_INDEX","url":"/index","describe":"index页面资源"}]]
2020-03-17 23:09:39.502 [http-nio-8080-exec-2] INFO  c.q.p.c.VFilterInvocationSecurityMetadataSource - VFilterInvocationSecurityMetadataSource getAttributes [permissionArray=["R_ADMIN","R_HELLO","P_INDEX"]]
2020-03-17 23:09:39.502 [http-nio-8080-exec-2] INFO  c.q.p.c.VFilterInvocationSecurityMetadataSource - VFilterInvocationSecurityMetadataSource getAttributes [requestUrl=/index]
2020-03-17 23:09:39.503 [http-nio-8080-exec-2] DEBUG c.q.p.dao.SRoleDao.findSRoleListBySPermissionUrl - ==>  Preparing: SELECT sr.* FROM s_role sr LEFT JOIN s_role_permission srp ON sr.id = srp.fk_role_id LEFT JOIN s_permission sp ON srp.fk_permission_id = sp.id WHERE sp.url = ? 
2020-03-17 23:09:39.503 [http-nio-8080-exec-2] DEBUG c.q.p.dao.SRoleDao.findSRoleListBySPermissionUrl - ==> Parameters: /index(String)
2020-03-17 23:09:39.506 [http-nio-8080-exec-2] DEBUG c.q.p.dao.SRoleDao.findSRoleListBySPermissionUrl - <==      Total: 2
2020-03-17 23:09:39.507 [http-nio-8080-exec-2] INFO  c.q.p.c.VFilterInvocationSecurityMetadataSource - VFilterInvocationSecurityMetadataSource getAttributes [sRoleList=[{"id":1,"role":"R_ADMIN","describe":"大总管，所有权限"},{"id":2,"role":"R_HELLO","describe":"说hello相关的权限"}]]
2020-03-17 23:09:39.507 [http-nio-8080-exec-2] DEBUG c.q.p.d.S.findSPermissionListBySPermissionUrl - ==>  Preparing: SELECT * FROM s_permission sp WHERE sp.url = ? 
2020-03-17 23:09:39.508 [http-nio-8080-exec-2] DEBUG c.q.p.d.S.findSPermissionListBySPermissionUrl - ==> Parameters: /index(String)
2020-03-17 23:09:39.509 [http-nio-8080-exec-2] DEBUG c.q.p.d.S.findSPermissionListBySPermissionUrl - <==      Total: 1
2020-03-17 23:09:39.510 [http-nio-8080-exec-2] INFO  c.q.p.c.VFilterInvocationSecurityMetadataSource - VFilterInvocationSecurityMetadataSource getAttributes [sPermissionList=[{"id":1,"permission":"P_INDEX","url":"/index","describe":"index页面资源"}]]
2020-03-17 23:09:39.510 [http-nio-8080-exec-2] INFO  c.q.p.c.VFilterInvocationSecurityMetadataSource - VFilterInvocationSecurityMetadataSource getAttributes [permissionArray=["R_ADMIN","R_HELLO","P_INDEX"]]
2020-03-17 23:09:39.511 [http-nio-8080-exec-2] INFO  cn.qianshu.pingfen.controller.IndexController - index page
2020-03-17 23:09:39.605 [http-nio-8080-exec-6] INFO  c.q.p.c.VFilterInvocationSecurityMetadataSource - VFilterInvocationSecurityMetadataSource getAttributes [requestUrl=/vue/vue.js]
2020-03-17 23:09:39.607 [http-nio-8080-exec-6] DEBUG c.q.p.dao.SRoleDao.findSRoleListBySPermissionUrl - ==>  Preparing: SELECT sr.* FROM s_role sr LEFT JOIN s_role_permission srp ON sr.id = srp.fk_role_id LEFT JOIN s_permission sp ON srp.fk_permission_id = sp.id WHERE sp.url = ? 
2020-03-17 23:09:39.608 [http-nio-8080-exec-6] DEBUG c.q.p.dao.SRoleDao.findSRoleListBySPermissionUrl - ==> Parameters: /vue/vue.js(String)
2020-03-17 23:09:39.610 [http-nio-8080-exec-6] DEBUG c.q.p.dao.SRoleDao.findSRoleListBySPermissionUrl - <==      Total: 0
2020-03-17 23:09:39.611 [http-nio-8080-exec-6] INFO  c.q.p.c.VFilterInvocationSecurityMetadataSource - VFilterInvocationSecurityMetadataSource getAttributes [sRoleList=[]]
2020-03-17 23:09:39.611 [http-nio-8080-exec-6] DEBUG c.q.p.d.S.findSPermissionListBySPermissionUrl - ==>  Preparing: SELECT * FROM s_permission sp WHERE sp.url = ? 
2020-03-17 23:09:39.612 [http-nio-8080-exec-6] DEBUG c.q.p.d.S.findSPermissionListBySPermissionUrl - ==> Parameters: /vue/vue.js(String)
2020-03-17 23:09:39.613 [http-nio-8080-exec-8] INFO  c.q.p.c.VFilterInvocationSecurityMetadataSource - VFilterInvocationSecurityMetadataSource getAttributes [requestUrl=/vue/custom.css]
2020-03-17 23:09:39.613 [http-nio-8080-exec-6] DEBUG c.q.p.d.S.findSPermissionListBySPermissionUrl - <==      Total: 0
2020-03-17 23:09:39.615 [http-nio-8080-exec-4] INFO  c.q.p.c.VFilterInvocationSecurityMetadataSource - VFilterInvocationSecurityMetadataSource getAttributes [requestUrl=/vue/index.css]
2020-03-17 23:09:39.616 [http-nio-8080-exec-6] INFO  c.q.p.c.VFilterInvocationSecurityMetadataSource - VFilterInvocationSecurityMetadataSource getAttributes [sPermissionList=[]]
2020-03-17 23:09:39.616 [http-nio-8080-exec-8] DEBUG c.q.p.dao.SRoleDao.findSRoleListBySPermissionUrl - ==>  Preparing: SELECT sr.* FROM s_role sr LEFT JOIN s_role_permission srp ON sr.id = srp.fk_role_id LEFT JOIN s_permission sp ON srp.fk_permission_id = sp.id WHERE sp.url = ? 
2020-03-17 23:09:39.616 [http-nio-8080-exec-6] INFO  c.q.p.c.VFilterInvocationSecurityMetadataSource - VFilterInvocationSecurityMetadataSource getAttributes [requestUrl=/vue/vue.js]
2020-03-17 23:09:39.617 [http-nio-8080-exec-6] DEBUG c.q.p.dao.SRoleDao.findSRoleListBySPermissionUrl - ==>  Preparing: SELECT sr.* FROM s_role sr LEFT JOIN s_role_permission srp ON sr.id = srp.fk_role_id LEFT JOIN s_permission sp ON srp.fk_permission_id = sp.id WHERE sp.url = ? 
2020-03-17 23:09:39.617 [http-nio-8080-exec-8] DEBUG c.q.p.dao.SRoleDao.findSRoleListBySPermissionUrl - ==> Parameters: /vue/custom.css(String)
2020-03-17 23:09:39.620 [http-nio-8080-exec-6] DEBUG c.q.p.dao.SRoleDao.findSRoleListBySPermissionUrl - ==> Parameters: /vue/vue.js(String)
2020-03-17 23:09:39.620 [http-nio-8080-exec-8] DEBUG c.q.p.dao.SRoleDao.findSRoleListBySPermissionUrl - <==      Total: 0
2020-03-17 23:09:39.626 [http-nio-8080-exec-8] INFO  c.q.p.c.VFilterInvocationSecurityMetadataSource - VFilterInvocationSecurityMetadataSource getAttributes [sRoleList=[]]
2020-03-17 23:09:39.626 [http-nio-8080-exec-8] DEBUG c.q.p.d.S.findSPermissionListBySPermissionUrl - ==>  Preparing: SELECT * FROM s_permission sp WHERE sp.url = ? 
2020-03-17 23:09:39.627 [http-nio-8080-exec-8] DEBUG c.q.p.d.S.findSPermissionListBySPermissionUrl - ==> Parameters: /vue/custom.css(String)
2020-03-17 23:09:39.622 [http-nio-8080-exec-5] INFO  c.q.p.c.VFilterInvocationSecurityMetadataSource - VFilterInvocationSecurityMetadataSource getAttributes [requestUrl=/vue/axios.min.js]
2020-03-17 23:09:39.629 [http-nio-8080-exec-4] DEBUG c.q.p.dao.SRoleDao.findSRoleListBySPermissionUrl - ==>  Preparing: SELECT sr.* FROM s_role sr LEFT JOIN s_role_permission srp ON sr.id = srp.fk_role_id LEFT JOIN s_permission sp ON srp.fk_permission_id = sp.id WHERE sp.url = ? 
2020-03-17 23:09:39.629 [http-nio-8080-exec-5] DEBUG c.q.p.dao.SRoleDao.findSRoleListBySPermissionUrl - ==>  Preparing: SELECT sr.* FROM s_role sr LEFT JOIN s_role_permission srp ON sr.id = srp.fk_role_id LEFT JOIN s_permission sp ON srp.fk_permission_id = sp.id WHERE sp.url = ? 
2020-03-17 23:09:39.630 [http-nio-8080-exec-7] INFO  c.q.p.c.VFilterInvocationSecurityMetadataSource - VFilterInvocationSecurityMetadataSource getAttributes [requestUrl=/vue/index.js]
2020-03-17 23:09:39.630 [http-nio-8080-exec-5] DEBUG c.q.p.dao.SRoleDao.findSRoleListBySPermissionUrl - ==> Parameters: /vue/axios.min.js(String)
2020-03-17 23:09:39.630 [http-nio-8080-exec-4] DEBUG c.q.p.dao.SRoleDao.findSRoleListBySPermissionUrl - ==> Parameters: /vue/index.css(String)
2020-03-17 23:09:39.628 [http-nio-8080-exec-3] INFO  c.q.p.c.VFilterInvocationSecurityMetadataSource - VFilterInvocationSecurityMetadataSource getAttributes [requestUrl=/vue/vue-router.js]
2020-03-17 23:09:39.631 [http-nio-8080-exec-7] DEBUG c.q.p.dao.SRoleDao.findSRoleListBySPermissionUrl - ==>  Preparing: SELECT sr.* FROM s_role sr LEFT JOIN s_role_permission srp ON sr.id = srp.fk_role_id LEFT JOIN s_permission sp ON srp.fk_permission_id = sp.id WHERE sp.url = ? 
2020-03-17 23:09:39.632 [http-nio-8080-exec-7] DEBUG c.q.p.dao.SRoleDao.findSRoleListBySPermissionUrl - ==> Parameters: /vue/index.js(String)
2020-03-17 23:09:39.632 [http-nio-8080-exec-3] DEBUG c.q.p.dao.SRoleDao.findSRoleListBySPermissionUrl - ==>  Preparing: SELECT sr.* FROM s_role sr LEFT JOIN s_role_permission srp ON sr.id = srp.fk_role_id LEFT JOIN s_permission sp ON srp.fk_permission_id = sp.id WHERE sp.url = ? 
2020-03-17 23:09:39.633 [http-nio-8080-exec-3] DEBUG c.q.p.dao.SRoleDao.findSRoleListBySPermissionUrl - ==> Parameters: /vue/vue-router.js(String)
2020-03-17 23:09:39.634 [http-nio-8080-exec-7] DEBUG c.q.p.dao.SRoleDao.findSRoleListBySPermissionUrl - <==      Total: 0
2020-03-17 23:09:39.635 [http-nio-8080-exec-7] INFO  c.q.p.c.VFilterInvocationSecurityMetadataSource - VFilterInvocationSecurityMetadataSource getAttributes [sRoleList=[]]
2020-03-17 23:09:39.635 [http-nio-8080-exec-3] DEBUG c.q.p.dao.SRoleDao.findSRoleListBySPermissionUrl - <==      Total: 0
2020-03-17 23:09:39.635 [http-nio-8080-exec-7] DEBUG c.q.p.d.S.findSPermissionListBySPermissionUrl - ==>  Preparing: SELECT * FROM s_permission sp WHERE sp.url = ? 
2020-03-17 23:09:39.636 [http-nio-8080-exec-3] INFO  c.q.p.c.VFilterInvocationSecurityMetadataSource - VFilterInvocationSecurityMetadataSource getAttributes [sRoleList=[]]
2020-03-17 23:09:39.636 [http-nio-8080-exec-7] DEBUG c.q.p.d.S.findSPermissionListBySPermissionUrl - ==> Parameters: /vue/index.js(String)
2020-03-17 23:09:39.636 [http-nio-8080-exec-3] DEBUG c.q.p.d.S.findSPermissionListBySPermissionUrl - ==>  Preparing: SELECT * FROM s_permission sp WHERE sp.url = ? 
2020-03-17 23:09:39.637 [http-nio-8080-exec-3] DEBUG c.q.p.d.S.findSPermissionListBySPermissionUrl - ==> Parameters: /vue/vue-router.js(String)
2020-03-17 23:09:39.638 [http-nio-8080-exec-7] DEBUG c.q.p.d.S.findSPermissionListBySPermissionUrl - <==      Total: 0
2020-03-17 23:09:39.639 [http-nio-8080-exec-3] DEBUG c.q.p.d.S.findSPermissionListBySPermissionUrl - <==      Total: 0
2020-03-17 23:09:39.639 [http-nio-8080-exec-7] INFO  c.q.p.c.VFilterInvocationSecurityMetadataSource - VFilterInvocationSecurityMetadataSource getAttributes [sPermissionList=[]]
2020-03-17 23:09:39.639 [http-nio-8080-exec-7] INFO  c.q.p.c.VFilterInvocationSecurityMetadataSource - VFilterInvocationSecurityMetadataSource getAttributes [requestUrl=/vue/index.js]
2020-03-17 23:09:39.639 [http-nio-8080-exec-3] INFO  c.q.p.c.VFilterInvocationSecurityMetadataSource - VFilterInvocationSecurityMetadataSource getAttributes [sPermissionList=[]]
2020-03-17 23:09:39.640 [http-nio-8080-exec-3] INFO  c.q.p.c.VFilterInvocationSecurityMetadataSource - VFilterInvocationSecurityMetadataSource getAttributes [requestUrl=/vue/vue-router.js]
2020-03-17 23:09:39.640 [http-nio-8080-exec-7] DEBUG c.q.p.dao.SRoleDao.findSRoleListBySPermissionUrl - ==>  Preparing: SELECT sr.* FROM s_role sr LEFT JOIN s_role_permission srp ON sr.id = srp.fk_role_id LEFT JOIN s_permission sp ON srp.fk_permission_id = sp.id WHERE sp.url = ? 
2020-03-17 23:09:39.640 [http-nio-8080-exec-3] DEBUG c.q.p.dao.SRoleDao.findSRoleListBySPermissionUrl - ==>  Preparing: SELECT sr.* FROM s_role sr LEFT JOIN s_role_permission srp ON sr.id = srp.fk_role_id LEFT JOIN s_permission sp ON srp.fk_permission_id = sp.id WHERE sp.url = ? 
2020-03-17 23:09:39.640 [http-nio-8080-exec-7] DEBUG c.q.p.dao.SRoleDao.findSRoleListBySPermissionUrl - ==> Parameters: /vue/index.js(String)
2020-03-17 23:09:39.641 [http-nio-8080-exec-3] DEBUG c.q.p.dao.SRoleDao.findSRoleListBySPermissionUrl - ==> Parameters: /vue/vue-router.js(String)
2020-03-17 23:09:39.642 [http-nio-8080-exec-6] DEBUG c.q.p.dao.SRoleDao.findSRoleListBySPermissionUrl - <==      Total: 0
2020-03-17 23:09:39.643 [http-nio-8080-exec-5] DEBUG c.q.p.dao.SRoleDao.findSRoleListBySPermissionUrl - <==      Total: 0
2020-03-17 23:09:39.643 [http-nio-8080-exec-6] INFO  c.q.p.c.VFilterInvocationSecurityMetadataSource - VFilterInvocationSecurityMetadataSource getAttributes [sRoleList=[]]
2020-03-17 23:09:39.643 [http-nio-8080-exec-4] DEBUG c.q.p.dao.SRoleDao.findSRoleListBySPermissionUrl - <==      Total: 0
2020-03-17 23:09:39.643 [http-nio-8080-exec-3] DEBUG c.q.p.dao.SRoleDao.findSRoleListBySPermissionUrl - <==      Total: 0
2020-03-17 23:09:39.644 [http-nio-8080-exec-5] INFO  c.q.p.c.VFilterInvocationSecurityMetadataSource - VFilterInvocationSecurityMetadataSource getAttributes [sRoleList=[]]
2020-03-17 23:09:39.644 [http-nio-8080-exec-6] DEBUG c.q.p.d.S.findSPermissionListBySPermissionUrl - ==>  Preparing: SELECT * FROM s_permission sp WHERE sp.url = ? 
2020-03-17 23:09:39.644 [http-nio-8080-exec-4] INFO  c.q.p.c.VFilterInvocationSecurityMetadataSource - VFilterInvocationSecurityMetadataSource getAttributes [sRoleList=[]]
2020-03-17 23:09:39.644 [http-nio-8080-exec-3] INFO  c.q.p.c.VFilterInvocationSecurityMetadataSource - VFilterInvocationSecurityMetadataSource getAttributes [sRoleList=[]]
2020-03-17 23:09:39.644 [http-nio-8080-exec-5] DEBUG c.q.p.d.S.findSPermissionListBySPermissionUrl - ==>  Preparing: SELECT * FROM s_permission sp WHERE sp.url = ? 
2020-03-17 23:09:39.644 [http-nio-8080-exec-4] DEBUG c.q.p.d.S.findSPermissionListBySPermissionUrl - ==>  Preparing: SELECT * FROM s_permission sp WHERE sp.url = ? 
2020-03-17 23:09:39.644 [http-nio-8080-exec-6] DEBUG c.q.p.d.S.findSPermissionListBySPermissionUrl - ==> Parameters: /vue/vue.js(String)
2020-03-17 23:09:39.644 [http-nio-8080-exec-3] DEBUG c.q.p.d.S.findSPermissionListBySPermissionUrl - ==>  Preparing: SELECT * FROM s_permission sp WHERE sp.url = ? 
2020-03-17 23:09:39.645 [http-nio-8080-exec-5] DEBUG c.q.p.d.S.findSPermissionListBySPermissionUrl - ==> Parameters: /vue/axios.min.js(String)
2020-03-17 23:09:39.645 [http-nio-8080-exec-4] DEBUG c.q.p.d.S.findSPermissionListBySPermissionUrl - ==> Parameters: /vue/index.css(String)
2020-03-17 23:09:39.645 [http-nio-8080-exec-7] DEBUG c.q.p.dao.SRoleDao.findSRoleListBySPermissionUrl - <==      Total: 0
2020-03-17 23:09:39.645 [http-nio-8080-exec-3] DEBUG c.q.p.d.S.findSPermissionListBySPermissionUrl - ==> Parameters: /vue/vue-router.js(String)
2020-03-17 23:09:39.645 [http-nio-8080-exec-7] INFO  c.q.p.c.VFilterInvocationSecurityMetadataSource - VFilterInvocationSecurityMetadataSource getAttributes [sRoleList=[]]
2020-03-17 23:09:39.646 [http-nio-8080-exec-7] DEBUG c.q.p.d.S.findSPermissionListBySPermissionUrl - ==>  Preparing: SELECT * FROM s_permission sp WHERE sp.url = ? 
2020-03-17 23:09:39.646 [http-nio-8080-exec-5] DEBUG c.q.p.d.S.findSPermissionListBySPermissionUrl - <==      Total: 0
2020-03-17 23:09:39.647 [http-nio-8080-exec-4] DEBUG c.q.p.d.S.findSPermissionListBySPermissionUrl - <==      Total: 0
2020-03-17 23:09:39.647 [http-nio-8080-exec-7] DEBUG c.q.p.d.S.findSPermissionListBySPermissionUrl - ==> Parameters: /vue/index.js(String)
2020-03-17 23:09:39.647 [http-nio-8080-exec-5] INFO  c.q.p.c.VFilterInvocationSecurityMetadataSource - VFilterInvocationSecurityMetadataSource getAttributes [sPermissionList=[]]
2020-03-17 23:09:39.647 [http-nio-8080-exec-4] INFO  c.q.p.c.VFilterInvocationSecurityMetadataSource - VFilterInvocationSecurityMetadataSource getAttributes [sPermissionList=[]]
2020-03-17 23:09:39.647 [http-nio-8080-exec-5] INFO  c.q.p.c.VFilterInvocationSecurityMetadataSource - VFilterInvocationSecurityMetadataSource getAttributes [requestUrl=/vue/axios.min.js]
2020-03-17 23:09:39.648 [http-nio-8080-exec-6] DEBUG c.q.p.d.S.findSPermissionListBySPermissionUrl - <==      Total: 0
2020-03-17 23:09:39.648 [http-nio-8080-exec-4] INFO  c.q.p.c.VFilterInvocationSecurityMetadataSource - VFilterInvocationSecurityMetadataSource getAttributes [requestUrl=/vue/index.css]
2020-03-17 23:09:39.648 [http-nio-8080-exec-5] DEBUG c.q.p.dao.SRoleDao.findSRoleListBySPermissionUrl - ==>  Preparing: SELECT sr.* FROM s_role sr LEFT JOIN s_role_permission srp ON sr.id = srp.fk_role_id LEFT JOIN s_permission sp ON srp.fk_permission_id = sp.id WHERE sp.url = ? 
2020-03-17 23:09:39.648 [http-nio-8080-exec-4] DEBUG c.q.p.dao.SRoleDao.findSRoleListBySPermissionUrl - ==>  Preparing: SELECT sr.* FROM s_role sr LEFT JOIN s_role_permission srp ON sr.id = srp.fk_role_id LEFT JOIN s_permission sp ON srp.fk_permission_id = sp.id WHERE sp.url = ? 
2020-03-17 23:09:39.648 [http-nio-8080-exec-6] INFO  c.q.p.c.VFilterInvocationSecurityMetadataSource - VFilterInvocationSecurityMetadataSource getAttributes [sPermissionList=[]]
2020-03-17 23:09:39.649 [http-nio-8080-exec-5] DEBUG c.q.p.dao.SRoleDao.findSRoleListBySPermissionUrl - ==> Parameters: /vue/axios.min.js(String)
2020-03-17 23:09:39.649 [http-nio-8080-exec-4] DEBUG c.q.p.dao.SRoleDao.findSRoleListBySPermissionUrl - ==> Parameters: /vue/index.css(String)
2020-03-17 23:09:39.650 [http-nio-8080-exec-3] DEBUG c.q.p.d.S.findSPermissionListBySPermissionUrl - <==      Total: 0
2020-03-17 23:09:39.650 [http-nio-8080-exec-3] INFO  c.q.p.c.VFilterInvocationSecurityMetadataSource - VFilterInvocationSecurityMetadataSource getAttributes [sPermissionList=[]]
2020-03-17 23:09:39.651 [http-nio-8080-exec-7] DEBUG c.q.p.d.S.findSPermissionListBySPermissionUrl - <==      Total: 0
2020-03-17 23:09:39.652 [http-nio-8080-exec-7] INFO  c.q.p.c.VFilterInvocationSecurityMetadataSource - VFilterInvocationSecurityMetadataSource getAttributes [sPermissionList=[]]
2020-03-17 23:09:39.656 [http-nio-8080-exec-8] DEBUG c.q.p.d.S.findSPermissionListBySPermissionUrl - <==      Total: 0
2020-03-17 23:09:39.656 [http-nio-8080-exec-5] DEBUG c.q.p.dao.SRoleDao.findSRoleListBySPermissionUrl - <==      Total: 0
2020-03-17 23:09:39.657 [http-nio-8080-exec-8] INFO  c.q.p.c.VFilterInvocationSecurityMetadataSource - VFilterInvocationSecurityMetadataSource getAttributes [sPermissionList=[]]
2020-03-17 23:09:39.657 [http-nio-8080-exec-5] INFO  c.q.p.c.VFilterInvocationSecurityMetadataSource - VFilterInvocationSecurityMetadataSource getAttributes [sRoleList=[]]
2020-03-17 23:09:39.658 [http-nio-8080-exec-5] DEBUG c.q.p.d.S.findSPermissionListBySPermissionUrl - ==>  Preparing: SELECT * FROM s_permission sp WHERE sp.url = ? 
2020-03-17 23:09:39.658 [http-nio-8080-exec-8] INFO  c.q.p.c.VFilterInvocationSecurityMetadataSource - VFilterInvocationSecurityMetadataSource getAttributes [requestUrl=/vue/custom.css]
2020-03-17 23:09:39.659 [http-nio-8080-exec-8] DEBUG c.q.p.dao.SRoleDao.findSRoleListBySPermissionUrl - ==>  Preparing: SELECT sr.* FROM s_role sr LEFT JOIN s_role_permission srp ON sr.id = srp.fk_role_id LEFT JOIN s_permission sp ON srp.fk_permission_id = sp.id WHERE sp.url = ? 
2020-03-17 23:09:39.659 [http-nio-8080-exec-5] DEBUG c.q.p.d.S.findSPermissionListBySPermissionUrl - ==> Parameters: /vue/axios.min.js(String)
2020-03-17 23:09:39.660 [http-nio-8080-exec-8] DEBUG c.q.p.dao.SRoleDao.findSRoleListBySPermissionUrl - ==> Parameters: /vue/custom.css(String)
2020-03-17 23:09:39.662 [http-nio-8080-exec-5] DEBUG c.q.p.d.S.findSPermissionListBySPermissionUrl - <==      Total: 0
2020-03-17 23:09:39.662 [http-nio-8080-exec-4] DEBUG c.q.p.dao.SRoleDao.findSRoleListBySPermissionUrl - <==      Total: 0
2020-03-17 23:09:39.663 [http-nio-8080-exec-4] INFO  c.q.p.c.VFilterInvocationSecurityMetadataSource - VFilterInvocationSecurityMetadataSource getAttributes [sRoleList=[]]
2020-03-17 23:09:39.663 [http-nio-8080-exec-5] INFO  c.q.p.c.VFilterInvocationSecurityMetadataSource - VFilterInvocationSecurityMetadataSource getAttributes [sPermissionList=[]]
2020-03-17 23:09:39.663 [http-nio-8080-exec-4] DEBUG c.q.p.d.S.findSPermissionListBySPermissionUrl - ==>  Preparing: SELECT * FROM s_permission sp WHERE sp.url = ? 
2020-03-17 23:09:39.664 [http-nio-8080-exec-4] DEBUG c.q.p.d.S.findSPermissionListBySPermissionUrl - ==> Parameters: /vue/index.css(String)
2020-03-17 23:09:39.665 [http-nio-8080-exec-8] DEBUG c.q.p.dao.SRoleDao.findSRoleListBySPermissionUrl - <==      Total: 0
2020-03-17 23:09:39.666 [http-nio-8080-exec-8] INFO  c.q.p.c.VFilterInvocationSecurityMetadataSource - VFilterInvocationSecurityMetadataSource getAttributes [sRoleList=[]]
2020-03-17 23:09:39.667 [http-nio-8080-exec-8] DEBUG c.q.p.d.S.findSPermissionListBySPermissionUrl - ==>  Preparing: SELECT * FROM s_permission sp WHERE sp.url = ? 
2020-03-17 23:09:39.667 [http-nio-8080-exec-4] DEBUG c.q.p.d.S.findSPermissionListBySPermissionUrl - <==      Total: 0
2020-03-17 23:09:39.667 [http-nio-8080-exec-8] DEBUG c.q.p.d.S.findSPermissionListBySPermissionUrl - ==> Parameters: /vue/custom.css(String)
2020-03-17 23:09:39.667 [http-nio-8080-exec-4] INFO  c.q.p.c.VFilterInvocationSecurityMetadataSource - VFilterInvocationSecurityMetadataSource getAttributes [sPermissionList=[]]
2020-03-17 23:09:39.672 [http-nio-8080-exec-8] DEBUG c.q.p.d.S.findSPermissionListBySPermissionUrl - <==      Total: 0
2020-03-17 23:09:39.673 [http-nio-8080-exec-8] INFO  c.q.p.c.VFilterInvocationSecurityMetadataSource - VFilterInvocationSecurityMetadataSource getAttributes [sPermissionList=[]]
2020-03-17 23:09:39.687 [http-nio-8080-exec-9] INFO  c.q.p.c.VFilterInvocationSecurityMetadataSource - VFilterInvocationSecurityMetadataSource getAttributes [requestUrl=/vue/router1.js]
2020-03-17 23:09:39.691 [http-nio-8080-exec-9] DEBUG c.q.p.dao.SRoleDao.findSRoleListBySPermissionUrl - ==>  Preparing: SELECT sr.* FROM s_role sr LEFT JOIN s_role_permission srp ON sr.id = srp.fk_role_id LEFT JOIN s_permission sp ON srp.fk_permission_id = sp.id WHERE sp.url = ? 
2020-03-17 23:09:39.693 [http-nio-8080-exec-9] DEBUG c.q.p.dao.SRoleDao.findSRoleListBySPermissionUrl - ==> Parameters: /vue/router1.js(String)
2020-03-17 23:09:39.697 [http-nio-8080-exec-9] DEBUG c.q.p.dao.SRoleDao.findSRoleListBySPermissionUrl - <==      Total: 0
2020-03-17 23:09:39.698 [http-nio-8080-exec-9] INFO  c.q.p.c.VFilterInvocationSecurityMetadataSource - VFilterInvocationSecurityMetadataSource getAttributes [sRoleList=[]]
2020-03-17 23:09:39.699 [http-nio-8080-exec-9] DEBUG c.q.p.d.S.findSPermissionListBySPermissionUrl - ==>  Preparing: SELECT * FROM s_permission sp WHERE sp.url = ? 
2020-03-17 23:09:39.699 [http-nio-8080-exec-9] DEBUG c.q.p.d.S.findSPermissionListBySPermissionUrl - ==> Parameters: /vue/router1.js(String)
2020-03-17 23:09:39.703 [http-nio-8080-exec-9] DEBUG c.q.p.d.S.findSPermissionListBySPermissionUrl - <==      Total: 0
2020-03-17 23:09:39.704 [http-nio-8080-exec-9] INFO  c.q.p.c.VFilterInvocationSecurityMetadataSource - VFilterInvocationSecurityMetadataSource getAttributes [sPermissionList=[]]
2020-03-17 23:09:39.705 [http-nio-8080-exec-9] INFO  c.q.p.c.VFilterInvocationSecurityMetadataSource - VFilterInvocationSecurityMetadataSource getAttributes [requestUrl=/vue/router1.js]
2020-03-17 23:09:39.706 [http-nio-8080-exec-9] DEBUG c.q.p.dao.SRoleDao.findSRoleListBySPermissionUrl - ==>  Preparing: SELECT sr.* FROM s_role sr LEFT JOIN s_role_permission srp ON sr.id = srp.fk_role_id LEFT JOIN s_permission sp ON srp.fk_permission_id = sp.id WHERE sp.url = ? 
2020-03-17 23:09:39.706 [http-nio-8080-exec-9] DEBUG c.q.p.dao.SRoleDao.findSRoleListBySPermissionUrl - ==> Parameters: /vue/router1.js(String)
2020-03-17 23:09:39.710 [http-nio-8080-exec-9] DEBUG c.q.p.dao.SRoleDao.findSRoleListBySPermissionUrl - <==      Total: 0
2020-03-17 23:09:39.711 [http-nio-8080-exec-9] INFO  c.q.p.c.VFilterInvocationSecurityMetadataSource - VFilterInvocationSecurityMetadataSource getAttributes [sRoleList=[]]
2020-03-17 23:09:39.711 [http-nio-8080-exec-9] DEBUG c.q.p.d.S.findSPermissionListBySPermissionUrl - ==>  Preparing: SELECT * FROM s_permission sp WHERE sp.url = ? 
2020-03-17 23:09:39.712 [http-nio-8080-exec-9] DEBUG c.q.p.d.S.findSPermissionListBySPermissionUrl - ==> Parameters: /vue/router1.js(String)
2020-03-17 23:09:39.713 [http-nio-8080-exec-9] DEBUG c.q.p.d.S.findSPermissionListBySPermissionUrl - <==      Total: 0
2020-03-17 23:09:39.714 [http-nio-8080-exec-9] INFO  c.q.p.c.VFilterInvocationSecurityMetadataSource - VFilterInvocationSecurityMetadataSource getAttributes [sPermissionList=[]]
2020-03-17 23:09:40.047 [http-nio-8080-exec-10] INFO  c.q.p.c.VFilterInvocationSecurityMetadataSource - VFilterInvocationSecurityMetadataSource getAttributes [requestUrl=/activity/get_by_useruanme]
2020-03-17 23:09:40.048 [http-nio-8080-exec-10] DEBUG c.q.p.dao.SRoleDao.findSRoleListBySPermissionUrl - ==>  Preparing: SELECT sr.* FROM s_role sr LEFT JOIN s_role_permission srp ON sr.id = srp.fk_role_id LEFT JOIN s_permission sp ON srp.fk_permission_id = sp.id WHERE sp.url = ? 
2020-03-17 23:09:40.048 [http-nio-8080-exec-10] DEBUG c.q.p.dao.SRoleDao.findSRoleListBySPermissionUrl - ==> Parameters: /activity/get_by_useruanme(String)
2020-03-17 23:09:40.050 [http-nio-8080-exec-10] DEBUG c.q.p.dao.SRoleDao.findSRoleListBySPermissionUrl - <==      Total: 0
2020-03-17 23:09:40.051 [http-nio-8080-exec-10] INFO  c.q.p.c.VFilterInvocationSecurityMetadataSource - VFilterInvocationSecurityMetadataSource getAttributes [sRoleList=[]]
2020-03-17 23:09:40.051 [http-nio-8080-exec-10] DEBUG c.q.p.d.S.findSPermissionListBySPermissionUrl - ==>  Preparing: SELECT * FROM s_permission sp WHERE sp.url = ? 
2020-03-17 23:09:40.052 [http-nio-8080-exec-10] DEBUG c.q.p.d.S.findSPermissionListBySPermissionUrl - ==> Parameters: /activity/get_by_useruanme(String)
2020-03-17 23:09:40.053 [http-nio-8080-exec-10] DEBUG c.q.p.d.S.findSPermissionListBySPermissionUrl - <==      Total: 0
2020-03-17 23:09:40.054 [http-nio-8080-exec-10] INFO  c.q.p.c.VFilterInvocationSecurityMetadataSource - VFilterInvocationSecurityMetadataSource getAttributes [sPermissionList=[]]
2020-03-17 23:09:40.054 [http-nio-8080-exec-10] INFO  c.q.p.c.VFilterInvocationSecurityMetadataSource - VFilterInvocationSecurityMetadataSource getAttributes [requestUrl=/activity/get_by_useruanme]
2020-03-17 23:09:40.054 [http-nio-8080-exec-10] DEBUG c.q.p.dao.SRoleDao.findSRoleListBySPermissionUrl - ==>  Preparing: SELECT sr.* FROM s_role sr LEFT JOIN s_role_permission srp ON sr.id = srp.fk_role_id LEFT JOIN s_permission sp ON srp.fk_permission_id = sp.id WHERE sp.url = ? 
2020-03-17 23:09:40.055 [http-nio-8080-exec-10] DEBUG c.q.p.dao.SRoleDao.findSRoleListBySPermissionUrl - ==> Parameters: /activity/get_by_useruanme(String)
2020-03-17 23:09:40.057 [http-nio-8080-exec-10] DEBUG c.q.p.dao.SRoleDao.findSRoleListBySPermissionUrl - <==      Total: 0
2020-03-17 23:09:40.058 [http-nio-8080-exec-10] INFO  c.q.p.c.VFilterInvocationSecurityMetadataSource - VFilterInvocationSecurityMetadataSource getAttributes [sRoleList=[]]
2020-03-17 23:09:40.058 [http-nio-8080-exec-10] DEBUG c.q.p.d.S.findSPermissionListBySPermissionUrl - ==>  Preparing: SELECT * FROM s_permission sp WHERE sp.url = ? 
2020-03-17 23:09:40.058 [http-nio-8080-exec-10] DEBUG c.q.p.d.S.findSPermissionListBySPermissionUrl - ==> Parameters: /activity/get_by_useruanme(String)
2020-03-17 23:09:40.060 [http-nio-8080-exec-10] DEBUG c.q.p.d.S.findSPermissionListBySPermissionUrl - <==      Total: 0
2020-03-17 23:09:40.060 [http-nio-8080-exec-10] INFO  c.q.p.c.VFilterInvocationSecurityMetadataSource - VFilterInvocationSecurityMetadataSource getAttributes [sPermissionList=[]]
2020-03-17 23:09:40.062 [http-nio-8080-exec-10] INFO  cn.qianshu.pingfen.controller.ActivityController - activity controller getactivity get_by_useruanme:admin
2020-03-17 23:09:40.065 [http-nio-8080-exec-10] DEBUG cn.qianshu.pingfen.dao.SActivityDao.findbyUserName - ==>  Preparing: SELECT a.* FROM s_activity a LEFT JOIN s_activity_user au ON a.id = au.activity_id left join s_user u on au.user_id=u.id where u.name=? and a.active=1 ORDER BY a.id 
2020-03-17 23:09:40.065 [http-nio-8080-exec-10] DEBUG cn.qianshu.pingfen.dao.SActivityDao.findbyUserName - ==> Parameters: admin(String)
2020-03-17 23:09:40.072 [http-nio-8080-exec-1] INFO  c.q.p.c.VFilterInvocationSecurityMetadataSource - VFilterInvocationSecurityMetadataSource getAttributes [requestUrl=/vue/fonts/element-icons.woff]
2020-03-17 23:09:40.072 [http-nio-8080-exec-1] DEBUG c.q.p.dao.SRoleDao.findSRoleListBySPermissionUrl - ==>  Preparing: SELECT sr.* FROM s_role sr LEFT JOIN s_role_permission srp ON sr.id = srp.fk_role_id LEFT JOIN s_permission sp ON srp.fk_permission_id = sp.id WHERE sp.url = ? 
2020-03-17 23:09:40.073 [http-nio-8080-exec-1] DEBUG c.q.p.dao.SRoleDao.findSRoleListBySPermissionUrl - ==> Parameters: /vue/fonts/element-icons.woff(String)
2020-03-17 23:09:40.096 [http-nio-8080-exec-1] DEBUG c.q.p.dao.SRoleDao.findSRoleListBySPermissionUrl - <==      Total: 0
2020-03-17 23:09:40.097 [http-nio-8080-exec-1] INFO  c.q.p.c.VFilterInvocationSecurityMetadataSource - VFilterInvocationSecurityMetadataSource getAttributes [sRoleList=[]]
2020-03-17 23:09:40.097 [http-nio-8080-exec-1] DEBUG c.q.p.d.S.findSPermissionListBySPermissionUrl - ==>  Preparing: SELECT * FROM s_permission sp WHERE sp.url = ? 
2020-03-17 23:09:40.097 [http-nio-8080-exec-1] DEBUG c.q.p.d.S.findSPermissionListBySPermissionUrl - ==> Parameters: /vue/fonts/element-icons.woff(String)
2020-03-17 23:09:40.099 [http-nio-8080-exec-1] DEBUG c.q.p.d.S.findSPermissionListBySPermissionUrl - <==      Total: 0
2020-03-17 23:09:40.099 [http-nio-8080-exec-1] INFO  c.q.p.c.VFilterInvocationSecurityMetadataSource - VFilterInvocationSecurityMetadataSource getAttributes [sPermissionList=[]]
2020-03-17 23:09:40.100 [http-nio-8080-exec-1] INFO  c.q.p.c.VFilterInvocationSecurityMetadataSource - VFilterInvocationSecurityMetadataSource getAttributes [requestUrl=/vue/fonts/element-icons.woff]
2020-03-17 23:09:40.101 [http-nio-8080-exec-1] DEBUG c.q.p.dao.SRoleDao.findSRoleListBySPermissionUrl - ==>  Preparing: SELECT sr.* FROM s_role sr LEFT JOIN s_role_permission srp ON sr.id = srp.fk_role_id LEFT JOIN s_permission sp ON srp.fk_permission_id = sp.id WHERE sp.url = ? 
2020-03-17 23:09:40.102 [http-nio-8080-exec-1] DEBUG c.q.p.dao.SRoleDao.findSRoleListBySPermissionUrl - ==> Parameters: /vue/fonts/element-icons.woff(String)
2020-03-17 23:09:40.104 [http-nio-8080-exec-1] DEBUG c.q.p.dao.SRoleDao.findSRoleListBySPermissionUrl - <==      Total: 0
2020-03-17 23:09:40.105 [http-nio-8080-exec-1] INFO  c.q.p.c.VFilterInvocationSecurityMetadataSource - VFilterInvocationSecurityMetadataSource getAttributes [sRoleList=[]]
2020-03-17 23:09:40.106 [http-nio-8080-exec-1] DEBUG c.q.p.d.S.findSPermissionListBySPermissionUrl - ==>  Preparing: SELECT * FROM s_permission sp WHERE sp.url = ? 
2020-03-17 23:09:40.106 [http-nio-8080-exec-1] DEBUG c.q.p.d.S.findSPermissionListBySPermissionUrl - ==> Parameters: /vue/fonts/element-icons.woff(String)
2020-03-17 23:09:40.108 [http-nio-8080-exec-1] DEBUG c.q.p.d.S.findSPermissionListBySPermissionUrl - <==      Total: 0
2020-03-17 23:09:40.108 [http-nio-8080-exec-1] INFO  c.q.p.c.VFilterInvocationSecurityMetadataSource - VFilterInvocationSecurityMetadataSource getAttributes [sPermissionList=[]]
2020-03-17 23:09:40.441 [http-nio-8080-exec-10] DEBUG cn.qianshu.pingfen.dao.SActivityDao.findbyUserName - <==      Total: 1
2020-03-17 23:09:42.816 [http-nio-8080-exec-2] INFO  c.q.p.c.VFilterInvocationSecurityMetadataSource - VFilterInvocationSecurityMetadataSource getAttributes [requestUrl=/activity/find_by_activityid?id=2&username=admin]
2020-03-17 23:09:42.819 [http-nio-8080-exec-2] DEBUG c.q.p.dao.SRoleDao.findSRoleListBySPermissionUrl - ==>  Preparing: SELECT sr.* FROM s_role sr LEFT JOIN s_role_permission srp ON sr.id = srp.fk_role_id LEFT JOIN s_permission sp ON srp.fk_permission_id = sp.id WHERE sp.url = ? 
2020-03-17 23:09:42.820 [http-nio-8080-exec-2] DEBUG c.q.p.dao.SRoleDao.findSRoleListBySPermissionUrl - ==> Parameters: /activity/find_by_activityid?id=2&username=admin(String)
2020-03-17 23:09:42.835 [http-nio-8080-exec-2] DEBUG c.q.p.dao.SRoleDao.findSRoleListBySPermissionUrl - <==      Total: 0
2020-03-17 23:09:42.835 [http-nio-8080-exec-2] INFO  c.q.p.c.VFilterInvocationSecurityMetadataSource - VFilterInvocationSecurityMetadataSource getAttributes [sRoleList=[]]
2020-03-17 23:09:42.836 [http-nio-8080-exec-2] DEBUG c.q.p.d.S.findSPermissionListBySPermissionUrl - ==>  Preparing: SELECT * FROM s_permission sp WHERE sp.url = ? 
2020-03-17 23:09:42.837 [http-nio-8080-exec-2] DEBUG c.q.p.d.S.findSPermissionListBySPermissionUrl - ==> Parameters: /activity/find_by_activityid?id=2&username=admin(String)
2020-03-17 23:09:42.839 [http-nio-8080-exec-2] DEBUG c.q.p.d.S.findSPermissionListBySPermissionUrl - <==      Total: 0
2020-03-17 23:09:42.839 [http-nio-8080-exec-2] INFO  c.q.p.c.VFilterInvocationSecurityMetadataSource - VFilterInvocationSecurityMetadataSource getAttributes [sPermissionList=[]]
2020-03-17 23:09:42.840 [http-nio-8080-exec-2] INFO  c.q.p.c.VFilterInvocationSecurityMetadataSource - VFilterInvocationSecurityMetadataSource getAttributes [requestUrl=/activity/find_by_activityid?id=2&username=admin]
2020-03-17 23:09:42.840 [http-nio-8080-exec-2] DEBUG c.q.p.dao.SRoleDao.findSRoleListBySPermissionUrl - ==>  Preparing: SELECT sr.* FROM s_role sr LEFT JOIN s_role_permission srp ON sr.id = srp.fk_role_id LEFT JOIN s_permission sp ON srp.fk_permission_id = sp.id WHERE sp.url = ? 
2020-03-17 23:09:42.841 [http-nio-8080-exec-2] DEBUG c.q.p.dao.SRoleDao.findSRoleListBySPermissionUrl - ==> Parameters: /activity/find_by_activityid?id=2&username=admin(String)
2020-03-17 23:09:42.844 [http-nio-8080-exec-2] DEBUG c.q.p.dao.SRoleDao.findSRoleListBySPermissionUrl - <==      Total: 0
2020-03-17 23:09:42.845 [http-nio-8080-exec-2] INFO  c.q.p.c.VFilterInvocationSecurityMetadataSource - VFilterInvocationSecurityMetadataSource getAttributes [sRoleList=[]]
2020-03-17 23:09:42.846 [http-nio-8080-exec-2] DEBUG c.q.p.d.S.findSPermissionListBySPermissionUrl - ==>  Preparing: SELECT * FROM s_permission sp WHERE sp.url = ? 
2020-03-17 23:09:42.846 [http-nio-8080-exec-2] DEBUG c.q.p.d.S.findSPermissionListBySPermissionUrl - ==> Parameters: /activity/find_by_activityid?id=2&username=admin(String)
2020-03-17 23:09:42.848 [http-nio-8080-exec-2] DEBUG c.q.p.d.S.findSPermissionListBySPermissionUrl - <==      Total: 0
2020-03-17 23:09:42.849 [http-nio-8080-exec-2] INFO  c.q.p.c.VFilterInvocationSecurityMetadataSource - VFilterInvocationSecurityMetadataSource getAttributes [sPermissionList=[]]
2020-03-17 23:09:42.877 [http-nio-8080-exec-2] INFO  cn.qianshu.pingfen.controller.ActivityController - activity controller find_by_activity_id:2,username:admin
2020-03-17 23:09:42.878 [http-nio-8080-exec-2] DEBUG cn.qianshu.pingfen.dao.SActivityDao.findByID - ==>  Preparing: SELECT a.* FROM s_activity a WHERE a.id = ? 
2020-03-17 23:09:42.878 [http-nio-8080-exec-2] DEBUG cn.qianshu.pingfen.dao.SActivityDao.findByID - ==> Parameters: 2(Integer)
2020-03-17 23:09:42.881 [http-nio-8080-exec-2] DEBUG cn.qianshu.pingfen.dao.SActivityDao.findByID - <==      Total: 1
2020-03-17 23:09:42.882 [http-nio-8080-exec-2] INFO  cn.qianshu.pingfen.controller.ActivityController - user:org.springframework.security.authentication.UsernamePasswordAuthenticationToken@4f647200: Principal: SUser [id=1, name=admin, password=$2a$10$D6WR4dcThfRCYGM7AXNHqup.V7URH6QISi4YFxYr1iAJeZf07ryQ2, account=10021]; Credentials: [PROTECTED]; Authenticated: true; Details: org.springframework.security.web.authentication.WebAuthenticationDetails@21a2c: RemoteIpAddress: 0:0:0:0:0:0:0:1; SessionId: 60F798576BA18D41DFD9C8A906516F17; Granted Authorities: R_ADMIN, P_INDEX, P_ADMIN, P_HELLO
2020-03-17 23:09:42.882 [http-nio-8080-exec-2] INFO  cn.qianshu.pingfen.controller.ActivityController - activity:Activity [id=2, name=hhhhh, holdaddress=hhhhh, avg=true, koufen=true, active=1, holdtime=Fri Mar 13 08:00:00 CST 2020]
2020-03-17 23:09:42.951 [http-nio-8080-exec-2] ERROR org.thymeleaf.TemplateEngine - [THYMELEAF][http-nio-8080-exec-2] Exception processing template "vue/total": An error happened during template parsing (template: "class path resource [templates/vue/total.html]")
org.thymeleaf.exceptions.TemplateInputException: An error happened during template parsing (template: "class path resource [templates/vue/total.html]")
	at org.thymeleaf.templateparser.markup.AbstractMarkupTemplateParser.parse(AbstractMarkupTemplateParser.java:241)
	at org.thymeleaf.templateparser.markup.AbstractMarkupTemplateParser.parseStandalone(AbstractMarkupTemplateParser.java:100)
	at org.thymeleaf.engine.TemplateManager.parseAndProcess(TemplateManager.java:666)
	at org.thymeleaf.TemplateEngine.process(TemplateEngine.java:1098)
	at org.thymeleaf.TemplateEngine.process(TemplateEngine.java:1072)
	at org.thymeleaf.spring5.view.ThymeleafView.renderFragment(ThymeleafView.java:362)
	at org.thymeleaf.spring5.view.ThymeleafView.render(ThymeleafView.java:189)
	at org.springframework.web.servlet.DispatcherServlet.render(DispatcherServlet.java:1373)
	at org.springframework.web.servlet.DispatcherServlet.processDispatchResult(DispatcherServlet.java:1118)
	at org.springframework.web.servlet.DispatcherServlet.doDispatch(DispatcherServlet.java:1057)
	at org.springframework.web.servlet.DispatcherServlet.doService(DispatcherServlet.java:943)
	at org.springframework.web.servlet.FrameworkServlet.processRequest(FrameworkServlet.java:1006)
	at org.springframework.web.servlet.FrameworkServlet.doGet(FrameworkServlet.java:898)
	at javax.servlet.http.HttpServlet.service(HttpServlet.java:634)
	at org.springframework.web.servlet.FrameworkServlet.service(FrameworkServlet.java:883)
	at javax.servlet.http.HttpServlet.service(HttpServlet.java:741)
	at org.apache.catalina.core.ApplicationFilterChain.internalDoFilter(ApplicationFilterChain.java:231)
	at org.apache.catalina.core.ApplicationFilterChain.doFilter(ApplicationFilterChain.java:166)
	at org.apache.tomcat.websocket.server.WsFilter.doFilter(WsFilter.java:53)
	at org.apache.catalina.core.ApplicationFilterChain.internalDoFilter(ApplicationFilterChain.java:193)
	at org.apache.catalina.core.ApplicationFilterChain.doFilter(ApplicationFilterChain.java:166)
	at cn.qianshu.pingfen.config.VFilterSecurityInterceptor.invoke(VFilterSecurityInterceptor.java:52)
	at cn.qianshu.pingfen.config.VFilterSecurityInterceptor.doFilter(VFilterSecurityInterceptor.java:42)
	at org.apache.catalina.core.ApplicationFilterChain.internalDoFilter(ApplicationFilterChain.java:193)
	at org.apache.catalina.core.ApplicationFilterChain.doFilter(ApplicationFilterChain.java:166)
	at cn.qianshu.pingfen.config.VFilterSecurityInterceptor.invoke(VFilterSecurityInterceptor.java:52)
	at cn.qianshu.pingfen.config.VFilterSecurityInterceptor.doFilter(VFilterSecurityInterceptor.java:42)
	at org.apache.catalina.core.ApplicationFilterChain.internalDoFilter(ApplicationFilterChain.java:193)
	at org.apache.catalina.core.ApplicationFilterChain.doFilter(ApplicationFilterChain.java:166)
	at org.springframework.security.web.FilterChainProxy$VirtualFilterChain.doFilter(FilterChainProxy.java:320)
	at org.springframework.security.web.access.intercept.FilterSecurityInterceptor.invoke(FilterSecurityInterceptor.java:126)
	at org.springframework.security.web.access.intercept.FilterSecurityInterceptor.doFilter(FilterSecurityInterceptor.java:90)
	at org.springframework.security.web.FilterChainProxy$VirtualFilterChain.doFilter(FilterChainProxy.java:334)
	at org.springframework.security.web.access.ExceptionTranslationFilter.doFilter(ExceptionTranslationFilter.java:118)
	at org.springframework.security.web.FilterChainProxy$VirtualFilterChain.doFilter(FilterChainProxy.java:334)
	at org.springframework.security.web.session.SessionManagementFilter.doFilter(SessionManagementFilter.java:137)
	at org.springframework.security.web.FilterChainProxy$VirtualFilterChain.doFilter(FilterChainProxy.java:334)
	at org.springframework.security.web.authentication.AnonymousAuthenticationFilter.doFilter(AnonymousAuthenticationFilter.java:111)
	at org.springframework.security.web.FilterChainProxy$VirtualFilterChain.doFilter(FilterChainProxy.java:334)
	at org.springframework.security.web.servletapi.SecurityContextHolderAwareRequestFilter.doFilter(SecurityContextHolderAwareRequestFilter.java:158)
	at org.springframework.security.web.FilterChainProxy$VirtualFilterChain.doFilter(FilterChainProxy.java:334)
	at org.springframework.security.web.savedrequest.RequestCacheAwareFilter.doFilter(RequestCacheAwareFilter.java:63)
	at org.springframework.security.web.FilterChainProxy$VirtualFilterChain.doFilter(FilterChainProxy.java:334)
	at org.springframework.security.web.authentication.AbstractAuthenticationProcessingFilter.doFilter(AbstractAuthenticationProcessingFilter.java:200)
	at org.springframework.security.web.FilterChainProxy$VirtualFilterChain.doFilter(FilterChainProxy.java:334)
	at org.springframework.security.web.authentication.logout.LogoutFilter.doFilter(LogoutFilter.java:116)
	at org.springframework.security.web.FilterChainProxy$VirtualFilterChain.doFilter(FilterChainProxy.java:334)
	at org.springframework.security.web.header.HeaderWriterFilter.doHeadersAfter(HeaderWriterFilter.java:92)
	at org.springframework.security.web.header.HeaderWriterFilter.doFilterInternal(HeaderWriterFilter.java:77)
	at org.springframework.web.filter.OncePerRequestFilter.doFilter(OncePerRequestFilter.java:119)
	at org.springframework.security.web.FilterChainProxy$VirtualFilterChain.doFilter(FilterChainProxy.java:334)
	at org.springframework.security.web.context.SecurityContextPersistenceFilter.doFilter(SecurityContextPersistenceFilter.java:105)
	at org.springframework.security.web.FilterChainProxy$VirtualFilterChain.doFilter(FilterChainProxy.java:334)
	at org.springframework.security.web.context.request.async.WebAsyncManagerIntegrationFilter.doFilterInternal(WebAsyncManagerIntegrationFilter.java:56)
	at org.springframework.web.filter.OncePerRequestFilter.doFilter(OncePerRequestFilter.java:119)
	at org.springframework.security.web.FilterChainProxy$VirtualFilterChain.doFilter(FilterChainProxy.java:334)
	at org.springframework.security.web.FilterChainProxy.doFilterInternal(FilterChainProxy.java:215)
	at org.springframework.security.web.FilterChainProxy.doFilter(FilterChainProxy.java:178)
	at org.springframework.web.filter.DelegatingFilterProxy.invokeDelegate(DelegatingFilterProxy.java:358)
	at org.springframework.web.filter.DelegatingFilterProxy.doFilter(DelegatingFilterProxy.java:271)
	at org.apache.catalina.core.ApplicationFilterChain.internalDoFilter(ApplicationFilterChain.java:193)
	at org.apache.catalina.core.ApplicationFilterChain.doFilter(ApplicationFilterChain.java:166)
	at org.springframework.web.filter.RequestContextFilter.doFilterInternal(RequestContextFilter.java:100)
	at org.springframework.web.filter.OncePerRequestFilter.doFilter(OncePerRequestFilter.java:119)
	at org.apache.catalina.core.ApplicationFilterChain.internalDoFilter(ApplicationFilterChain.java:193)
	at org.apache.catalina.core.ApplicationFilterChain.doFilter(ApplicationFilterChain.java:166)
	at org.springframework.web.filter.FormContentFilter.doFilterInternal(FormContentFilter.java:93)
	at org.springframework.web.filter.OncePerRequestFilter.doFilter(OncePerRequestFilter.java:119)
	at org.apache.catalina.core.ApplicationFilterChain.internalDoFilter(ApplicationFilterChain.java:193)
	at org.apache.catalina.core.ApplicationFilterChain.doFilter(ApplicationFilterChain.java:166)
	at org.springframework.web.filter.CharacterEncodingFilter.doFilterInternal(CharacterEncodingFilter.java:201)
	at org.springframework.web.filter.OncePerRequestFilter.doFilter(OncePerRequestFilter.java:119)
	at org.apache.catalina.core.ApplicationFilterChain.internalDoFilter(ApplicationFilterChain.java:193)
	at org.apache.catalina.core.ApplicationFilterChain.doFilter(ApplicationFilterChain.java:166)
	at org.apache.catalina.core.StandardWrapperValve.invoke(StandardWrapperValve.java:202)
	at org.apache.catalina.core.StandardContextValve.invoke(StandardContextValve.java:96)
	at org.apache.catalina.authenticator.AuthenticatorBase.invoke(AuthenticatorBase.java:526)
	at org.apache.catalina.core.StandardHostValve.invoke(StandardHostValve.java:139)
	at org.apache.catalina.valves.ErrorReportValve.invoke(ErrorReportValve.java:92)
	at org.apache.catalina.core.StandardEngineValve.invoke(StandardEngineValve.java:74)
	at org.apache.catalina.connector.CoyoteAdapter.service(CoyoteAdapter.java:343)
	at org.apache.coyote.http11.Http11Processor.service(Http11Processor.java:367)
	at org.apache.coyote.AbstractProcessorLight.process(AbstractProcessorLight.java:65)
	at org.apache.coyote.AbstractProtocol$ConnectionHandler.process(AbstractProtocol.java:860)
	at org.apache.tomcat.util.net.NioEndpoint$SocketProcessor.doRun(NioEndpoint.java:1591)
	at org.apache.tomcat.util.net.SocketProcessorBase.run(SocketProcessorBase.java:49)
	at java.util.concurrent.ThreadPoolExecutor.runWorker(Unknown Source)
	at java.util.concurrent.ThreadPoolExecutor$Worker.run(Unknown Source)
	at org.apache.tomcat.util.threads.TaskThread$WrappingRunnable.run(TaskThread.java:61)
	at java.lang.Thread.run(Unknown Source)
Caused by: org.attoparser.ParseException: Exception evaluating SpringEL expression: "user.username" (template: "vue/total" - line 31, col 40)
	at org.attoparser.MarkupParser.parseDocument(MarkupParser.java:393)
	at org.attoparser.MarkupParser.parse(MarkupParser.java:257)
	at org.thymeleaf.templateparser.markup.AbstractMarkupTemplateParser.parse(AbstractMarkupTemplateParser.java:230)
	... 89 common frames omitted
Caused by: org.thymeleaf.exceptions.TemplateProcessingException: Exception evaluating SpringEL expression: "user.username" (template: "vue/total" - line 31, col 40)
	at org.thymeleaf.spring5.expression.SPELVariableExpressionEvaluator.evaluate(SPELVariableExpressionEvaluator.java:290)
	at org.thymeleaf.standard.expression.VariableExpression.executeVariableExpression(VariableExpression.java:166)
	at org.thymeleaf.standard.expression.SimpleExpression.executeSimple(SimpleExpression.java:66)
	at org.thymeleaf.standard.expression.Expression.execute(Expression.java:109)
	at org.thymeleaf.standard.expression.Expression.execute(Expression.java:138)
	at org.thymeleaf.standard.processor.AbstractStandardExpressionAttributeTagProcessor.doProcess(AbstractStandardExpressionAttributeTagProcessor.java:144)
	at org.thymeleaf.processor.element.AbstractAttributeTagProcessor.doProcess(AbstractAttributeTagProcessor.java:74)
	at org.thymeleaf.processor.element.AbstractElementTagProcessor.process(AbstractElementTagProcessor.java:95)
	at org.thymeleaf.util.ProcessorConfigurationUtils$ElementTagProcessorWrapper.process(ProcessorConfigurationUtils.java:633)
	at org.thymeleaf.engine.ProcessorTemplateHandler.handleStandaloneElement(ProcessorTemplateHandler.java:918)
	at org.thymeleaf.engine.TemplateHandlerAdapterMarkupHandler.handleStandaloneElementEnd(TemplateHandlerAdapterMarkupHandler.java:260)
	at org.thymeleaf.templateparser.markup.InlinedOutputExpressionMarkupHandler$InlineMarkupAdapterPreProcessorHandler.handleStandaloneElementEnd(InlinedOutputExpressionMarkupHandler.java:256)
	at org.thymeleaf.standard.inline.OutputExpressionInlinePreProcessorHandler.handleStandaloneElementEnd(OutputExpressionInlinePreProcessorHandler.java:169)
	at org.thymeleaf.templateparser.markup.InlinedOutputExpressionMarkupHandler.handleStandaloneElementEnd(InlinedOutputExpressionMarkupHandler.java:104)
	at org.attoparser.HtmlVoidElement.handleOpenElementEnd(HtmlVoidElement.java:92)
	at org.attoparser.HtmlMarkupHandler.handleOpenElementEnd(HtmlMarkupHandler.java:297)
	at org.attoparser.MarkupEventProcessorHandler.handleOpenElementEnd(MarkupEventProcessorHandler.java:402)
	at org.attoparser.ParsingElementMarkupUtil.parseOpenElement(ParsingElementMarkupUtil.java:159)
	at org.attoparser.MarkupParser.parseBuffer(MarkupParser.java:710)
	at org.attoparser.MarkupParser.parseDocument(MarkupParser.java:301)
	... 91 common frames omitted
Caused by: org.springframework.expression.spel.SpelEvaluationException: EL1008E: Property or field 'username' cannot be found on object of type 'org.springframework.security.authentication.UsernamePasswordAuthenticationToken' - maybe not public or not valid?
	at org.springframework.expression.spel.ast.PropertyOrFieldReference.readProperty(PropertyOrFieldReference.java:217)
	at org.springframework.expression.spel.ast.PropertyOrFieldReference.getValueInternal(PropertyOrFieldReference.java:104)
	at org.springframework.expression.spel.ast.PropertyOrFieldReference.access$000(PropertyOrFieldReference.java:51)
	at org.springframework.expression.spel.ast.PropertyOrFieldReference$AccessorLValue.getValue(PropertyOrFieldReference.java:406)
	at org.springframework.expression.spel.ast.CompoundExpression.getValueInternal(CompoundExpression.java:92)
	at org.springframework.expression.spel.ast.SpelNodeImpl.getValue(SpelNodeImpl.java:112)
	at org.springframework.expression.spel.standard.SpelExpression.getValue(SpelExpression.java:330)
	at org.thymeleaf.spring5.expression.SPELVariableExpressionEvaluator.evaluate(SPELVariableExpressionEvaluator.java:263)
	... 110 common frames omitted
2020-03-17 23:09:42.955 [http-nio-8080-exec-2] ERROR o.a.c.c.C.[.[localhost].[/].[dispatcherServlet] - Servlet.service() for servlet [dispatcherServlet] in context with path [] threw exception [Request processing failed; nested exception is org.thymeleaf.exceptions.TemplateInputException: An error happened during template parsing (template: "class path resource [templates/vue/total.html]")] with root cause
org.springframework.expression.spel.SpelEvaluationException: EL1008E: Property or field 'username' cannot be found on object of type 'org.springframework.security.authentication.UsernamePasswordAuthenticationToken' - maybe not public or not valid?
	at org.springframework.expression.spel.ast.PropertyOrFieldReference.readProperty(PropertyOrFieldReference.java:217)
	at org.springframework.expression.spel.ast.PropertyOrFieldReference.getValueInternal(PropertyOrFieldReference.java:104)
	at org.springframework.expression.spel.ast.PropertyOrFieldReference.access$000(PropertyOrFieldReference.java:51)
	at org.springframework.expression.spel.ast.PropertyOrFieldReference$AccessorLValue.getValue(PropertyOrFieldReference.java:406)
	at org.springframework.expression.spel.ast.CompoundExpression.getValueInternal(CompoundExpression.java:92)
	at org.springframework.expression.spel.ast.SpelNodeImpl.getValue(SpelNodeImpl.java:112)
	at org.springframework.expression.spel.standard.SpelExpression.getValue(SpelExpression.java:330)
	at org.thymeleaf.spring5.expression.SPELVariableExpressionEvaluator.evaluate(SPELVariableExpressionEvaluator.java:263)
	at org.thymeleaf.standard.expression.VariableExpression.executeVariableExpression(VariableExpression.java:166)
	at org.thymeleaf.standard.expression.SimpleExpression.executeSimple(SimpleExpression.java:66)
	at org.thymeleaf.standard.expression.Expression.execute(Expression.java:109)
	at org.thymeleaf.standard.expression.Expression.execute(Expression.java:138)
	at org.thymeleaf.standard.processor.AbstractStandardExpressionAttributeTagProcessor.doProcess(AbstractStandardExpressionAttributeTagProcessor.java:144)
	at org.thymeleaf.processor.element.AbstractAttributeTagProcessor.doProcess(AbstractAttributeTagProcessor.java:74)
	at org.thymeleaf.processor.element.AbstractElementTagProcessor.process(AbstractElementTagProcessor.java:95)
	at org.thymeleaf.util.ProcessorConfigurationUtils$ElementTagProcessorWrapper.process(ProcessorConfigurationUtils.java:633)
	at org.thymeleaf.engine.ProcessorTemplateHandler.handleStandaloneElement(ProcessorTemplateHandler.java:918)
	at org.thymeleaf.engine.TemplateHandlerAdapterMarkupHandler.handleStandaloneElementEnd(TemplateHandlerAdapterMarkupHandler.java:260)
	at org.thymeleaf.templateparser.markup.InlinedOutputExpressionMarkupHandler$InlineMarkupAdapterPreProcessorHandler.handleStandaloneElementEnd(InlinedOutputExpressionMarkupHandler.java:256)
	at org.thymeleaf.standard.inline.OutputExpressionInlinePreProcessorHandler.handleStandaloneElementEnd(OutputExpressionInlinePreProcessorHandler.java:169)
	at org.thymeleaf.templateparser.markup.InlinedOutputExpressionMarkupHandler.handleStandaloneElementEnd(InlinedOutputExpressionMarkupHandler.java:104)
	at org.attoparser.HtmlVoidElement.handleOpenElementEnd(HtmlVoidElement.java:92)
	at org.attoparser.HtmlMarkupHandler.handleOpenElementEnd(HtmlMarkupHandler.java:297)
	at org.attoparser.MarkupEventProcessorHandler.handleOpenElementEnd(MarkupEventProcessorHandler.java:402)
	at org.attoparser.ParsingElementMarkupUtil.parseOpenElement(ParsingElementMarkupUtil.java:159)
	at org.attoparser.MarkupParser.parseBuffer(MarkupParser.java:710)
	at org.attoparser.MarkupParser.parseDocument(MarkupParser.java:301)
	at org.attoparser.MarkupParser.parse(MarkupParser.java:257)
	at org.thymeleaf.templateparser.markup.AbstractMarkupTemplateParser.parse(AbstractMarkupTemplateParser.java:230)
	at org.thymeleaf.templateparser.markup.AbstractMarkupTemplateParser.parseStandalone(AbstractMarkupTemplateParser.java:100)
	at org.thymeleaf.engine.TemplateManager.parseAndProcess(TemplateManager.java:666)
	at org.thymeleaf.TemplateEngine.process(TemplateEngine.java:1098)
	at org.thymeleaf.TemplateEngine.process(TemplateEngine.java:1072)
	at org.thymeleaf.spring5.view.ThymeleafView.renderFragment(ThymeleafView.java:362)
	at org.thymeleaf.spring5.view.ThymeleafView.render(ThymeleafView.java:189)
	at org.springframework.web.servlet.DispatcherServlet.render(DispatcherServlet.java:1373)
	at org.springframework.web.servlet.DispatcherServlet.processDispatchResult(DispatcherServlet.java:1118)
	at org.springframework.web.servlet.DispatcherServlet.doDispatch(DispatcherServlet.java:1057)
	at org.springframework.web.servlet.DispatcherServlet.doService(DispatcherServlet.java:943)
	at org.springframework.web.servlet.FrameworkServlet.processRequest(FrameworkServlet.java:1006)
	at org.springframework.web.servlet.FrameworkServlet.doGet(FrameworkServlet.java:898)
	at javax.servlet.http.HttpServlet.service(HttpServlet.java:634)
	at org.springframework.web.servlet.FrameworkServlet.service(FrameworkServlet.java:883)
	at javax.servlet.http.HttpServlet.service(HttpServlet.java:741)
	at org.apache.catalina.core.ApplicationFilterChain.internalDoFilter(ApplicationFilterChain.java:231)
	at org.apache.catalina.core.ApplicationFilterChain.doFilter(ApplicationFilterChain.java:166)
	at org.apache.tomcat.websocket.server.WsFilter.doFilter(WsFilter.java:53)
	at org.apache.catalina.core.ApplicationFilterChain.internalDoFilter(ApplicationFilterChain.java:193)
	at org.apache.catalina.core.ApplicationFilterChain.doFilter(ApplicationFilterChain.java:166)
	at cn.qianshu.pingfen.config.VFilterSecurityInterceptor.invoke(VFilterSecurityInterceptor.java:52)
	at cn.qianshu.pingfen.config.VFilterSecurityInterceptor.doFilter(VFilterSecurityInterceptor.java:42)
	at org.apache.catalina.core.ApplicationFilterChain.internalDoFilter(ApplicationFilterChain.java:193)
	at org.apache.catalina.core.ApplicationFilterChain.doFilter(ApplicationFilterChain.java:166)
	at cn.qianshu.pingfen.config.VFilterSecurityInterceptor.invoke(VFilterSecurityInterceptor.java:52)
	at cn.qianshu.pingfen.config.VFilterSecurityInterceptor.doFilter(VFilterSecurityInterceptor.java:42)
	at org.apache.catalina.core.ApplicationFilterChain.internalDoFilter(ApplicationFilterChain.java:193)
	at org.apache.catalina.core.ApplicationFilterChain.doFilter(ApplicationFilterChain.java:166)
	at org.springframework.security.web.FilterChainProxy$VirtualFilterChain.doFilter(FilterChainProxy.java:320)
	at org.springframework.security.web.access.intercept.FilterSecurityInterceptor.invoke(FilterSecurityInterceptor.java:126)
	at org.springframework.security.web.access.intercept.FilterSecurityInterceptor.doFilter(FilterSecurityInterceptor.java:90)
	at org.springframework.security.web.FilterChainProxy$VirtualFilterChain.doFilter(FilterChainProxy.java:334)
	at org.springframework.security.web.access.ExceptionTranslationFilter.doFilter(ExceptionTranslationFilter.java:118)
	at org.springframework.security.web.FilterChainProxy$VirtualFilterChain.doFilter(FilterChainProxy.java:334)
	at org.springframework.security.web.session.SessionManagementFilter.doFilter(SessionManagementFilter.java:137)
	at org.springframework.security.web.FilterChainProxy$VirtualFilterChain.doFilter(FilterChainProxy.java:334)
	at org.springframework.security.web.authentication.AnonymousAuthenticationFilter.doFilter(AnonymousAuthenticationFilter.java:111)
	at org.springframework.security.web.FilterChainProxy$VirtualFilterChain.doFilter(FilterChainProxy.java:334)
	at org.springframework.security.web.servletapi.SecurityContextHolderAwareRequestFilter.doFilter(SecurityContextHolderAwareRequestFilter.java:158)
	at org.springframework.security.web.FilterChainProxy$VirtualFilterChain.doFilter(FilterChainProxy.java:334)
	at org.springframework.security.web.savedrequest.RequestCacheAwareFilter.doFilter(RequestCacheAwareFilter.java:63)
	at org.springframework.security.web.FilterChainProxy$VirtualFilterChain.doFilter(FilterChainProxy.java:334)
	at org.springframework.security.web.authentication.AbstractAuthenticationProcessingFilter.doFilter(AbstractAuthenticationProcessingFilter.java:200)
	at org.springframework.security.web.FilterChainProxy$VirtualFilterChain.doFilter(FilterChainProxy.java:334)
	at org.springframework.security.web.authentication.logout.LogoutFilter.doFilter(LogoutFilter.java:116)
	at org.springframework.security.web.FilterChainProxy$VirtualFilterChain.doFilter(FilterChainProxy.java:334)
	at org.springframework.security.web.header.HeaderWriterFilter.doHeadersAfter(HeaderWriterFilter.java:92)
	at org.springframework.security.web.header.HeaderWriterFilter.doFilterInternal(HeaderWriterFilter.java:77)
	at org.springframework.web.filter.OncePerRequestFilter.doFilter(OncePerRequestFilter.java:119)
	at org.springframework.security.web.FilterChainProxy$VirtualFilterChain.doFilter(FilterChainProxy.java:334)
	at org.springframework.security.web.context.SecurityContextPersistenceFilter.doFilter(SecurityContextPersistenceFilter.java:105)
	at org.springframework.security.web.FilterChainProxy$VirtualFilterChain.doFilter(FilterChainProxy.java:334)
	at org.springframework.security.web.context.request.async.WebAsyncManagerIntegrationFilter.doFilterInternal(WebAsyncManagerIntegrationFilter.java:56)
	at org.springframework.web.filter.OncePerRequestFilter.doFilter(OncePerRequestFilter.java:119)
	at org.springframework.security.web.FilterChainProxy$VirtualFilterChain.doFilter(FilterChainProxy.java:334)
	at org.springframework.security.web.FilterChainProxy.doFilterInternal(FilterChainProxy.java:215)
	at org.springframework.security.web.FilterChainProxy.doFilter(FilterChainProxy.java:178)
	at org.springframework.web.filter.DelegatingFilterProxy.invokeDelegate(DelegatingFilterProxy.java:358)
	at org.springframework.web.filter.DelegatingFilterProxy.doFilter(DelegatingFilterProxy.java:271)
	at org.apache.catalina.core.ApplicationFilterChain.internalDoFilter(ApplicationFilterChain.java:193)
	at org.apache.catalina.core.ApplicationFilterChain.doFilter(ApplicationFilterChain.java:166)
	at org.springframework.web.filter.RequestContextFilter.doFilterInternal(RequestContextFilter.java:100)
	at org.springframework.web.filter.OncePerRequestFilter.doFilter(OncePerRequestFilter.java:119)
	at org.apache.catalina.core.ApplicationFilterChain.internalDoFilter(ApplicationFilterChain.java:193)
	at org.apache.catalina.core.ApplicationFilterChain.doFilter(ApplicationFilterChain.java:166)
	at org.springframework.web.filter.FormContentFilter.doFilterInternal(FormContentFilter.java:93)
	at org.springframework.web.filter.OncePerRequestFilter.doFilter(OncePerRequestFilter.java:119)
	at org.apache.catalina.core.ApplicationFilterChain.internalDoFilter(ApplicationFilterChain.java:193)
	at org.apache.catalina.core.ApplicationFilterChain.doFilter(ApplicationFilterChain.java:166)
	at org.springframework.web.filter.CharacterEncodingFilter.doFilterInternal(CharacterEncodingFilter.java:201)
	at org.springframework.web.filter.OncePerRequestFilter.doFilter(OncePerRequestFilter.java:119)
	at org.apache.catalina.core.ApplicationFilterChain.internalDoFilter(ApplicationFilterChain.java:193)
	at org.apache.catalina.core.ApplicationFilterChain.doFilter(ApplicationFilterChain.java:166)
	at org.apache.catalina.core.StandardWrapperValve.invoke(StandardWrapperValve.java:202)
	at org.apache.catalina.core.StandardContextValve.invoke(StandardContextValve.java:96)
	at org.apache.catalina.authenticator.AuthenticatorBase.invoke(AuthenticatorBase.java:526)
	at org.apache.catalina.core.StandardHostValve.invoke(StandardHostValve.java:139)
	at org.apache.catalina.valves.ErrorReportValve.invoke(ErrorReportValve.java:92)
	at org.apache.catalina.core.StandardEngineValve.invoke(StandardEngineValve.java:74)
	at org.apache.catalina.connector.CoyoteAdapter.service(CoyoteAdapter.java:343)
	at org.apache.coyote.http11.Http11Processor.service(Http11Processor.java:367)
	at org.apache.coyote.AbstractProcessorLight.process(AbstractProcessorLight.java:65)
	at org.apache.coyote.AbstractProtocol$ConnectionHandler.process(AbstractProtocol.java:860)
	at org.apache.tomcat.util.net.NioEndpoint$SocketProcessor.doRun(NioEndpoint.java:1591)
	at org.apache.tomcat.util.net.SocketProcessorBase.run(SocketProcessorBase.java:49)
	at java.util.concurrent.ThreadPoolExecutor.runWorker(Unknown Source)
	at java.util.concurrent.ThreadPoolExecutor$Worker.run(Unknown Source)
	at org.apache.tomcat.util.threads.TaskThread$WrappingRunnable.run(TaskThread.java:61)
	at java.lang.Thread.run(Unknown Source)
2020-03-17 23:14:31.487 [RMI TCP Connection(2)-127.0.0.1] INFO  o.s.b.a.SpringApplicationAdminMXBeanRegistrar$SpringApplicationAdmin - Application shutdown requested.
2020-03-17 23:14:31.491 [RMI TCP Connection(2)-127.0.0.1] INFO  o.s.scheduling.concurrent.ThreadPoolTaskExecutor - Shutting down ExecutorService 'applicationTaskExecutor'
2020-03-17 23:14:31.494 [RMI TCP Connection(2)-127.0.0.1] INFO  com.zaxxer.hikari.HikariDataSource - HikariPool-1 - Shutdown initiated...
2020-03-17 23:14:31.539 [RMI TCP Connection(2)-127.0.0.1] INFO  com.zaxxer.hikari.HikariDataSource - HikariPool-1 - Shutdown completed.
