2020-03-15 23:52:20.974 [main] INFO  cn.qianshu.pingfen.PingfenApplication - Starting PingfenApplication on yu-PC with PID 14712 (C:\Users\Administrator\Desktop\pingfen\target\classes started by Administrator in C:\Users\Administrator\Desktop\pingfen)
2020-03-15 23:52:20.978 [main] INFO  cn.qianshu.pingfen.PingfenApplication - No active profile set, falling back to default profiles: default
2020-03-15 23:52:22.266 [main] INFO  o.s.boot.web.embedded.tomcat.TomcatWebServer - Tomcat initialized with port(s): 8080 (http)
2020-03-15 23:52:22.276 [main] INFO  org.apache.coyote.http11.Http11NioProtocol - Initializing ProtocolHandler ["http-nio-8080"]
2020-03-15 23:52:22.277 [main] INFO  org.apache.catalina.core.StandardService - Starting service [Tomcat]
2020-03-15 23:52:22.278 [main] INFO  org.apache.catalina.core.StandardEngine - Starting Servlet engine: [Apache Tomcat/9.0.29]
2020-03-15 23:52:22.359 [main] INFO  o.a.c.core.ContainerBase.[Tomcat].[localhost].[/] - Initializing Spring embedded WebApplicationContext
2020-03-15 23:52:22.362 [main] INFO  org.springframework.web.context.ContextLoader - Root WebApplicationContext: initialization completed in 1336 ms
2020-03-15 23:52:22.636 [main] WARN  c.q.pingfen.config.VFilterSecurityInterceptor - Could not validate configuration attributes as the SecurityMetadataSource did not return any attributes from getAllConfigAttributes()
2020-03-15 23:52:22.644 [main] WARN  c.q.pingfen.config.VFilterSecurityInterceptor - Could not validate configuration attributes as the SecurityMetadataSource did not return any attributes from getAllConfigAttributes()
2020-03-15 23:52:22.854 [main] INFO  o.s.security.web.DefaultSecurityFilterChain - Creating filter chain: Ant [pattern='/css/**'], []
2020-03-15 23:52:22.884 [main] INFO  o.s.security.web.DefaultSecurityFilterChain - Creating filter chain: any request, [org.springframework.security.web.context.request.async.WebAsyncManagerIntegrationFilter@4a23350, org.springframework.security.web.context.SecurityContextPersistenceFilter@36fcf6c0, org.springframework.security.web.header.HeaderWriterFilter@6ea04618, org.springframework.security.web.authentication.logout.LogoutFilter@38320e34, org.springframework.security.web.authentication.UsernamePasswordAuthenticationFilter@4da9f723, org.springframework.security.web.savedrequest.RequestCacheAwareFilter@7026b7ee, org.springframework.security.web.servletapi.SecurityContextHolderAwareRequestFilter@1ac45389, org.springframework.security.web.authentication.AnonymousAuthenticationFilter@7b78ed6a, org.springframework.security.web.session.SessionManagementFilter@56078cea, org.springframework.security.web.access.ExceptionTranslationFilter@58ec7116, org.springframework.security.web.access.intercept.FilterSecurityInterceptor@3d49fd31]
2020-03-15 23:52:23.002 [main] INFO  o.s.scheduling.concurrent.ThreadPoolTaskExecutor - Initializing ExecutorService 'applicationTaskExecutor'
2020-03-15 23:52:23.197 [main] INFO  o.s.b.a.web.servlet.WelcomePageHandlerMapping - Adding welcome page template: index
2020-03-15 23:52:23.343 [main] INFO  org.apache.coyote.http11.Http11NioProtocol - Starting ProtocolHandler ["http-nio-8080"]
2020-03-15 23:52:23.365 [main] INFO  o.s.boot.web.embedded.tomcat.TomcatWebServer - Tomcat started on port(s): 8080 (http) with context path ''
2020-03-15 23:52:23.368 [main] INFO  cn.qianshu.pingfen.PingfenApplication - Started PingfenApplication in 2.984 seconds (JVM running for 3.652)
2020-03-15 23:52:37.957 [http-nio-8080-exec-1] INFO  o.a.c.core.ContainerBase.[Tomcat].[localhost].[/] - Initializing Spring DispatcherServlet 'dispatcherServlet'
2020-03-15 23:52:37.958 [http-nio-8080-exec-1] INFO  org.springframework.web.servlet.DispatcherServlet - Initializing Servlet 'dispatcherServlet'
2020-03-15 23:52:37.966 [http-nio-8080-exec-1] INFO  org.springframework.web.servlet.DispatcherServlet - Completed initialization in 7 ms
2020-03-15 23:52:38.011 [http-nio-8080-exec-2] INFO  c.q.p.c.VFilterInvocationSecurityMetadataSource - VFilterInvocationSecurityMetadataSource getAttributes [requestUrl=/login]
2020-03-15 23:52:38.013 [http-nio-8080-exec-2] INFO  c.q.p.c.VFilterInvocationSecurityMetadataSource - VFilterInvocationSecurityMetadataSource getAttributes [requestUrl=/login]
2020-03-15 23:52:38.235 [http-nio-8080-exec-4] INFO  c.q.p.c.VFilterInvocationSecurityMetadataSource - VFilterInvocationSecurityMetadataSource getAttributes [requestUrl=/vue/login.css]
2020-03-15 23:52:38.236 [http-nio-8080-exec-3] INFO  c.q.p.c.VFilterInvocationSecurityMetadataSource - VFilterInvocationSecurityMetadataSource getAttributes [requestUrl=/vue/index.css]
2020-03-15 23:52:38.247 [http-nio-8080-exec-5] INFO  c.q.p.c.VFilterInvocationSecurityMetadataSource - VFilterInvocationSecurityMetadataSource getAttributes [requestUrl=/vue/axios.min.js]
2020-03-15 23:52:38.254 [http-nio-8080-exec-7] INFO  c.q.p.c.VFilterInvocationSecurityMetadataSource - VFilterInvocationSecurityMetadataSource getAttributes [requestUrl=/vue/vue.js]
2020-03-15 23:52:38.258 [http-nio-8080-exec-8] INFO  c.q.p.c.VFilterInvocationSecurityMetadataSource - VFilterInvocationSecurityMetadataSource getAttributes [requestUrl=/vue/login.js]
2020-03-15 23:52:38.261 [http-nio-8080-exec-6] INFO  c.q.p.c.VFilterInvocationSecurityMetadataSource - VFilterInvocationSecurityMetadataSource getAttributes [requestUrl=/vue/index.js]
2020-03-15 23:52:38.268 [http-nio-8080-exec-3] INFO  com.zaxxer.hikari.HikariDataSource - HikariPool-1 - Starting...
2020-03-15 23:52:38.547 [http-nio-8080-exec-3] INFO  com.zaxxer.hikari.HikariDataSource - HikariPool-1 - Start completed.
2020-03-15 23:52:38.559 [http-nio-8080-exec-3] DEBUG c.q.p.dao.SRoleDao.findSRoleListBySPermissionUrl - ==>  Preparing: SELECT sr.* FROM s_role sr LEFT JOIN s_role_permission srp ON sr.id = srp.fk_role_id LEFT JOIN s_permission sp ON srp.fk_permission_id = sp.id WHERE sp.url = ? 
2020-03-15 23:52:38.573 [http-nio-8080-exec-4] DEBUG c.q.p.dao.SRoleDao.findSRoleListBySPermissionUrl - ==>  Preparing: SELECT sr.* FROM s_role sr LEFT JOIN s_role_permission srp ON sr.id = srp.fk_role_id LEFT JOIN s_permission sp ON srp.fk_permission_id = sp.id WHERE sp.url = ? 
2020-03-15 23:52:38.580 [http-nio-8080-exec-8] DEBUG c.q.p.dao.SRoleDao.findSRoleListBySPermissionUrl - ==>  Preparing: SELECT sr.* FROM s_role sr LEFT JOIN s_role_permission srp ON sr.id = srp.fk_role_id LEFT JOIN s_permission sp ON srp.fk_permission_id = sp.id WHERE sp.url = ? 
2020-03-15 23:52:38.590 [http-nio-8080-exec-8] DEBUG c.q.p.dao.SRoleDao.findSRoleListBySPermissionUrl - ==> Parameters: /vue/login.js(String)
2020-03-15 23:52:38.590 [http-nio-8080-exec-4] DEBUG c.q.p.dao.SRoleDao.findSRoleListBySPermissionUrl - ==> Parameters: /vue/login.css(String)
2020-03-15 23:52:38.591 [http-nio-8080-exec-3] DEBUG c.q.p.dao.SRoleDao.findSRoleListBySPermissionUrl - ==> Parameters: /vue/index.css(String)
2020-03-15 23:52:38.604 [http-nio-8080-exec-5] DEBUG c.q.p.dao.SRoleDao.findSRoleListBySPermissionUrl - ==>  Preparing: SELECT sr.* FROM s_role sr LEFT JOIN s_role_permission srp ON sr.id = srp.fk_role_id LEFT JOIN s_permission sp ON srp.fk_permission_id = sp.id WHERE sp.url = ? 
2020-03-15 23:52:38.606 [http-nio-8080-exec-5] DEBUG c.q.p.dao.SRoleDao.findSRoleListBySPermissionUrl - ==> Parameters: /vue/axios.min.js(String)
2020-03-15 23:52:38.610 [http-nio-8080-exec-6] DEBUG c.q.p.dao.SRoleDao.findSRoleListBySPermissionUrl - ==>  Preparing: SELECT sr.* FROM s_role sr LEFT JOIN s_role_permission srp ON sr.id = srp.fk_role_id LEFT JOIN s_permission sp ON srp.fk_permission_id = sp.id WHERE sp.url = ? 
2020-03-15 23:52:38.611 [http-nio-8080-exec-6] DEBUG c.q.p.dao.SRoleDao.findSRoleListBySPermissionUrl - ==> Parameters: /vue/index.js(String)
2020-03-15 23:52:38.619 [http-nio-8080-exec-7] DEBUG c.q.p.dao.SRoleDao.findSRoleListBySPermissionUrl - ==>  Preparing: SELECT sr.* FROM s_role sr LEFT JOIN s_role_permission srp ON sr.id = srp.fk_role_id LEFT JOIN s_permission sp ON srp.fk_permission_id = sp.id WHERE sp.url = ? 
2020-03-15 23:52:38.620 [http-nio-8080-exec-7] DEBUG c.q.p.dao.SRoleDao.findSRoleListBySPermissionUrl - ==> Parameters: /vue/vue.js(String)
2020-03-15 23:52:38.629 [http-nio-8080-exec-6] DEBUG c.q.p.dao.SRoleDao.findSRoleListBySPermissionUrl - <==      Total: 0
2020-03-15 23:52:38.629 [http-nio-8080-exec-5] DEBUG c.q.p.dao.SRoleDao.findSRoleListBySPermissionUrl - <==      Total: 0
2020-03-15 23:52:38.629 [http-nio-8080-exec-8] DEBUG c.q.p.dao.SRoleDao.findSRoleListBySPermissionUrl - <==      Total: 0
2020-03-15 23:52:38.629 [http-nio-8080-exec-7] DEBUG c.q.p.dao.SRoleDao.findSRoleListBySPermissionUrl - <==      Total: 0
2020-03-15 23:52:38.629 [http-nio-8080-exec-4] DEBUG c.q.p.dao.SRoleDao.findSRoleListBySPermissionUrl - <==      Total: 0
2020-03-15 23:52:38.629 [http-nio-8080-exec-3] DEBUG c.q.p.dao.SRoleDao.findSRoleListBySPermissionUrl - <==      Total: 0
2020-03-15 23:52:38.643 [http-nio-8080-exec-6] INFO  c.q.p.c.VFilterInvocationSecurityMetadataSource - VFilterInvocationSecurityMetadataSource getAttributes [sRoleList=[]]
2020-03-15 23:52:38.643 [http-nio-8080-exec-5] INFO  c.q.p.c.VFilterInvocationSecurityMetadataSource - VFilterInvocationSecurityMetadataSource getAttributes [sRoleList=[]]
2020-03-15 23:52:38.643 [http-nio-8080-exec-8] INFO  c.q.p.c.VFilterInvocationSecurityMetadataSource - VFilterInvocationSecurityMetadataSource getAttributes [sRoleList=[]]
2020-03-15 23:52:38.643 [http-nio-8080-exec-4] INFO  c.q.p.c.VFilterInvocationSecurityMetadataSource - VFilterInvocationSecurityMetadataSource getAttributes [sRoleList=[]]
2020-03-15 23:52:38.643 [http-nio-8080-exec-7] INFO  c.q.p.c.VFilterInvocationSecurityMetadataSource - VFilterInvocationSecurityMetadataSource getAttributes [sRoleList=[]]
2020-03-15 23:52:38.645 [http-nio-8080-exec-6] DEBUG c.q.p.d.S.findSPermissionListBySPermissionUrl - ==>  Preparing: SELECT * FROM s_permission sp WHERE sp.url = ? 
2020-03-15 23:52:38.645 [http-nio-8080-exec-4] DEBUG c.q.p.d.S.findSPermissionListBySPermissionUrl - ==>  Preparing: SELECT * FROM s_permission sp WHERE sp.url = ? 
2020-03-15 23:52:38.645 [http-nio-8080-exec-5] DEBUG c.q.p.d.S.findSPermissionListBySPermissionUrl - ==>  Preparing: SELECT * FROM s_permission sp WHERE sp.url = ? 
2020-03-15 23:52:38.645 [http-nio-8080-exec-6] DEBUG c.q.p.d.S.findSPermissionListBySPermissionUrl - ==> Parameters: /vue/index.js(String)
2020-03-15 23:52:38.645 [http-nio-8080-exec-4] DEBUG c.q.p.d.S.findSPermissionListBySPermissionUrl - ==> Parameters: /vue/login.css(String)
2020-03-15 23:52:38.645 [http-nio-8080-exec-8] DEBUG c.q.p.d.S.findSPermissionListBySPermissionUrl - ==>  Preparing: SELECT * FROM s_permission sp WHERE sp.url = ? 
2020-03-15 23:52:38.645 [http-nio-8080-exec-5] DEBUG c.q.p.d.S.findSPermissionListBySPermissionUrl - ==> Parameters: /vue/axios.min.js(String)
2020-03-15 23:52:38.643 [http-nio-8080-exec-3] INFO  c.q.p.c.VFilterInvocationSecurityMetadataSource - VFilterInvocationSecurityMetadataSource getAttributes [sRoleList=[]]
2020-03-15 23:52:38.647 [http-nio-8080-exec-8] DEBUG c.q.p.d.S.findSPermissionListBySPermissionUrl - ==> Parameters: /vue/login.js(String)
2020-03-15 23:52:38.648 [http-nio-8080-exec-4] DEBUG c.q.p.d.S.findSPermissionListBySPermissionUrl - <==      Total: 0
2020-03-15 23:52:38.648 [http-nio-8080-exec-3] DEBUG c.q.p.d.S.findSPermissionListBySPermissionUrl - ==>  Preparing: SELECT * FROM s_permission sp WHERE sp.url = ? 
2020-03-15 23:52:38.648 [http-nio-8080-exec-4] INFO  c.q.p.c.VFilterInvocationSecurityMetadataSource - VFilterInvocationSecurityMetadataSource getAttributes [sPermissionList=[]]
2020-03-15 23:52:38.649 [http-nio-8080-exec-3] DEBUG c.q.p.d.S.findSPermissionListBySPermissionUrl - ==> Parameters: /vue/index.css(String)
2020-03-15 23:52:38.649 [http-nio-8080-exec-4] INFO  c.q.p.c.VFilterInvocationSecurityMetadataSource - VFilterInvocationSecurityMetadataSource getAttributes [requestUrl=/vue/login.css]
2020-03-15 23:52:38.647 [http-nio-8080-exec-7] DEBUG c.q.p.d.S.findSPermissionListBySPermissionUrl - ==>  Preparing: SELECT * FROM s_permission sp WHERE sp.url = ? 
2020-03-15 23:52:38.650 [http-nio-8080-exec-4] DEBUG c.q.p.dao.SRoleDao.findSRoleListBySPermissionUrl - ==>  Preparing: SELECT sr.* FROM s_role sr LEFT JOIN s_role_permission srp ON sr.id = srp.fk_role_id LEFT JOIN s_permission sp ON srp.fk_permission_id = sp.id WHERE sp.url = ? 
2020-03-15 23:52:38.650 [http-nio-8080-exec-8] DEBUG c.q.p.d.S.findSPermissionListBySPermissionUrl - <==      Total: 0
2020-03-15 23:52:38.651 [http-nio-8080-exec-4] DEBUG c.q.p.dao.SRoleDao.findSRoleListBySPermissionUrl - ==> Parameters: /vue/login.css(String)
2020-03-15 23:52:38.651 [http-nio-8080-exec-7] DEBUG c.q.p.d.S.findSPermissionListBySPermissionUrl - ==> Parameters: /vue/vue.js(String)
2020-03-15 23:52:38.651 [http-nio-8080-exec-3] DEBUG c.q.p.d.S.findSPermissionListBySPermissionUrl - <==      Total: 0
2020-03-15 23:52:38.651 [http-nio-8080-exec-8] INFO  c.q.p.c.VFilterInvocationSecurityMetadataSource - VFilterInvocationSecurityMetadataSource getAttributes [sPermissionList=[]]
2020-03-15 23:52:38.652 [http-nio-8080-exec-3] INFO  c.q.p.c.VFilterInvocationSecurityMetadataSource - VFilterInvocationSecurityMetadataSource getAttributes [sPermissionList=[]]
2020-03-15 23:52:38.652 [http-nio-8080-exec-8] INFO  c.q.p.c.VFilterInvocationSecurityMetadataSource - VFilterInvocationSecurityMetadataSource getAttributes [requestUrl=/vue/login.js]
2020-03-15 23:52:38.652 [http-nio-8080-exec-7] DEBUG c.q.p.d.S.findSPermissionListBySPermissionUrl - <==      Total: 0
2020-03-15 23:52:38.652 [http-nio-8080-exec-3] INFO  c.q.p.c.VFilterInvocationSecurityMetadataSource - VFilterInvocationSecurityMetadataSource getAttributes [requestUrl=/vue/index.css]
2020-03-15 23:52:38.653 [http-nio-8080-exec-8] DEBUG c.q.p.dao.SRoleDao.findSRoleListBySPermissionUrl - ==>  Preparing: SELECT sr.* FROM s_role sr LEFT JOIN s_role_permission srp ON sr.id = srp.fk_role_id LEFT JOIN s_permission sp ON srp.fk_permission_id = sp.id WHERE sp.url = ? 
2020-03-15 23:52:38.653 [http-nio-8080-exec-7] INFO  c.q.p.c.VFilterInvocationSecurityMetadataSource - VFilterInvocationSecurityMetadataSource getAttributes [sPermissionList=[]]
2020-03-15 23:52:38.653 [http-nio-8080-exec-3] DEBUG c.q.p.dao.SRoleDao.findSRoleListBySPermissionUrl - ==>  Preparing: SELECT sr.* FROM s_role sr LEFT JOIN s_role_permission srp ON sr.id = srp.fk_role_id LEFT JOIN s_permission sp ON srp.fk_permission_id = sp.id WHERE sp.url = ? 
2020-03-15 23:52:38.653 [http-nio-8080-exec-7] INFO  c.q.p.c.VFilterInvocationSecurityMetadataSource - VFilterInvocationSecurityMetadataSource getAttributes [requestUrl=/vue/vue.js]
2020-03-15 23:52:38.653 [http-nio-8080-exec-8] DEBUG c.q.p.dao.SRoleDao.findSRoleListBySPermissionUrl - ==> Parameters: /vue/login.js(String)
2020-03-15 23:52:38.654 [http-nio-8080-exec-3] DEBUG c.q.p.dao.SRoleDao.findSRoleListBySPermissionUrl - ==> Parameters: /vue/index.css(String)
2020-03-15 23:52:38.654 [http-nio-8080-exec-7] DEBUG c.q.p.dao.SRoleDao.findSRoleListBySPermissionUrl - ==>  Preparing: SELECT sr.* FROM s_role sr LEFT JOIN s_role_permission srp ON sr.id = srp.fk_role_id LEFT JOIN s_permission sp ON srp.fk_permission_id = sp.id WHERE sp.url = ? 
2020-03-15 23:52:38.655 [http-nio-8080-exec-7] DEBUG c.q.p.dao.SRoleDao.findSRoleListBySPermissionUrl - ==> Parameters: /vue/vue.js(String)
2020-03-15 23:52:38.657 [http-nio-8080-exec-6] DEBUG c.q.p.d.S.findSPermissionListBySPermissionUrl - <==      Total: 0
2020-03-15 23:52:38.657 [http-nio-8080-exec-8] DEBUG c.q.p.dao.SRoleDao.findSRoleListBySPermissionUrl - <==      Total: 0
2020-03-15 23:52:38.658 [http-nio-8080-exec-8] INFO  c.q.p.c.VFilterInvocationSecurityMetadataSource - VFilterInvocationSecurityMetadataSource getAttributes [sRoleList=[]]
2020-03-15 23:52:38.659 [http-nio-8080-exec-6] INFO  c.q.p.c.VFilterInvocationSecurityMetadataSource - VFilterInvocationSecurityMetadataSource getAttributes [sPermissionList=[]]
2020-03-15 23:52:38.659 [http-nio-8080-exec-7] DEBUG c.q.p.dao.SRoleDao.findSRoleListBySPermissionUrl - <==      Total: 0
2020-03-15 23:52:38.659 [http-nio-8080-exec-6] INFO  c.q.p.c.VFilterInvocationSecurityMetadataSource - VFilterInvocationSecurityMetadataSource getAttributes [requestUrl=/vue/index.js]
2020-03-15 23:52:38.659 [http-nio-8080-exec-8] DEBUG c.q.p.d.S.findSPermissionListBySPermissionUrl - ==>  Preparing: SELECT * FROM s_permission sp WHERE sp.url = ? 
2020-03-15 23:52:38.660 [http-nio-8080-exec-7] INFO  c.q.p.c.VFilterInvocationSecurityMetadataSource - VFilterInvocationSecurityMetadataSource getAttributes [sRoleList=[]]
2020-03-15 23:52:38.660 [http-nio-8080-exec-6] DEBUG c.q.p.dao.SRoleDao.findSRoleListBySPermissionUrl - ==>  Preparing: SELECT sr.* FROM s_role sr LEFT JOIN s_role_permission srp ON sr.id = srp.fk_role_id LEFT JOIN s_permission sp ON srp.fk_permission_id = sp.id WHERE sp.url = ? 
2020-03-15 23:52:38.660 [http-nio-8080-exec-8] DEBUG c.q.p.d.S.findSPermissionListBySPermissionUrl - ==> Parameters: /vue/login.js(String)
2020-03-15 23:52:38.660 [http-nio-8080-exec-7] DEBUG c.q.p.d.S.findSPermissionListBySPermissionUrl - ==>  Preparing: SELECT * FROM s_permission sp WHERE sp.url = ? 
2020-03-15 23:52:38.661 [http-nio-8080-exec-6] DEBUG c.q.p.dao.SRoleDao.findSRoleListBySPermissionUrl - ==> Parameters: /vue/index.js(String)
2020-03-15 23:52:38.661 [http-nio-8080-exec-7] DEBUG c.q.p.d.S.findSPermissionListBySPermissionUrl - ==> Parameters: /vue/vue.js(String)
2020-03-15 23:52:38.663 [http-nio-8080-exec-8] DEBUG c.q.p.d.S.findSPermissionListBySPermissionUrl - <==      Total: 0
2020-03-15 23:52:38.664 [http-nio-8080-exec-8] INFO  c.q.p.c.VFilterInvocationSecurityMetadataSource - VFilterInvocationSecurityMetadataSource getAttributes [sPermissionList=[]]
2020-03-15 23:52:38.666 [http-nio-8080-exec-4] DEBUG c.q.p.dao.SRoleDao.findSRoleListBySPermissionUrl - <==      Total: 0
2020-03-15 23:52:38.667 [http-nio-8080-exec-4] INFO  c.q.p.c.VFilterInvocationSecurityMetadataSource - VFilterInvocationSecurityMetadataSource getAttributes [sRoleList=[]]
2020-03-15 23:52:38.668 [http-nio-8080-exec-4] DEBUG c.q.p.d.S.findSPermissionListBySPermissionUrl - ==>  Preparing: SELECT * FROM s_permission sp WHERE sp.url = ? 
2020-03-15 23:52:38.669 [http-nio-8080-exec-4] DEBUG c.q.p.d.S.findSPermissionListBySPermissionUrl - ==> Parameters: /vue/login.css(String)
2020-03-15 23:52:38.671 [http-nio-8080-exec-6] DEBUG c.q.p.dao.SRoleDao.findSRoleListBySPermissionUrl - <==      Total: 0
2020-03-15 23:52:38.658 [http-nio-8080-exec-5] DEBUG c.q.p.d.S.findSPermissionListBySPermissionUrl - <==      Total: 0
2020-03-15 23:52:38.673 [http-nio-8080-exec-5] INFO  c.q.p.c.VFilterInvocationSecurityMetadataSource - VFilterInvocationSecurityMetadataSource getAttributes [sPermissionList=[]]
2020-03-15 23:52:38.674 [http-nio-8080-exec-5] INFO  c.q.p.c.VFilterInvocationSecurityMetadataSource - VFilterInvocationSecurityMetadataSource getAttributes [requestUrl=/vue/axios.min.js]
2020-03-15 23:52:38.675 [http-nio-8080-exec-6] INFO  c.q.p.c.VFilterInvocationSecurityMetadataSource - VFilterInvocationSecurityMetadataSource getAttributes [sRoleList=[]]
2020-03-15 23:52:38.676 [http-nio-8080-exec-5] DEBUG c.q.p.dao.SRoleDao.findSRoleListBySPermissionUrl - ==>  Preparing: SELECT sr.* FROM s_role sr LEFT JOIN s_role_permission srp ON sr.id = srp.fk_role_id LEFT JOIN s_permission sp ON srp.fk_permission_id = sp.id WHERE sp.url = ? 
2020-03-15 23:52:38.676 [http-nio-8080-exec-6] DEBUG c.q.p.d.S.findSPermissionListBySPermissionUrl - ==>  Preparing: SELECT * FROM s_permission sp WHERE sp.url = ? 
2020-03-15 23:52:38.677 [http-nio-8080-exec-5] DEBUG c.q.p.dao.SRoleDao.findSRoleListBySPermissionUrl - ==> Parameters: /vue/axios.min.js(String)
2020-03-15 23:52:38.678 [http-nio-8080-exec-6] DEBUG c.q.p.d.S.findSPermissionListBySPermissionUrl - ==> Parameters: /vue/index.js(String)
2020-03-15 23:52:38.681 [http-nio-8080-exec-4] DEBUG c.q.p.d.S.findSPermissionListBySPermissionUrl - <==      Total: 0
2020-03-15 23:52:38.681 [http-nio-8080-exec-5] DEBUG c.q.p.dao.SRoleDao.findSRoleListBySPermissionUrl - <==      Total: 0
2020-03-15 23:52:38.682 [http-nio-8080-exec-5] INFO  c.q.p.c.VFilterInvocationSecurityMetadataSource - VFilterInvocationSecurityMetadataSource getAttributes [sRoleList=[]]
2020-03-15 23:52:38.683 [http-nio-8080-exec-4] INFO  c.q.p.c.VFilterInvocationSecurityMetadataSource - VFilterInvocationSecurityMetadataSource getAttributes [sPermissionList=[]]
2020-03-15 23:52:38.683 [http-nio-8080-exec-5] DEBUG c.q.p.d.S.findSPermissionListBySPermissionUrl - ==>  Preparing: SELECT * FROM s_permission sp WHERE sp.url = ? 
2020-03-15 23:52:38.684 [http-nio-8080-exec-5] DEBUG c.q.p.d.S.findSPermissionListBySPermissionUrl - ==> Parameters: /vue/axios.min.js(String)
2020-03-15 23:52:38.684 [http-nio-8080-exec-3] DEBUG c.q.p.dao.SRoleDao.findSRoleListBySPermissionUrl - <==      Total: 0
2020-03-15 23:52:38.688 [http-nio-8080-exec-3] INFO  c.q.p.c.VFilterInvocationSecurityMetadataSource - VFilterInvocationSecurityMetadataSource getAttributes [sRoleList=[]]
2020-03-15 23:52:38.689 [http-nio-8080-exec-7] DEBUG c.q.p.d.S.findSPermissionListBySPermissionUrl - <==      Total: 0
2020-03-15 23:52:38.689 [http-nio-8080-exec-3] DEBUG c.q.p.d.S.findSPermissionListBySPermissionUrl - ==>  Preparing: SELECT * FROM s_permission sp WHERE sp.url = ? 
2020-03-15 23:52:38.689 [http-nio-8080-exec-7] INFO  c.q.p.c.VFilterInvocationSecurityMetadataSource - VFilterInvocationSecurityMetadataSource getAttributes [sPermissionList=[]]
2020-03-15 23:52:38.688 [http-nio-8080-exec-5] DEBUG c.q.p.d.S.findSPermissionListBySPermissionUrl - <==      Total: 0
2020-03-15 23:52:38.690 [http-nio-8080-exec-3] DEBUG c.q.p.d.S.findSPermissionListBySPermissionUrl - ==> Parameters: /vue/index.css(String)
2020-03-15 23:52:38.691 [http-nio-8080-exec-5] INFO  c.q.p.c.VFilterInvocationSecurityMetadataSource - VFilterInvocationSecurityMetadataSource getAttributes [sPermissionList=[]]
2020-03-15 23:52:38.691 [http-nio-8080-exec-3] DEBUG c.q.p.d.S.findSPermissionListBySPermissionUrl - <==      Total: 0
2020-03-15 23:52:38.692 [http-nio-8080-exec-3] INFO  c.q.p.c.VFilterInvocationSecurityMetadataSource - VFilterInvocationSecurityMetadataSource getAttributes [sPermissionList=[]]
2020-03-15 23:52:38.688 [http-nio-8080-exec-6] DEBUG c.q.p.d.S.findSPermissionListBySPermissionUrl - <==      Total: 0
2020-03-15 23:52:38.693 [http-nio-8080-exec-6] INFO  c.q.p.c.VFilterInvocationSecurityMetadataSource - VFilterInvocationSecurityMetadataSource getAttributes [sPermissionList=[]]
2020-03-15 23:52:47.895 [http-nio-8080-exec-5] INFO  cn.qianshu.pingfen.config.VAuthenticationProvider - VAuthenticationProvider authenticate login user [username=10021, password=123456]
2020-03-15 23:52:47.898 [http-nio-8080-exec-5] DEBUG cn.qianshu.pingfen.dao.SUserDao.findSUserByName - ==>  Preparing: SELECT su.* FROM s_user su WHERE su.account = ? 
2020-03-15 23:52:47.901 [http-nio-8080-exec-5] DEBUG cn.qianshu.pingfen.dao.SUserDao.findSUserByName - ==> Parameters: 10021(String)
2020-03-15 23:52:47.907 [http-nio-8080-exec-5] DEBUG cn.qianshu.pingfen.dao.SUserDao.findSUserByName - <==      Total: 1
2020-03-15 23:52:47.908 [http-nio-8080-exec-5] DEBUG c.q.pingfen.dao.SRoleDao.findSRoleListBySUserId - ==>  Preparing: SELECT sr.* FROM s_role sr LEFT JOIN s_user_role sur ON sr.id = sur.fk_role_id LEFT JOIN s_user su ON sur.fk_user_id = su.id WHERE su.id = ? 
2020-03-15 23:52:47.909 [http-nio-8080-exec-5] DEBUG c.q.pingfen.dao.SRoleDao.findSRoleListBySUserId - ==> Parameters: 1(Integer)
2020-03-15 23:52:47.954 [http-nio-8080-exec-5] DEBUG c.q.pingfen.dao.SRoleDao.findSRoleListBySUserId - <==      Total: 1
2020-03-15 23:52:47.955 [http-nio-8080-exec-5] DEBUG c.q.p.d.S.findSPermissionListBySUserId - ==>  Preparing: SELECT * FROM s_permission sp LEFT JOIN s_role_permission srp ON sp.id = srp.fk_permission_id LEFT JOIN s_role sr ON srp.fk_role_id = sr.id LEFT JOIN s_user_role sur ON sr.id = sur.fk_role_id LEFT JOIN s_user su ON sur.fk_user_id = su.id WHERE su.id = ? 
2020-03-15 23:52:47.955 [http-nio-8080-exec-5] DEBUG c.q.p.d.S.findSPermissionListBySUserId - ==> Parameters: 1(Integer)
2020-03-15 23:52:47.970 [http-nio-8080-exec-5] DEBUG c.q.p.d.S.findSPermissionListBySUserId - <==      Total: 3
2020-03-15 23:52:47.986 [http-nio-8080-exec-5] INFO  cn.qianshu.pingfen.config.VAuthenticationProvider - VAuthenticationProvider authenticate vUserDetails [vUserDetails={"gson":{"calls":{"threadLocalHashCode":1323096108},"typeTokenCache":{},"constructorConstructor":{"instanceCreators":{},"accessor":{}},"jsonAdapterFactory":{"constructorConstructor":{"instanceCreators":{},"accessor":{}}},"factories":[null,null,{"version":-1.0,"modifiers":136,"serializeInnerClasses":true,"requireExpose":false,"serializationStrategies":[],"deserializationStrategies":[]},null,null,null,null,null,null,null,null,null,null,null,null,null,null,null,null,null,null,null,null,null,null,null,null,null,null,null,null,null,null,null,null,null,{"constructorConstructor":{"instanceCreators":{},"accessor":{}}},{"constructorConstructor":{"instanceCreators":{},"accessor":{}},"complexMapKeySerialization":false},{"constructorConstructor":{"instanceCreators":{},"accessor":{}}},null,{"constructorConstructor":{"instanceCreators":{},"accessor":{}},"fieldNamingPolicy":"IDENTITY","excluder":{"version":-1.0,"modifiers":136,"serializeInnerClasses":true,"requireExpose":false,"serializationStrategies":[],"deserializationStrategies":[]},"jsonAdapterFactory":{"constructorConstructor":{"instanceCreators":{},"accessor":{}}},"accessor":{}}],"excluder":{"version":-1.0,"modifiers":136,"serializeInnerClasses":true,"requireExpose":false,"serializationStrategies":[],"deserializationStrategies":[]},"fieldNamingStrategy":"IDENTITY","instanceCreators":{},"serializeNulls":false,"complexMapKeySerialization":false,"generateNonExecutableJson":false,"htmlSafe":true,"prettyPrinting":false,"lenient":false,"serializeSpecialFloatingPointValues":false,"dateStyle":2,"timeStyle":2,"longSerializationPolicy":"DEFAULT","builderFactories":[],"builderHierarchyFactories":[]},"logger":{"name":"cn.qianshu.pingfen.entity.VUserDetails"},"sRoleList":[{"id":1,"role":"R_ADMIN","describe":"大总管，所有权限"}],"sPermissionList":[{"id":1,"permission":"P_INDEX","url":"/index","describe":"index页面资源"},{"id":2,"permission":"P_ADMIN","url":"/admin","describe":"admin页面资源"},{"id":3,"permission":"P_HELLO","url":"/hello","describe":"hello页面资源"}],"id":1,"name":"admin","password":"$2a$10$D6WR4dcThfRCYGM7AXNHqup.V7URH6QISi4YFxYr1iAJeZf07ryQ2","account":"10021"}]
2020-03-15 23:52:48.114 [http-nio-8080-exec-5] INFO  cn.qianshu.pingfen.config.VAuthenticationProvider - 密码匹配结果：true
2020-03-15 23:52:48.236 [http-nio-8080-exec-5] INFO  cn.qianshu.pingfen.entity.VUserDetails - VUserDetails getAuthorities [authoritiesStr=R_ADMIN,P_INDEX,P_ADMIN,P_HELLO 
2020-03-15 23:52:48.245 [http-nio-8080-exec-3] INFO  c.q.p.c.VFilterInvocationSecurityMetadataSource - VFilterInvocationSecurityMetadataSource getAttributes [requestUrl=/index]
2020-03-15 23:52:48.246 [http-nio-8080-exec-3] DEBUG c.q.p.dao.SRoleDao.findSRoleListBySPermissionUrl - ==>  Preparing: SELECT sr.* FROM s_role sr LEFT JOIN s_role_permission srp ON sr.id = srp.fk_role_id LEFT JOIN s_permission sp ON srp.fk_permission_id = sp.id WHERE sp.url = ? 
2020-03-15 23:52:48.247 [http-nio-8080-exec-3] DEBUG c.q.p.dao.SRoleDao.findSRoleListBySPermissionUrl - ==> Parameters: /index(String)
2020-03-15 23:52:48.289 [http-nio-8080-exec-3] DEBUG c.q.p.dao.SRoleDao.findSRoleListBySPermissionUrl - <==      Total: 2
2020-03-15 23:52:48.290 [http-nio-8080-exec-3] INFO  c.q.p.c.VFilterInvocationSecurityMetadataSource - VFilterInvocationSecurityMetadataSource getAttributes [sRoleList=[{"id":1,"role":"R_ADMIN","describe":"大总管，所有权限"},{"id":2,"role":"R_HELLO","describe":"说hello相关的权限"}]]
2020-03-15 23:52:48.291 [http-nio-8080-exec-3] DEBUG c.q.p.d.S.findSPermissionListBySPermissionUrl - ==>  Preparing: SELECT * FROM s_permission sp WHERE sp.url = ? 
2020-03-15 23:52:48.291 [http-nio-8080-exec-3] DEBUG c.q.p.d.S.findSPermissionListBySPermissionUrl - ==> Parameters: /index(String)
2020-03-15 23:52:48.293 [http-nio-8080-exec-3] DEBUG c.q.p.d.S.findSPermissionListBySPermissionUrl - <==      Total: 1
2020-03-15 23:52:48.294 [http-nio-8080-exec-3] INFO  c.q.p.c.VFilterInvocationSecurityMetadataSource - VFilterInvocationSecurityMetadataSource getAttributes [sPermissionList=[{"id":1,"permission":"P_INDEX","url":"/index","describe":"index页面资源"}]]
2020-03-15 23:52:48.296 [http-nio-8080-exec-3] INFO  c.q.p.c.VFilterInvocationSecurityMetadataSource - VFilterInvocationSecurityMetadataSource getAttributes [permissionArray=["R_ADMIN","R_HELLO","P_INDEX"]]
2020-03-15 23:52:48.296 [http-nio-8080-exec-3] INFO  c.q.p.c.VFilterInvocationSecurityMetadataSource - VFilterInvocationSecurityMetadataSource getAttributes [requestUrl=/index]
2020-03-15 23:52:48.297 [http-nio-8080-exec-3] DEBUG c.q.p.dao.SRoleDao.findSRoleListBySPermissionUrl - ==>  Preparing: SELECT sr.* FROM s_role sr LEFT JOIN s_role_permission srp ON sr.id = srp.fk_role_id LEFT JOIN s_permission sp ON srp.fk_permission_id = sp.id WHERE sp.url = ? 
2020-03-15 23:52:48.297 [http-nio-8080-exec-3] DEBUG c.q.p.dao.SRoleDao.findSRoleListBySPermissionUrl - ==> Parameters: /index(String)
2020-03-15 23:52:48.300 [http-nio-8080-exec-3] DEBUG c.q.p.dao.SRoleDao.findSRoleListBySPermissionUrl - <==      Total: 2
2020-03-15 23:52:48.301 [http-nio-8080-exec-3] INFO  c.q.p.c.VFilterInvocationSecurityMetadataSource - VFilterInvocationSecurityMetadataSource getAttributes [sRoleList=[{"id":1,"role":"R_ADMIN","describe":"大总管，所有权限"},{"id":2,"role":"R_HELLO","describe":"说hello相关的权限"}]]
2020-03-15 23:52:48.302 [http-nio-8080-exec-3] DEBUG c.q.p.d.S.findSPermissionListBySPermissionUrl - ==>  Preparing: SELECT * FROM s_permission sp WHERE sp.url = ? 
2020-03-15 23:52:48.302 [http-nio-8080-exec-3] DEBUG c.q.p.d.S.findSPermissionListBySPermissionUrl - ==> Parameters: /index(String)
2020-03-15 23:52:48.304 [http-nio-8080-exec-3] DEBUG c.q.p.d.S.findSPermissionListBySPermissionUrl - <==      Total: 1
2020-03-15 23:52:48.305 [http-nio-8080-exec-3] INFO  c.q.p.c.VFilterInvocationSecurityMetadataSource - VFilterInvocationSecurityMetadataSource getAttributes [sPermissionList=[{"id":1,"permission":"P_INDEX","url":"/index","describe":"index页面资源"}]]
2020-03-15 23:52:48.306 [http-nio-8080-exec-3] INFO  c.q.p.c.VFilterInvocationSecurityMetadataSource - VFilterInvocationSecurityMetadataSource getAttributes [permissionArray=["R_ADMIN","R_HELLO","P_INDEX"]]
2020-03-15 23:52:48.319 [http-nio-8080-exec-3] INFO  cn.qianshu.pingfen.controller.IndexController - vue controller admin page
2020-03-15 23:52:48.609 [http-nio-8080-exec-7] INFO  c.q.p.c.VFilterInvocationSecurityMetadataSource - VFilterInvocationSecurityMetadataSource getAttributes [requestUrl=/]
2020-03-15 23:52:48.611 [http-nio-8080-exec-7] DEBUG c.q.p.dao.SRoleDao.findSRoleListBySPermissionUrl - ==>  Preparing: SELECT sr.* FROM s_role sr LEFT JOIN s_role_permission srp ON sr.id = srp.fk_role_id LEFT JOIN s_permission sp ON srp.fk_permission_id = sp.id WHERE sp.url = ? 
2020-03-15 23:52:48.612 [http-nio-8080-exec-7] DEBUG c.q.p.dao.SRoleDao.findSRoleListBySPermissionUrl - ==> Parameters: /(String)
2020-03-15 23:52:48.617 [http-nio-8080-exec-7] DEBUG c.q.p.dao.SRoleDao.findSRoleListBySPermissionUrl - <==      Total: 1
2020-03-15 23:52:48.619 [http-nio-8080-exec-7] INFO  c.q.p.c.VFilterInvocationSecurityMetadataSource - VFilterInvocationSecurityMetadataSource getAttributes [sRoleList=[{"id":3,"role":"R_USER","describe":"普通用户，评分"}]]
2020-03-15 23:52:48.620 [http-nio-8080-exec-7] DEBUG c.q.p.d.S.findSPermissionListBySPermissionUrl - ==>  Preparing: SELECT * FROM s_permission sp WHERE sp.url = ? 
2020-03-15 23:52:48.621 [http-nio-8080-exec-7] DEBUG c.q.p.d.S.findSPermissionListBySPermissionUrl - ==> Parameters: /(String)
2020-03-15 23:52:48.624 [http-nio-8080-exec-7] DEBUG c.q.p.d.S.findSPermissionListBySPermissionUrl - <==      Total: 1
2020-03-15 23:52:48.625 [http-nio-8080-exec-7] INFO  c.q.p.c.VFilterInvocationSecurityMetadataSource - VFilterInvocationSecurityMetadataSource getAttributes [sPermissionList=[{"id":4,"permission":"P_INDEX","url":"/","describe":"/index"}]]
2020-03-15 23:52:48.625 [http-nio-8080-exec-7] INFO  c.q.p.c.VFilterInvocationSecurityMetadataSource - VFilterInvocationSecurityMetadataSource getAttributes [permissionArray=["R_USER","P_INDEX"]]
2020-03-15 23:52:48.626 [http-nio-8080-exec-7] INFO  c.q.p.c.VFilterInvocationSecurityMetadataSource - VFilterInvocationSecurityMetadataSource getAttributes [requestUrl=/]
2020-03-15 23:52:48.626 [http-nio-8080-exec-7] DEBUG c.q.p.dao.SRoleDao.findSRoleListBySPermissionUrl - ==>  Preparing: SELECT sr.* FROM s_role sr LEFT JOIN s_role_permission srp ON sr.id = srp.fk_role_id LEFT JOIN s_permission sp ON srp.fk_permission_id = sp.id WHERE sp.url = ? 
2020-03-15 23:52:48.626 [http-nio-8080-exec-7] DEBUG c.q.p.dao.SRoleDao.findSRoleListBySPermissionUrl - ==> Parameters: /(String)
2020-03-15 23:52:48.629 [http-nio-8080-exec-7] DEBUG c.q.p.dao.SRoleDao.findSRoleListBySPermissionUrl - <==      Total: 1
2020-03-15 23:52:48.630 [http-nio-8080-exec-7] INFO  c.q.p.c.VFilterInvocationSecurityMetadataSource - VFilterInvocationSecurityMetadataSource getAttributes [sRoleList=[{"id":3,"role":"R_USER","describe":"普通用户，评分"}]]
2020-03-15 23:52:48.630 [http-nio-8080-exec-7] DEBUG c.q.p.d.S.findSPermissionListBySPermissionUrl - ==>  Preparing: SELECT * FROM s_permission sp WHERE sp.url = ? 
2020-03-15 23:52:48.631 [http-nio-8080-exec-7] DEBUG c.q.p.d.S.findSPermissionListBySPermissionUrl - ==> Parameters: /(String)
2020-03-15 23:52:48.633 [http-nio-8080-exec-7] DEBUG c.q.p.d.S.findSPermissionListBySPermissionUrl - <==      Total: 1
2020-03-15 23:52:48.633 [http-nio-8080-exec-7] INFO  c.q.p.c.VFilterInvocationSecurityMetadataSource - VFilterInvocationSecurityMetadataSource getAttributes [sPermissionList=[{"id":4,"permission":"P_INDEX","url":"/","describe":"/index"}]]
2020-03-15 23:52:48.634 [http-nio-8080-exec-7] INFO  c.q.p.c.VFilterInvocationSecurityMetadataSource - VFilterInvocationSecurityMetadataSource getAttributes [permissionArray=["R_USER","P_INDEX"]]
2020-03-15 23:52:48.642 [http-nio-8080-exec-6] INFO  c.q.p.c.VFilterInvocationSecurityMetadataSource - VFilterInvocationSecurityMetadataSource getAttributes [requestUrl=/index]
2020-03-15 23:52:48.643 [http-nio-8080-exec-6] DEBUG c.q.p.dao.SRoleDao.findSRoleListBySPermissionUrl - ==>  Preparing: SELECT sr.* FROM s_role sr LEFT JOIN s_role_permission srp ON sr.id = srp.fk_role_id LEFT JOIN s_permission sp ON srp.fk_permission_id = sp.id WHERE sp.url = ? 
2020-03-15 23:52:48.644 [http-nio-8080-exec-6] DEBUG c.q.p.dao.SRoleDao.findSRoleListBySPermissionUrl - ==> Parameters: /index(String)
2020-03-15 23:52:48.662 [http-nio-8080-exec-6] DEBUG c.q.p.dao.SRoleDao.findSRoleListBySPermissionUrl - <==      Total: 2
2020-03-15 23:52:48.662 [http-nio-8080-exec-6] INFO  c.q.p.c.VFilterInvocationSecurityMetadataSource - VFilterInvocationSecurityMetadataSource getAttributes [sRoleList=[{"id":1,"role":"R_ADMIN","describe":"大总管，所有权限"},{"id":2,"role":"R_HELLO","describe":"说hello相关的权限"}]]
2020-03-15 23:52:48.663 [http-nio-8080-exec-6] DEBUG c.q.p.d.S.findSPermissionListBySPermissionUrl - ==>  Preparing: SELECT * FROM s_permission sp WHERE sp.url = ? 
2020-03-15 23:52:48.665 [http-nio-8080-exec-6] DEBUG c.q.p.d.S.findSPermissionListBySPermissionUrl - ==> Parameters: /index(String)
2020-03-15 23:52:48.668 [http-nio-8080-exec-6] DEBUG c.q.p.d.S.findSPermissionListBySPermissionUrl - <==      Total: 1
2020-03-15 23:52:48.669 [http-nio-8080-exec-6] INFO  c.q.p.c.VFilterInvocationSecurityMetadataSource - VFilterInvocationSecurityMetadataSource getAttributes [sPermissionList=[{"id":1,"permission":"P_INDEX","url":"/index","describe":"index页面资源"}]]
2020-03-15 23:52:48.669 [http-nio-8080-exec-6] INFO  c.q.p.c.VFilterInvocationSecurityMetadataSource - VFilterInvocationSecurityMetadataSource getAttributes [permissionArray=["R_ADMIN","R_HELLO","P_INDEX"]]
2020-03-15 23:52:48.670 [http-nio-8080-exec-6] INFO  c.q.p.c.VFilterInvocationSecurityMetadataSource - VFilterInvocationSecurityMetadataSource getAttributes [requestUrl=/index]
2020-03-15 23:52:48.670 [http-nio-8080-exec-6] DEBUG c.q.p.dao.SRoleDao.findSRoleListBySPermissionUrl - ==>  Preparing: SELECT sr.* FROM s_role sr LEFT JOIN s_role_permission srp ON sr.id = srp.fk_role_id LEFT JOIN s_permission sp ON srp.fk_permission_id = sp.id WHERE sp.url = ? 
2020-03-15 23:52:48.671 [http-nio-8080-exec-6] DEBUG c.q.p.dao.SRoleDao.findSRoleListBySPermissionUrl - ==> Parameters: /index(String)
2020-03-15 23:52:48.677 [http-nio-8080-exec-6] DEBUG c.q.p.dao.SRoleDao.findSRoleListBySPermissionUrl - <==      Total: 2
2020-03-15 23:52:48.677 [http-nio-8080-exec-6] INFO  c.q.p.c.VFilterInvocationSecurityMetadataSource - VFilterInvocationSecurityMetadataSource getAttributes [sRoleList=[{"id":1,"role":"R_ADMIN","describe":"大总管，所有权限"},{"id":2,"role":"R_HELLO","describe":"说hello相关的权限"}]]
2020-03-15 23:52:48.678 [http-nio-8080-exec-6] DEBUG c.q.p.d.S.findSPermissionListBySPermissionUrl - ==>  Preparing: SELECT * FROM s_permission sp WHERE sp.url = ? 
2020-03-15 23:52:48.678 [http-nio-8080-exec-6] DEBUG c.q.p.d.S.findSPermissionListBySPermissionUrl - ==> Parameters: /index(String)
2020-03-15 23:52:48.681 [http-nio-8080-exec-6] DEBUG c.q.p.d.S.findSPermissionListBySPermissionUrl - <==      Total: 1
2020-03-15 23:52:48.682 [http-nio-8080-exec-6] INFO  c.q.p.c.VFilterInvocationSecurityMetadataSource - VFilterInvocationSecurityMetadataSource getAttributes [sPermissionList=[{"id":1,"permission":"P_INDEX","url":"/index","describe":"index页面资源"}]]
2020-03-15 23:52:48.683 [http-nio-8080-exec-6] INFO  c.q.p.c.VFilterInvocationSecurityMetadataSource - VFilterInvocationSecurityMetadataSource getAttributes [permissionArray=["R_ADMIN","R_HELLO","P_INDEX"]]
2020-03-15 23:52:48.684 [http-nio-8080-exec-6] INFO  cn.qianshu.pingfen.controller.IndexController - vue controller admin page
2020-03-15 23:52:48.711 [http-nio-8080-exec-9] INFO  c.q.p.c.VFilterInvocationSecurityMetadataSource - VFilterInvocationSecurityMetadataSource getAttributes [requestUrl=/vue/index.css]
2020-03-15 23:52:48.712 [http-nio-8080-exec-9] DEBUG c.q.p.dao.SRoleDao.findSRoleListBySPermissionUrl - ==>  Preparing: SELECT sr.* FROM s_role sr LEFT JOIN s_role_permission srp ON sr.id = srp.fk_role_id LEFT JOIN s_permission sp ON srp.fk_permission_id = sp.id WHERE sp.url = ? 
2020-03-15 23:52:48.712 [http-nio-8080-exec-9] DEBUG c.q.p.dao.SRoleDao.findSRoleListBySPermissionUrl - ==> Parameters: /vue/index.css(String)
2020-03-15 23:52:48.717 [http-nio-8080-exec-9] DEBUG c.q.p.dao.SRoleDao.findSRoleListBySPermissionUrl - <==      Total: 0
2020-03-15 23:52:48.718 [http-nio-8080-exec-9] INFO  c.q.p.c.VFilterInvocationSecurityMetadataSource - VFilterInvocationSecurityMetadataSource getAttributes [sRoleList=[]]
2020-03-15 23:52:48.719 [http-nio-8080-exec-9] DEBUG c.q.p.d.S.findSPermissionListBySPermissionUrl - ==>  Preparing: SELECT * FROM s_permission sp WHERE sp.url = ? 
2020-03-15 23:52:48.719 [http-nio-8080-exec-9] DEBUG c.q.p.d.S.findSPermissionListBySPermissionUrl - ==> Parameters: /vue/index.css(String)
2020-03-15 23:52:48.724 [http-nio-8080-exec-2] INFO  c.q.p.c.VFilterInvocationSecurityMetadataSource - VFilterInvocationSecurityMetadataSource getAttributes [requestUrl=/vue/custom.css]
2020-03-15 23:52:48.726 [http-nio-8080-exec-9] DEBUG c.q.p.d.S.findSPermissionListBySPermissionUrl - <==      Total: 0
2020-03-15 23:52:48.731 [http-nio-8080-exec-10] INFO  c.q.p.c.VFilterInvocationSecurityMetadataSource - VFilterInvocationSecurityMetadataSource getAttributes [requestUrl=/vue/vue.js]
2020-03-15 23:52:48.732 [http-nio-8080-exec-9] INFO  c.q.p.c.VFilterInvocationSecurityMetadataSource - VFilterInvocationSecurityMetadataSource getAttributes [sPermissionList=[]]
2020-03-15 23:52:48.733 [http-nio-8080-exec-8] INFO  c.q.p.c.VFilterInvocationSecurityMetadataSource - VFilterInvocationSecurityMetadataSource getAttributes [requestUrl=/vue/index.js]
2020-03-15 23:52:48.733 [http-nio-8080-exec-2] DEBUG c.q.p.dao.SRoleDao.findSRoleListBySPermissionUrl - ==>  Preparing: SELECT sr.* FROM s_role sr LEFT JOIN s_role_permission srp ON sr.id = srp.fk_role_id LEFT JOIN s_permission sp ON srp.fk_permission_id = sp.id WHERE sp.url = ? 
2020-03-15 23:52:48.737 [http-nio-8080-exec-2] DEBUG c.q.p.dao.SRoleDao.findSRoleListBySPermissionUrl - ==> Parameters: /vue/custom.css(String)
2020-03-15 23:52:48.740 [http-nio-8080-exec-1] INFO  c.q.p.c.VFilterInvocationSecurityMetadataSource - VFilterInvocationSecurityMetadataSource getAttributes [requestUrl=/vue/axios.min.js]
2020-03-15 23:52:48.740 [http-nio-8080-exec-2] DEBUG c.q.p.dao.SRoleDao.findSRoleListBySPermissionUrl - <==      Total: 0
2020-03-15 23:52:48.741 [http-nio-8080-exec-1] DEBUG c.q.p.dao.SRoleDao.findSRoleListBySPermissionUrl - ==>  Preparing: SELECT sr.* FROM s_role sr LEFT JOIN s_role_permission srp ON sr.id = srp.fk_role_id LEFT JOIN s_permission sp ON srp.fk_permission_id = sp.id WHERE sp.url = ? 
2020-03-15 23:52:48.741 [http-nio-8080-exec-2] INFO  c.q.p.c.VFilterInvocationSecurityMetadataSource - VFilterInvocationSecurityMetadataSource getAttributes [sRoleList=[]]
2020-03-15 23:52:48.741 [http-nio-8080-exec-2] DEBUG c.q.p.d.S.findSPermissionListBySPermissionUrl - ==>  Preparing: SELECT * FROM s_permission sp WHERE sp.url = ? 
2020-03-15 23:52:48.741 [http-nio-8080-exec-1] DEBUG c.q.p.dao.SRoleDao.findSRoleListBySPermissionUrl - ==> Parameters: /vue/axios.min.js(String)
2020-03-15 23:52:48.742 [http-nio-8080-exec-2] DEBUG c.q.p.d.S.findSPermissionListBySPermissionUrl - ==> Parameters: /vue/custom.css(String)
2020-03-15 23:52:48.743 [http-nio-8080-exec-2] DEBUG c.q.p.d.S.findSPermissionListBySPermissionUrl - <==      Total: 0
2020-03-15 23:52:48.743 [http-nio-8080-exec-1] DEBUG c.q.p.dao.SRoleDao.findSRoleListBySPermissionUrl - <==      Total: 0
2020-03-15 23:52:48.743 [http-nio-8080-exec-2] INFO  c.q.p.c.VFilterInvocationSecurityMetadataSource - VFilterInvocationSecurityMetadataSource getAttributes [sPermissionList=[]]
2020-03-15 23:52:48.744 [http-nio-8080-exec-1] INFO  c.q.p.c.VFilterInvocationSecurityMetadataSource - VFilterInvocationSecurityMetadataSource getAttributes [sRoleList=[]]
2020-03-15 23:52:48.744 [http-nio-8080-exec-2] INFO  c.q.p.c.VFilterInvocationSecurityMetadataSource - VFilterInvocationSecurityMetadataSource getAttributes [requestUrl=/vue/custom.css]
2020-03-15 23:52:48.744 [http-nio-8080-exec-8] DEBUG c.q.p.dao.SRoleDao.findSRoleListBySPermissionUrl - ==>  Preparing: SELECT sr.* FROM s_role sr LEFT JOIN s_role_permission srp ON sr.id = srp.fk_role_id LEFT JOIN s_permission sp ON srp.fk_permission_id = sp.id WHERE sp.url = ? 
2020-03-15 23:52:48.744 [http-nio-8080-exec-2] DEBUG c.q.p.dao.SRoleDao.findSRoleListBySPermissionUrl - ==>  Preparing: SELECT sr.* FROM s_role sr LEFT JOIN s_role_permission srp ON sr.id = srp.fk_role_id LEFT JOIN s_permission sp ON srp.fk_permission_id = sp.id WHERE sp.url = ? 
2020-03-15 23:52:48.744 [http-nio-8080-exec-8] DEBUG c.q.p.dao.SRoleDao.findSRoleListBySPermissionUrl - ==> Parameters: /vue/index.js(String)
2020-03-15 23:52:48.744 [http-nio-8080-exec-2] DEBUG c.q.p.dao.SRoleDao.findSRoleListBySPermissionUrl - ==> Parameters: /vue/custom.css(String)
2020-03-15 23:52:48.734 [http-nio-8080-exec-9] INFO  c.q.p.c.VFilterInvocationSecurityMetadataSource - VFilterInvocationSecurityMetadataSource getAttributes [requestUrl=/vue/index.css]
2020-03-15 23:52:48.745 [http-nio-8080-exec-9] DEBUG c.q.p.dao.SRoleDao.findSRoleListBySPermissionUrl - ==>  Preparing: SELECT sr.* FROM s_role sr LEFT JOIN s_role_permission srp ON sr.id = srp.fk_role_id LEFT JOIN s_permission sp ON srp.fk_permission_id = sp.id WHERE sp.url = ? 
2020-03-15 23:52:48.746 [http-nio-8080-exec-9] DEBUG c.q.p.dao.SRoleDao.findSRoleListBySPermissionUrl - ==> Parameters: /vue/index.css(String)
2020-03-15 23:52:48.747 [http-nio-8080-exec-8] DEBUG c.q.p.dao.SRoleDao.findSRoleListBySPermissionUrl - <==      Total: 0
2020-03-15 23:52:48.748 [http-nio-8080-exec-2] DEBUG c.q.p.dao.SRoleDao.findSRoleListBySPermissionUrl - <==      Total: 0
2020-03-15 23:52:48.748 [http-nio-8080-exec-8] INFO  c.q.p.c.VFilterInvocationSecurityMetadataSource - VFilterInvocationSecurityMetadataSource getAttributes [sRoleList=[]]
2020-03-15 23:52:48.748 [http-nio-8080-exec-2] INFO  c.q.p.c.VFilterInvocationSecurityMetadataSource - VFilterInvocationSecurityMetadataSource getAttributes [sRoleList=[]]
2020-03-15 23:52:48.749 [http-nio-8080-exec-8] DEBUG c.q.p.d.S.findSPermissionListBySPermissionUrl - ==>  Preparing: SELECT * FROM s_permission sp WHERE sp.url = ? 
2020-03-15 23:52:48.749 [http-nio-8080-exec-2] DEBUG c.q.p.d.S.findSPermissionListBySPermissionUrl - ==>  Preparing: SELECT * FROM s_permission sp WHERE sp.url = ? 
2020-03-15 23:52:48.749 [http-nio-8080-exec-8] DEBUG c.q.p.d.S.findSPermissionListBySPermissionUrl - ==> Parameters: /vue/index.js(String)
2020-03-15 23:52:48.749 [http-nio-8080-exec-2] DEBUG c.q.p.d.S.findSPermissionListBySPermissionUrl - ==> Parameters: /vue/custom.css(String)
2020-03-15 23:52:48.750 [http-nio-8080-exec-10] DEBUG c.q.p.dao.SRoleDao.findSRoleListBySPermissionUrl - ==>  Preparing: SELECT sr.* FROM s_role sr LEFT JOIN s_role_permission srp ON sr.id = srp.fk_role_id LEFT JOIN s_permission sp ON srp.fk_permission_id = sp.id WHERE sp.url = ? 
2020-03-15 23:52:48.750 [http-nio-8080-exec-10] DEBUG c.q.p.dao.SRoleDao.findSRoleListBySPermissionUrl - ==> Parameters: /vue/vue.js(String)
2020-03-15 23:52:48.751 [http-nio-8080-exec-2] DEBUG c.q.p.d.S.findSPermissionListBySPermissionUrl - <==      Total: 0
2020-03-15 23:52:48.751 [http-nio-8080-exec-2] INFO  c.q.p.c.VFilterInvocationSecurityMetadataSource - VFilterInvocationSecurityMetadataSource getAttributes [sPermissionList=[]]
2020-03-15 23:52:48.752 [http-nio-8080-exec-9] DEBUG c.q.p.dao.SRoleDao.findSRoleListBySPermissionUrl - <==      Total: 0
2020-03-15 23:52:48.753 [http-nio-8080-exec-9] INFO  c.q.p.c.VFilterInvocationSecurityMetadataSource - VFilterInvocationSecurityMetadataSource getAttributes [sRoleList=[]]
2020-03-15 23:52:48.754 [http-nio-8080-exec-9] DEBUG c.q.p.d.S.findSPermissionListBySPermissionUrl - ==>  Preparing: SELECT * FROM s_permission sp WHERE sp.url = ? 
2020-03-15 23:52:48.754 [http-nio-8080-exec-9] DEBUG c.q.p.d.S.findSPermissionListBySPermissionUrl - ==> Parameters: /vue/index.css(String)
2020-03-15 23:52:48.757 [http-nio-8080-exec-9] DEBUG c.q.p.d.S.findSPermissionListBySPermissionUrl - <==      Total: 0
2020-03-15 23:52:48.757 [http-nio-8080-exec-8] DEBUG c.q.p.d.S.findSPermissionListBySPermissionUrl - <==      Total: 0
2020-03-15 23:52:48.757 [http-nio-8080-exec-9] INFO  c.q.p.c.VFilterInvocationSecurityMetadataSource - VFilterInvocationSecurityMetadataSource getAttributes [sPermissionList=[]]
2020-03-15 23:52:48.758 [http-nio-8080-exec-8] INFO  c.q.p.c.VFilterInvocationSecurityMetadataSource - VFilterInvocationSecurityMetadataSource getAttributes [sPermissionList=[]]
2020-03-15 23:52:48.758 [http-nio-8080-exec-10] DEBUG c.q.p.dao.SRoleDao.findSRoleListBySPermissionUrl - <==      Total: 0
2020-03-15 23:52:48.758 [http-nio-8080-exec-8] INFO  c.q.p.c.VFilterInvocationSecurityMetadataSource - VFilterInvocationSecurityMetadataSource getAttributes [requestUrl=/vue/index.js]
2020-03-15 23:52:48.758 [http-nio-8080-exec-10] INFO  c.q.p.c.VFilterInvocationSecurityMetadataSource - VFilterInvocationSecurityMetadataSource getAttributes [sRoleList=[]]
2020-03-15 23:52:48.758 [http-nio-8080-exec-8] DEBUG c.q.p.dao.SRoleDao.findSRoleListBySPermissionUrl - ==>  Preparing: SELECT sr.* FROM s_role sr LEFT JOIN s_role_permission srp ON sr.id = srp.fk_role_id LEFT JOIN s_permission sp ON srp.fk_permission_id = sp.id WHERE sp.url = ? 
2020-03-15 23:52:48.759 [http-nio-8080-exec-10] DEBUG c.q.p.d.S.findSPermissionListBySPermissionUrl - ==>  Preparing: SELECT * FROM s_permission sp WHERE sp.url = ? 
2020-03-15 23:52:48.759 [http-nio-8080-exec-8] DEBUG c.q.p.dao.SRoleDao.findSRoleListBySPermissionUrl - ==> Parameters: /vue/index.js(String)
2020-03-15 23:52:48.759 [http-nio-8080-exec-10] DEBUG c.q.p.d.S.findSPermissionListBySPermissionUrl - ==> Parameters: /vue/vue.js(String)
2020-03-15 23:52:48.763 [http-nio-8080-exec-10] DEBUG c.q.p.d.S.findSPermissionListBySPermissionUrl - <==      Total: 0
2020-03-15 23:52:48.764 [http-nio-8080-exec-10] INFO  c.q.p.c.VFilterInvocationSecurityMetadataSource - VFilterInvocationSecurityMetadataSource getAttributes [sPermissionList=[]]
2020-03-15 23:52:48.764 [http-nio-8080-exec-10] INFO  c.q.p.c.VFilterInvocationSecurityMetadataSource - VFilterInvocationSecurityMetadataSource getAttributes [requestUrl=/vue/vue.js]
2020-03-15 23:52:48.765 [http-nio-8080-exec-10] DEBUG c.q.p.dao.SRoleDao.findSRoleListBySPermissionUrl - ==>  Preparing: SELECT sr.* FROM s_role sr LEFT JOIN s_role_permission srp ON sr.id = srp.fk_role_id LEFT JOIN s_permission sp ON srp.fk_permission_id = sp.id WHERE sp.url = ? 
2020-03-15 23:52:48.766 [http-nio-8080-exec-10] DEBUG c.q.p.dao.SRoleDao.findSRoleListBySPermissionUrl - ==> Parameters: /vue/vue.js(String)
2020-03-15 23:52:48.767 [http-nio-8080-exec-8] DEBUG c.q.p.dao.SRoleDao.findSRoleListBySPermissionUrl - <==      Total: 0
2020-03-15 23:52:48.767 [http-nio-8080-exec-8] INFO  c.q.p.c.VFilterInvocationSecurityMetadataSource - VFilterInvocationSecurityMetadataSource getAttributes [sRoleList=[]]
2020-03-15 23:52:48.769 [http-nio-8080-exec-8] DEBUG c.q.p.d.S.findSPermissionListBySPermissionUrl - ==>  Preparing: SELECT * FROM s_permission sp WHERE sp.url = ? 
2020-03-15 23:52:48.769 [http-nio-8080-exec-10] DEBUG c.q.p.dao.SRoleDao.findSRoleListBySPermissionUrl - <==      Total: 0
2020-03-15 23:52:48.769 [http-nio-8080-exec-10] INFO  c.q.p.c.VFilterInvocationSecurityMetadataSource - VFilterInvocationSecurityMetadataSource getAttributes [sRoleList=[]]
2020-03-15 23:52:48.769 [http-nio-8080-exec-8] DEBUG c.q.p.d.S.findSPermissionListBySPermissionUrl - ==> Parameters: /vue/index.js(String)
2020-03-15 23:52:48.770 [http-nio-8080-exec-10] DEBUG c.q.p.d.S.findSPermissionListBySPermissionUrl - ==>  Preparing: SELECT * FROM s_permission sp WHERE sp.url = ? 
2020-03-15 23:52:48.770 [http-nio-8080-exec-10] DEBUG c.q.p.d.S.findSPermissionListBySPermissionUrl - ==> Parameters: /vue/vue.js(String)
2020-03-15 23:52:48.771 [http-nio-8080-exec-10] DEBUG c.q.p.d.S.findSPermissionListBySPermissionUrl - <==      Total: 0
2020-03-15 23:52:48.771 [http-nio-8080-exec-8] DEBUG c.q.p.d.S.findSPermissionListBySPermissionUrl - <==      Total: 0
2020-03-15 23:52:48.772 [http-nio-8080-exec-8] INFO  c.q.p.c.VFilterInvocationSecurityMetadataSource - VFilterInvocationSecurityMetadataSource getAttributes [sPermissionList=[]]
2020-03-15 23:52:48.772 [http-nio-8080-exec-10] INFO  c.q.p.c.VFilterInvocationSecurityMetadataSource - VFilterInvocationSecurityMetadataSource getAttributes [sPermissionList=[]]
2020-03-15 23:52:48.779 [http-nio-8080-exec-1] DEBUG c.q.p.d.S.findSPermissionListBySPermissionUrl - ==>  Preparing: SELECT * FROM s_permission sp WHERE sp.url = ? 
2020-03-15 23:52:48.780 [http-nio-8080-exec-1] DEBUG c.q.p.d.S.findSPermissionListBySPermissionUrl - ==> Parameters: /vue/axios.min.js(String)
2020-03-15 23:52:48.781 [http-nio-8080-exec-4] INFO  c.q.p.c.VFilterInvocationSecurityMetadataSource - VFilterInvocationSecurityMetadataSource getAttributes [requestUrl=/vue/vue-router.js]
2020-03-15 23:52:48.781 [http-nio-8080-exec-1] DEBUG c.q.p.d.S.findSPermissionListBySPermissionUrl - <==      Total: 0
2020-03-15 23:52:48.781 [http-nio-8080-exec-4] DEBUG c.q.p.dao.SRoleDao.findSRoleListBySPermissionUrl - ==>  Preparing: SELECT sr.* FROM s_role sr LEFT JOIN s_role_permission srp ON sr.id = srp.fk_role_id LEFT JOIN s_permission sp ON srp.fk_permission_id = sp.id WHERE sp.url = ? 
2020-03-15 23:52:48.782 [http-nio-8080-exec-4] DEBUG c.q.p.dao.SRoleDao.findSRoleListBySPermissionUrl - ==> Parameters: /vue/vue-router.js(String)
2020-03-15 23:52:48.783 [http-nio-8080-exec-1] INFO  c.q.p.c.VFilterInvocationSecurityMetadataSource - VFilterInvocationSecurityMetadataSource getAttributes [sPermissionList=[]]
2020-03-15 23:52:48.783 [http-nio-8080-exec-1] INFO  c.q.p.c.VFilterInvocationSecurityMetadataSource - VFilterInvocationSecurityMetadataSource getAttributes [requestUrl=/vue/axios.min.js]
2020-03-15 23:52:48.784 [http-nio-8080-exec-1] DEBUG c.q.p.dao.SRoleDao.findSRoleListBySPermissionUrl - ==>  Preparing: SELECT sr.* FROM s_role sr LEFT JOIN s_role_permission srp ON sr.id = srp.fk_role_id LEFT JOIN s_permission sp ON srp.fk_permission_id = sp.id WHERE sp.url = ? 
2020-03-15 23:52:48.784 [http-nio-8080-exec-4] DEBUG c.q.p.dao.SRoleDao.findSRoleListBySPermissionUrl - <==      Total: 0
2020-03-15 23:52:48.784 [http-nio-8080-exec-1] DEBUG c.q.p.dao.SRoleDao.findSRoleListBySPermissionUrl - ==> Parameters: /vue/axios.min.js(String)
2020-03-15 23:52:48.785 [http-nio-8080-exec-4] INFO  c.q.p.c.VFilterInvocationSecurityMetadataSource - VFilterInvocationSecurityMetadataSource getAttributes [sRoleList=[]]
2020-03-15 23:52:48.785 [http-nio-8080-exec-4] DEBUG c.q.p.d.S.findSPermissionListBySPermissionUrl - ==>  Preparing: SELECT * FROM s_permission sp WHERE sp.url = ? 
2020-03-15 23:52:48.786 [http-nio-8080-exec-4] DEBUG c.q.p.d.S.findSPermissionListBySPermissionUrl - ==> Parameters: /vue/vue-router.js(String)
2020-03-15 23:52:48.787 [http-nio-8080-exec-4] DEBUG c.q.p.d.S.findSPermissionListBySPermissionUrl - <==      Total: 0
2020-03-15 23:52:48.788 [http-nio-8080-exec-1] DEBUG c.q.p.dao.SRoleDao.findSRoleListBySPermissionUrl - <==      Total: 0
2020-03-15 23:52:48.788 [http-nio-8080-exec-4] INFO  c.q.p.c.VFilterInvocationSecurityMetadataSource - VFilterInvocationSecurityMetadataSource getAttributes [sPermissionList=[]]
2020-03-15 23:52:48.789 [http-nio-8080-exec-1] INFO  c.q.p.c.VFilterInvocationSecurityMetadataSource - VFilterInvocationSecurityMetadataSource getAttributes [sRoleList=[]]
2020-03-15 23:52:48.789 [http-nio-8080-exec-4] INFO  c.q.p.c.VFilterInvocationSecurityMetadataSource - VFilterInvocationSecurityMetadataSource getAttributes [requestUrl=/vue/vue-router.js]
2020-03-15 23:52:48.789 [http-nio-8080-exec-1] DEBUG c.q.p.d.S.findSPermissionListBySPermissionUrl - ==>  Preparing: SELECT * FROM s_permission sp WHERE sp.url = ? 
2020-03-15 23:52:48.789 [http-nio-8080-exec-4] DEBUG c.q.p.dao.SRoleDao.findSRoleListBySPermissionUrl - ==>  Preparing: SELECT sr.* FROM s_role sr LEFT JOIN s_role_permission srp ON sr.id = srp.fk_role_id LEFT JOIN s_permission sp ON srp.fk_permission_id = sp.id WHERE sp.url = ? 
2020-03-15 23:52:48.790 [http-nio-8080-exec-1] DEBUG c.q.p.d.S.findSPermissionListBySPermissionUrl - ==> Parameters: /vue/axios.min.js(String)
2020-03-15 23:52:48.790 [http-nio-8080-exec-4] DEBUG c.q.p.dao.SRoleDao.findSRoleListBySPermissionUrl - ==> Parameters: /vue/vue-router.js(String)
2020-03-15 23:52:48.792 [http-nio-8080-exec-1] DEBUG c.q.p.d.S.findSPermissionListBySPermissionUrl - <==      Total: 0
2020-03-15 23:52:48.792 [http-nio-8080-exec-4] DEBUG c.q.p.dao.SRoleDao.findSRoleListBySPermissionUrl - <==      Total: 0
2020-03-15 23:52:48.792 [http-nio-8080-exec-1] INFO  c.q.p.c.VFilterInvocationSecurityMetadataSource - VFilterInvocationSecurityMetadataSource getAttributes [sPermissionList=[]]
2020-03-15 23:52:48.792 [http-nio-8080-exec-4] INFO  c.q.p.c.VFilterInvocationSecurityMetadataSource - VFilterInvocationSecurityMetadataSource getAttributes [sRoleList=[]]
2020-03-15 23:52:48.793 [http-nio-8080-exec-4] DEBUG c.q.p.d.S.findSPermissionListBySPermissionUrl - ==>  Preparing: SELECT * FROM s_permission sp WHERE sp.url = ? 
2020-03-15 23:52:48.794 [http-nio-8080-exec-4] DEBUG c.q.p.d.S.findSPermissionListBySPermissionUrl - ==> Parameters: /vue/vue-router.js(String)
2020-03-15 23:52:48.797 [http-nio-8080-exec-4] DEBUG c.q.p.d.S.findSPermissionListBySPermissionUrl - <==      Total: 0
2020-03-15 23:52:48.799 [http-nio-8080-exec-4] INFO  c.q.p.c.VFilterInvocationSecurityMetadataSource - VFilterInvocationSecurityMetadataSource getAttributes [sPermissionList=[]]
2020-03-15 23:52:48.807 [http-nio-8080-exec-1] INFO  c.q.p.c.VFilterInvocationSecurityMetadataSource - VFilterInvocationSecurityMetadataSource getAttributes [requestUrl=/vue/router1.js]
2020-03-15 23:52:48.807 [http-nio-8080-exec-1] DEBUG c.q.p.dao.SRoleDao.findSRoleListBySPermissionUrl - ==>  Preparing: SELECT sr.* FROM s_role sr LEFT JOIN s_role_permission srp ON sr.id = srp.fk_role_id LEFT JOIN s_permission sp ON srp.fk_permission_id = sp.id WHERE sp.url = ? 
2020-03-15 23:52:48.808 [http-nio-8080-exec-1] DEBUG c.q.p.dao.SRoleDao.findSRoleListBySPermissionUrl - ==> Parameters: /vue/router1.js(String)
2020-03-15 23:52:48.815 [http-nio-8080-exec-1] DEBUG c.q.p.dao.SRoleDao.findSRoleListBySPermissionUrl - <==      Total: 0
2020-03-15 23:52:48.816 [http-nio-8080-exec-1] INFO  c.q.p.c.VFilterInvocationSecurityMetadataSource - VFilterInvocationSecurityMetadataSource getAttributes [sRoleList=[]]
2020-03-15 23:52:48.817 [http-nio-8080-exec-1] DEBUG c.q.p.d.S.findSPermissionListBySPermissionUrl - ==>  Preparing: SELECT * FROM s_permission sp WHERE sp.url = ? 
2020-03-15 23:52:48.817 [http-nio-8080-exec-1] DEBUG c.q.p.d.S.findSPermissionListBySPermissionUrl - ==> Parameters: /vue/router1.js(String)
2020-03-15 23:52:48.821 [http-nio-8080-exec-1] DEBUG c.q.p.d.S.findSPermissionListBySPermissionUrl - <==      Total: 0
2020-03-15 23:52:48.822 [http-nio-8080-exec-1] INFO  c.q.p.c.VFilterInvocationSecurityMetadataSource - VFilterInvocationSecurityMetadataSource getAttributes [sPermissionList=[]]
2020-03-15 23:52:48.822 [http-nio-8080-exec-1] INFO  c.q.p.c.VFilterInvocationSecurityMetadataSource - VFilterInvocationSecurityMetadataSource getAttributes [requestUrl=/vue/router1.js]
2020-03-15 23:52:48.823 [http-nio-8080-exec-1] DEBUG c.q.p.dao.SRoleDao.findSRoleListBySPermissionUrl - ==>  Preparing: SELECT sr.* FROM s_role sr LEFT JOIN s_role_permission srp ON sr.id = srp.fk_role_id LEFT JOIN s_permission sp ON srp.fk_permission_id = sp.id WHERE sp.url = ? 
2020-03-15 23:52:48.823 [http-nio-8080-exec-1] DEBUG c.q.p.dao.SRoleDao.findSRoleListBySPermissionUrl - ==> Parameters: /vue/router1.js(String)
2020-03-15 23:52:48.826 [http-nio-8080-exec-1] DEBUG c.q.p.dao.SRoleDao.findSRoleListBySPermissionUrl - <==      Total: 0
2020-03-15 23:52:48.827 [http-nio-8080-exec-1] INFO  c.q.p.c.VFilterInvocationSecurityMetadataSource - VFilterInvocationSecurityMetadataSource getAttributes [sRoleList=[]]
2020-03-15 23:52:48.828 [http-nio-8080-exec-1] DEBUG c.q.p.d.S.findSPermissionListBySPermissionUrl - ==>  Preparing: SELECT * FROM s_permission sp WHERE sp.url = ? 
2020-03-15 23:52:48.829 [http-nio-8080-exec-1] DEBUG c.q.p.d.S.findSPermissionListBySPermissionUrl - ==> Parameters: /vue/router1.js(String)
2020-03-15 23:52:48.831 [http-nio-8080-exec-1] DEBUG c.q.p.d.S.findSPermissionListBySPermissionUrl - <==      Total: 0
2020-03-15 23:52:48.832 [http-nio-8080-exec-1] INFO  c.q.p.c.VFilterInvocationSecurityMetadataSource - VFilterInvocationSecurityMetadataSource getAttributes [sPermissionList=[]]
2020-03-15 23:52:49.055 [http-nio-8080-exec-3] INFO  c.q.p.c.VFilterInvocationSecurityMetadataSource - VFilterInvocationSecurityMetadataSource getAttributes [requestUrl=/activity/get_by_useruanme?username=admin]
2020-03-15 23:52:49.056 [http-nio-8080-exec-3] DEBUG c.q.p.dao.SRoleDao.findSRoleListBySPermissionUrl - ==>  Preparing: SELECT sr.* FROM s_role sr LEFT JOIN s_role_permission srp ON sr.id = srp.fk_role_id LEFT JOIN s_permission sp ON srp.fk_permission_id = sp.id WHERE sp.url = ? 
2020-03-15 23:52:49.057 [http-nio-8080-exec-3] DEBUG c.q.p.dao.SRoleDao.findSRoleListBySPermissionUrl - ==> Parameters: /activity/get_by_useruanme?username=admin(String)
2020-03-15 23:52:49.059 [http-nio-8080-exec-3] DEBUG c.q.p.dao.SRoleDao.findSRoleListBySPermissionUrl - <==      Total: 0
2020-03-15 23:52:49.060 [http-nio-8080-exec-3] INFO  c.q.p.c.VFilterInvocationSecurityMetadataSource - VFilterInvocationSecurityMetadataSource getAttributes [sRoleList=[]]
2020-03-15 23:52:49.062 [http-nio-8080-exec-3] DEBUG c.q.p.d.S.findSPermissionListBySPermissionUrl - ==>  Preparing: SELECT * FROM s_permission sp WHERE sp.url = ? 
2020-03-15 23:52:49.064 [http-nio-8080-exec-3] DEBUG c.q.p.d.S.findSPermissionListBySPermissionUrl - ==> Parameters: /activity/get_by_useruanme?username=admin(String)
2020-03-15 23:52:49.067 [http-nio-8080-exec-3] DEBUG c.q.p.d.S.findSPermissionListBySPermissionUrl - <==      Total: 0
2020-03-15 23:52:49.068 [http-nio-8080-exec-3] INFO  c.q.p.c.VFilterInvocationSecurityMetadataSource - VFilterInvocationSecurityMetadataSource getAttributes [sPermissionList=[]]
2020-03-15 23:52:49.069 [http-nio-8080-exec-3] INFO  c.q.p.c.VFilterInvocationSecurityMetadataSource - VFilterInvocationSecurityMetadataSource getAttributes [requestUrl=/activity/get_by_useruanme?username=admin]
2020-03-15 23:52:49.070 [http-nio-8080-exec-3] DEBUG c.q.p.dao.SRoleDao.findSRoleListBySPermissionUrl - ==>  Preparing: SELECT sr.* FROM s_role sr LEFT JOIN s_role_permission srp ON sr.id = srp.fk_role_id LEFT JOIN s_permission sp ON srp.fk_permission_id = sp.id WHERE sp.url = ? 
2020-03-15 23:52:49.071 [http-nio-8080-exec-3] DEBUG c.q.p.dao.SRoleDao.findSRoleListBySPermissionUrl - ==> Parameters: /activity/get_by_useruanme?username=admin(String)
2020-03-15 23:52:49.073 [http-nio-8080-exec-7] INFO  c.q.p.c.VFilterInvocationSecurityMetadataSource - VFilterInvocationSecurityMetadataSource getAttributes [requestUrl=/vue/fonts/element-icons.woff]
2020-03-15 23:52:49.074 [http-nio-8080-exec-7] DEBUG c.q.p.dao.SRoleDao.findSRoleListBySPermissionUrl - ==>  Preparing: SELECT sr.* FROM s_role sr LEFT JOIN s_role_permission srp ON sr.id = srp.fk_role_id LEFT JOIN s_permission sp ON srp.fk_permission_id = sp.id WHERE sp.url = ? 
2020-03-15 23:52:49.075 [http-nio-8080-exec-7] DEBUG c.q.p.dao.SRoleDao.findSRoleListBySPermissionUrl - ==> Parameters: /vue/fonts/element-icons.woff(String)
2020-03-15 23:52:49.076 [http-nio-8080-exec-3] DEBUG c.q.p.dao.SRoleDao.findSRoleListBySPermissionUrl - <==      Total: 0
2020-03-15 23:52:49.076 [http-nio-8080-exec-3] INFO  c.q.p.c.VFilterInvocationSecurityMetadataSource - VFilterInvocationSecurityMetadataSource getAttributes [sRoleList=[]]
2020-03-15 23:52:49.077 [http-nio-8080-exec-3] DEBUG c.q.p.d.S.findSPermissionListBySPermissionUrl - ==>  Preparing: SELECT * FROM s_permission sp WHERE sp.url = ? 
2020-03-15 23:52:49.078 [http-nio-8080-exec-7] DEBUG c.q.p.dao.SRoleDao.findSRoleListBySPermissionUrl - <==      Total: 0
2020-03-15 23:52:49.078 [http-nio-8080-exec-3] DEBUG c.q.p.d.S.findSPermissionListBySPermissionUrl - ==> Parameters: /activity/get_by_useruanme?username=admin(String)
2020-03-15 23:52:49.079 [http-nio-8080-exec-7] INFO  c.q.p.c.VFilterInvocationSecurityMetadataSource - VFilterInvocationSecurityMetadataSource getAttributes [sRoleList=[]]
2020-03-15 23:52:49.079 [http-nio-8080-exec-7] DEBUG c.q.p.d.S.findSPermissionListBySPermissionUrl - ==>  Preparing: SELECT * FROM s_permission sp WHERE sp.url = ? 
2020-03-15 23:52:49.080 [http-nio-8080-exec-3] DEBUG c.q.p.d.S.findSPermissionListBySPermissionUrl - <==      Total: 0
2020-03-15 23:52:49.080 [http-nio-8080-exec-7] DEBUG c.q.p.d.S.findSPermissionListBySPermissionUrl - ==> Parameters: /vue/fonts/element-icons.woff(String)
2020-03-15 23:52:49.081 [http-nio-8080-exec-3] INFO  c.q.p.c.VFilterInvocationSecurityMetadataSource - VFilterInvocationSecurityMetadataSource getAttributes [sPermissionList=[]]
2020-03-15 23:52:49.081 [http-nio-8080-exec-7] DEBUG c.q.p.d.S.findSPermissionListBySPermissionUrl - <==      Total: 0
2020-03-15 23:52:49.082 [http-nio-8080-exec-7] INFO  c.q.p.c.VFilterInvocationSecurityMetadataSource - VFilterInvocationSecurityMetadataSource getAttributes [sPermissionList=[]]
2020-03-15 23:52:49.083 [http-nio-8080-exec-7] INFO  c.q.p.c.VFilterInvocationSecurityMetadataSource - VFilterInvocationSecurityMetadataSource getAttributes [requestUrl=/vue/fonts/element-icons.woff]
2020-03-15 23:52:49.084 [http-nio-8080-exec-7] DEBUG c.q.p.dao.SRoleDao.findSRoleListBySPermissionUrl - ==>  Preparing: SELECT sr.* FROM s_role sr LEFT JOIN s_role_permission srp ON sr.id = srp.fk_role_id LEFT JOIN s_permission sp ON srp.fk_permission_id = sp.id WHERE sp.url = ? 
2020-03-15 23:52:49.084 [http-nio-8080-exec-7] DEBUG c.q.p.dao.SRoleDao.findSRoleListBySPermissionUrl - ==> Parameters: /vue/fonts/element-icons.woff(String)
2020-03-15 23:52:49.087 [http-nio-8080-exec-7] DEBUG c.q.p.dao.SRoleDao.findSRoleListBySPermissionUrl - <==      Total: 0
2020-03-15 23:52:49.088 [http-nio-8080-exec-7] INFO  c.q.p.c.VFilterInvocationSecurityMetadataSource - VFilterInvocationSecurityMetadataSource getAttributes [sRoleList=[]]
2020-03-15 23:52:49.089 [http-nio-8080-exec-7] DEBUG c.q.p.d.S.findSPermissionListBySPermissionUrl - ==>  Preparing: SELECT * FROM s_permission sp WHERE sp.url = ? 
2020-03-15 23:52:49.089 [http-nio-8080-exec-7] DEBUG c.q.p.d.S.findSPermissionListBySPermissionUrl - ==> Parameters: /vue/fonts/element-icons.woff(String)
2020-03-15 23:52:49.091 [http-nio-8080-exec-7] DEBUG c.q.p.d.S.findSPermissionListBySPermissionUrl - <==      Total: 0
2020-03-15 23:52:49.092 [http-nio-8080-exec-7] INFO  c.q.p.c.VFilterInvocationSecurityMetadataSource - VFilterInvocationSecurityMetadataSource getAttributes [sPermissionList=[]]
2020-03-15 23:52:51.677 [http-nio-8080-exec-6] INFO  c.q.p.c.VFilterInvocationSecurityMetadataSource - VFilterInvocationSecurityMetadataSource getAttributes [requestUrl=/activity/init]
2020-03-15 23:52:51.678 [http-nio-8080-exec-6] DEBUG c.q.p.dao.SRoleDao.findSRoleListBySPermissionUrl - ==>  Preparing: SELECT sr.* FROM s_role sr LEFT JOIN s_role_permission srp ON sr.id = srp.fk_role_id LEFT JOIN s_permission sp ON srp.fk_permission_id = sp.id WHERE sp.url = ? 
2020-03-15 23:52:51.678 [http-nio-8080-exec-6] DEBUG c.q.p.dao.SRoleDao.findSRoleListBySPermissionUrl - ==> Parameters: /activity/init(String)
2020-03-15 23:52:51.681 [http-nio-8080-exec-6] DEBUG c.q.p.dao.SRoleDao.findSRoleListBySPermissionUrl - <==      Total: 0
2020-03-15 23:52:51.682 [http-nio-8080-exec-6] INFO  c.q.p.c.VFilterInvocationSecurityMetadataSource - VFilterInvocationSecurityMetadataSource getAttributes [sRoleList=[]]
2020-03-15 23:52:51.683 [http-nio-8080-exec-6] DEBUG c.q.p.d.S.findSPermissionListBySPermissionUrl - ==>  Preparing: SELECT * FROM s_permission sp WHERE sp.url = ? 
2020-03-15 23:52:51.683 [http-nio-8080-exec-6] DEBUG c.q.p.d.S.findSPermissionListBySPermissionUrl - ==> Parameters: /activity/init(String)
2020-03-15 23:52:51.685 [http-nio-8080-exec-6] DEBUG c.q.p.d.S.findSPermissionListBySPermissionUrl - <==      Total: 0
2020-03-15 23:52:51.686 [http-nio-8080-exec-6] INFO  c.q.p.c.VFilterInvocationSecurityMetadataSource - VFilterInvocationSecurityMetadataSource getAttributes [sPermissionList=[]]
2020-03-15 23:52:51.686 [http-nio-8080-exec-6] INFO  c.q.p.c.VFilterInvocationSecurityMetadataSource - VFilterInvocationSecurityMetadataSource getAttributes [requestUrl=/activity/init]
2020-03-15 23:52:51.686 [http-nio-8080-exec-6] DEBUG c.q.p.dao.SRoleDao.findSRoleListBySPermissionUrl - ==>  Preparing: SELECT sr.* FROM s_role sr LEFT JOIN s_role_permission srp ON sr.id = srp.fk_role_id LEFT JOIN s_permission sp ON srp.fk_permission_id = sp.id WHERE sp.url = ? 
2020-03-15 23:52:51.687 [http-nio-8080-exec-6] DEBUG c.q.p.dao.SRoleDao.findSRoleListBySPermissionUrl - ==> Parameters: /activity/init(String)
2020-03-15 23:52:51.690 [http-nio-8080-exec-6] DEBUG c.q.p.dao.SRoleDao.findSRoleListBySPermissionUrl - <==      Total: 0
2020-03-15 23:52:51.691 [http-nio-8080-exec-6] INFO  c.q.p.c.VFilterInvocationSecurityMetadataSource - VFilterInvocationSecurityMetadataSource getAttributes [sRoleList=[]]
2020-03-15 23:52:51.692 [http-nio-8080-exec-6] DEBUG c.q.p.d.S.findSPermissionListBySPermissionUrl - ==>  Preparing: SELECT * FROM s_permission sp WHERE sp.url = ? 
2020-03-15 23:52:51.693 [http-nio-8080-exec-6] DEBUG c.q.p.d.S.findSPermissionListBySPermissionUrl - ==> Parameters: /activity/init(String)
2020-03-15 23:52:51.696 [http-nio-8080-exec-6] DEBUG c.q.p.d.S.findSPermissionListBySPermissionUrl - <==      Total: 0
2020-03-15 23:52:51.696 [http-nio-8080-exec-6] INFO  c.q.p.c.VFilterInvocationSecurityMetadataSource - VFilterInvocationSecurityMetadataSource getAttributes [sPermissionList=[]]
2020-03-15 23:52:51.698 [http-nio-8080-exec-6] INFO  cn.qianshu.pingfen.controller.ActivityController - add activity get teams and users!!!
2020-03-15 23:52:51.699 [http-nio-8080-exec-6] DEBUG cn.qianshu.pingfen.dao.STeamDao.findAll - ==>  Preparing: SELECT t.* FROM s_team t order by t.id 
2020-03-15 23:52:51.699 [http-nio-8080-exec-6] DEBUG cn.qianshu.pingfen.dao.STeamDao.findAll - ==> Parameters: 
2020-03-15 23:52:51.701 [http-nio-8080-exec-6] DEBUG cn.qianshu.pingfen.dao.STeamDao.findAll - <==      Total: 2
2020-03-15 23:52:51.702 [http-nio-8080-exec-6] DEBUG cn.qianshu.pingfen.dao.SUserDao.findAll - ==>  Preparing: SELECT su.* FROM s_user su order by su.id 
2020-03-15 23:52:51.702 [http-nio-8080-exec-6] DEBUG cn.qianshu.pingfen.dao.SUserDao.findAll - ==> Parameters: 
2020-03-15 23:52:51.704 [http-nio-8080-exec-6] DEBUG cn.qianshu.pingfen.dao.SUserDao.findAll - <==      Total: 4
2020-03-15 23:52:51.724 [http-nio-8080-exec-2] INFO  c.q.p.c.VFilterInvocationSecurityMetadataSource - VFilterInvocationSecurityMetadataSource getAttributes [requestUrl=/activity/init]
2020-03-15 23:52:51.725 [http-nio-8080-exec-2] DEBUG c.q.p.dao.SRoleDao.findSRoleListBySPermissionUrl - ==>  Preparing: SELECT sr.* FROM s_role sr LEFT JOIN s_role_permission srp ON sr.id = srp.fk_role_id LEFT JOIN s_permission sp ON srp.fk_permission_id = sp.id WHERE sp.url = ? 
2020-03-15 23:52:51.726 [http-nio-8080-exec-2] DEBUG c.q.p.dao.SRoleDao.findSRoleListBySPermissionUrl - ==> Parameters: /activity/init(String)
2020-03-15 23:52:51.728 [http-nio-8080-exec-2] DEBUG c.q.p.dao.SRoleDao.findSRoleListBySPermissionUrl - <==      Total: 0
2020-03-15 23:52:51.729 [http-nio-8080-exec-2] INFO  c.q.p.c.VFilterInvocationSecurityMetadataSource - VFilterInvocationSecurityMetadataSource getAttributes [sRoleList=[]]
2020-03-15 23:52:51.730 [http-nio-8080-exec-2] DEBUG c.q.p.d.S.findSPermissionListBySPermissionUrl - ==>  Preparing: SELECT * FROM s_permission sp WHERE sp.url = ? 
2020-03-15 23:52:51.730 [http-nio-8080-exec-2] DEBUG c.q.p.d.S.findSPermissionListBySPermissionUrl - ==> Parameters: /activity/init(String)
2020-03-15 23:52:51.732 [http-nio-8080-exec-2] DEBUG c.q.p.d.S.findSPermissionListBySPermissionUrl - <==      Total: 0
2020-03-15 23:52:51.733 [http-nio-8080-exec-2] INFO  c.q.p.c.VFilterInvocationSecurityMetadataSource - VFilterInvocationSecurityMetadataSource getAttributes [sPermissionList=[]]
2020-03-15 23:52:51.733 [http-nio-8080-exec-2] INFO  c.q.p.c.VFilterInvocationSecurityMetadataSource - VFilterInvocationSecurityMetadataSource getAttributes [requestUrl=/activity/init]
2020-03-15 23:52:51.734 [http-nio-8080-exec-2] DEBUG c.q.p.dao.SRoleDao.findSRoleListBySPermissionUrl - ==>  Preparing: SELECT sr.* FROM s_role sr LEFT JOIN s_role_permission srp ON sr.id = srp.fk_role_id LEFT JOIN s_permission sp ON srp.fk_permission_id = sp.id WHERE sp.url = ? 
2020-03-15 23:52:51.734 [http-nio-8080-exec-2] DEBUG c.q.p.dao.SRoleDao.findSRoleListBySPermissionUrl - ==> Parameters: /activity/init(String)
2020-03-15 23:52:51.736 [http-nio-8080-exec-2] DEBUG c.q.p.dao.SRoleDao.findSRoleListBySPermissionUrl - <==      Total: 0
2020-03-15 23:52:51.737 [http-nio-8080-exec-2] INFO  c.q.p.c.VFilterInvocationSecurityMetadataSource - VFilterInvocationSecurityMetadataSource getAttributes [sRoleList=[]]
2020-03-15 23:52:51.737 [http-nio-8080-exec-2] DEBUG c.q.p.d.S.findSPermissionListBySPermissionUrl - ==>  Preparing: SELECT * FROM s_permission sp WHERE sp.url = ? 
2020-03-15 23:52:51.738 [http-nio-8080-exec-2] DEBUG c.q.p.d.S.findSPermissionListBySPermissionUrl - ==> Parameters: /activity/init(String)
2020-03-15 23:52:51.740 [http-nio-8080-exec-2] DEBUG c.q.p.d.S.findSPermissionListBySPermissionUrl - <==      Total: 0
2020-03-15 23:52:51.740 [http-nio-8080-exec-2] INFO  c.q.p.c.VFilterInvocationSecurityMetadataSource - VFilterInvocationSecurityMetadataSource getAttributes [sPermissionList=[]]
2020-03-15 23:52:51.741 [http-nio-8080-exec-2] INFO  cn.qianshu.pingfen.controller.ActivityController - add activity get teams and users!!!
2020-03-15 23:52:51.742 [http-nio-8080-exec-2] DEBUG cn.qianshu.pingfen.dao.STeamDao.findAll - ==>  Preparing: SELECT t.* FROM s_team t order by t.id 
2020-03-15 23:52:51.742 [http-nio-8080-exec-2] DEBUG cn.qianshu.pingfen.dao.STeamDao.findAll - ==> Parameters: 
2020-03-15 23:52:51.744 [http-nio-8080-exec-2] DEBUG cn.qianshu.pingfen.dao.STeamDao.findAll - <==      Total: 2
2020-03-15 23:52:51.745 [http-nio-8080-exec-2] DEBUG cn.qianshu.pingfen.dao.SUserDao.findAll - ==>  Preparing: SELECT su.* FROM s_user su order by su.id 
2020-03-15 23:52:51.746 [http-nio-8080-exec-2] DEBUG cn.qianshu.pingfen.dao.SUserDao.findAll - ==> Parameters: 
2020-03-15 23:52:51.748 [http-nio-8080-exec-2] DEBUG cn.qianshu.pingfen.dao.SUserDao.findAll - <==      Total: 4
2020-03-15 23:52:52.692 [http-nio-8080-exec-5] INFO  c.q.p.c.VFilterInvocationSecurityMetadataSource - VFilterInvocationSecurityMetadataSource getAttributes [requestUrl=/activity/admin?page_size=5&current_page=1]
2020-03-15 23:52:52.694 [http-nio-8080-exec-5] DEBUG c.q.p.dao.SRoleDao.findSRoleListBySPermissionUrl - ==>  Preparing: SELECT sr.* FROM s_role sr LEFT JOIN s_role_permission srp ON sr.id = srp.fk_role_id LEFT JOIN s_permission sp ON srp.fk_permission_id = sp.id WHERE sp.url = ? 
2020-03-15 23:52:52.695 [http-nio-8080-exec-5] DEBUG c.q.p.dao.SRoleDao.findSRoleListBySPermissionUrl - ==> Parameters: /activity/admin?page_size=5&current_page=1(String)
2020-03-15 23:52:52.697 [http-nio-8080-exec-5] DEBUG c.q.p.dao.SRoleDao.findSRoleListBySPermissionUrl - <==      Total: 0
2020-03-15 23:52:52.698 [http-nio-8080-exec-5] INFO  c.q.p.c.VFilterInvocationSecurityMetadataSource - VFilterInvocationSecurityMetadataSource getAttributes [sRoleList=[]]
2020-03-15 23:52:52.699 [http-nio-8080-exec-5] DEBUG c.q.p.d.S.findSPermissionListBySPermissionUrl - ==>  Preparing: SELECT * FROM s_permission sp WHERE sp.url = ? 
2020-03-15 23:52:52.699 [http-nio-8080-exec-5] DEBUG c.q.p.d.S.findSPermissionListBySPermissionUrl - ==> Parameters: /activity/admin?page_size=5&current_page=1(String)
2020-03-15 23:52:52.702 [http-nio-8080-exec-5] DEBUG c.q.p.d.S.findSPermissionListBySPermissionUrl - <==      Total: 0
2020-03-15 23:52:52.702 [http-nio-8080-exec-5] INFO  c.q.p.c.VFilterInvocationSecurityMetadataSource - VFilterInvocationSecurityMetadataSource getAttributes [sPermissionList=[]]
2020-03-15 23:52:52.703 [http-nio-8080-exec-5] INFO  c.q.p.c.VFilterInvocationSecurityMetadataSource - VFilterInvocationSecurityMetadataSource getAttributes [requestUrl=/activity/admin?page_size=5&current_page=1]
2020-03-15 23:52:52.703 [http-nio-8080-exec-5] DEBUG c.q.p.dao.SRoleDao.findSRoleListBySPermissionUrl - ==>  Preparing: SELECT sr.* FROM s_role sr LEFT JOIN s_role_permission srp ON sr.id = srp.fk_role_id LEFT JOIN s_permission sp ON srp.fk_permission_id = sp.id WHERE sp.url = ? 
2020-03-15 23:52:52.704 [http-nio-8080-exec-5] DEBUG c.q.p.dao.SRoleDao.findSRoleListBySPermissionUrl - ==> Parameters: /activity/admin?page_size=5&current_page=1(String)
2020-03-15 23:52:52.706 [http-nio-8080-exec-5] DEBUG c.q.p.dao.SRoleDao.findSRoleListBySPermissionUrl - <==      Total: 0
2020-03-15 23:52:52.706 [http-nio-8080-exec-5] INFO  c.q.p.c.VFilterInvocationSecurityMetadataSource - VFilterInvocationSecurityMetadataSource getAttributes [sRoleList=[]]
2020-03-15 23:52:52.707 [http-nio-8080-exec-5] DEBUG c.q.p.d.S.findSPermissionListBySPermissionUrl - ==>  Preparing: SELECT * FROM s_permission sp WHERE sp.url = ? 
2020-03-15 23:52:52.707 [http-nio-8080-exec-5] DEBUG c.q.p.d.S.findSPermissionListBySPermissionUrl - ==> Parameters: /activity/admin?page_size=5&current_page=1(String)
2020-03-15 23:52:52.709 [http-nio-8080-exec-5] DEBUG c.q.p.d.S.findSPermissionListBySPermissionUrl - <==      Total: 0
2020-03-15 23:52:52.709 [http-nio-8080-exec-5] INFO  c.q.p.c.VFilterInvocationSecurityMetadataSource - VFilterInvocationSecurityMetadataSource getAttributes [sPermissionList=[]]
2020-03-15 23:52:52.721 [http-nio-8080-exec-5] INFO  cn.qianshu.pingfen.controller.ActivityController - activity controller get user by page size:5,current_page:1
2020-03-15 23:52:52.721 [http-nio-8080-exec-5] DEBUG cn.qianshu.pingfen.dao.SActivityDao.getTotal - ==>  Preparing: SELECT count(1) FROM s_activity a 
2020-03-15 23:52:52.722 [http-nio-8080-exec-5] DEBUG cn.qianshu.pingfen.dao.SActivityDao.getTotal - ==> Parameters: 
2020-03-15 23:52:52.797 [http-nio-8080-exec-5] DEBUG cn.qianshu.pingfen.dao.SActivityDao.getTotal - <==      Total: 1
2020-03-15 23:52:52.800 [http-nio-8080-exec-5] DEBUG cn.qianshu.pingfen.dao.SActivityDao.findByPage - ==>  Preparing: SELECT a.* FROM s_activity a order by a.id limit ?, ? 
2020-03-15 23:52:52.801 [http-nio-8080-exec-5] DEBUG cn.qianshu.pingfen.dao.SActivityDao.findByPage - ==> Parameters: 0(Integer), 5(Integer)
2020-03-15 23:52:52.813 [http-nio-8080-exec-5] DEBUG cn.qianshu.pingfen.dao.SActivityDao.findByPage - <==      Total: 1
2020-03-15 23:56:45.729 [RMI TCP Connection(2)-127.0.0.1] INFO  o.s.b.a.SpringApplicationAdminMXBeanRegistrar$SpringApplicationAdmin - Application shutdown requested.
2020-03-15 23:56:45.732 [RMI TCP Connection(2)-127.0.0.1] INFO  o.s.scheduling.concurrent.ThreadPoolTaskExecutor - Shutting down ExecutorService 'applicationTaskExecutor'
2020-03-15 23:56:45.733 [RMI TCP Connection(2)-127.0.0.1] INFO  com.zaxxer.hikari.HikariDataSource - HikariPool-1 - Shutdown initiated...
2020-03-15 23:56:45.741 [RMI TCP Connection(2)-127.0.0.1] INFO  com.zaxxer.hikari.HikariDataSource - HikariPool-1 - Shutdown completed.
