2020-03-28 15:12:01.818 [main] WARN  org.springframework.boot.StartupInfoLogger - InetAddress.getLocalHost().getHostName() took 377 milliseconds to respond. Please verify your network configuration.
2020-03-28 15:12:04.867 [main] INFO  cn.qianshu.pingfen.PingfenApplication - Starting PingfenApplication on yu-PC with PID 1920 (C:\Users\Administrator\Desktop\pingfen\target\classes started by Administrator in C:\Users\Administrator\Desktop\pingfen)
2020-03-28 15:12:04.870 [main] INFO  cn.qianshu.pingfen.PingfenApplication - No active profile set, falling back to default profiles: default
2020-03-28 15:12:06.362 [main] INFO  cn.qianshu.pingfen.PingfenApplication - Starting PingfenApplication on yu-PC with PID 13816 (C:\Users\Administrator\Desktop\pingfen\target\classes started by Administrator in C:\Users\Administrator\Desktop\pingfen)
2020-03-28 15:12:07.518 [main] INFO  cn.qianshu.pingfen.PingfenApplication - No active profile set, falling back to default profiles: default
2020-03-28 15:12:06.848 [main] INFO  cn.qianshu.pingfen.PingfenApplication - Starting PingfenApplication on yu-PC with PID 6760 (C:\Users\Administrator\Desktop\pingfen\target\classes started by Administrator in C:\Users\Administrator\Desktop\pingfen)
2020-03-28 15:12:07.531 [main] INFO  cn.qianshu.pingfen.PingfenApplication - No active profile set, falling back to default profiles: default
2020-03-28 15:12:08.738 [main] INFO  cn.qianshu.pingfen.PingfenApplication - Starting PingfenApplication on yu-PC with PID 10928 (C:\Users\Administrator\Desktop\pingfen\target\classes started by Administrator in C:\Users\Administrator\Desktop\pingfen)
2020-03-28 15:12:09.141 [main] INFO  cn.qianshu.pingfen.PingfenApplication - No active profile set, falling back to default profiles: default
2020-03-28 15:12:08.799 [main] INFO  cn.qianshu.pingfen.PingfenApplication - Starting PingfenApplication on yu-PC with PID 11404 (C:\Users\Administrator\Desktop\pingfen\target\classes started by Administrator in C:\Users\Administrator\Desktop\pingfen)
2020-03-28 15:12:09.413 [main] INFO  cn.qianshu.pingfen.PingfenApplication - No active profile set, falling back to default profiles: default
2020-03-28 15:12:08.938 [main] INFO  cn.qianshu.pingfen.PingfenApplication - Starting PingfenApplication on yu-PC with PID 9468 (C:\Users\Administrator\Desktop\pingfen\target\classes started by Administrator in C:\Users\Administrator\Desktop\pingfen)
2020-03-28 15:12:09.750 [main] INFO  cn.qianshu.pingfen.PingfenApplication - No active profile set, falling back to default profiles: default
2020-03-28 15:12:09.553 [main] WARN  org.springframework.boot.StartupInfoLogger - InetAddress.getLocalHost().getHostName() took 858 milliseconds to respond. Please verify your network configuration.
2020-03-28 15:12:11.260 [main] INFO  cn.qianshu.pingfen.PingfenApplication - Starting PingfenApplication on yu-PC with PID 7188 (C:\Users\Administrator\Desktop\pingfen\target\classes started by Administrator in C:\Users\Administrator\Desktop\pingfen)
2020-03-28 15:12:11.263 [main] INFO  cn.qianshu.pingfen.PingfenApplication - No active profile set, falling back to default profiles: default
2020-03-28 15:12:10.883 [main] WARN  org.springframework.boot.StartupInfoLogger - InetAddress.getLocalHost().getHostName() took 252 milliseconds to respond. Please verify your network configuration.
2020-03-28 15:12:12.664 [main] INFO  cn.qianshu.pingfen.PingfenApplication - Starting PingfenApplication on yu-PC with PID 8208 (C:\Users\Administrator\Desktop\pingfen\target\classes started by Administrator in C:\Users\Administrator\Desktop\pingfen)
2020-03-28 15:12:12.665 [main] INFO  cn.qianshu.pingfen.PingfenApplication - No active profile set, falling back to default profiles: default
2020-03-28 15:12:11.593 [main] INFO  cn.qianshu.pingfen.PingfenApplication - Starting PingfenApplication on yu-PC with PID 10868 (C:\Users\Administrator\Desktop\pingfen\target\classes started by Administrator in C:\Users\Administrator\Desktop\pingfen)
2020-03-28 15:12:13.369 [main] INFO  cn.qianshu.pingfen.PingfenApplication - No active profile set, falling back to default profiles: default
2020-03-28 15:12:11.863 [main] INFO  cn.qianshu.pingfen.PingfenApplication - Starting PingfenApplication on yu-PC with PID 15836 (C:\Users\Administrator\Desktop\pingfen\target\classes started by Administrator in C:\Users\Administrator\Desktop\pingfen)
2020-03-28 15:12:13.712 [main] INFO  cn.qianshu.pingfen.PingfenApplication - No active profile set, falling back to default profiles: default
2020-03-28 15:12:20.160 [main] INFO  cn.qianshu.pingfen.PingfenApplication - Starting PingfenApplication on yu-PC with PID 3004 (C:\Users\Administrator\Desktop\pingfen\target\classes started by Administrator in C:\Users\Administrator\Desktop\pingfen)
2020-03-28 15:12:21.214 [main] INFO  cn.qianshu.pingfen.PingfenApplication - No active profile set, falling back to default profiles: default
2020-03-28 15:15:23.652 [main] INFO  o.s.boot.web.embedded.tomcat.TomcatWebServer - Tomcat initialized with port(s): 8080 (http)
2020-03-28 15:15:23.652 [main] INFO  o.s.boot.web.embedded.tomcat.TomcatWebServer - Tomcat initialized with port(s): 8080 (http)
2020-03-28 15:15:23.658 [main] INFO  o.s.boot.web.embedded.tomcat.TomcatWebServer - Tomcat initialized with port(s): 8080 (http)
2020-03-28 15:15:23.663 [main] INFO  o.s.boot.web.embedded.tomcat.TomcatWebServer - Tomcat initialized with port(s): 8080 (http)
2020-03-28 15:15:23.678 [main] INFO  o.s.boot.web.embedded.tomcat.TomcatWebServer - Tomcat initialized with port(s): 8080 (http)
2020-03-28 15:15:23.680 [main] INFO  o.s.boot.web.embedded.tomcat.TomcatWebServer - Tomcat initialized with port(s): 8080 (http)
2020-03-28 15:15:23.684 [main] INFO  o.s.boot.web.embedded.tomcat.TomcatWebServer - Tomcat initialized with port(s): 8080 (http)
2020-03-28 15:15:23.814 [main] INFO  org.apache.coyote.http11.Http11NioProtocol - Initializing ProtocolHandler ["http-nio-8080"]
2020-03-28 15:15:23.978 [main] INFO  org.apache.catalina.core.StandardService - Starting service [Tomcat]
2020-03-28 15:15:23.979 [main] INFO  org.apache.catalina.core.StandardEngine - Starting Servlet engine: [Apache Tomcat/9.0.29]
2020-03-28 15:15:24.069 [main] INFO  org.apache.coyote.http11.Http11NioProtocol - Initializing ProtocolHandler ["http-nio-8080"]
2020-03-28 15:15:24.071 [main] INFO  org.apache.catalina.core.StandardService - Starting service [Tomcat]
2020-03-28 15:15:24.072 [main] INFO  org.apache.catalina.core.StandardEngine - Starting Servlet engine: [Apache Tomcat/9.0.29]
2020-03-28 15:15:24.107 [main] INFO  org.apache.coyote.http11.Http11NioProtocol - Initializing ProtocolHandler ["http-nio-8080"]
2020-03-28 15:15:24.110 [main] INFO  org.apache.catalina.core.StandardService - Starting service [Tomcat]
2020-03-28 15:15:24.111 [main] INFO  org.apache.catalina.core.StandardEngine - Starting Servlet engine: [Apache Tomcat/9.0.29]
2020-03-28 15:15:24.172 [main] INFO  org.apache.coyote.http11.Http11NioProtocol - Initializing ProtocolHandler ["http-nio-8080"]
2020-03-28 15:15:24.173 [main] INFO  org.apache.catalina.core.StandardService - Starting service [Tomcat]
2020-03-28 15:15:24.174 [main] INFO  org.apache.catalina.core.StandardEngine - Starting Servlet engine: [Apache Tomcat/9.0.29]
2020-03-28 15:15:24.214 [main] INFO  org.apache.coyote.http11.Http11NioProtocol - Initializing ProtocolHandler ["http-nio-8080"]
2020-03-28 15:15:24.215 [main] INFO  org.apache.catalina.core.StandardService - Starting service [Tomcat]
2020-03-28 15:15:24.216 [main] INFO  org.apache.catalina.core.StandardEngine - Starting Servlet engine: [Apache Tomcat/9.0.29]
2020-03-28 15:15:23.668 [main] INFO  o.s.boot.web.embedded.tomcat.TomcatWebServer - Tomcat initialized with port(s): 8080 (http)
2020-03-28 15:15:24.418 [main] INFO  org.apache.coyote.http11.Http11NioProtocol - Initializing ProtocolHandler ["http-nio-8080"]
2020-03-28 15:15:24.422 [main] INFO  org.apache.catalina.core.StandardService - Starting service [Tomcat]
2020-03-28 15:15:24.425 [main] INFO  org.apache.catalina.core.StandardEngine - Starting Servlet engine: [Apache Tomcat/9.0.29]
2020-03-28 15:15:25.227 [main] INFO  org.apache.coyote.http11.Http11NioProtocol - Initializing ProtocolHandler ["http-nio-8080"]
2020-03-28 15:15:25.830 [main] INFO  org.apache.catalina.core.StandardService - Starting service [Tomcat]
2020-03-28 15:15:25.840 [main] INFO  org.apache.catalina.core.StandardEngine - Starting Servlet engine: [Apache Tomcat/9.0.29]
2020-03-28 15:15:26.719 [main] INFO  org.apache.coyote.http11.Http11NioProtocol - Initializing ProtocolHandler ["http-nio-8080"]
2020-03-28 15:15:26.920 [main] INFO  org.apache.catalina.core.StandardService - Starting service [Tomcat]
2020-03-28 15:15:26.922 [main] INFO  org.apache.catalina.core.StandardEngine - Starting Servlet engine: [Apache Tomcat/9.0.29]
2020-03-28 15:15:45.742 [main] INFO  o.s.boot.web.embedded.tomcat.TomcatWebServer - Tomcat initialized with port(s): 8080 (http)
2020-03-28 15:15:45.742 [main] INFO  o.s.boot.web.embedded.tomcat.TomcatWebServer - Tomcat initialized with port(s): 8080 (http)
2020-03-28 15:15:47.946 [main] INFO  org.apache.coyote.http11.Http11NioProtocol - Initializing ProtocolHandler ["http-nio-8080"]
2020-03-28 15:15:48.119 [main] INFO  org.apache.catalina.core.StandardService - Starting service [Tomcat]
2020-03-28 15:15:48.127 [main] INFO  org.apache.catalina.core.StandardEngine - Starting Servlet engine: [Apache Tomcat/9.0.29]
2020-03-28 15:15:48.168 [main] INFO  org.apache.coyote.http11.Http11NioProtocol - Initializing ProtocolHandler ["http-nio-8080"]
2020-03-28 15:15:48.169 [main] INFO  org.apache.catalina.core.StandardService - Starting service [Tomcat]
2020-03-28 15:15:48.170 [main] INFO  org.apache.catalina.core.StandardEngine - Starting Servlet engine: [Apache Tomcat/9.0.29]
2020-03-28 15:16:07.902 [main] INFO  o.a.c.core.ContainerBase.[Tomcat].[localhost].[/] - Initializing Spring embedded WebApplicationContext
2020-03-28 15:16:07.904 [main] INFO  org.springframework.web.context.ContextLoader - Root WebApplicationContext: initialization completed in 237035 ms
2020-03-28 15:16:07.925 [main] INFO  o.a.c.core.ContainerBase.[Tomcat].[localhost].[/] - Initializing Spring embedded WebApplicationContext
2020-03-28 15:16:07.927 [main] INFO  o.a.c.core.ContainerBase.[Tomcat].[localhost].[/] - Initializing Spring embedded WebApplicationContext
2020-03-28 15:16:07.929 [main] INFO  org.springframework.web.context.ContextLoader - Root WebApplicationContext: initialization completed in 200297 ms
2020-03-28 15:16:07.928 [main] INFO  org.springframework.web.context.ContextLoader - Root WebApplicationContext: initialization completed in 211270 ms
2020-03-28 15:16:07.946 [main] INFO  o.a.c.core.ContainerBase.[Tomcat].[localhost].[/] - Initializing Spring embedded WebApplicationContext
2020-03-28 15:16:07.947 [main] INFO  org.springframework.web.context.ContextLoader - Root WebApplicationContext: initialization completed in 202182 ms
2020-03-28 15:16:07.949 [main] INFO  o.a.c.core.ContainerBase.[Tomcat].[localhost].[/] - Initializing Spring embedded WebApplicationContext
2020-03-28 15:16:07.950 [main] INFO  org.springframework.web.context.ContextLoader - Root WebApplicationContext: initialization completed in 236209 ms
2020-03-28 15:16:07.902 [main] INFO  o.a.c.core.ContainerBase.[Tomcat].[localhost].[/] - Initializing Spring embedded WebApplicationContext
2020-03-28 15:16:07.959 [main] INFO  o.a.c.core.ContainerBase.[Tomcat].[localhost].[/] - Initializing Spring embedded WebApplicationContext
2020-03-28 15:16:07.960 [main] INFO  o.a.c.core.ContainerBase.[Tomcat].[localhost].[/] - Initializing Spring embedded WebApplicationContext
2020-03-28 15:16:07.960 [main] INFO  o.a.c.core.ContainerBase.[Tomcat].[localhost].[/] - Initializing Spring embedded WebApplicationContext
2020-03-28 15:16:07.967 [main] INFO  org.springframework.web.context.ContextLoader - Root WebApplicationContext: initialization completed in 221917 ms
2020-03-28 15:16:07.961 [main] INFO  o.a.c.core.ContainerBase.[Tomcat].[localhost].[/] - Initializing Spring embedded WebApplicationContext
2020-03-28 15:16:07.971 [main] INFO  org.springframework.web.context.ContextLoader - Root WebApplicationContext: initialization completed in 110397 ms
2020-03-28 15:16:07.964 [main] INFO  org.springframework.web.context.ContextLoader - Root WebApplicationContext: initialization completed in 110389 ms
2020-03-28 15:16:07.967 [main] INFO  org.springframework.web.context.ContextLoader - Root WebApplicationContext: initialization completed in 213853 ms
2020-03-28 15:16:07.966 [main] INFO  org.springframework.web.context.ContextLoader - Root WebApplicationContext: initialization completed in 178435 ms
2020-03-28 15:17:34.872 [main] WARN  c.q.pingfen.config.VFilterSecurityInterceptor - Could not validate configuration attributes as the SecurityMetadataSource did not return any attributes from getAllConfigAttributes()
2020-03-28 15:17:34.889 [main] WARN  c.q.pingfen.config.VFilterSecurityInterceptor - Could not validate configuration attributes as the SecurityMetadataSource did not return any attributes from getAllConfigAttributes()
2020-03-28 15:17:34.902 [main] WARN  c.q.pingfen.config.VFilterSecurityInterceptor - Could not validate configuration attributes as the SecurityMetadataSource did not return any attributes from getAllConfigAttributes()
2020-03-28 15:17:34.915 [main] WARN  c.q.pingfen.config.VFilterSecurityInterceptor - Could not validate configuration attributes as the SecurityMetadataSource did not return any attributes from getAllConfigAttributes()
2020-03-28 15:17:34.915 [main] WARN  c.q.pingfen.config.VFilterSecurityInterceptor - Could not validate configuration attributes as the SecurityMetadataSource did not return any attributes from getAllConfigAttributes()
2020-03-28 15:17:34.920 [main] WARN  c.q.pingfen.config.VFilterSecurityInterceptor - Could not validate configuration attributes as the SecurityMetadataSource did not return any attributes from getAllConfigAttributes()
2020-03-28 15:17:34.927 [main] WARN  c.q.pingfen.config.VFilterSecurityInterceptor - Could not validate configuration attributes as the SecurityMetadataSource did not return any attributes from getAllConfigAttributes()
2020-03-28 15:17:34.932 [main] WARN  c.q.pingfen.config.VFilterSecurityInterceptor - Could not validate configuration attributes as the SecurityMetadataSource did not return any attributes from getAllConfigAttributes()
2020-03-28 15:17:34.942 [main] WARN  c.q.pingfen.config.VFilterSecurityInterceptor - Could not validate configuration attributes as the SecurityMetadataSource did not return any attributes from getAllConfigAttributes()
2020-03-28 15:17:34.946 [main] WARN  c.q.pingfen.config.VFilterSecurityInterceptor - Could not validate configuration attributes as the SecurityMetadataSource did not return any attributes from getAllConfigAttributes()
2020-03-28 15:17:34.953 [main] WARN  c.q.pingfen.config.VFilterSecurityInterceptor - Could not validate configuration attributes as the SecurityMetadataSource did not return any attributes from getAllConfigAttributes()
2020-03-28 15:17:34.953 [main] WARN  c.q.pingfen.config.VFilterSecurityInterceptor - Could not validate configuration attributes as the SecurityMetadataSource did not return any attributes from getAllConfigAttributes()
2020-03-28 15:17:34.961 [main] WARN  c.q.pingfen.config.VFilterSecurityInterceptor - Could not validate configuration attributes as the SecurityMetadataSource did not return any attributes from getAllConfigAttributes()
2020-03-28 15:17:34.964 [main] WARN  c.q.pingfen.config.VFilterSecurityInterceptor - Could not validate configuration attributes as the SecurityMetadataSource did not return any attributes from getAllConfigAttributes()
2020-03-28 15:17:34.971 [main] WARN  c.q.pingfen.config.VFilterSecurityInterceptor - Could not validate configuration attributes as the SecurityMetadataSource did not return any attributes from getAllConfigAttributes()
2020-03-28 15:17:34.976 [main] WARN  c.q.pingfen.config.VFilterSecurityInterceptor - Could not validate configuration attributes as the SecurityMetadataSource did not return any attributes from getAllConfigAttributes()
2020-03-28 15:17:35.254 [main] WARN  c.q.pingfen.config.VFilterSecurityInterceptor - Could not validate configuration attributes as the SecurityMetadataSource did not return any attributes from getAllConfigAttributes()
2020-03-28 15:17:35.389 [main] WARN  c.q.pingfen.config.VFilterSecurityInterceptor - Could not validate configuration attributes as the SecurityMetadataSource did not return any attributes from getAllConfigAttributes()
2020-03-28 15:17:35.722 [main] WARN  c.q.pingfen.config.VFilterSecurityInterceptor - Could not validate configuration attributes as the SecurityMetadataSource did not return any attributes from getAllConfigAttributes()
2020-03-28 15:17:35.882 [main] WARN  c.q.pingfen.config.VFilterSecurityInterceptor - Could not validate configuration attributes as the SecurityMetadataSource did not return any attributes from getAllConfigAttributes()
2020-03-28 15:17:39.237 [main] INFO  o.s.boot.web.embedded.tomcat.TomcatWebServer - Tomcat initialized with port(s): 8080 (http)
2020-03-28 15:17:56.725 [main] INFO  org.apache.coyote.http11.Http11NioProtocol - Initializing ProtocolHandler ["http-nio-8080"]
2020-03-28 15:18:00.285 [main] INFO  org.apache.catalina.core.StandardService - Starting service [Tomcat]
2020-03-28 15:18:00.288 [main] INFO  org.apache.catalina.core.StandardEngine - Starting Servlet engine: [Apache Tomcat/9.0.29]
2020-03-28 15:18:25.058 [main] INFO  o.s.security.web.DefaultSecurityFilterChain - Creating filter chain: Ant [pattern='/css/**'], []
2020-03-28 15:18:25.063 [main] INFO  o.s.security.web.DefaultSecurityFilterChain - Creating filter chain: Ant [pattern='/css/**'], []
2020-03-28 15:18:25.072 [main] INFO  o.s.security.web.DefaultSecurityFilterChain - Creating filter chain: Ant [pattern='/css/**'], []
2020-03-28 15:18:25.075 [main] INFO  o.s.security.web.DefaultSecurityFilterChain - Creating filter chain: Ant [pattern='/css/**'], []
2020-03-28 15:18:25.083 [main] INFO  o.s.security.web.DefaultSecurityFilterChain - Creating filter chain: Ant [pattern='/css/**'], []
2020-03-28 15:18:25.084 [main] INFO  o.s.security.web.DefaultSecurityFilterChain - Creating filter chain: Ant [pattern='/css/**'], []
2020-03-28 15:18:25.090 [main] INFO  o.s.security.web.DefaultSecurityFilterChain - Creating filter chain: Ant [pattern='/css/**'], []
2020-03-28 15:18:25.100 [main] INFO  o.s.security.web.DefaultSecurityFilterChain - Creating filter chain: Ant [pattern='/css/**'], []
2020-03-28 15:18:25.101 [main] INFO  o.s.security.web.DefaultSecurityFilterChain - Creating filter chain: Ant [pattern='/css/**'], []
2020-03-28 15:18:25.102 [main] INFO  o.s.security.web.DefaultSecurityFilterChain - Creating filter chain: Ant [pattern='/css/**'], []
2020-03-28 15:18:29.567 [main] INFO  o.s.security.web.DefaultSecurityFilterChain - Creating filter chain: any request, [org.springframework.security.web.context.request.async.WebAsyncManagerIntegrationFilter@40709f9, org.springframework.security.web.context.SecurityContextPersistenceFilter@9b23822, org.springframework.security.web.header.HeaderWriterFilter@39666e42, org.springframework.security.web.authentication.logout.LogoutFilter@45e6d1e0, org.springframework.security.web.authentication.UsernamePasswordAuthenticationFilter@25a94b55, org.springframework.security.web.savedrequest.RequestCacheAwareFilter@60f21960, org.springframework.security.web.servletapi.SecurityContextHolderAwareRequestFilter@1a01d7f0, org.springframework.security.web.authentication.AnonymousAuthenticationFilter@6b1b19cf, org.springframework.security.web.session.SessionManagementFilter@25c2a9e3, org.springframework.security.web.access.ExceptionTranslationFilter@5e26f1ed, org.springframework.security.web.access.intercept.FilterSecurityInterceptor@83bb0f]
2020-03-28 15:18:29.582 [main] INFO  o.s.security.web.DefaultSecurityFilterChain - Creating filter chain: any request, [org.springframework.security.web.context.request.async.WebAsyncManagerIntegrationFilter@c02670f, org.springframework.security.web.context.SecurityContextPersistenceFilter@664632e9, org.springframework.security.web.header.HeaderWriterFilter@7b25ab31, org.springframework.security.web.authentication.logout.LogoutFilter@51e3d37e, org.springframework.security.web.authentication.UsernamePasswordAuthenticationFilter@6003ad65, org.springframework.security.web.savedrequest.RequestCacheAwareFilter@4f379769, org.springframework.security.web.servletapi.SecurityContextHolderAwareRequestFilter@1235151c, org.springframework.security.web.authentication.AnonymousAuthenticationFilter@71179b6f, org.springframework.security.web.session.SessionManagementFilter@68ddd415, org.springframework.security.web.access.ExceptionTranslationFilter@4751e8b9, org.springframework.security.web.access.intercept.FilterSecurityInterceptor@5f366587]
2020-03-28 15:18:29.594 [main] INFO  o.s.security.web.DefaultSecurityFilterChain - Creating filter chain: any request, [org.springframework.security.web.context.request.async.WebAsyncManagerIntegrationFilter@7e34b127, org.springframework.security.web.context.SecurityContextPersistenceFilter@69de5bed, org.springframework.security.web.header.HeaderWriterFilter@67fa5045, org.springframework.security.web.authentication.logout.LogoutFilter@6eb089e6, org.springframework.security.web.authentication.UsernamePasswordAuthenticationFilter@39941489, org.springframework.security.web.savedrequest.RequestCacheAwareFilter@996a546, org.springframework.security.web.servletapi.SecurityContextHolderAwareRequestFilter@45117dd, org.springframework.security.web.authentication.AnonymousAuthenticationFilter@679dd234, org.springframework.security.web.session.SessionManagementFilter@5974b233, org.springframework.security.web.access.ExceptionTranslationFilter@5ff00507, org.springframework.security.web.access.intercept.FilterSecurityInterceptor@789c3057]
2020-03-28 15:18:29.613 [main] INFO  o.s.security.web.DefaultSecurityFilterChain - Creating filter chain: any request, [org.springframework.security.web.context.request.async.WebAsyncManagerIntegrationFilter@6cae2e4d, org.springframework.security.web.context.SecurityContextPersistenceFilter@62b57479, org.springframework.security.web.header.HeaderWriterFilter@1903b5d, org.springframework.security.web.authentication.logout.LogoutFilter@5700c9db, org.springframework.security.web.authentication.UsernamePasswordAuthenticationFilter@45117dd, org.springframework.security.web.savedrequest.RequestCacheAwareFilter@ea04cab, org.springframework.security.web.servletapi.SecurityContextHolderAwareRequestFilter@1fd7a37, org.springframework.security.web.authentication.AnonymousAuthenticationFilter@604d23fa, org.springframework.security.web.session.SessionManagementFilter@5cff6b74, org.springframework.security.web.access.ExceptionTranslationFilter@3db432c2, org.springframework.security.web.access.intercept.FilterSecurityInterceptor@cfd1075]
2020-03-28 15:18:29.619 [main] INFO  o.s.security.web.DefaultSecurityFilterChain - Creating filter chain: any request, [org.springframework.security.web.context.request.async.WebAsyncManagerIntegrationFilter@d13baac, org.springframework.security.web.context.SecurityContextPersistenceFilter@36068727, org.springframework.security.web.header.HeaderWriterFilter@6436e181, org.springframework.security.web.authentication.logout.LogoutFilter@4cb957b8, org.springframework.security.web.authentication.UsernamePasswordAuthenticationFilter@42507640, org.springframework.security.web.savedrequest.RequestCacheAwareFilter@3d88e6b9, org.springframework.security.web.servletapi.SecurityContextHolderAwareRequestFilter@7f6329cb, org.springframework.security.web.authentication.AnonymousAuthenticationFilter@4c302f38, org.springframework.security.web.session.SessionManagementFilter@6b649efa, org.springframework.security.web.access.ExceptionTranslationFilter@58a84a12, org.springframework.security.web.access.intercept.FilterSecurityInterceptor@602f8f94]
2020-03-28 15:18:29.619 [main] INFO  o.s.security.web.DefaultSecurityFilterChain - Creating filter chain: any request, [org.springframework.security.web.context.request.async.WebAsyncManagerIntegrationFilter@7f6329cb, org.springframework.security.web.context.SecurityContextPersistenceFilter@4aa31ffc, org.springframework.security.web.header.HeaderWriterFilter@40709f9, org.springframework.security.web.authentication.logout.LogoutFilter@70029d2d, org.springframework.security.web.authentication.UsernamePasswordAuthenticationFilter@6babffb5, org.springframework.security.web.savedrequest.RequestCacheAwareFilter@7d42542, org.springframework.security.web.servletapi.SecurityContextHolderAwareRequestFilter@ec7b5de, org.springframework.security.web.authentication.AnonymousAuthenticationFilter@4b8137c5, org.springframework.security.web.session.SessionManagementFilter@6393bf8b, org.springframework.security.web.access.ExceptionTranslationFilter@6adc5b9c, org.springframework.security.web.access.intercept.FilterSecurityInterceptor@671d03bb]
2020-03-28 15:18:29.566 [main] INFO  o.s.security.web.DefaultSecurityFilterChain - Creating filter chain: any request, [org.springframework.security.web.context.request.async.WebAsyncManagerIntegrationFilter@4cb957b8, org.springframework.security.web.context.SecurityContextPersistenceFilter@65629ac6, org.springframework.security.web.header.HeaderWriterFilter@500051c5, org.springframework.security.web.authentication.logout.LogoutFilter@60743cdb, org.springframework.security.web.authentication.UsernamePasswordAuthenticationFilter@78910096, org.springframework.security.web.savedrequest.RequestCacheAwareFilter@5482bcac, org.springframework.security.web.servletapi.SecurityContextHolderAwareRequestFilter@70029d2d, org.springframework.security.web.authentication.AnonymousAuthenticationFilter@3cdc7b09, org.springframework.security.web.session.SessionManagementFilter@4c19d42e, org.springframework.security.web.access.ExceptionTranslationFilter@307e4c44, org.springframework.security.web.access.intercept.FilterSecurityInterceptor@1a538ed8]
2020-03-28 15:18:29.609 [main] INFO  o.s.security.web.DefaultSecurityFilterChain - Creating filter chain: any request, [org.springframework.security.web.context.request.async.WebAsyncManagerIntegrationFilter@4cb957b8, org.springframework.security.web.context.SecurityContextPersistenceFilter@65629ac6, org.springframework.security.web.header.HeaderWriterFilter@500051c5, org.springframework.security.web.authentication.logout.LogoutFilter@60743cdb, org.springframework.security.web.authentication.UsernamePasswordAuthenticationFilter@78910096, org.springframework.security.web.savedrequest.RequestCacheAwareFilter@5482bcac, org.springframework.security.web.servletapi.SecurityContextHolderAwareRequestFilter@70029d2d, org.springframework.security.web.authentication.AnonymousAuthenticationFilter@3cdc7b09, org.springframework.security.web.session.SessionManagementFilter@4c19d42e, org.springframework.security.web.access.ExceptionTranslationFilter@307e4c44, org.springframework.security.web.access.intercept.FilterSecurityInterceptor@1a538ed8]
2020-03-28 15:18:29.613 [main] INFO  o.s.security.web.DefaultSecurityFilterChain - Creating filter chain: any request, [org.springframework.security.web.context.request.async.WebAsyncManagerIntegrationFilter@16a5c7e4, org.springframework.security.web.context.SecurityContextPersistenceFilter@14422d9d, org.springframework.security.web.header.HeaderWriterFilter@4dadd690, org.springframework.security.web.authentication.logout.LogoutFilter@6d672bd4, org.springframework.security.web.authentication.UsernamePasswordAuthenticationFilter@709f0202, org.springframework.security.web.savedrequest.RequestCacheAwareFilter@2a02e34b, org.springframework.security.web.servletapi.SecurityContextHolderAwareRequestFilter@494c8f29, org.springframework.security.web.authentication.AnonymousAuthenticationFilter@1e225820, org.springframework.security.web.session.SessionManagementFilter@3281dfc2, org.springframework.security.web.access.ExceptionTranslationFilter@4da1f38a, org.springframework.security.web.access.intercept.FilterSecurityInterceptor@1150d471]
2020-03-28 15:21:37.404 [main] INFO  o.s.security.web.DefaultSecurityFilterChain - Creating filter chain: any request, [org.springframework.security.web.context.request.async.WebAsyncManagerIntegrationFilter@7c241a9f, org.springframework.security.web.context.SecurityContextPersistenceFilter@2e5e6fc4, org.springframework.security.web.header.HeaderWriterFilter@6cae2e4d, org.springframework.security.web.authentication.logout.LogoutFilter@799f916e, org.springframework.security.web.authentication.UsernamePasswordAuthenticationFilter@766a52f5, org.springframework.security.web.savedrequest.RequestCacheAwareFilter@79980d8d, org.springframework.security.web.servletapi.SecurityContextHolderAwareRequestFilter@602f8f94, org.springframework.security.web.authentication.AnonymousAuthenticationFilter@58fd1214, org.springframework.security.web.session.SessionManagementFilter@1cc8416a, org.springframework.security.web.access.ExceptionTranslationFilter@7741771e, org.springframework.security.web.access.intercept.FilterSecurityInterceptor@27fe059d]
2020-03-28 15:21:44.377 [main] INFO  o.s.scheduling.concurrent.ThreadPoolTaskExecutor - Initializing ExecutorService 'applicationTaskExecutor'
2020-03-28 15:21:45.546 [main] INFO  o.s.b.a.web.servlet.WelcomePageHandlerMapping - Adding welcome page template: index
2020-03-28 15:21:48.264 [main] INFO  o.a.c.core.ContainerBase.[Tomcat].[localhost].[/] - Initializing Spring embedded WebApplicationContext
2020-03-28 15:21:49.714 [main] INFO  org.springframework.web.context.ContextLoader - Root WebApplicationContext: initialization completed in 546956 ms
2020-03-28 15:22:02.682 [main] INFO  o.s.scheduling.concurrent.ThreadPoolTaskExecutor - Initializing ExecutorService 'applicationTaskExecutor'
2020-03-28 15:22:02.966 [main] INFO  o.s.b.a.web.servlet.WelcomePageHandlerMapping - Adding welcome page template: index
2020-03-28 15:22:16.011 [main] INFO  o.s.scheduling.concurrent.ThreadPoolTaskExecutor - Initializing ExecutorService 'applicationTaskExecutor'
2020-03-28 15:22:16.699 [main] INFO  o.s.b.a.web.servlet.WelcomePageHandlerMapping - Adding welcome page template: index
2020-03-28 15:22:20.273 [main] INFO  o.s.scheduling.concurrent.ThreadPoolTaskExecutor - Initializing ExecutorService 'applicationTaskExecutor'
2020-03-28 15:22:21.455 [main] INFO  o.s.b.a.web.servlet.WelcomePageHandlerMapping - Adding welcome page template: index
2020-03-28 15:22:22.215 [main] INFO  o.s.scheduling.concurrent.ThreadPoolTaskExecutor - Initializing ExecutorService 'applicationTaskExecutor'
2020-03-28 15:22:24.001 [main] INFO  o.s.b.a.web.servlet.WelcomePageHandlerMapping - Adding welcome page template: index
2020-03-28 15:22:36.937 [main] INFO  o.s.scheduling.concurrent.ThreadPoolTaskExecutor - Initializing ExecutorService 'applicationTaskExecutor'
2020-03-28 15:22:39.366 [main] INFO  o.s.b.a.web.servlet.WelcomePageHandlerMapping - Adding welcome page template: index
2020-03-28 15:23:03.127 [main] INFO  o.s.scheduling.concurrent.ThreadPoolTaskExecutor - Initializing ExecutorService 'applicationTaskExecutor'
2020-03-28 15:23:04.181 [main] INFO  o.s.b.a.web.servlet.WelcomePageHandlerMapping - Adding welcome page template: index
2020-03-28 15:23:09.341 [main] INFO  org.apache.coyote.http11.Http11NioProtocol - Starting ProtocolHandler ["http-nio-8080"]
2020-03-28 15:23:10.336 [main] INFO  org.apache.coyote.http11.Http11NioProtocol - Starting ProtocolHandler ["http-nio-8080"]
2020-03-28 15:23:10.351 [main] INFO  org.apache.coyote.http11.Http11NioProtocol - Starting ProtocolHandler ["http-nio-8080"]
2020-03-28 15:23:11.897 [main] INFO  org.apache.coyote.http11.Http11NioProtocol - Starting ProtocolHandler ["http-nio-8080"]
2020-03-28 15:23:13.413 [main] INFO  org.apache.coyote.http11.Http11NioProtocol - Starting ProtocolHandler ["http-nio-8080"]
2020-03-28 15:23:14.277 [main] INFO  org.apache.coyote.http11.Http11NioProtocol - Starting ProtocolHandler ["http-nio-8080"]
2020-03-28 15:23:15.953 [main] INFO  org.apache.coyote.http11.Http11NioProtocol - Starting ProtocolHandler ["http-nio-8080"]
2020-03-28 15:23:17.263 [main] INFO  o.s.scheduling.concurrent.ThreadPoolTaskExecutor - Initializing ExecutorService 'applicationTaskExecutor'
2020-03-28 15:23:19.274 [main] INFO  o.s.b.a.web.servlet.WelcomePageHandlerMapping - Adding welcome page template: index
2020-03-28 15:23:20.676 [main] INFO  o.s.scheduling.concurrent.ThreadPoolTaskExecutor - Initializing ExecutorService 'applicationTaskExecutor'
2020-03-28 15:23:22.320 [main] INFO  o.s.b.a.web.servlet.WelcomePageHandlerMapping - Adding welcome page template: index
2020-03-28 15:23:31.797 [main] INFO  org.apache.coyote.http11.Http11NioProtocol - Starting ProtocolHandler ["http-nio-8080"]
2020-03-28 15:23:32.139 [main] INFO  org.apache.coyote.http11.Http11NioProtocol - Starting ProtocolHandler ["http-nio-8080"]
2020-03-28 15:23:46.949 [main] INFO  o.s.scheduling.concurrent.ThreadPoolTaskExecutor - Initializing ExecutorService 'applicationTaskExecutor'
2020-03-28 15:23:49.333 [main] INFO  o.s.b.a.web.servlet.WelcomePageHandlerMapping - Adding welcome page template: index
2020-03-28 15:23:50.126 [main] INFO  org.apache.coyote.http11.Http11NioProtocol - Pausing ProtocolHandler ["http-nio-8080"]
2020-03-28 15:23:49.890 [main] INFO  org.apache.coyote.http11.Http11NioProtocol - Pausing ProtocolHandler ["http-nio-8080"]
2020-03-28 15:23:50.331 [main] INFO  org.apache.catalina.core.StandardService - Stopping service [Tomcat]
2020-03-28 15:23:50.331 [main] INFO  org.apache.coyote.http11.Http11NioProtocol - Pausing ProtocolHandler ["http-nio-8080"]
2020-03-28 15:23:50.334 [main] INFO  org.apache.catalina.core.StandardService - Stopping service [Tomcat]
2020-03-28 15:23:50.370 [main] INFO  org.apache.catalina.core.StandardService - Stopping service [Tomcat]
2020-03-28 15:23:50.566 [main] INFO  org.apache.coyote.http11.Http11NioProtocol - Pausing ProtocolHandler ["http-nio-8080"]
2020-03-28 15:23:50.686 [main] INFO  org.apache.coyote.http11.Http11NioProtocol - Pausing ProtocolHandler ["http-nio-8080"]
2020-03-28 15:23:50.702 [main] INFO  org.apache.catalina.core.StandardService - Stopping service [Tomcat]
2020-03-28 15:23:50.795 [main] INFO  org.apache.catalina.core.StandardService - Stopping service [Tomcat]
2020-03-28 15:23:49.890 [main] INFO  org.apache.coyote.http11.Http11NioProtocol - Pausing ProtocolHandler ["http-nio-8080"]
2020-03-28 15:23:49.892 [main] INFO  org.apache.coyote.http11.Http11NioProtocol - Pausing ProtocolHandler ["http-nio-8080"]
2020-03-28 15:23:51.204 [main] INFO  org.apache.coyote.http11.Http11NioProtocol - Pausing ProtocolHandler ["http-nio-8080"]
2020-03-28 15:23:51.205 [main] INFO  org.apache.catalina.core.StandardService - Stopping service [Tomcat]
2020-03-28 15:23:51.206 [main] INFO  org.apache.catalina.core.StandardService - Stopping service [Tomcat]
2020-03-28 15:23:51.522 [main] INFO  org.apache.catalina.core.StandardService - Stopping service [Tomcat]
2020-03-28 15:23:51.840 [main] INFO  org.apache.coyote.http11.Http11NioProtocol - Pausing ProtocolHandler ["http-nio-8080"]
2020-03-28 15:23:52.454 [main] INFO  org.apache.catalina.core.StandardService - Stopping service [Tomcat]
2020-03-28 15:23:54.814 [main] INFO  org.apache.coyote.http11.Http11NioProtocol - Stopping ProtocolHandler ["http-nio-8080"]
2020-03-28 15:23:54.816 [main] INFO  org.apache.coyote.http11.Http11NioProtocol - Destroying ProtocolHandler ["http-nio-8080"]
2020-03-28 15:23:54.836 [main] INFO  org.apache.coyote.http11.Http11NioProtocol - Stopping ProtocolHandler ["http-nio-8080"]
2020-03-28 15:23:54.838 [main] INFO  org.apache.coyote.http11.Http11NioProtocol - Destroying ProtocolHandler ["http-nio-8080"]
2020-03-28 15:23:55.150 [main] INFO  org.apache.coyote.http11.Http11NioProtocol - Stopping ProtocolHandler ["http-nio-8080"]
2020-03-28 15:23:55.152 [main] INFO  org.apache.coyote.http11.Http11NioProtocol - Destroying ProtocolHandler ["http-nio-8080"]
2020-03-28 15:23:55.179 [main] INFO  org.apache.coyote.http11.Http11NioProtocol - Stopping ProtocolHandler ["http-nio-8080"]
2020-03-28 15:23:55.180 [main] INFO  org.apache.coyote.http11.Http11NioProtocol - Destroying ProtocolHandler ["http-nio-8080"]
2020-03-28 15:23:55.824 [main] INFO  org.apache.coyote.http11.Http11NioProtocol - Stopping ProtocolHandler ["http-nio-8080"]
2020-03-28 15:23:55.825 [main] INFO  org.apache.coyote.http11.Http11NioProtocol - Destroying ProtocolHandler ["http-nio-8080"]
2020-03-28 15:23:56.235 [main] INFO  o.s.b.a.l.ConditionEvaluationReportLoggingListener - 

Error starting ApplicationContext. To display the conditions report re-run your application with 'debug' enabled.
2020-03-28 15:23:56.242 [main] INFO  o.s.b.a.l.ConditionEvaluationReportLoggingListener - 

Error starting ApplicationContext. To display the conditions report re-run your application with 'debug' enabled.
2020-03-28 15:23:56.467 [main] INFO  o.s.b.a.l.ConditionEvaluationReportLoggingListener - 

Error starting ApplicationContext. To display the conditions report re-run your application with 'debug' enabled.
2020-03-28 15:23:56.642 [main] INFO  o.s.b.a.l.ConditionEvaluationReportLoggingListener - 

Error starting ApplicationContext. To display the conditions report re-run your application with 'debug' enabled.
2020-03-28 15:23:58.667 [main] INFO  org.apache.coyote.http11.Http11NioProtocol - Stopping ProtocolHandler ["http-nio-8080"]
2020-03-28 15:23:58.936 [main] INFO  org.apache.coyote.http11.Http11NioProtocol - Destroying ProtocolHandler ["http-nio-8080"]
2020-03-28 15:23:59.326 [main] INFO  o.s.b.a.l.ConditionEvaluationReportLoggingListener - 

Error starting ApplicationContext. To display the conditions report re-run your application with 'debug' enabled.
2020-03-28 15:24:00.384 [main] INFO  org.apache.coyote.http11.Http11NioProtocol - Stopping ProtocolHandler ["http-nio-8080"]
2020-03-28 15:24:00.386 [main] INFO  org.apache.coyote.http11.Http11NioProtocol - Destroying ProtocolHandler ["http-nio-8080"]
2020-03-28 15:24:01.946 [main] INFO  org.apache.coyote.http11.Http11NioProtocol - Starting ProtocolHandler ["http-nio-8080"]
2020-03-28 15:24:02.350 [main] INFO  o.s.b.a.l.ConditionEvaluationReportLoggingListener - 

Error starting ApplicationContext. To display the conditions report re-run your application with 'debug' enabled.
2020-03-28 15:24:02.422 [main] INFO  org.apache.coyote.http11.Http11NioProtocol - Stopping ProtocolHandler ["http-nio-8080"]
2020-03-28 15:24:02.423 [main] INFO  org.apache.coyote.http11.Http11NioProtocol - Destroying ProtocolHandler ["http-nio-8080"]
2020-03-28 15:24:03.163 [main] ERROR o.s.b.diagnostics.LoggingFailureAnalysisReporter - 

***************************
APPLICATION FAILED TO START
***************************

Description:

Web server failed to start. Port 8080 was already in use.

Action:

Identify and stop the process that's listening on port 8080 or configure this application to listen on another port.

2020-03-28 15:24:03.170 [main] ERROR o.s.b.diagnostics.LoggingFailureAnalysisReporter - 

***************************
APPLICATION FAILED TO START
***************************

Description:

Web server failed to start. Port 8080 was already in use.

Action:

Identify and stop the process that's listening on port 8080 or configure this application to listen on another port.

2020-03-28 15:24:03.179 [main] ERROR o.s.b.diagnostics.LoggingFailureAnalysisReporter - 

***************************
APPLICATION FAILED TO START
***************************

Description:

Web server failed to start. Port 8080 was already in use.

Action:

Identify and stop the process that's listening on port 8080 or configure this application to listen on another port.

2020-03-28 15:24:03.189 [main] ERROR o.s.b.diagnostics.LoggingFailureAnalysisReporter - 

***************************
APPLICATION FAILED TO START
***************************

Description:

Web server failed to start. Port 8080 was already in use.

Action:

Identify and stop the process that's listening on port 8080 or configure this application to listen on another port.

2020-03-28 15:24:03.196 [main] ERROR o.s.b.diagnostics.LoggingFailureAnalysisReporter - 

***************************
APPLICATION FAILED TO START
***************************

Description:

Web server failed to start. Port 8080 was already in use.

Action:

Identify and stop the process that's listening on port 8080 or configure this application to listen on another port.

2020-03-28 15:24:03.198 [main] ERROR o.s.b.diagnostics.LoggingFailureAnalysisReporter - 

***************************
APPLICATION FAILED TO START
***************************

Description:

Web server failed to start. Port 8080 was already in use.

Action:

Identify and stop the process that's listening on port 8080 or configure this application to listen on another port.

2020-03-28 15:24:04.320 [main] INFO  o.s.scheduling.concurrent.ThreadPoolTaskExecutor - Shutting down ExecutorService 'applicationTaskExecutor'
2020-03-28 15:24:04.330 [main] INFO  o.s.scheduling.concurrent.ThreadPoolTaskExecutor - Shutting down ExecutorService 'applicationTaskExecutor'
2020-03-28 15:24:04.422 [main] INFO  o.s.scheduling.concurrent.ThreadPoolTaskExecutor - Shutting down ExecutorService 'applicationTaskExecutor'
2020-03-28 15:24:04.433 [main] INFO  o.s.scheduling.concurrent.ThreadPoolTaskExecutor - Shutting down ExecutorService 'applicationTaskExecutor'
2020-03-28 15:24:04.441 [main] INFO  o.s.scheduling.concurrent.ThreadPoolTaskExecutor - Shutting down ExecutorService 'applicationTaskExecutor'
2020-03-28 15:24:04.632 [main] INFO  o.s.scheduling.concurrent.ThreadPoolTaskExecutor - Shutting down ExecutorService 'applicationTaskExecutor'
2020-03-28 15:24:04.755 [main] INFO  o.s.b.a.l.ConditionEvaluationReportLoggingListener - 

Error starting ApplicationContext. To display the conditions report re-run your application with 'debug' enabled.
2020-03-28 15:24:05.089 [main] INFO  o.s.b.a.l.ConditionEvaluationReportLoggingListener - 

Error starting ApplicationContext. To display the conditions report re-run your application with 'debug' enabled.
2020-03-28 15:24:05.780 [main] ERROR o.s.b.diagnostics.LoggingFailureAnalysisReporter - 

***************************
APPLICATION FAILED TO START
***************************

Description:

Web server failed to start. Port 8080 was already in use.

Action:

Identify and stop the process that's listening on port 8080 or configure this application to listen on another port.

2020-03-28 15:24:05.970 [main] ERROR o.s.b.diagnostics.LoggingFailureAnalysisReporter - 

***************************
APPLICATION FAILED TO START
***************************

Description:

Web server failed to start. Port 8080 was already in use.

Action:

Identify and stop the process that's listening on port 8080 or configure this application to listen on another port.

2020-03-28 15:24:06.011 [main] INFO  o.s.scheduling.concurrent.ThreadPoolTaskExecutor - Shutting down ExecutorService 'applicationTaskExecutor'
2020-03-28 15:24:06.480 [main] INFO  o.s.scheduling.concurrent.ThreadPoolTaskExecutor - Shutting down ExecutorService 'applicationTaskExecutor'
2020-03-28 15:24:08.202 [main] INFO  org.apache.coyote.http11.Http11NioProtocol - Stopping ProtocolHandler ["http-nio-8080"]
2020-03-28 15:24:08.469 [main] INFO  org.apache.coyote.http11.Http11NioProtocol - Destroying ProtocolHandler ["http-nio-8080"]
2020-03-28 15:24:10.104 [main] INFO  o.s.b.a.l.ConditionEvaluationReportLoggingListener - 

Error starting ApplicationContext. To display the conditions report re-run your application with 'debug' enabled.
2020-03-28 15:24:10.829 [main] ERROR o.s.b.diagnostics.LoggingFailureAnalysisReporter - 

***************************
APPLICATION FAILED TO START
***************************

Description:

Web server failed to start. Port 8080 was already in use.

Action:

Identify and stop the process that's listening on port 8080 or configure this application to listen on another port.

2020-03-28 15:24:11.514 [main] INFO  o.s.scheduling.concurrent.ThreadPoolTaskExecutor - Shutting down ExecutorService 'applicationTaskExecutor'
2020-03-28 15:24:11.775 [main] INFO  org.apache.coyote.http11.Http11NioProtocol - Pausing ProtocolHandler ["http-nio-8080"]
2020-03-28 15:24:11.777 [main] INFO  org.apache.catalina.core.StandardService - Stopping service [Tomcat]
2020-03-28 15:24:12.657 [main] INFO  org.apache.coyote.http11.Http11NioProtocol - Stopping ProtocolHandler ["http-nio-8080"]
2020-03-28 15:24:12.992 [main] INFO  org.apache.coyote.http11.Http11NioProtocol - Destroying ProtocolHandler ["http-nio-8080"]
2020-03-28 15:24:13.072 [main] INFO  o.s.b.a.l.ConditionEvaluationReportLoggingListener - 

Error starting ApplicationContext. To display the conditions report re-run your application with 'debug' enabled.
2020-03-28 15:24:13.395 [main] ERROR o.s.b.diagnostics.LoggingFailureAnalysisReporter - 

***************************
APPLICATION FAILED TO START
***************************

Description:

Web server failed to start. Port 8080 was already in use.

Action:

Identify and stop the process that's listening on port 8080 or configure this application to listen on another port.

2020-03-28 15:24:14.063 [main] INFO  o.s.scheduling.concurrent.ThreadPoolTaskExecutor - Shutting down ExecutorService 'applicationTaskExecutor'
