2020-03-28 17:17:55.342 [main] INFO  cn.qianshu.pingfen.PingfenApplication - Starting PingfenApplication on yu-PC with PID 1052 (C:\Users\Administrator\Desktop\pingfen\target\classes started by Administrator in C:\Users\Administrator\Desktop\pingfen)
2020-03-28 17:17:55.347 [main] INFO  cn.qianshu.pingfen.PingfenApplication - No active profile set, falling back to default profiles: default
2020-03-28 17:17:56.742 [main] INFO  o.s.boot.web.embedded.tomcat.TomcatWebServer - Tomcat initialized with port(s): 8080 (http)
2020-03-28 17:17:56.753 [main] INFO  org.apache.coyote.http11.Http11NioProtocol - Initializing ProtocolHandler ["http-nio-8080"]
2020-03-28 17:17:56.754 [main] INFO  org.apache.catalina.core.StandardService - Starting service [Tomcat]
2020-03-28 17:17:56.755 [main] INFO  org.apache.catalina.core.StandardEngine - Starting Servlet engine: [Apache Tomcat/9.0.29]
2020-03-28 17:17:56.842 [main] INFO  o.a.c.core.ContainerBase.[Tomcat].[localhost].[/] - Initializing Spring embedded WebApplicationContext
2020-03-28 17:17:56.842 [main] INFO  org.springframework.web.context.ContextLoader - Root WebApplicationContext: initialization completed in 1443 ms
2020-03-28 17:17:57.138 [main] WARN  c.q.pingfen.config.VFilterSecurityInterceptor - Could not validate configuration attributes as the SecurityMetadataSource did not return any attributes from getAllConfigAttributes()
2020-03-28 17:17:57.145 [main] WARN  c.q.pingfen.config.VFilterSecurityInterceptor - Could not validate configuration attributes as the SecurityMetadataSource did not return any attributes from getAllConfigAttributes()
2020-03-28 17:17:57.390 [main] INFO  o.s.security.web.DefaultSecurityFilterChain - Creating filter chain: Ant [pattern='/css/**'], []
2020-03-28 17:17:57.425 [main] INFO  o.s.security.web.DefaultSecurityFilterChain - Creating filter chain: any request, [org.springframework.security.web.context.request.async.WebAsyncManagerIntegrationFilter@4417af13, org.springframework.security.web.context.SecurityContextPersistenceFilter@7c29adc8, org.springframework.security.web.header.HeaderWriterFilter@213c3543, org.springframework.security.web.authentication.logout.LogoutFilter@7c9bdee9, org.springframework.security.web.authentication.UsernamePasswordAuthenticationFilter@756b58a7, org.springframework.security.web.savedrequest.RequestCacheAwareFilter@4bbb49b0, org.springframework.security.web.servletapi.SecurityContextHolderAwareRequestFilter@eb507b9, org.springframework.security.web.authentication.AnonymousAuthenticationFilter@d48673, org.springframework.security.web.session.SessionManagementFilter@670ce331, org.springframework.security.web.access.ExceptionTranslationFilter@3d6a6bee, org.springframework.security.web.access.intercept.FilterSecurityInterceptor@1460c81d]
2020-03-28 17:17:57.662 [main] INFO  o.s.scheduling.concurrent.ThreadPoolTaskExecutor - Initializing ExecutorService 'applicationTaskExecutor'
2020-03-28 17:17:57.737 [main] INFO  o.s.b.a.web.servlet.WelcomePageHandlerMapping - Adding welcome page template: index
2020-03-28 17:17:57.892 [main] INFO  org.apache.coyote.http11.Http11NioProtocol - Starting ProtocolHandler ["http-nio-8080"]
2020-03-28 17:17:57.919 [main] INFO  o.s.boot.web.embedded.tomcat.TomcatWebServer - Tomcat started on port(s): 8080 (http) with context path ''
2020-03-28 17:17:57.924 [main] INFO  cn.qianshu.pingfen.PingfenApplication - Started PingfenApplication in 3.14 seconds (JVM running for 3.777)
2020-03-28 17:17:57.994 [http-nio-8080-exec-1] INFO  o.a.c.core.ContainerBase.[Tomcat].[localhost].[/] - Initializing Spring DispatcherServlet 'dispatcherServlet'
2020-03-28 17:17:57.995 [http-nio-8080-exec-1] INFO  org.springframework.web.servlet.DispatcherServlet - Initializing Servlet 'dispatcherServlet'
2020-03-28 17:17:58.003 [http-nio-8080-exec-1] INFO  org.springframework.web.servlet.DispatcherServlet - Completed initialization in 8 ms
2020-03-28 17:17:58.047 [http-nio-8080-exec-1] INFO  c.q.p.c.VFilterInvocationSecurityMetadataSource - VFilterInvocationSecurityMetadataSource getAttributes [requestUrl=/login]
2020-03-28 17:17:58.049 [http-nio-8080-exec-1] INFO  c.q.p.c.VFilterInvocationSecurityMetadataSource - VFilterInvocationSecurityMetadataSource getAttributes [requestUrl=/login]
2020-03-28 17:17:58.258 [http-nio-8080-exec-2] INFO  c.q.p.c.VFilterInvocationSecurityMetadataSource - VFilterInvocationSecurityMetadataSource getAttributes [requestUrl=/vue/index.css]
2020-03-28 17:17:58.260 [http-nio-8080-exec-3] INFO  c.q.p.c.VFilterInvocationSecurityMetadataSource - VFilterInvocationSecurityMetadataSource getAttributes [requestUrl=/vue/login.css]
2020-03-28 17:17:58.262 [http-nio-8080-exec-4] INFO  c.q.p.c.VFilterInvocationSecurityMetadataSource - VFilterInvocationSecurityMetadataSource getAttributes [requestUrl=/vue/vue.js]
2020-03-28 17:17:58.263 [http-nio-8080-exec-5] INFO  c.q.p.c.VFilterInvocationSecurityMetadataSource - VFilterInvocationSecurityMetadataSource getAttributes [requestUrl=/vue/index.js]
2020-03-28 17:17:58.265 [http-nio-8080-exec-6] INFO  c.q.p.c.VFilterInvocationSecurityMetadataSource - VFilterInvocationSecurityMetadataSource getAttributes [requestUrl=/vue/axios.min.js]
2020-03-28 17:17:58.267 [http-nio-8080-exec-7] INFO  c.q.p.c.VFilterInvocationSecurityMetadataSource - VFilterInvocationSecurityMetadataSource getAttributes [requestUrl=/vue/login.js]
2020-03-28 17:17:58.285 [http-nio-8080-exec-6] INFO  com.zaxxer.hikari.HikariDataSource - HikariPool-1 - Starting...
2020-03-28 17:17:58.520 [http-nio-8080-exec-6] INFO  com.zaxxer.hikari.HikariDataSource - HikariPool-1 - Start completed.
2020-03-28 17:17:58.531 [http-nio-8080-exec-3] DEBUG c.q.p.dao.SRoleDao.findSRoleListBySPermissionUrl - ==>  Preparing: SELECT sr.* FROM s_role sr LEFT JOIN s_role_permission srp ON sr.id = srp.fk_role_id LEFT JOIN s_permission sp ON srp.fk_permission_id = sp.id WHERE sp.url = ? 
2020-03-28 17:17:58.531 [http-nio-8080-exec-2] DEBUG c.q.p.dao.SRoleDao.findSRoleListBySPermissionUrl - ==>  Preparing: SELECT sr.* FROM s_role sr LEFT JOIN s_role_permission srp ON sr.id = srp.fk_role_id LEFT JOIN s_permission sp ON srp.fk_permission_id = sp.id WHERE sp.url = ? 
2020-03-28 17:17:58.557 [http-nio-8080-exec-5] DEBUG c.q.p.dao.SRoleDao.findSRoleListBySPermissionUrl - ==>  Preparing: SELECT sr.* FROM s_role sr LEFT JOIN s_role_permission srp ON sr.id = srp.fk_role_id LEFT JOIN s_permission sp ON srp.fk_permission_id = sp.id WHERE sp.url = ? 
2020-03-28 17:17:58.562 [http-nio-8080-exec-5] DEBUG c.q.p.dao.SRoleDao.findSRoleListBySPermissionUrl - ==> Parameters: /vue/index.js(String)
2020-03-28 17:17:58.562 [http-nio-8080-exec-3] DEBUG c.q.p.dao.SRoleDao.findSRoleListBySPermissionUrl - ==> Parameters: /vue/login.css(String)
2020-03-28 17:17:58.562 [http-nio-8080-exec-2] DEBUG c.q.p.dao.SRoleDao.findSRoleListBySPermissionUrl - ==> Parameters: /vue/index.css(String)
2020-03-28 17:17:58.570 [http-nio-8080-exec-4] DEBUG c.q.p.dao.SRoleDao.findSRoleListBySPermissionUrl - ==>  Preparing: SELECT sr.* FROM s_role sr LEFT JOIN s_role_permission srp ON sr.id = srp.fk_role_id LEFT JOIN s_permission sp ON srp.fk_permission_id = sp.id WHERE sp.url = ? 
2020-03-28 17:17:58.572 [http-nio-8080-exec-4] DEBUG c.q.p.dao.SRoleDao.findSRoleListBySPermissionUrl - ==> Parameters: /vue/vue.js(String)
2020-03-28 17:17:58.590 [http-nio-8080-exec-6] DEBUG c.q.p.dao.SRoleDao.findSRoleListBySPermissionUrl - ==>  Preparing: SELECT sr.* FROM s_role sr LEFT JOIN s_role_permission srp ON sr.id = srp.fk_role_id LEFT JOIN s_permission sp ON srp.fk_permission_id = sp.id WHERE sp.url = ? 
2020-03-28 17:17:58.592 [http-nio-8080-exec-6] DEBUG c.q.p.dao.SRoleDao.findSRoleListBySPermissionUrl - ==> Parameters: /vue/axios.min.js(String)
2020-03-28 17:17:58.600 [http-nio-8080-exec-7] DEBUG c.q.p.dao.SRoleDao.findSRoleListBySPermissionUrl - ==>  Preparing: SELECT sr.* FROM s_role sr LEFT JOIN s_role_permission srp ON sr.id = srp.fk_role_id LEFT JOIN s_permission sp ON srp.fk_permission_id = sp.id WHERE sp.url = ? 
2020-03-28 17:17:58.601 [http-nio-8080-exec-7] DEBUG c.q.p.dao.SRoleDao.findSRoleListBySPermissionUrl - ==> Parameters: /vue/login.js(String)
2020-03-28 17:17:58.607 [http-nio-8080-exec-6] DEBUG c.q.p.dao.SRoleDao.findSRoleListBySPermissionUrl - <==      Total: 0
2020-03-28 17:17:58.607 [http-nio-8080-exec-3] DEBUG c.q.p.dao.SRoleDao.findSRoleListBySPermissionUrl - <==      Total: 0
2020-03-28 17:17:58.607 [http-nio-8080-exec-5] DEBUG c.q.p.dao.SRoleDao.findSRoleListBySPermissionUrl - <==      Total: 0
2020-03-28 17:17:58.607 [http-nio-8080-exec-2] DEBUG c.q.p.dao.SRoleDao.findSRoleListBySPermissionUrl - <==      Total: 0
2020-03-28 17:17:58.607 [http-nio-8080-exec-4] DEBUG c.q.p.dao.SRoleDao.findSRoleListBySPermissionUrl - <==      Total: 0
2020-03-28 17:17:58.607 [http-nio-8080-exec-7] DEBUG c.q.p.dao.SRoleDao.findSRoleListBySPermissionUrl - <==      Total: 0
2020-03-28 17:17:58.619 [http-nio-8080-exec-3] INFO  c.q.p.c.VFilterInvocationSecurityMetadataSource - VFilterInvocationSecurityMetadataSource getAttributes [sRoleList=[]]
2020-03-28 17:17:58.619 [http-nio-8080-exec-4] INFO  c.q.p.c.VFilterInvocationSecurityMetadataSource - VFilterInvocationSecurityMetadataSource getAttributes [sRoleList=[]]
2020-03-28 17:17:58.619 [http-nio-8080-exec-7] INFO  c.q.p.c.VFilterInvocationSecurityMetadataSource - VFilterInvocationSecurityMetadataSource getAttributes [sRoleList=[]]
2020-03-28 17:17:58.619 [http-nio-8080-exec-6] INFO  c.q.p.c.VFilterInvocationSecurityMetadataSource - VFilterInvocationSecurityMetadataSource getAttributes [sRoleList=[]]
2020-03-28 17:17:58.619 [http-nio-8080-exec-2] INFO  c.q.p.c.VFilterInvocationSecurityMetadataSource - VFilterInvocationSecurityMetadataSource getAttributes [sRoleList=[]]
2020-03-28 17:17:58.621 [http-nio-8080-exec-2] DEBUG c.q.p.d.S.findSPermissionListBySPermissionUrl - ==>  Preparing: SELECT * FROM s_permission sp WHERE sp.url = ? 
2020-03-28 17:17:58.622 [http-nio-8080-exec-4] DEBUG c.q.p.d.S.findSPermissionListBySPermissionUrl - ==>  Preparing: SELECT * FROM s_permission sp WHERE sp.url = ? 
2020-03-28 17:17:58.619 [http-nio-8080-exec-5] INFO  c.q.p.c.VFilterInvocationSecurityMetadataSource - VFilterInvocationSecurityMetadataSource getAttributes [sRoleList=[]]
2020-03-28 17:17:58.623 [http-nio-8080-exec-2] DEBUG c.q.p.d.S.findSPermissionListBySPermissionUrl - ==> Parameters: /vue/index.css(String)
2020-03-28 17:17:58.623 [http-nio-8080-exec-4] DEBUG c.q.p.d.S.findSPermissionListBySPermissionUrl - ==> Parameters: /vue/vue.js(String)
2020-03-28 17:17:58.624 [http-nio-8080-exec-5] DEBUG c.q.p.d.S.findSPermissionListBySPermissionUrl - ==>  Preparing: SELECT * FROM s_permission sp WHERE sp.url = ? 
2020-03-28 17:17:58.624 [http-nio-8080-exec-3] DEBUG c.q.p.d.S.findSPermissionListBySPermissionUrl - ==>  Preparing: SELECT * FROM s_permission sp WHERE sp.url = ? 
2020-03-28 17:17:58.625 [http-nio-8080-exec-3] DEBUG c.q.p.d.S.findSPermissionListBySPermissionUrl - ==> Parameters: /vue/login.css(String)
2020-03-28 17:17:58.626 [http-nio-8080-exec-5] DEBUG c.q.p.d.S.findSPermissionListBySPermissionUrl - ==> Parameters: /vue/index.js(String)
2020-03-28 17:17:58.626 [http-nio-8080-exec-2] DEBUG c.q.p.d.S.findSPermissionListBySPermissionUrl - <==      Total: 0
2020-03-28 17:17:58.627 [http-nio-8080-exec-2] INFO  c.q.p.c.VFilterInvocationSecurityMetadataSource - VFilterInvocationSecurityMetadataSource getAttributes [sPermissionList=[]]
2020-03-28 17:17:58.627 [http-nio-8080-exec-7] DEBUG c.q.p.d.S.findSPermissionListBySPermissionUrl - ==>  Preparing: SELECT * FROM s_permission sp WHERE sp.url = ? 
2020-03-28 17:17:58.628 [http-nio-8080-exec-3] DEBUG c.q.p.d.S.findSPermissionListBySPermissionUrl - <==      Total: 0
2020-03-28 17:17:58.628 [http-nio-8080-exec-2] INFO  c.q.p.c.VFilterInvocationSecurityMetadataSource - VFilterInvocationSecurityMetadataSource getAttributes [requestUrl=/vue/index.css]
2020-03-28 17:17:58.628 [http-nio-8080-exec-7] DEBUG c.q.p.d.S.findSPermissionListBySPermissionUrl - ==> Parameters: /vue/login.js(String)
2020-03-28 17:17:58.629 [http-nio-8080-exec-3] INFO  c.q.p.c.VFilterInvocationSecurityMetadataSource - VFilterInvocationSecurityMetadataSource getAttributes [sPermissionList=[]]
2020-03-28 17:17:58.629 [http-nio-8080-exec-4] DEBUG c.q.p.d.S.findSPermissionListBySPermissionUrl - <==      Total: 0
2020-03-28 17:17:58.629 [http-nio-8080-exec-6] DEBUG c.q.p.d.S.findSPermissionListBySPermissionUrl - ==>  Preparing: SELECT * FROM s_permission sp WHERE sp.url = ? 
2020-03-28 17:17:58.629 [http-nio-8080-exec-3] INFO  c.q.p.c.VFilterInvocationSecurityMetadataSource - VFilterInvocationSecurityMetadataSource getAttributes [requestUrl=/vue/login.css]
2020-03-28 17:17:58.630 [http-nio-8080-exec-4] INFO  c.q.p.c.VFilterInvocationSecurityMetadataSource - VFilterInvocationSecurityMetadataSource getAttributes [sPermissionList=[]]
2020-03-28 17:17:58.630 [http-nio-8080-exec-6] DEBUG c.q.p.d.S.findSPermissionListBySPermissionUrl - ==> Parameters: /vue/axios.min.js(String)
2020-03-28 17:17:58.630 [http-nio-8080-exec-3] DEBUG c.q.p.dao.SRoleDao.findSRoleListBySPermissionUrl - ==>  Preparing: SELECT sr.* FROM s_role sr LEFT JOIN s_role_permission srp ON sr.id = srp.fk_role_id LEFT JOIN s_permission sp ON srp.fk_permission_id = sp.id WHERE sp.url = ? 
2020-03-28 17:17:58.630 [http-nio-8080-exec-4] INFO  c.q.p.c.VFilterInvocationSecurityMetadataSource - VFilterInvocationSecurityMetadataSource getAttributes [requestUrl=/vue/vue.js]
2020-03-28 17:17:58.629 [http-nio-8080-exec-2] DEBUG c.q.p.dao.SRoleDao.findSRoleListBySPermissionUrl - ==>  Preparing: SELECT sr.* FROM s_role sr LEFT JOIN s_role_permission srp ON sr.id = srp.fk_role_id LEFT JOIN s_permission sp ON srp.fk_permission_id = sp.id WHERE sp.url = ? 
2020-03-28 17:17:58.631 [http-nio-8080-exec-5] DEBUG c.q.p.d.S.findSPermissionListBySPermissionUrl - <==      Total: 0
2020-03-28 17:17:58.631 [http-nio-8080-exec-4] DEBUG c.q.p.dao.SRoleDao.findSRoleListBySPermissionUrl - ==>  Preparing: SELECT sr.* FROM s_role sr LEFT JOIN s_role_permission srp ON sr.id = srp.fk_role_id LEFT JOIN s_permission sp ON srp.fk_permission_id = sp.id WHERE sp.url = ? 
2020-03-28 17:17:58.631 [http-nio-8080-exec-3] DEBUG c.q.p.dao.SRoleDao.findSRoleListBySPermissionUrl - ==> Parameters: /vue/login.css(String)
2020-03-28 17:17:58.632 [http-nio-8080-exec-4] DEBUG c.q.p.dao.SRoleDao.findSRoleListBySPermissionUrl - ==> Parameters: /vue/vue.js(String)
2020-03-28 17:17:58.632 [http-nio-8080-exec-6] DEBUG c.q.p.d.S.findSPermissionListBySPermissionUrl - <==      Total: 0
2020-03-28 17:17:58.632 [http-nio-8080-exec-5] INFO  c.q.p.c.VFilterInvocationSecurityMetadataSource - VFilterInvocationSecurityMetadataSource getAttributes [sPermissionList=[]]
2020-03-28 17:17:58.632 [http-nio-8080-exec-2] DEBUG c.q.p.dao.SRoleDao.findSRoleListBySPermissionUrl - ==> Parameters: /vue/index.css(String)
2020-03-28 17:17:58.634 [http-nio-8080-exec-7] DEBUG c.q.p.d.S.findSPermissionListBySPermissionUrl - <==      Total: 0
2020-03-28 17:17:58.635 [http-nio-8080-exec-7] INFO  c.q.p.c.VFilterInvocationSecurityMetadataSource - VFilterInvocationSecurityMetadataSource getAttributes [sPermissionList=[]]
2020-03-28 17:17:58.635 [http-nio-8080-exec-3] DEBUG c.q.p.dao.SRoleDao.findSRoleListBySPermissionUrl - <==      Total: 0
2020-03-28 17:17:58.636 [http-nio-8080-exec-7] INFO  c.q.p.c.VFilterInvocationSecurityMetadataSource - VFilterInvocationSecurityMetadataSource getAttributes [requestUrl=/vue/login.js]
2020-03-28 17:17:58.636 [http-nio-8080-exec-5] INFO  c.q.p.c.VFilterInvocationSecurityMetadataSource - VFilterInvocationSecurityMetadataSource getAttributes [requestUrl=/vue/index.js]
2020-03-28 17:17:58.638 [http-nio-8080-exec-7] DEBUG c.q.p.dao.SRoleDao.findSRoleListBySPermissionUrl - ==>  Preparing: SELECT sr.* FROM s_role sr LEFT JOIN s_role_permission srp ON sr.id = srp.fk_role_id LEFT JOIN s_permission sp ON srp.fk_permission_id = sp.id WHERE sp.url = ? 
2020-03-28 17:17:58.639 [http-nio-8080-exec-7] DEBUG c.q.p.dao.SRoleDao.findSRoleListBySPermissionUrl - ==> Parameters: /vue/login.js(String)
2020-03-28 17:17:58.639 [http-nio-8080-exec-5] DEBUG c.q.p.dao.SRoleDao.findSRoleListBySPermissionUrl - ==>  Preparing: SELECT sr.* FROM s_role sr LEFT JOIN s_role_permission srp ON sr.id = srp.fk_role_id LEFT JOIN s_permission sp ON srp.fk_permission_id = sp.id WHERE sp.url = ? 
2020-03-28 17:17:58.640 [http-nio-8080-exec-2] DEBUG c.q.p.dao.SRoleDao.findSRoleListBySPermissionUrl - <==      Total: 0
2020-03-28 17:17:58.643 [http-nio-8080-exec-2] INFO  c.q.p.c.VFilterInvocationSecurityMetadataSource - VFilterInvocationSecurityMetadataSource getAttributes [sRoleList=[]]
2020-03-28 17:17:58.644 [http-nio-8080-exec-3] INFO  c.q.p.c.VFilterInvocationSecurityMetadataSource - VFilterInvocationSecurityMetadataSource getAttributes [sRoleList=[]]
2020-03-28 17:17:58.645 [http-nio-8080-exec-2] DEBUG c.q.p.d.S.findSPermissionListBySPermissionUrl - ==>  Preparing: SELECT * FROM s_permission sp WHERE sp.url = ? 
2020-03-28 17:17:58.645 [http-nio-8080-exec-3] DEBUG c.q.p.d.S.findSPermissionListBySPermissionUrl - ==>  Preparing: SELECT * FROM s_permission sp WHERE sp.url = ? 
2020-03-28 17:17:58.646 [http-nio-8080-exec-5] DEBUG c.q.p.dao.SRoleDao.findSRoleListBySPermissionUrl - ==> Parameters: /vue/index.js(String)
2020-03-28 17:17:58.646 [http-nio-8080-exec-2] DEBUG c.q.p.d.S.findSPermissionListBySPermissionUrl - ==> Parameters: /vue/index.css(String)
2020-03-28 17:17:58.646 [http-nio-8080-exec-3] DEBUG c.q.p.d.S.findSPermissionListBySPermissionUrl - ==> Parameters: /vue/login.css(String)
2020-03-28 17:17:58.648 [http-nio-8080-exec-6] INFO  c.q.p.c.VFilterInvocationSecurityMetadataSource - VFilterInvocationSecurityMetadataSource getAttributes [sPermissionList=[]]
2020-03-28 17:17:58.649 [http-nio-8080-exec-6] INFO  c.q.p.c.VFilterInvocationSecurityMetadataSource - VFilterInvocationSecurityMetadataSource getAttributes [requestUrl=/vue/axios.min.js]
2020-03-28 17:17:58.649 [http-nio-8080-exec-6] DEBUG c.q.p.dao.SRoleDao.findSRoleListBySPermissionUrl - ==>  Preparing: SELECT sr.* FROM s_role sr LEFT JOIN s_role_permission srp ON sr.id = srp.fk_role_id LEFT JOIN s_permission sp ON srp.fk_permission_id = sp.id WHERE sp.url = ? 
2020-03-28 17:17:58.650 [http-nio-8080-exec-6] DEBUG c.q.p.dao.SRoleDao.findSRoleListBySPermissionUrl - ==> Parameters: /vue/axios.min.js(String)
2020-03-28 17:17:58.653 [http-nio-8080-exec-5] DEBUG c.q.p.dao.SRoleDao.findSRoleListBySPermissionUrl - <==      Total: 0
2020-03-28 17:17:58.654 [http-nio-8080-exec-5] INFO  c.q.p.c.VFilterInvocationSecurityMetadataSource - VFilterInvocationSecurityMetadataSource getAttributes [sRoleList=[]]
2020-03-28 17:17:58.655 [http-nio-8080-exec-5] DEBUG c.q.p.d.S.findSPermissionListBySPermissionUrl - ==>  Preparing: SELECT * FROM s_permission sp WHERE sp.url = ? 
2020-03-28 17:17:58.655 [http-nio-8080-exec-2] DEBUG c.q.p.d.S.findSPermissionListBySPermissionUrl - <==      Total: 0
2020-03-28 17:17:58.655 [http-nio-8080-exec-5] DEBUG c.q.p.d.S.findSPermissionListBySPermissionUrl - ==> Parameters: /vue/index.js(String)
2020-03-28 17:17:58.656 [http-nio-8080-exec-2] INFO  c.q.p.c.VFilterInvocationSecurityMetadataSource - VFilterInvocationSecurityMetadataSource getAttributes [sPermissionList=[]]
2020-03-28 17:17:58.658 [http-nio-8080-exec-5] DEBUG c.q.p.d.S.findSPermissionListBySPermissionUrl - <==      Total: 0
2020-03-28 17:17:58.660 [http-nio-8080-exec-5] INFO  c.q.p.c.VFilterInvocationSecurityMetadataSource - VFilterInvocationSecurityMetadataSource getAttributes [sPermissionList=[]]
2020-03-28 17:17:58.661 [http-nio-8080-exec-4] DEBUG c.q.p.dao.SRoleDao.findSRoleListBySPermissionUrl - <==      Total: 0
2020-03-28 17:17:58.667 [http-nio-8080-exec-7] DEBUG c.q.p.dao.SRoleDao.findSRoleListBySPermissionUrl - <==      Total: 0
2020-03-28 17:17:58.668 [http-nio-8080-exec-4] INFO  c.q.p.c.VFilterInvocationSecurityMetadataSource - VFilterInvocationSecurityMetadataSource getAttributes [sRoleList=[]]
2020-03-28 17:17:58.668 [http-nio-8080-exec-7] INFO  c.q.p.c.VFilterInvocationSecurityMetadataSource - VFilterInvocationSecurityMetadataSource getAttributes [sRoleList=[]]
2020-03-28 17:17:58.669 [http-nio-8080-exec-4] DEBUG c.q.p.d.S.findSPermissionListBySPermissionUrl - ==>  Preparing: SELECT * FROM s_permission sp WHERE sp.url = ? 
2020-03-28 17:17:58.669 [http-nio-8080-exec-3] DEBUG c.q.p.d.S.findSPermissionListBySPermissionUrl - <==      Total: 0
2020-03-28 17:17:58.669 [http-nio-8080-exec-7] DEBUG c.q.p.d.S.findSPermissionListBySPermissionUrl - ==>  Preparing: SELECT * FROM s_permission sp WHERE sp.url = ? 
2020-03-28 17:17:58.669 [http-nio-8080-exec-4] DEBUG c.q.p.d.S.findSPermissionListBySPermissionUrl - ==> Parameters: /vue/vue.js(String)
2020-03-28 17:17:58.669 [http-nio-8080-exec-3] INFO  c.q.p.c.VFilterInvocationSecurityMetadataSource - VFilterInvocationSecurityMetadataSource getAttributes [sPermissionList=[]]
2020-03-28 17:17:58.670 [http-nio-8080-exec-7] DEBUG c.q.p.d.S.findSPermissionListBySPermissionUrl - ==> Parameters: /vue/login.js(String)
2020-03-28 17:17:58.674 [http-nio-8080-exec-7] DEBUG c.q.p.d.S.findSPermissionListBySPermissionUrl - <==      Total: 0
2020-03-28 17:17:58.674 [http-nio-8080-exec-4] DEBUG c.q.p.d.S.findSPermissionListBySPermissionUrl - <==      Total: 0
2020-03-28 17:17:58.675 [http-nio-8080-exec-4] INFO  c.q.p.c.VFilterInvocationSecurityMetadataSource - VFilterInvocationSecurityMetadataSource getAttributes [sPermissionList=[]]
2020-03-28 17:17:58.675 [http-nio-8080-exec-7] INFO  c.q.p.c.VFilterInvocationSecurityMetadataSource - VFilterInvocationSecurityMetadataSource getAttributes [sPermissionList=[]]
2020-03-28 17:17:58.680 [http-nio-8080-exec-6] DEBUG c.q.p.dao.SRoleDao.findSRoleListBySPermissionUrl - <==      Total: 0
2020-03-28 17:17:58.682 [http-nio-8080-exec-6] INFO  c.q.p.c.VFilterInvocationSecurityMetadataSource - VFilterInvocationSecurityMetadataSource getAttributes [sRoleList=[]]
2020-03-28 17:17:58.683 [http-nio-8080-exec-6] DEBUG c.q.p.d.S.findSPermissionListBySPermissionUrl - ==>  Preparing: SELECT * FROM s_permission sp WHERE sp.url = ? 
2020-03-28 17:17:58.684 [http-nio-8080-exec-6] DEBUG c.q.p.d.S.findSPermissionListBySPermissionUrl - ==> Parameters: /vue/axios.min.js(String)
2020-03-28 17:17:58.692 [http-nio-8080-exec-6] DEBUG c.q.p.d.S.findSPermissionListBySPermissionUrl - <==      Total: 0
2020-03-28 17:17:58.693 [http-nio-8080-exec-6] INFO  c.q.p.c.VFilterInvocationSecurityMetadataSource - VFilterInvocationSecurityMetadataSource getAttributes [sPermissionList=[]]
2020-03-28 17:18:06.829 [http-nio-8080-exec-8] INFO  cn.qianshu.pingfen.config.VAuthenticationProvider - VAuthenticationProvider authenticate login user [username=10022, password=123456]
2020-03-28 17:18:06.832 [http-nio-8080-exec-8] DEBUG cn.qianshu.pingfen.dao.SUserDao.findSUserByName - ==>  Preparing: SELECT su.* FROM s_user su WHERE su.account = ? 
2020-03-28 17:18:06.833 [http-nio-8080-exec-8] DEBUG cn.qianshu.pingfen.dao.SUserDao.findSUserByName - ==> Parameters: 10022(String)
2020-03-28 17:18:06.840 [http-nio-8080-exec-8] DEBUG cn.qianshu.pingfen.dao.SUserDao.findSUserByName - <==      Total: 1
2020-03-28 17:18:06.841 [http-nio-8080-exec-8] DEBUG c.q.pingfen.dao.SRoleDao.findSRoleListBySUserId - ==>  Preparing: SELECT sr.* FROM s_role sr LEFT JOIN s_user_role sur ON sr.id = sur.fk_role_id LEFT JOIN s_user su ON sur.fk_user_id = su.id WHERE su.id = ? 
2020-03-28 17:18:06.842 [http-nio-8080-exec-8] DEBUG c.q.pingfen.dao.SRoleDao.findSRoleListBySUserId - ==> Parameters: 2(Integer)
2020-03-28 17:18:06.846 [http-nio-8080-exec-8] DEBUG c.q.pingfen.dao.SRoleDao.findSRoleListBySUserId - <==      Total: 1
2020-03-28 17:18:06.847 [http-nio-8080-exec-8] DEBUG c.q.p.d.S.findSPermissionListBySUserId - ==>  Preparing: SELECT * FROM s_permission sp LEFT JOIN s_role_permission srp ON sp.id = srp.fk_permission_id LEFT JOIN s_role sr ON srp.fk_role_id = sr.id LEFT JOIN s_user_role sur ON sr.id = sur.fk_role_id LEFT JOIN s_user su ON sur.fk_user_id = su.id WHERE su.id = ? 
2020-03-28 17:18:06.848 [http-nio-8080-exec-8] DEBUG c.q.p.d.S.findSPermissionListBySUserId - ==> Parameters: 2(Integer)
2020-03-28 17:18:06.854 [http-nio-8080-exec-8] DEBUG c.q.p.d.S.findSPermissionListBySUserId - <==      Total: 2
2020-03-28 17:18:06.868 [http-nio-8080-exec-8] INFO  cn.qianshu.pingfen.config.VAuthenticationProvider - VAuthenticationProvider authenticate vUserDetails [vUserDetails={"gson":{"calls":{"threadLocalHashCode":-317435419},"typeTokenCache":{},"constructorConstructor":{"instanceCreators":{},"accessor":{}},"jsonAdapterFactory":{"constructorConstructor":{"instanceCreators":{},"accessor":{}}},"factories":[null,null,{"version":-1.0,"modifiers":136,"serializeInnerClasses":true,"requireExpose":false,"serializationStrategies":[],"deserializationStrategies":[]},null,null,null,null,null,null,null,null,null,null,null,null,null,null,null,null,null,null,null,null,null,null,null,null,null,null,null,null,null,null,null,null,null,{"constructorConstructor":{"instanceCreators":{},"accessor":{}}},{"constructorConstructor":{"instanceCreators":{},"accessor":{}},"complexMapKeySerialization":false},{"constructorConstructor":{"instanceCreators":{},"accessor":{}}},null,{"constructorConstructor":{"instanceCreators":{},"accessor":{}},"fieldNamingPolicy":"IDENTITY","excluder":{"version":-1.0,"modifiers":136,"serializeInnerClasses":true,"requireExpose":false,"serializationStrategies":[],"deserializationStrategies":[]},"jsonAdapterFactory":{"constructorConstructor":{"instanceCreators":{},"accessor":{}}},"accessor":{}}],"excluder":{"version":-1.0,"modifiers":136,"serializeInnerClasses":true,"requireExpose":false,"serializationStrategies":[],"deserializationStrategies":[]},"fieldNamingStrategy":"IDENTITY","instanceCreators":{},"serializeNulls":false,"complexMapKeySerialization":false,"generateNonExecutableJson":false,"htmlSafe":true,"prettyPrinting":false,"lenient":false,"serializeSpecialFloatingPointValues":false,"dateStyle":2,"timeStyle":2,"longSerializationPolicy":"DEFAULT","builderFactories":[],"builderHierarchyFactories":[]},"logger":{"name":"cn.qianshu.pingfen.entity.VUserDetails"},"sRoleList":[{"id":2,"role":"R_HELLO","describe":"说hello相关的权限"}],"sPermissionList":[{"id":1,"permission":"P_INDEX","url":"/index","describe":"index页面资源"},{"id":3,"permission":"P_HELLO","url":"/hello","describe":"hello页面资源"}],"id":2,"name":"veiking","password":"$2a$10$D6WR4dcThfRCYGM7AXNHqup.V7URH6QISi4YFxYr1iAJeZf07ryQ2","account":"10022"}]
2020-03-28 17:18:06.999 [http-nio-8080-exec-8] INFO  cn.qianshu.pingfen.config.VAuthenticationProvider - 密码匹配结果：true
2020-03-28 17:18:07.126 [http-nio-8080-exec-8] INFO  cn.qianshu.pingfen.entity.VUserDetails - VUserDetails getAuthorities [authoritiesStr=R_HELLO,P_INDEX,P_HELLO 
2020-03-28 17:18:07.134 [http-nio-8080-exec-9] INFO  c.q.p.c.VFilterInvocationSecurityMetadataSource - VFilterInvocationSecurityMetadataSource getAttributes [requestUrl=/index]
2020-03-28 17:18:07.134 [http-nio-8080-exec-9] DEBUG c.q.p.dao.SRoleDao.findSRoleListBySPermissionUrl - ==>  Preparing: SELECT sr.* FROM s_role sr LEFT JOIN s_role_permission srp ON sr.id = srp.fk_role_id LEFT JOIN s_permission sp ON srp.fk_permission_id = sp.id WHERE sp.url = ? 
2020-03-28 17:18:07.135 [http-nio-8080-exec-9] DEBUG c.q.p.dao.SRoleDao.findSRoleListBySPermissionUrl - ==> Parameters: /index(String)
2020-03-28 17:18:07.138 [http-nio-8080-exec-9] DEBUG c.q.p.dao.SRoleDao.findSRoleListBySPermissionUrl - <==      Total: 3
2020-03-28 17:18:07.139 [http-nio-8080-exec-9] INFO  c.q.p.c.VFilterInvocationSecurityMetadataSource - VFilterInvocationSecurityMetadataSource getAttributes [sRoleList=[{"id":1,"role":"R_ADMIN","describe":"大总管，所有权限"},{"id":2,"role":"R_HELLO","describe":"说hello相关的权限"},{"id":3,"role":"R_USER","describe":"普通用户，评分"}]]
2020-03-28 17:18:07.139 [http-nio-8080-exec-9] DEBUG c.q.p.d.S.findSPermissionListBySPermissionUrl - ==>  Preparing: SELECT * FROM s_permission sp WHERE sp.url = ? 
2020-03-28 17:18:07.140 [http-nio-8080-exec-9] DEBUG c.q.p.d.S.findSPermissionListBySPermissionUrl - ==> Parameters: /index(String)
2020-03-28 17:18:07.142 [http-nio-8080-exec-9] DEBUG c.q.p.d.S.findSPermissionListBySPermissionUrl - <==      Total: 1
2020-03-28 17:18:07.143 [http-nio-8080-exec-9] INFO  c.q.p.c.VFilterInvocationSecurityMetadataSource - VFilterInvocationSecurityMetadataSource getAttributes [sPermissionList=[{"id":1,"permission":"P_INDEX","url":"/index","describe":"index页面资源"}]]
2020-03-28 17:18:07.144 [http-nio-8080-exec-9] INFO  c.q.p.c.VFilterInvocationSecurityMetadataSource - VFilterInvocationSecurityMetadataSource getAttributes [permissionArray=["R_ADMIN","R_HELLO","R_USER","P_INDEX"]]
2020-03-28 17:18:07.144 [http-nio-8080-exec-9] INFO  c.q.p.c.VFilterInvocationSecurityMetadataSource - VFilterInvocationSecurityMetadataSource getAttributes [requestUrl=/index]
2020-03-28 17:18:07.145 [http-nio-8080-exec-9] DEBUG c.q.p.dao.SRoleDao.findSRoleListBySPermissionUrl - ==>  Preparing: SELECT sr.* FROM s_role sr LEFT JOIN s_role_permission srp ON sr.id = srp.fk_role_id LEFT JOIN s_permission sp ON srp.fk_permission_id = sp.id WHERE sp.url = ? 
2020-03-28 17:18:07.145 [http-nio-8080-exec-9] DEBUG c.q.p.dao.SRoleDao.findSRoleListBySPermissionUrl - ==> Parameters: /index(String)
2020-03-28 17:18:07.148 [http-nio-8080-exec-9] DEBUG c.q.p.dao.SRoleDao.findSRoleListBySPermissionUrl - <==      Total: 3
2020-03-28 17:18:07.149 [http-nio-8080-exec-9] INFO  c.q.p.c.VFilterInvocationSecurityMetadataSource - VFilterInvocationSecurityMetadataSource getAttributes [sRoleList=[{"id":1,"role":"R_ADMIN","describe":"大总管，所有权限"},{"id":2,"role":"R_HELLO","describe":"说hello相关的权限"},{"id":3,"role":"R_USER","describe":"普通用户，评分"}]]
2020-03-28 17:18:07.149 [http-nio-8080-exec-9] DEBUG c.q.p.d.S.findSPermissionListBySPermissionUrl - ==>  Preparing: SELECT * FROM s_permission sp WHERE sp.url = ? 
2020-03-28 17:18:07.150 [http-nio-8080-exec-9] DEBUG c.q.p.d.S.findSPermissionListBySPermissionUrl - ==> Parameters: /index(String)
2020-03-28 17:18:07.152 [http-nio-8080-exec-9] DEBUG c.q.p.d.S.findSPermissionListBySPermissionUrl - <==      Total: 1
2020-03-28 17:18:07.152 [http-nio-8080-exec-9] INFO  c.q.p.c.VFilterInvocationSecurityMetadataSource - VFilterInvocationSecurityMetadataSource getAttributes [sPermissionList=[{"id":1,"permission":"P_INDEX","url":"/index","describe":"index页面资源"}]]
2020-03-28 17:18:07.153 [http-nio-8080-exec-9] INFO  c.q.p.c.VFilterInvocationSecurityMetadataSource - VFilterInvocationSecurityMetadataSource getAttributes [permissionArray=["R_ADMIN","R_HELLO","R_USER","P_INDEX"]]
2020-03-28 17:18:07.164 [http-nio-8080-exec-9] INFO  cn.qianshu.pingfen.controller.IndexController - index page
2020-03-28 17:18:07.442 [http-nio-8080-exec-10] INFO  c.q.p.c.VFilterInvocationSecurityMetadataSource - VFilterInvocationSecurityMetadataSource getAttributes [requestUrl=/]
2020-03-28 17:18:07.443 [http-nio-8080-exec-10] DEBUG c.q.p.dao.SRoleDao.findSRoleListBySPermissionUrl - ==>  Preparing: SELECT sr.* FROM s_role sr LEFT JOIN s_role_permission srp ON sr.id = srp.fk_role_id LEFT JOIN s_permission sp ON srp.fk_permission_id = sp.id WHERE sp.url = ? 
2020-03-28 17:18:07.444 [http-nio-8080-exec-10] DEBUG c.q.p.dao.SRoleDao.findSRoleListBySPermissionUrl - ==> Parameters: /(String)
2020-03-28 17:18:07.447 [http-nio-8080-exec-10] DEBUG c.q.p.dao.SRoleDao.findSRoleListBySPermissionUrl - <==      Total: 1
2020-03-28 17:18:07.448 [http-nio-8080-exec-10] INFO  c.q.p.c.VFilterInvocationSecurityMetadataSource - VFilterInvocationSecurityMetadataSource getAttributes [sRoleList=[{"id":3,"role":"R_USER","describe":"普通用户，评分"}]]
2020-03-28 17:18:07.449 [http-nio-8080-exec-10] DEBUG c.q.p.d.S.findSPermissionListBySPermissionUrl - ==>  Preparing: SELECT * FROM s_permission sp WHERE sp.url = ? 
2020-03-28 17:18:07.450 [http-nio-8080-exec-10] DEBUG c.q.p.d.S.findSPermissionListBySPermissionUrl - ==> Parameters: /(String)
2020-03-28 17:18:07.452 [http-nio-8080-exec-10] DEBUG c.q.p.d.S.findSPermissionListBySPermissionUrl - <==      Total: 1
2020-03-28 17:18:07.452 [http-nio-8080-exec-10] INFO  c.q.p.c.VFilterInvocationSecurityMetadataSource - VFilterInvocationSecurityMetadataSource getAttributes [sPermissionList=[{"id":4,"permission":"P_INDEX","url":"/","describe":"/index"}]]
2020-03-28 17:18:07.453 [http-nio-8080-exec-10] INFO  c.q.p.c.VFilterInvocationSecurityMetadataSource - VFilterInvocationSecurityMetadataSource getAttributes [permissionArray=["R_USER","P_INDEX"]]
2020-03-28 17:18:07.453 [http-nio-8080-exec-10] INFO  c.q.p.c.VFilterInvocationSecurityMetadataSource - VFilterInvocationSecurityMetadataSource getAttributes [requestUrl=/]
2020-03-28 17:18:07.454 [http-nio-8080-exec-10] DEBUG c.q.p.dao.SRoleDao.findSRoleListBySPermissionUrl - ==>  Preparing: SELECT sr.* FROM s_role sr LEFT JOIN s_role_permission srp ON sr.id = srp.fk_role_id LEFT JOIN s_permission sp ON srp.fk_permission_id = sp.id WHERE sp.url = ? 
2020-03-28 17:18:07.455 [http-nio-8080-exec-10] DEBUG c.q.p.dao.SRoleDao.findSRoleListBySPermissionUrl - ==> Parameters: /(String)
2020-03-28 17:18:07.459 [http-nio-8080-exec-10] DEBUG c.q.p.dao.SRoleDao.findSRoleListBySPermissionUrl - <==      Total: 1
2020-03-28 17:18:07.460 [http-nio-8080-exec-10] INFO  c.q.p.c.VFilterInvocationSecurityMetadataSource - VFilterInvocationSecurityMetadataSource getAttributes [sRoleList=[{"id":3,"role":"R_USER","describe":"普通用户，评分"}]]
2020-03-28 17:18:07.460 [http-nio-8080-exec-10] DEBUG c.q.p.d.S.findSPermissionListBySPermissionUrl - ==>  Preparing: SELECT * FROM s_permission sp WHERE sp.url = ? 
2020-03-28 17:18:07.461 [http-nio-8080-exec-10] DEBUG c.q.p.d.S.findSPermissionListBySPermissionUrl - ==> Parameters: /(String)
2020-03-28 17:18:07.462 [http-nio-8080-exec-10] DEBUG c.q.p.d.S.findSPermissionListBySPermissionUrl - <==      Total: 1
2020-03-28 17:18:07.463 [http-nio-8080-exec-10] INFO  c.q.p.c.VFilterInvocationSecurityMetadataSource - VFilterInvocationSecurityMetadataSource getAttributes [sPermissionList=[{"id":4,"permission":"P_INDEX","url":"/","describe":"/index"}]]
2020-03-28 17:18:07.463 [http-nio-8080-exec-10] INFO  c.q.p.c.VFilterInvocationSecurityMetadataSource - VFilterInvocationSecurityMetadataSource getAttributes [permissionArray=["R_USER","P_INDEX"]]
2020-03-28 17:18:07.471 [http-nio-8080-exec-1] INFO  c.q.p.c.VFilterInvocationSecurityMetadataSource - VFilterInvocationSecurityMetadataSource getAttributes [requestUrl=/index]
2020-03-28 17:18:07.471 [http-nio-8080-exec-1] DEBUG c.q.p.dao.SRoleDao.findSRoleListBySPermissionUrl - ==>  Preparing: SELECT sr.* FROM s_role sr LEFT JOIN s_role_permission srp ON sr.id = srp.fk_role_id LEFT JOIN s_permission sp ON srp.fk_permission_id = sp.id WHERE sp.url = ? 
2020-03-28 17:18:07.472 [http-nio-8080-exec-1] DEBUG c.q.p.dao.SRoleDao.findSRoleListBySPermissionUrl - ==> Parameters: /index(String)
2020-03-28 17:18:07.475 [http-nio-8080-exec-1] DEBUG c.q.p.dao.SRoleDao.findSRoleListBySPermissionUrl - <==      Total: 3
2020-03-28 17:18:07.475 [http-nio-8080-exec-1] INFO  c.q.p.c.VFilterInvocationSecurityMetadataSource - VFilterInvocationSecurityMetadataSource getAttributes [sRoleList=[{"id":1,"role":"R_ADMIN","describe":"大总管，所有权限"},{"id":2,"role":"R_HELLO","describe":"说hello相关的权限"},{"id":3,"role":"R_USER","describe":"普通用户，评分"}]]
2020-03-28 17:18:07.476 [http-nio-8080-exec-1] DEBUG c.q.p.d.S.findSPermissionListBySPermissionUrl - ==>  Preparing: SELECT * FROM s_permission sp WHERE sp.url = ? 
2020-03-28 17:18:07.476 [http-nio-8080-exec-1] DEBUG c.q.p.d.S.findSPermissionListBySPermissionUrl - ==> Parameters: /index(String)
2020-03-28 17:18:07.478 [http-nio-8080-exec-1] DEBUG c.q.p.d.S.findSPermissionListBySPermissionUrl - <==      Total: 1
2020-03-28 17:18:07.479 [http-nio-8080-exec-1] INFO  c.q.p.c.VFilterInvocationSecurityMetadataSource - VFilterInvocationSecurityMetadataSource getAttributes [sPermissionList=[{"id":1,"permission":"P_INDEX","url":"/index","describe":"index页面资源"}]]
2020-03-28 17:18:07.480 [http-nio-8080-exec-1] INFO  c.q.p.c.VFilterInvocationSecurityMetadataSource - VFilterInvocationSecurityMetadataSource getAttributes [permissionArray=["R_ADMIN","R_HELLO","R_USER","P_INDEX"]]
2020-03-28 17:18:07.480 [http-nio-8080-exec-1] INFO  c.q.p.c.VFilterInvocationSecurityMetadataSource - VFilterInvocationSecurityMetadataSource getAttributes [requestUrl=/index]
2020-03-28 17:18:07.481 [http-nio-8080-exec-1] DEBUG c.q.p.dao.SRoleDao.findSRoleListBySPermissionUrl - ==>  Preparing: SELECT sr.* FROM s_role sr LEFT JOIN s_role_permission srp ON sr.id = srp.fk_role_id LEFT JOIN s_permission sp ON srp.fk_permission_id = sp.id WHERE sp.url = ? 
2020-03-28 17:18:07.483 [http-nio-8080-exec-1] DEBUG c.q.p.dao.SRoleDao.findSRoleListBySPermissionUrl - ==> Parameters: /index(String)
2020-03-28 17:18:07.486 [http-nio-8080-exec-1] DEBUG c.q.p.dao.SRoleDao.findSRoleListBySPermissionUrl - <==      Total: 3
2020-03-28 17:18:07.487 [http-nio-8080-exec-1] INFO  c.q.p.c.VFilterInvocationSecurityMetadataSource - VFilterInvocationSecurityMetadataSource getAttributes [sRoleList=[{"id":1,"role":"R_ADMIN","describe":"大总管，所有权限"},{"id":2,"role":"R_HELLO","describe":"说hello相关的权限"},{"id":3,"role":"R_USER","describe":"普通用户，评分"}]]
2020-03-28 17:18:07.488 [http-nio-8080-exec-1] DEBUG c.q.p.d.S.findSPermissionListBySPermissionUrl - ==>  Preparing: SELECT * FROM s_permission sp WHERE sp.url = ? 
2020-03-28 17:18:07.488 [http-nio-8080-exec-1] DEBUG c.q.p.d.S.findSPermissionListBySPermissionUrl - ==> Parameters: /index(String)
2020-03-28 17:18:07.490 [http-nio-8080-exec-1] DEBUG c.q.p.d.S.findSPermissionListBySPermissionUrl - <==      Total: 1
2020-03-28 17:18:07.491 [http-nio-8080-exec-1] INFO  c.q.p.c.VFilterInvocationSecurityMetadataSource - VFilterInvocationSecurityMetadataSource getAttributes [sPermissionList=[{"id":1,"permission":"P_INDEX","url":"/index","describe":"index页面资源"}]]
2020-03-28 17:18:07.491 [http-nio-8080-exec-1] INFO  c.q.p.c.VFilterInvocationSecurityMetadataSource - VFilterInvocationSecurityMetadataSource getAttributes [permissionArray=["R_ADMIN","R_HELLO","R_USER","P_INDEX"]]
2020-03-28 17:18:07.492 [http-nio-8080-exec-1] INFO  cn.qianshu.pingfen.controller.IndexController - index page
2020-03-28 17:18:07.515 [http-nio-8080-exec-3] INFO  c.q.p.c.VFilterInvocationSecurityMetadataSource - VFilterInvocationSecurityMetadataSource getAttributes [requestUrl=/vue/index.css]
2020-03-28 17:18:07.516 [http-nio-8080-exec-3] DEBUG c.q.p.dao.SRoleDao.findSRoleListBySPermissionUrl - ==>  Preparing: SELECT sr.* FROM s_role sr LEFT JOIN s_role_permission srp ON sr.id = srp.fk_role_id LEFT JOIN s_permission sp ON srp.fk_permission_id = sp.id WHERE sp.url = ? 
2020-03-28 17:18:07.517 [http-nio-8080-exec-3] DEBUG c.q.p.dao.SRoleDao.findSRoleListBySPermissionUrl - ==> Parameters: /vue/index.css(String)
2020-03-28 17:18:07.517 [http-nio-8080-exec-7] INFO  c.q.p.c.VFilterInvocationSecurityMetadataSource - VFilterInvocationSecurityMetadataSource getAttributes [requestUrl=/vue/custom.css]
2020-03-28 17:18:07.521 [http-nio-8080-exec-3] DEBUG c.q.p.dao.SRoleDao.findSRoleListBySPermissionUrl - <==      Total: 0
2020-03-28 17:18:07.523 [http-nio-8080-exec-3] INFO  c.q.p.c.VFilterInvocationSecurityMetadataSource - VFilterInvocationSecurityMetadataSource getAttributes [sRoleList=[]]
2020-03-28 17:18:07.524 [http-nio-8080-exec-3] DEBUG c.q.p.d.S.findSPermissionListBySPermissionUrl - ==>  Preparing: SELECT * FROM s_permission sp WHERE sp.url = ? 
2020-03-28 17:18:07.525 [http-nio-8080-exec-7] DEBUG c.q.p.dao.SRoleDao.findSRoleListBySPermissionUrl - ==>  Preparing: SELECT sr.* FROM s_role sr LEFT JOIN s_role_permission srp ON sr.id = srp.fk_role_id LEFT JOIN s_permission sp ON srp.fk_permission_id = sp.id WHERE sp.url = ? 
2020-03-28 17:18:07.525 [http-nio-8080-exec-3] DEBUG c.q.p.d.S.findSPermissionListBySPermissionUrl - ==> Parameters: /vue/index.css(String)
2020-03-28 17:18:07.527 [http-nio-8080-exec-7] DEBUG c.q.p.dao.SRoleDao.findSRoleListBySPermissionUrl - ==> Parameters: /vue/custom.css(String)
2020-03-28 17:18:07.528 [http-nio-8080-exec-3] DEBUG c.q.p.d.S.findSPermissionListBySPermissionUrl - <==      Total: 0
2020-03-28 17:18:07.528 [http-nio-8080-exec-3] INFO  c.q.p.c.VFilterInvocationSecurityMetadataSource - VFilterInvocationSecurityMetadataSource getAttributes [sPermissionList=[]]
2020-03-28 17:18:07.529 [http-nio-8080-exec-3] INFO  c.q.p.c.VFilterInvocationSecurityMetadataSource - VFilterInvocationSecurityMetadataSource getAttributes [requestUrl=/vue/index.css]
2020-03-28 17:18:07.529 [http-nio-8080-exec-6] INFO  c.q.p.c.VFilterInvocationSecurityMetadataSource - VFilterInvocationSecurityMetadataSource getAttributes [requestUrl=/vue/vue.js]
2020-03-28 17:18:07.530 [http-nio-8080-exec-3] DEBUG c.q.p.dao.SRoleDao.findSRoleListBySPermissionUrl - ==>  Preparing: SELECT sr.* FROM s_role sr LEFT JOIN s_role_permission srp ON sr.id = srp.fk_role_id LEFT JOIN s_permission sp ON srp.fk_permission_id = sp.id WHERE sp.url = ? 
2020-03-28 17:18:07.530 [http-nio-8080-exec-3] DEBUG c.q.p.dao.SRoleDao.findSRoleListBySPermissionUrl - ==> Parameters: /vue/index.css(String)
2020-03-28 17:18:07.531 [http-nio-8080-exec-6] DEBUG c.q.p.dao.SRoleDao.findSRoleListBySPermissionUrl - ==>  Preparing: SELECT sr.* FROM s_role sr LEFT JOIN s_role_permission srp ON sr.id = srp.fk_role_id LEFT JOIN s_permission sp ON srp.fk_permission_id = sp.id WHERE sp.url = ? 
2020-03-28 17:18:07.532 [http-nio-8080-exec-6] DEBUG c.q.p.dao.SRoleDao.findSRoleListBySPermissionUrl - ==> Parameters: /vue/vue.js(String)
2020-03-28 17:18:07.533 [http-nio-8080-exec-2] INFO  c.q.p.c.VFilterInvocationSecurityMetadataSource - VFilterInvocationSecurityMetadataSource getAttributes [requestUrl=/vue/vue-router.js]
2020-03-28 17:18:07.534 [http-nio-8080-exec-2] DEBUG c.q.p.dao.SRoleDao.findSRoleListBySPermissionUrl - ==>  Preparing: SELECT sr.* FROM s_role sr LEFT JOIN s_role_permission srp ON sr.id = srp.fk_role_id LEFT JOIN s_permission sp ON srp.fk_permission_id = sp.id WHERE sp.url = ? 
2020-03-28 17:18:07.535 [http-nio-8080-exec-2] DEBUG c.q.p.dao.SRoleDao.findSRoleListBySPermissionUrl - ==> Parameters: /vue/vue-router.js(String)
2020-03-28 17:18:07.538 [http-nio-8080-exec-7] DEBUG c.q.p.dao.SRoleDao.findSRoleListBySPermissionUrl - <==      Total: 0
2020-03-28 17:18:07.539 [http-nio-8080-exec-3] DEBUG c.q.p.dao.SRoleDao.findSRoleListBySPermissionUrl - <==      Total: 0
2020-03-28 17:18:07.539 [http-nio-8080-exec-7] INFO  c.q.p.c.VFilterInvocationSecurityMetadataSource - VFilterInvocationSecurityMetadataSource getAttributes [sRoleList=[]]
2020-03-28 17:18:07.539 [http-nio-8080-exec-5] INFO  c.q.p.c.VFilterInvocationSecurityMetadataSource - VFilterInvocationSecurityMetadataSource getAttributes [requestUrl=/vue/axios.min.js]
2020-03-28 17:18:07.539 [http-nio-8080-exec-3] INFO  c.q.p.c.VFilterInvocationSecurityMetadataSource - VFilterInvocationSecurityMetadataSource getAttributes [sRoleList=[]]
2020-03-28 17:18:07.540 [http-nio-8080-exec-7] DEBUG c.q.p.d.S.findSPermissionListBySPermissionUrl - ==>  Preparing: SELECT * FROM s_permission sp WHERE sp.url = ? 
2020-03-28 17:18:07.540 [http-nio-8080-exec-5] DEBUG c.q.p.dao.SRoleDao.findSRoleListBySPermissionUrl - ==>  Preparing: SELECT sr.* FROM s_role sr LEFT JOIN s_role_permission srp ON sr.id = srp.fk_role_id LEFT JOIN s_permission sp ON srp.fk_permission_id = sp.id WHERE sp.url = ? 
2020-03-28 17:18:07.540 [http-nio-8080-exec-3] DEBUG c.q.p.d.S.findSPermissionListBySPermissionUrl - ==>  Preparing: SELECT * FROM s_permission sp WHERE sp.url = ? 
2020-03-28 17:18:07.540 [http-nio-8080-exec-7] DEBUG c.q.p.d.S.findSPermissionListBySPermissionUrl - ==> Parameters: /vue/custom.css(String)
2020-03-28 17:18:07.540 [http-nio-8080-exec-5] DEBUG c.q.p.dao.SRoleDao.findSRoleListBySPermissionUrl - ==> Parameters: /vue/axios.min.js(String)
2020-03-28 17:18:07.540 [http-nio-8080-exec-3] DEBUG c.q.p.d.S.findSPermissionListBySPermissionUrl - ==> Parameters: /vue/index.css(String)
2020-03-28 17:18:07.543 [http-nio-8080-exec-4] INFO  c.q.p.c.VFilterInvocationSecurityMetadataSource - VFilterInvocationSecurityMetadataSource getAttributes [requestUrl=/vue/index.js]
2020-03-28 17:18:07.545 [http-nio-8080-exec-4] DEBUG c.q.p.dao.SRoleDao.findSRoleListBySPermissionUrl - ==>  Preparing: SELECT sr.* FROM s_role sr LEFT JOIN s_role_permission srp ON sr.id = srp.fk_role_id LEFT JOIN s_permission sp ON srp.fk_permission_id = sp.id WHERE sp.url = ? 
2020-03-28 17:18:07.545 [http-nio-8080-exec-6] DEBUG c.q.p.dao.SRoleDao.findSRoleListBySPermissionUrl - <==      Total: 0
2020-03-28 17:18:07.546 [http-nio-8080-exec-4] DEBUG c.q.p.dao.SRoleDao.findSRoleListBySPermissionUrl - ==> Parameters: /vue/index.js(String)
2020-03-28 17:18:07.546 [http-nio-8080-exec-7] DEBUG c.q.p.d.S.findSPermissionListBySPermissionUrl - <==      Total: 0
2020-03-28 17:18:07.547 [http-nio-8080-exec-6] INFO  c.q.p.c.VFilterInvocationSecurityMetadataSource - VFilterInvocationSecurityMetadataSource getAttributes [sRoleList=[]]
2020-03-28 17:18:07.548 [http-nio-8080-exec-6] DEBUG c.q.p.d.S.findSPermissionListBySPermissionUrl - ==>  Preparing: SELECT * FROM s_permission sp WHERE sp.url = ? 
2020-03-28 17:18:07.549 [http-nio-8080-exec-6] DEBUG c.q.p.d.S.findSPermissionListBySPermissionUrl - ==> Parameters: /vue/vue.js(String)
2020-03-28 17:18:07.549 [http-nio-8080-exec-4] DEBUG c.q.p.dao.SRoleDao.findSRoleListBySPermissionUrl - <==      Total: 0
2020-03-28 17:18:07.550 [http-nio-8080-exec-4] INFO  c.q.p.c.VFilterInvocationSecurityMetadataSource - VFilterInvocationSecurityMetadataSource getAttributes [sRoleList=[]]
2020-03-28 17:18:07.551 [http-nio-8080-exec-4] DEBUG c.q.p.d.S.findSPermissionListBySPermissionUrl - ==>  Preparing: SELECT * FROM s_permission sp WHERE sp.url = ? 
2020-03-28 17:18:07.552 [http-nio-8080-exec-4] DEBUG c.q.p.d.S.findSPermissionListBySPermissionUrl - ==> Parameters: /vue/index.js(String)
2020-03-28 17:18:07.552 [http-nio-8080-exec-3] DEBUG c.q.p.d.S.findSPermissionListBySPermissionUrl - <==      Total: 0
2020-03-28 17:18:07.553 [http-nio-8080-exec-7] INFO  c.q.p.c.VFilterInvocationSecurityMetadataSource - VFilterInvocationSecurityMetadataSource getAttributes [sPermissionList=[]]
2020-03-28 17:18:07.554 [http-nio-8080-exec-7] INFO  c.q.p.c.VFilterInvocationSecurityMetadataSource - VFilterInvocationSecurityMetadataSource getAttributes [requestUrl=/vue/custom.css]
2020-03-28 17:18:07.555 [http-nio-8080-exec-7] DEBUG c.q.p.dao.SRoleDao.findSRoleListBySPermissionUrl - ==>  Preparing: SELECT sr.* FROM s_role sr LEFT JOIN s_role_permission srp ON sr.id = srp.fk_role_id LEFT JOIN s_permission sp ON srp.fk_permission_id = sp.id WHERE sp.url = ? 
2020-03-28 17:18:07.555 [http-nio-8080-exec-4] DEBUG c.q.p.d.S.findSPermissionListBySPermissionUrl - <==      Total: 0
2020-03-28 17:18:07.556 [http-nio-8080-exec-7] DEBUG c.q.p.dao.SRoleDao.findSRoleListBySPermissionUrl - ==> Parameters: /vue/custom.css(String)
2020-03-28 17:18:07.556 [http-nio-8080-exec-4] INFO  c.q.p.c.VFilterInvocationSecurityMetadataSource - VFilterInvocationSecurityMetadataSource getAttributes [sPermissionList=[]]
2020-03-28 17:18:07.557 [http-nio-8080-exec-4] INFO  c.q.p.c.VFilterInvocationSecurityMetadataSource - VFilterInvocationSecurityMetadataSource getAttributes [requestUrl=/vue/index.js]
2020-03-28 17:18:07.554 [http-nio-8080-exec-3] INFO  c.q.p.c.VFilterInvocationSecurityMetadataSource - VFilterInvocationSecurityMetadataSource getAttributes [sPermissionList=[]]
2020-03-28 17:18:07.557 [http-nio-8080-exec-4] DEBUG c.q.p.dao.SRoleDao.findSRoleListBySPermissionUrl - ==>  Preparing: SELECT sr.* FROM s_role sr LEFT JOIN s_role_permission srp ON sr.id = srp.fk_role_id LEFT JOIN s_permission sp ON srp.fk_permission_id = sp.id WHERE sp.url = ? 
2020-03-28 17:18:07.558 [http-nio-8080-exec-4] DEBUG c.q.p.dao.SRoleDao.findSRoleListBySPermissionUrl - ==> Parameters: /vue/index.js(String)
2020-03-28 17:18:07.563 [http-nio-8080-exec-7] DEBUG c.q.p.dao.SRoleDao.findSRoleListBySPermissionUrl - <==      Total: 0
2020-03-28 17:18:07.563 [http-nio-8080-exec-7] INFO  c.q.p.c.VFilterInvocationSecurityMetadataSource - VFilterInvocationSecurityMetadataSource getAttributes [sRoleList=[]]
2020-03-28 17:18:07.564 [http-nio-8080-exec-7] DEBUG c.q.p.d.S.findSPermissionListBySPermissionUrl - ==>  Preparing: SELECT * FROM s_permission sp WHERE sp.url = ? 
2020-03-28 17:18:07.563 [http-nio-8080-exec-4] DEBUG c.q.p.dao.SRoleDao.findSRoleListBySPermissionUrl - <==      Total: 0
2020-03-28 17:18:07.565 [http-nio-8080-exec-7] DEBUG c.q.p.d.S.findSPermissionListBySPermissionUrl - ==> Parameters: /vue/custom.css(String)
2020-03-28 17:18:07.565 [http-nio-8080-exec-4] INFO  c.q.p.c.VFilterInvocationSecurityMetadataSource - VFilterInvocationSecurityMetadataSource getAttributes [sRoleList=[]]
2020-03-28 17:18:07.566 [http-nio-8080-exec-4] DEBUG c.q.p.d.S.findSPermissionListBySPermissionUrl - ==>  Preparing: SELECT * FROM s_permission sp WHERE sp.url = ? 
2020-03-28 17:18:07.567 [http-nio-8080-exec-4] DEBUG c.q.p.d.S.findSPermissionListBySPermissionUrl - ==> Parameters: /vue/index.js(String)
2020-03-28 17:18:07.567 [http-nio-8080-exec-7] DEBUG c.q.p.d.S.findSPermissionListBySPermissionUrl - <==      Total: 0
2020-03-28 17:18:07.568 [http-nio-8080-exec-7] INFO  c.q.p.c.VFilterInvocationSecurityMetadataSource - VFilterInvocationSecurityMetadataSource getAttributes [sPermissionList=[]]
2020-03-28 17:18:07.569 [http-nio-8080-exec-4] DEBUG c.q.p.d.S.findSPermissionListBySPermissionUrl - <==      Total: 0
2020-03-28 17:18:07.570 [http-nio-8080-exec-4] INFO  c.q.p.c.VFilterInvocationSecurityMetadataSource - VFilterInvocationSecurityMetadataSource getAttributes [sPermissionList=[]]
2020-03-28 17:18:07.577 [http-nio-8080-exec-6] DEBUG c.q.p.d.S.findSPermissionListBySPermissionUrl - <==      Total: 0
2020-03-28 17:18:07.579 [http-nio-8080-exec-6] INFO  c.q.p.c.VFilterInvocationSecurityMetadataSource - VFilterInvocationSecurityMetadataSource getAttributes [sPermissionList=[]]
2020-03-28 17:18:07.580 [http-nio-8080-exec-6] INFO  c.q.p.c.VFilterInvocationSecurityMetadataSource - VFilterInvocationSecurityMetadataSource getAttributes [requestUrl=/vue/vue.js]
2020-03-28 17:18:07.581 [http-nio-8080-exec-6] DEBUG c.q.p.dao.SRoleDao.findSRoleListBySPermissionUrl - ==>  Preparing: SELECT sr.* FROM s_role sr LEFT JOIN s_role_permission srp ON sr.id = srp.fk_role_id LEFT JOIN s_permission sp ON srp.fk_permission_id = sp.id WHERE sp.url = ? 
2020-03-28 17:18:07.581 [http-nio-8080-exec-5] DEBUG c.q.p.dao.SRoleDao.findSRoleListBySPermissionUrl - <==      Total: 0
2020-03-28 17:18:07.582 [http-nio-8080-exec-6] DEBUG c.q.p.dao.SRoleDao.findSRoleListBySPermissionUrl - ==> Parameters: /vue/vue.js(String)
2020-03-28 17:18:07.582 [http-nio-8080-exec-5] INFO  c.q.p.c.VFilterInvocationSecurityMetadataSource - VFilterInvocationSecurityMetadataSource getAttributes [sRoleList=[]]
2020-03-28 17:18:07.583 [http-nio-8080-exec-5] DEBUG c.q.p.d.S.findSPermissionListBySPermissionUrl - ==>  Preparing: SELECT * FROM s_permission sp WHERE sp.url = ? 
2020-03-28 17:18:07.585 [http-nio-8080-exec-2] DEBUG c.q.p.dao.SRoleDao.findSRoleListBySPermissionUrl - <==      Total: 0
2020-03-28 17:18:07.585 [http-nio-8080-exec-5] DEBUG c.q.p.d.S.findSPermissionListBySPermissionUrl - ==> Parameters: /vue/axios.min.js(String)
2020-03-28 17:18:07.586 [http-nio-8080-exec-2] INFO  c.q.p.c.VFilterInvocationSecurityMetadataSource - VFilterInvocationSecurityMetadataSource getAttributes [sRoleList=[]]
2020-03-28 17:18:07.587 [http-nio-8080-exec-6] DEBUG c.q.p.dao.SRoleDao.findSRoleListBySPermissionUrl - <==      Total: 0
2020-03-28 17:18:07.587 [http-nio-8080-exec-5] DEBUG c.q.p.d.S.findSPermissionListBySPermissionUrl - <==      Total: 0
2020-03-28 17:18:07.588 [http-nio-8080-exec-5] INFO  c.q.p.c.VFilterInvocationSecurityMetadataSource - VFilterInvocationSecurityMetadataSource getAttributes [sPermissionList=[]]
2020-03-28 17:18:07.588 [http-nio-8080-exec-6] INFO  c.q.p.c.VFilterInvocationSecurityMetadataSource - VFilterInvocationSecurityMetadataSource getAttributes [sRoleList=[]]
2020-03-28 17:18:07.588 [http-nio-8080-exec-5] INFO  c.q.p.c.VFilterInvocationSecurityMetadataSource - VFilterInvocationSecurityMetadataSource getAttributes [requestUrl=/vue/axios.min.js]
2020-03-28 17:18:07.588 [http-nio-8080-exec-6] DEBUG c.q.p.d.S.findSPermissionListBySPermissionUrl - ==>  Preparing: SELECT * FROM s_permission sp WHERE sp.url = ? 
2020-03-28 17:18:07.589 [http-nio-8080-exec-5] DEBUG c.q.p.dao.SRoleDao.findSRoleListBySPermissionUrl - ==>  Preparing: SELECT sr.* FROM s_role sr LEFT JOIN s_role_permission srp ON sr.id = srp.fk_role_id LEFT JOIN s_permission sp ON srp.fk_permission_id = sp.id WHERE sp.url = ? 
2020-03-28 17:18:07.589 [http-nio-8080-exec-6] DEBUG c.q.p.d.S.findSPermissionListBySPermissionUrl - ==> Parameters: /vue/vue.js(String)
2020-03-28 17:18:07.589 [http-nio-8080-exec-5] DEBUG c.q.p.dao.SRoleDao.findSRoleListBySPermissionUrl - ==> Parameters: /vue/axios.min.js(String)
2020-03-28 17:18:07.590 [http-nio-8080-exec-6] DEBUG c.q.p.d.S.findSPermissionListBySPermissionUrl - <==      Total: 0
2020-03-28 17:18:07.591 [http-nio-8080-exec-6] INFO  c.q.p.c.VFilterInvocationSecurityMetadataSource - VFilterInvocationSecurityMetadataSource getAttributes [sPermissionList=[]]
2020-03-28 17:18:07.595 [http-nio-8080-exec-5] DEBUG c.q.p.dao.SRoleDao.findSRoleListBySPermissionUrl - <==      Total: 0
2020-03-28 17:18:07.596 [http-nio-8080-exec-5] INFO  c.q.p.c.VFilterInvocationSecurityMetadataSource - VFilterInvocationSecurityMetadataSource getAttributes [sRoleList=[]]
2020-03-28 17:18:07.596 [http-nio-8080-exec-5] DEBUG c.q.p.d.S.findSPermissionListBySPermissionUrl - ==>  Preparing: SELECT * FROM s_permission sp WHERE sp.url = ? 
2020-03-28 17:18:07.597 [http-nio-8080-exec-5] DEBUG c.q.p.d.S.findSPermissionListBySPermissionUrl - ==> Parameters: /vue/axios.min.js(String)
2020-03-28 17:18:07.598 [http-nio-8080-exec-2] DEBUG c.q.p.d.S.findSPermissionListBySPermissionUrl - ==>  Preparing: SELECT * FROM s_permission sp WHERE sp.url = ? 
2020-03-28 17:18:07.598 [http-nio-8080-exec-2] DEBUG c.q.p.d.S.findSPermissionListBySPermissionUrl - ==> Parameters: /vue/vue-router.js(String)
2020-03-28 17:18:07.599 [http-nio-8080-exec-5] DEBUG c.q.p.d.S.findSPermissionListBySPermissionUrl - <==      Total: 0
2020-03-28 17:18:07.600 [http-nio-8080-exec-2] DEBUG c.q.p.d.S.findSPermissionListBySPermissionUrl - <==      Total: 0
2020-03-28 17:18:07.601 [http-nio-8080-exec-2] INFO  c.q.p.c.VFilterInvocationSecurityMetadataSource - VFilterInvocationSecurityMetadataSource getAttributes [sPermissionList=[]]
2020-03-28 17:18:07.603 [http-nio-8080-exec-2] INFO  c.q.p.c.VFilterInvocationSecurityMetadataSource - VFilterInvocationSecurityMetadataSource getAttributes [requestUrl=/vue/vue-router.js]
2020-03-28 17:18:07.604 [http-nio-8080-exec-2] DEBUG c.q.p.dao.SRoleDao.findSRoleListBySPermissionUrl - ==>  Preparing: SELECT sr.* FROM s_role sr LEFT JOIN s_role_permission srp ON sr.id = srp.fk_role_id LEFT JOIN s_permission sp ON srp.fk_permission_id = sp.id WHERE sp.url = ? 
2020-03-28 17:18:07.604 [http-nio-8080-exec-5] INFO  c.q.p.c.VFilterInvocationSecurityMetadataSource - VFilterInvocationSecurityMetadataSource getAttributes [sPermissionList=[]]
2020-03-28 17:18:07.605 [http-nio-8080-exec-2] DEBUG c.q.p.dao.SRoleDao.findSRoleListBySPermissionUrl - ==> Parameters: /vue/vue-router.js(String)
2020-03-28 17:18:07.608 [http-nio-8080-exec-2] DEBUG c.q.p.dao.SRoleDao.findSRoleListBySPermissionUrl - <==      Total: 0
2020-03-28 17:18:07.609 [http-nio-8080-exec-2] INFO  c.q.p.c.VFilterInvocationSecurityMetadataSource - VFilterInvocationSecurityMetadataSource getAttributes [sRoleList=[]]
2020-03-28 17:18:07.610 [http-nio-8080-exec-2] DEBUG c.q.p.d.S.findSPermissionListBySPermissionUrl - ==>  Preparing: SELECT * FROM s_permission sp WHERE sp.url = ? 
2020-03-28 17:18:07.611 [http-nio-8080-exec-2] DEBUG c.q.p.d.S.findSPermissionListBySPermissionUrl - ==> Parameters: /vue/vue-router.js(String)
2020-03-28 17:18:07.616 [http-nio-8080-exec-2] DEBUG c.q.p.d.S.findSPermissionListBySPermissionUrl - <==      Total: 0
2020-03-28 17:18:07.616 [http-nio-8080-exec-8] INFO  c.q.p.c.VFilterInvocationSecurityMetadataSource - VFilterInvocationSecurityMetadataSource getAttributes [requestUrl=/vue/router1.js]
2020-03-28 17:18:07.617 [http-nio-8080-exec-8] DEBUG c.q.p.dao.SRoleDao.findSRoleListBySPermissionUrl - ==>  Preparing: SELECT sr.* FROM s_role sr LEFT JOIN s_role_permission srp ON sr.id = srp.fk_role_id LEFT JOIN s_permission sp ON srp.fk_permission_id = sp.id WHERE sp.url = ? 
2020-03-28 17:18:07.617 [http-nio-8080-exec-2] INFO  c.q.p.c.VFilterInvocationSecurityMetadataSource - VFilterInvocationSecurityMetadataSource getAttributes [sPermissionList=[]]
2020-03-28 17:18:07.617 [http-nio-8080-exec-8] DEBUG c.q.p.dao.SRoleDao.findSRoleListBySPermissionUrl - ==> Parameters: /vue/router1.js(String)
2020-03-28 17:18:07.620 [http-nio-8080-exec-8] DEBUG c.q.p.dao.SRoleDao.findSRoleListBySPermissionUrl - <==      Total: 0
2020-03-28 17:18:07.622 [http-nio-8080-exec-8] INFO  c.q.p.c.VFilterInvocationSecurityMetadataSource - VFilterInvocationSecurityMetadataSource getAttributes [sRoleList=[]]
2020-03-28 17:18:07.623 [http-nio-8080-exec-8] DEBUG c.q.p.d.S.findSPermissionListBySPermissionUrl - ==>  Preparing: SELECT * FROM s_permission sp WHERE sp.url = ? 
2020-03-28 17:18:07.624 [http-nio-8080-exec-8] DEBUG c.q.p.d.S.findSPermissionListBySPermissionUrl - ==> Parameters: /vue/router1.js(String)
2020-03-28 17:18:07.626 [http-nio-8080-exec-8] DEBUG c.q.p.d.S.findSPermissionListBySPermissionUrl - <==      Total: 0
2020-03-28 17:18:07.627 [http-nio-8080-exec-8] INFO  c.q.p.c.VFilterInvocationSecurityMetadataSource - VFilterInvocationSecurityMetadataSource getAttributes [sPermissionList=[]]
2020-03-28 17:18:07.627 [http-nio-8080-exec-8] INFO  c.q.p.c.VFilterInvocationSecurityMetadataSource - VFilterInvocationSecurityMetadataSource getAttributes [requestUrl=/vue/router1.js]
2020-03-28 17:18:07.628 [http-nio-8080-exec-8] DEBUG c.q.p.dao.SRoleDao.findSRoleListBySPermissionUrl - ==>  Preparing: SELECT sr.* FROM s_role sr LEFT JOIN s_role_permission srp ON sr.id = srp.fk_role_id LEFT JOIN s_permission sp ON srp.fk_permission_id = sp.id WHERE sp.url = ? 
2020-03-28 17:18:07.629 [http-nio-8080-exec-8] DEBUG c.q.p.dao.SRoleDao.findSRoleListBySPermissionUrl - ==> Parameters: /vue/router1.js(String)
2020-03-28 17:18:07.633 [http-nio-8080-exec-8] DEBUG c.q.p.dao.SRoleDao.findSRoleListBySPermissionUrl - <==      Total: 0
2020-03-28 17:18:07.634 [http-nio-8080-exec-8] INFO  c.q.p.c.VFilterInvocationSecurityMetadataSource - VFilterInvocationSecurityMetadataSource getAttributes [sRoleList=[]]
2020-03-28 17:18:07.635 [http-nio-8080-exec-8] DEBUG c.q.p.d.S.findSPermissionListBySPermissionUrl - ==>  Preparing: SELECT * FROM s_permission sp WHERE sp.url = ? 
2020-03-28 17:18:07.636 [http-nio-8080-exec-8] DEBUG c.q.p.d.S.findSPermissionListBySPermissionUrl - ==> Parameters: /vue/router1.js(String)
2020-03-28 17:18:07.640 [http-nio-8080-exec-8] DEBUG c.q.p.d.S.findSPermissionListBySPermissionUrl - <==      Total: 0
2020-03-28 17:18:07.641 [http-nio-8080-exec-8] INFO  c.q.p.c.VFilterInvocationSecurityMetadataSource - VFilterInvocationSecurityMetadataSource getAttributes [sPermissionList=[]]
2020-03-28 17:18:07.833 [http-nio-8080-exec-9] INFO  c.q.p.c.VFilterInvocationSecurityMetadataSource - VFilterInvocationSecurityMetadataSource getAttributes [requestUrl=/activity/get_by_useruanme]
2020-03-28 17:18:07.834 [http-nio-8080-exec-9] DEBUG c.q.p.dao.SRoleDao.findSRoleListBySPermissionUrl - ==>  Preparing: SELECT sr.* FROM s_role sr LEFT JOIN s_role_permission srp ON sr.id = srp.fk_role_id LEFT JOIN s_permission sp ON srp.fk_permission_id = sp.id WHERE sp.url = ? 
2020-03-28 17:18:07.834 [http-nio-8080-exec-9] DEBUG c.q.p.dao.SRoleDao.findSRoleListBySPermissionUrl - ==> Parameters: /activity/get_by_useruanme(String)
2020-03-28 17:18:07.837 [http-nio-8080-exec-9] DEBUG c.q.p.dao.SRoleDao.findSRoleListBySPermissionUrl - <==      Total: 0
2020-03-28 17:18:07.837 [http-nio-8080-exec-9] INFO  c.q.p.c.VFilterInvocationSecurityMetadataSource - VFilterInvocationSecurityMetadataSource getAttributes [sRoleList=[]]
2020-03-28 17:18:07.838 [http-nio-8080-exec-9] DEBUG c.q.p.d.S.findSPermissionListBySPermissionUrl - ==>  Preparing: SELECT * FROM s_permission sp WHERE sp.url = ? 
2020-03-28 17:18:07.839 [http-nio-8080-exec-9] DEBUG c.q.p.d.S.findSPermissionListBySPermissionUrl - ==> Parameters: /activity/get_by_useruanme(String)
2020-03-28 17:18:07.841 [http-nio-8080-exec-9] DEBUG c.q.p.d.S.findSPermissionListBySPermissionUrl - <==      Total: 0
2020-03-28 17:18:07.842 [http-nio-8080-exec-9] INFO  c.q.p.c.VFilterInvocationSecurityMetadataSource - VFilterInvocationSecurityMetadataSource getAttributes [sPermissionList=[]]
2020-03-28 17:18:07.843 [http-nio-8080-exec-9] INFO  c.q.p.c.VFilterInvocationSecurityMetadataSource - VFilterInvocationSecurityMetadataSource getAttributes [requestUrl=/activity/get_by_useruanme]
2020-03-28 17:18:07.844 [http-nio-8080-exec-9] DEBUG c.q.p.dao.SRoleDao.findSRoleListBySPermissionUrl - ==>  Preparing: SELECT sr.* FROM s_role sr LEFT JOIN s_role_permission srp ON sr.id = srp.fk_role_id LEFT JOIN s_permission sp ON srp.fk_permission_id = sp.id WHERE sp.url = ? 
2020-03-28 17:18:07.845 [http-nio-8080-exec-10] INFO  c.q.p.c.VFilterInvocationSecurityMetadataSource - VFilterInvocationSecurityMetadataSource getAttributes [requestUrl=/vue/fonts/element-icons.woff]
2020-03-28 17:18:07.845 [http-nio-8080-exec-9] DEBUG c.q.p.dao.SRoleDao.findSRoleListBySPermissionUrl - ==> Parameters: /activity/get_by_useruanme(String)
2020-03-28 17:18:07.845 [http-nio-8080-exec-10] DEBUG c.q.p.dao.SRoleDao.findSRoleListBySPermissionUrl - ==>  Preparing: SELECT sr.* FROM s_role sr LEFT JOIN s_role_permission srp ON sr.id = srp.fk_role_id LEFT JOIN s_permission sp ON srp.fk_permission_id = sp.id WHERE sp.url = ? 
2020-03-28 17:18:07.846 [http-nio-8080-exec-10] DEBUG c.q.p.dao.SRoleDao.findSRoleListBySPermissionUrl - ==> Parameters: /vue/fonts/element-icons.woff(String)
2020-03-28 17:18:07.848 [http-nio-8080-exec-9] DEBUG c.q.p.dao.SRoleDao.findSRoleListBySPermissionUrl - <==      Total: 0
2020-03-28 17:18:07.849 [http-nio-8080-exec-9] INFO  c.q.p.c.VFilterInvocationSecurityMetadataSource - VFilterInvocationSecurityMetadataSource getAttributes [sRoleList=[]]
2020-03-28 17:18:07.849 [http-nio-8080-exec-10] DEBUG c.q.p.dao.SRoleDao.findSRoleListBySPermissionUrl - <==      Total: 0
2020-03-28 17:18:07.850 [http-nio-8080-exec-10] INFO  c.q.p.c.VFilterInvocationSecurityMetadataSource - VFilterInvocationSecurityMetadataSource getAttributes [sRoleList=[]]
2020-03-28 17:18:07.850 [http-nio-8080-exec-9] DEBUG c.q.p.d.S.findSPermissionListBySPermissionUrl - ==>  Preparing: SELECT * FROM s_permission sp WHERE sp.url = ? 
2020-03-28 17:18:07.851 [http-nio-8080-exec-10] DEBUG c.q.p.d.S.findSPermissionListBySPermissionUrl - ==>  Preparing: SELECT * FROM s_permission sp WHERE sp.url = ? 
2020-03-28 17:18:07.851 [http-nio-8080-exec-9] DEBUG c.q.p.d.S.findSPermissionListBySPermissionUrl - ==> Parameters: /activity/get_by_useruanme(String)
2020-03-28 17:18:07.852 [http-nio-8080-exec-10] DEBUG c.q.p.d.S.findSPermissionListBySPermissionUrl - ==> Parameters: /vue/fonts/element-icons.woff(String)
2020-03-28 17:18:07.853 [http-nio-8080-exec-9] DEBUG c.q.p.d.S.findSPermissionListBySPermissionUrl - <==      Total: 0
2020-03-28 17:18:07.854 [http-nio-8080-exec-10] DEBUG c.q.p.d.S.findSPermissionListBySPermissionUrl - <==      Total: 0
2020-03-28 17:18:07.854 [http-nio-8080-exec-9] INFO  c.q.p.c.VFilterInvocationSecurityMetadataSource - VFilterInvocationSecurityMetadataSource getAttributes [sPermissionList=[]]
2020-03-28 17:18:07.854 [http-nio-8080-exec-10] INFO  c.q.p.c.VFilterInvocationSecurityMetadataSource - VFilterInvocationSecurityMetadataSource getAttributes [sPermissionList=[]]
2020-03-28 17:18:07.855 [http-nio-8080-exec-10] INFO  c.q.p.c.VFilterInvocationSecurityMetadataSource - VFilterInvocationSecurityMetadataSource getAttributes [requestUrl=/vue/fonts/element-icons.woff]
2020-03-28 17:18:07.856 [http-nio-8080-exec-10] DEBUG c.q.p.dao.SRoleDao.findSRoleListBySPermissionUrl - ==>  Preparing: SELECT sr.* FROM s_role sr LEFT JOIN s_role_permission srp ON sr.id = srp.fk_role_id LEFT JOIN s_permission sp ON srp.fk_permission_id = sp.id WHERE sp.url = ? 
2020-03-28 17:18:07.856 [http-nio-8080-exec-9] INFO  cn.qianshu.pingfen.controller.ActivityController - activity controller getactivity get_by_useruanme:veiking
2020-03-28 17:18:07.857 [http-nio-8080-exec-10] DEBUG c.q.p.dao.SRoleDao.findSRoleListBySPermissionUrl - ==> Parameters: /vue/fonts/element-icons.woff(String)
2020-03-28 17:18:07.859 [http-nio-8080-exec-9] DEBUG cn.qianshu.pingfen.dao.SActivityDao.findbyUserName - ==>  Preparing: SELECT a.* FROM s_activity a LEFT JOIN s_activity_user au ON a.id = au.activity_id left join s_user u on au.user_id=u.id where u.name=? and a.active=1 ORDER BY a.id 
2020-03-28 17:18:07.860 [http-nio-8080-exec-9] DEBUG cn.qianshu.pingfen.dao.SActivityDao.findbyUserName - ==> Parameters: veiking(String)
2020-03-28 17:18:07.860 [http-nio-8080-exec-10] DEBUG c.q.p.dao.SRoleDao.findSRoleListBySPermissionUrl - <==      Total: 0
2020-03-28 17:18:07.861 [http-nio-8080-exec-10] INFO  c.q.p.c.VFilterInvocationSecurityMetadataSource - VFilterInvocationSecurityMetadataSource getAttributes [sRoleList=[]]
2020-03-28 17:18:07.861 [http-nio-8080-exec-10] DEBUG c.q.p.d.S.findSPermissionListBySPermissionUrl - ==>  Preparing: SELECT * FROM s_permission sp WHERE sp.url = ? 
2020-03-28 17:18:07.862 [http-nio-8080-exec-10] DEBUG c.q.p.d.S.findSPermissionListBySPermissionUrl - ==> Parameters: /vue/fonts/element-icons.woff(String)
2020-03-28 17:18:07.863 [http-nio-8080-exec-10] DEBUG c.q.p.d.S.findSPermissionListBySPermissionUrl - <==      Total: 0
2020-03-28 17:18:07.864 [http-nio-8080-exec-9] DEBUG cn.qianshu.pingfen.dao.SActivityDao.findbyUserName - <==      Total: 1
2020-03-28 17:18:07.864 [http-nio-8080-exec-10] INFO  c.q.p.c.VFilterInvocationSecurityMetadataSource - VFilterInvocationSecurityMetadataSource getAttributes [sPermissionList=[]]
2020-03-28 17:18:10.854 [http-nio-8080-exec-1] INFO  c.q.p.c.VFilterInvocationSecurityMetadataSource - VFilterInvocationSecurityMetadataSource getAttributes [requestUrl=/user/admin?page_size=5&current_page=1]
2020-03-28 17:18:10.856 [http-nio-8080-exec-1] DEBUG c.q.p.dao.SRoleDao.findSRoleListBySPermissionUrl - ==>  Preparing: SELECT sr.* FROM s_role sr LEFT JOIN s_role_permission srp ON sr.id = srp.fk_role_id LEFT JOIN s_permission sp ON srp.fk_permission_id = sp.id WHERE sp.url = ? 
2020-03-28 17:18:10.856 [http-nio-8080-exec-1] DEBUG c.q.p.dao.SRoleDao.findSRoleListBySPermissionUrl - ==> Parameters: /user/admin?page_size=5&current_page=1(String)
2020-03-28 17:18:10.859 [http-nio-8080-exec-1] DEBUG c.q.p.dao.SRoleDao.findSRoleListBySPermissionUrl - <==      Total: 0
2020-03-28 17:18:10.862 [http-nio-8080-exec-1] INFO  c.q.p.c.VFilterInvocationSecurityMetadataSource - VFilterInvocationSecurityMetadataSource getAttributes [sRoleList=[]]
2020-03-28 17:18:10.862 [http-nio-8080-exec-1] DEBUG c.q.p.d.S.findSPermissionListBySPermissionUrl - ==>  Preparing: SELECT * FROM s_permission sp WHERE sp.url = ? 
2020-03-28 17:18:10.863 [http-nio-8080-exec-1] DEBUG c.q.p.d.S.findSPermissionListBySPermissionUrl - ==> Parameters: /user/admin?page_size=5&current_page=1(String)
2020-03-28 17:18:10.866 [http-nio-8080-exec-1] DEBUG c.q.p.d.S.findSPermissionListBySPermissionUrl - <==      Total: 0
2020-03-28 17:18:10.866 [http-nio-8080-exec-1] INFO  c.q.p.c.VFilterInvocationSecurityMetadataSource - VFilterInvocationSecurityMetadataSource getAttributes [sPermissionList=[]]
2020-03-28 17:18:10.866 [http-nio-8080-exec-1] INFO  c.q.p.c.VFilterInvocationSecurityMetadataSource - VFilterInvocationSecurityMetadataSource getAttributes [requestUrl=/user/admin?page_size=5&current_page=1]
2020-03-28 17:18:10.867 [http-nio-8080-exec-1] DEBUG c.q.p.dao.SRoleDao.findSRoleListBySPermissionUrl - ==>  Preparing: SELECT sr.* FROM s_role sr LEFT JOIN s_role_permission srp ON sr.id = srp.fk_role_id LEFT JOIN s_permission sp ON srp.fk_permission_id = sp.id WHERE sp.url = ? 
2020-03-28 17:18:10.867 [http-nio-8080-exec-1] DEBUG c.q.p.dao.SRoleDao.findSRoleListBySPermissionUrl - ==> Parameters: /user/admin?page_size=5&current_page=1(String)
2020-03-28 17:18:10.870 [http-nio-8080-exec-1] DEBUG c.q.p.dao.SRoleDao.findSRoleListBySPermissionUrl - <==      Total: 0
2020-03-28 17:18:10.870 [http-nio-8080-exec-1] INFO  c.q.p.c.VFilterInvocationSecurityMetadataSource - VFilterInvocationSecurityMetadataSource getAttributes [sRoleList=[]]
2020-03-28 17:18:10.870 [http-nio-8080-exec-1] DEBUG c.q.p.d.S.findSPermissionListBySPermissionUrl - ==>  Preparing: SELECT * FROM s_permission sp WHERE sp.url = ? 
2020-03-28 17:18:10.871 [http-nio-8080-exec-1] DEBUG c.q.p.d.S.findSPermissionListBySPermissionUrl - ==> Parameters: /user/admin?page_size=5&current_page=1(String)
2020-03-28 17:18:10.872 [http-nio-8080-exec-1] DEBUG c.q.p.d.S.findSPermissionListBySPermissionUrl - <==      Total: 0
2020-03-28 17:18:10.872 [http-nio-8080-exec-1] INFO  c.q.p.c.VFilterInvocationSecurityMetadataSource - VFilterInvocationSecurityMetadataSource getAttributes [sPermissionList=[]]
2020-03-28 17:18:10.880 [http-nio-8080-exec-1] INFO  cn.qianshu.pingfen.controller.UserController - user controller get user by page size:5,current_page:1
2020-03-28 17:18:10.881 [http-nio-8080-exec-1] DEBUG cn.qianshu.pingfen.dao.SUserDao.getTotal - ==>  Preparing: SELECT count(1) FROM s_user su 
2020-03-28 17:18:10.881 [http-nio-8080-exec-1] DEBUG cn.qianshu.pingfen.dao.SUserDao.getTotal - ==> Parameters: 
2020-03-28 17:18:10.883 [http-nio-8080-exec-1] DEBUG cn.qianshu.pingfen.dao.SUserDao.getTotal - <==      Total: 1
2020-03-28 17:18:10.884 [http-nio-8080-exec-1] DEBUG cn.qianshu.pingfen.dao.SUserDao.findByPage - ==>  Preparing: SELECT su.* FROM s_user su order by su.id limit ?, ? 
2020-03-28 17:18:10.884 [http-nio-8080-exec-1] DEBUG cn.qianshu.pingfen.dao.SUserDao.findByPage - ==> Parameters: 0(Integer), 5(Integer)
2020-03-28 17:18:10.885 [http-nio-8080-exec-1] DEBUG cn.qianshu.pingfen.dao.SUserDao.findByPage - <==      Total: 4
2020-03-28 17:20:11.481 [http-nio-8080-exec-4] INFO  c.q.p.c.VFilterInvocationSecurityMetadataSource - VFilterInvocationSecurityMetadataSource getAttributes [requestUrl=/user/add]
2020-03-28 17:20:11.484 [http-nio-8080-exec-4] DEBUG c.q.p.dao.SRoleDao.findSRoleListBySPermissionUrl - ==>  Preparing: SELECT sr.* FROM s_role sr LEFT JOIN s_role_permission srp ON sr.id = srp.fk_role_id LEFT JOIN s_permission sp ON srp.fk_permission_id = sp.id WHERE sp.url = ? 
2020-03-28 17:20:11.486 [http-nio-8080-exec-4] DEBUG c.q.p.dao.SRoleDao.findSRoleListBySPermissionUrl - ==> Parameters: /user/add(String)
2020-03-28 17:20:11.492 [http-nio-8080-exec-4] DEBUG c.q.p.dao.SRoleDao.findSRoleListBySPermissionUrl - <==      Total: 1
2020-03-28 17:20:11.493 [http-nio-8080-exec-4] INFO  c.q.p.c.VFilterInvocationSecurityMetadataSource - VFilterInvocationSecurityMetadataSource getAttributes [sRoleList=[{"id":1,"role":"R_ADMIN","describe":"大总管，所有权限"}]]
2020-03-28 17:20:11.493 [http-nio-8080-exec-4] DEBUG c.q.p.d.S.findSPermissionListBySPermissionUrl - ==>  Preparing: SELECT * FROM s_permission sp WHERE sp.url = ? 
2020-03-28 17:20:11.494 [http-nio-8080-exec-4] DEBUG c.q.p.d.S.findSPermissionListBySPermissionUrl - ==> Parameters: /user/add(String)
2020-03-28 17:20:11.497 [http-nio-8080-exec-4] DEBUG c.q.p.d.S.findSPermissionListBySPermissionUrl - <==      Total: 1
2020-03-28 17:20:11.498 [http-nio-8080-exec-4] INFO  c.q.p.c.VFilterInvocationSecurityMetadataSource - VFilterInvocationSecurityMetadataSource getAttributes [sPermissionList=[{"id":6,"permission":"P_USER_ADD","url":"/user/add","describe":"user添加"}]]
2020-03-28 17:20:11.499 [http-nio-8080-exec-4] INFO  c.q.p.c.VFilterInvocationSecurityMetadataSource - VFilterInvocationSecurityMetadataSource getAttributes [permissionArray=["R_ADMIN","P_USER_ADD"]]
2020-03-28 17:20:13.997 [http-nio-8080-exec-10] INFO  c.q.p.c.VFilterInvocationSecurityMetadataSource - VFilterInvocationSecurityMetadataSource getAttributes [requestUrl=/vue/index.css]
2020-03-28 17:20:13.999 [http-nio-8080-exec-10] DEBUG c.q.p.dao.SRoleDao.findSRoleListBySPermissionUrl - ==>  Preparing: SELECT sr.* FROM s_role sr LEFT JOIN s_role_permission srp ON sr.id = srp.fk_role_id LEFT JOIN s_permission sp ON srp.fk_permission_id = sp.id WHERE sp.url = ? 
2020-03-28 17:20:14.000 [http-nio-8080-exec-10] DEBUG c.q.p.dao.SRoleDao.findSRoleListBySPermissionUrl - ==> Parameters: /vue/index.css(String)
2020-03-28 17:20:13.997 [http-nio-8080-exec-9] INFO  c.q.p.c.VFilterInvocationSecurityMetadataSource - VFilterInvocationSecurityMetadataSource getAttributes [requestUrl=/vue/custom.css]
2020-03-28 17:20:14.001 [http-nio-8080-exec-9] DEBUG c.q.p.dao.SRoleDao.findSRoleListBySPermissionUrl - ==>  Preparing: SELECT sr.* FROM s_role sr LEFT JOIN s_role_permission srp ON sr.id = srp.fk_role_id LEFT JOIN s_permission sp ON srp.fk_permission_id = sp.id WHERE sp.url = ? 
2020-03-28 17:20:14.004 [http-nio-8080-exec-10] DEBUG c.q.p.dao.SRoleDao.findSRoleListBySPermissionUrl - <==      Total: 0
2020-03-28 17:20:14.005 [http-nio-8080-exec-10] INFO  c.q.p.c.VFilterInvocationSecurityMetadataSource - VFilterInvocationSecurityMetadataSource getAttributes [sRoleList=[]]
2020-03-28 17:20:14.006 [http-nio-8080-exec-10] DEBUG c.q.p.d.S.findSPermissionListBySPermissionUrl - ==>  Preparing: SELECT * FROM s_permission sp WHERE sp.url = ? 
2020-03-28 17:20:14.007 [http-nio-8080-exec-10] DEBUG c.q.p.d.S.findSPermissionListBySPermissionUrl - ==> Parameters: /vue/index.css(String)
2020-03-28 17:20:14.004 [http-nio-8080-exec-9] DEBUG c.q.p.dao.SRoleDao.findSRoleListBySPermissionUrl - ==> Parameters: /vue/custom.css(String)
2020-03-28 17:20:14.010 [http-nio-8080-exec-10] DEBUG c.q.p.d.S.findSPermissionListBySPermissionUrl - <==      Total: 0
2020-03-28 17:20:14.010 [http-nio-8080-exec-10] INFO  c.q.p.c.VFilterInvocationSecurityMetadataSource - VFilterInvocationSecurityMetadataSource getAttributes [sPermissionList=[]]
2020-03-28 17:20:14.011 [http-nio-8080-exec-10] INFO  c.q.p.c.VFilterInvocationSecurityMetadataSource - VFilterInvocationSecurityMetadataSource getAttributes [requestUrl=/vue/index.css]
2020-03-28 17:20:14.011 [http-nio-8080-exec-10] DEBUG c.q.p.dao.SRoleDao.findSRoleListBySPermissionUrl - ==>  Preparing: SELECT sr.* FROM s_role sr LEFT JOIN s_role_permission srp ON sr.id = srp.fk_role_id LEFT JOIN s_permission sp ON srp.fk_permission_id = sp.id WHERE sp.url = ? 
2020-03-28 17:20:14.011 [http-nio-8080-exec-9] DEBUG c.q.p.dao.SRoleDao.findSRoleListBySPermissionUrl - <==      Total: 0
2020-03-28 17:20:14.012 [http-nio-8080-exec-9] INFO  c.q.p.c.VFilterInvocationSecurityMetadataSource - VFilterInvocationSecurityMetadataSource getAttributes [sRoleList=[]]
2020-03-28 17:20:14.012 [http-nio-8080-exec-10] DEBUG c.q.p.dao.SRoleDao.findSRoleListBySPermissionUrl - ==> Parameters: /vue/index.css(String)
2020-03-28 17:20:14.013 [http-nio-8080-exec-9] DEBUG c.q.p.d.S.findSPermissionListBySPermissionUrl - ==>  Preparing: SELECT * FROM s_permission sp WHERE sp.url = ? 
2020-03-28 17:20:14.013 [http-nio-8080-exec-9] DEBUG c.q.p.d.S.findSPermissionListBySPermissionUrl - ==> Parameters: /vue/custom.css(String)
2020-03-28 17:20:14.015 [http-nio-8080-exec-10] DEBUG c.q.p.dao.SRoleDao.findSRoleListBySPermissionUrl - <==      Total: 0
2020-03-28 17:20:14.016 [http-nio-8080-exec-10] INFO  c.q.p.c.VFilterInvocationSecurityMetadataSource - VFilterInvocationSecurityMetadataSource getAttributes [sRoleList=[]]
2020-03-28 17:20:14.016 [http-nio-8080-exec-10] DEBUG c.q.p.d.S.findSPermissionListBySPermissionUrl - ==>  Preparing: SELECT * FROM s_permission sp WHERE sp.url = ? 
2020-03-28 17:20:14.017 [http-nio-8080-exec-9] DEBUG c.q.p.d.S.findSPermissionListBySPermissionUrl - <==      Total: 0
2020-03-28 17:20:14.017 [http-nio-8080-exec-9] INFO  c.q.p.c.VFilterInvocationSecurityMetadataSource - VFilterInvocationSecurityMetadataSource getAttributes [sPermissionList=[]]
2020-03-28 17:20:14.017 [http-nio-8080-exec-10] DEBUG c.q.p.d.S.findSPermissionListBySPermissionUrl - ==> Parameters: /vue/index.css(String)
2020-03-28 17:20:14.018 [http-nio-8080-exec-9] INFO  c.q.p.c.VFilterInvocationSecurityMetadataSource - VFilterInvocationSecurityMetadataSource getAttributes [requestUrl=/vue/custom.css]
2020-03-28 17:20:14.018 [http-nio-8080-exec-10] DEBUG c.q.p.d.S.findSPermissionListBySPermissionUrl - <==      Total: 0
2020-03-28 17:20:14.018 [http-nio-8080-exec-9] DEBUG c.q.p.dao.SRoleDao.findSRoleListBySPermissionUrl - ==>  Preparing: SELECT sr.* FROM s_role sr LEFT JOIN s_role_permission srp ON sr.id = srp.fk_role_id LEFT JOIN s_permission sp ON srp.fk_permission_id = sp.id WHERE sp.url = ? 
2020-03-28 17:20:14.019 [http-nio-8080-exec-10] INFO  c.q.p.c.VFilterInvocationSecurityMetadataSource - VFilterInvocationSecurityMetadataSource getAttributes [sPermissionList=[]]
2020-03-28 17:20:14.019 [http-nio-8080-exec-9] DEBUG c.q.p.dao.SRoleDao.findSRoleListBySPermissionUrl - ==> Parameters: /vue/custom.css(String)
2020-03-28 17:20:14.026 [http-nio-8080-exec-9] DEBUG c.q.p.dao.SRoleDao.findSRoleListBySPermissionUrl - <==      Total: 0
2020-03-28 17:20:14.027 [http-nio-8080-exec-9] INFO  c.q.p.c.VFilterInvocationSecurityMetadataSource - VFilterInvocationSecurityMetadataSource getAttributes [sRoleList=[]]
2020-03-28 17:20:14.028 [http-nio-8080-exec-9] DEBUG c.q.p.d.S.findSPermissionListBySPermissionUrl - ==>  Preparing: SELECT * FROM s_permission sp WHERE sp.url = ? 
2020-03-28 17:20:14.029 [http-nio-8080-exec-9] DEBUG c.q.p.d.S.findSPermissionListBySPermissionUrl - ==> Parameters: /vue/custom.css(String)
2020-03-28 17:20:14.032 [http-nio-8080-exec-9] DEBUG c.q.p.d.S.findSPermissionListBySPermissionUrl - <==      Total: 0
2020-03-28 17:20:14.033 [http-nio-8080-exec-9] INFO  c.q.p.c.VFilterInvocationSecurityMetadataSource - VFilterInvocationSecurityMetadataSource getAttributes [sPermissionList=[]]
2020-03-28 17:20:14.061 [http-nio-8080-exec-1] INFO  c.q.p.c.VFilterInvocationSecurityMetadataSource - VFilterInvocationSecurityMetadataSource getAttributes [requestUrl=/vue/axios.min.map]
2020-03-28 17:20:14.062 [http-nio-8080-exec-1] DEBUG c.q.p.dao.SRoleDao.findSRoleListBySPermissionUrl - ==>  Preparing: SELECT sr.* FROM s_role sr LEFT JOIN s_role_permission srp ON sr.id = srp.fk_role_id LEFT JOIN s_permission sp ON srp.fk_permission_id = sp.id WHERE sp.url = ? 
2020-03-28 17:20:14.063 [http-nio-8080-exec-1] DEBUG c.q.p.dao.SRoleDao.findSRoleListBySPermissionUrl - ==> Parameters: /vue/axios.min.map(String)
2020-03-28 17:20:14.066 [http-nio-8080-exec-1] DEBUG c.q.p.dao.SRoleDao.findSRoleListBySPermissionUrl - <==      Total: 0
2020-03-28 17:20:14.067 [http-nio-8080-exec-1] INFO  c.q.p.c.VFilterInvocationSecurityMetadataSource - VFilterInvocationSecurityMetadataSource getAttributes [sRoleList=[]]
2020-03-28 17:20:14.068 [http-nio-8080-exec-1] DEBUG c.q.p.d.S.findSPermissionListBySPermissionUrl - ==>  Preparing: SELECT * FROM s_permission sp WHERE sp.url = ? 
2020-03-28 17:20:14.069 [http-nio-8080-exec-1] DEBUG c.q.p.d.S.findSPermissionListBySPermissionUrl - ==> Parameters: /vue/axios.min.map(String)
2020-03-28 17:20:14.070 [http-nio-8080-exec-1] DEBUG c.q.p.d.S.findSPermissionListBySPermissionUrl - <==      Total: 0
2020-03-28 17:20:14.071 [http-nio-8080-exec-1] INFO  c.q.p.c.VFilterInvocationSecurityMetadataSource - VFilterInvocationSecurityMetadataSource getAttributes [sPermissionList=[]]
2020-03-28 17:20:14.072 [http-nio-8080-exec-1] INFO  c.q.p.c.VFilterInvocationSecurityMetadataSource - VFilterInvocationSecurityMetadataSource getAttributes [requestUrl=/vue/axios.min.map]
2020-03-28 17:20:14.072 [http-nio-8080-exec-1] DEBUG c.q.p.dao.SRoleDao.findSRoleListBySPermissionUrl - ==>  Preparing: SELECT sr.* FROM s_role sr LEFT JOIN s_role_permission srp ON sr.id = srp.fk_role_id LEFT JOIN s_permission sp ON srp.fk_permission_id = sp.id WHERE sp.url = ? 
2020-03-28 17:20:14.073 [http-nio-8080-exec-1] DEBUG c.q.p.dao.SRoleDao.findSRoleListBySPermissionUrl - ==> Parameters: /vue/axios.min.map(String)
2020-03-28 17:20:14.076 [http-nio-8080-exec-1] DEBUG c.q.p.dao.SRoleDao.findSRoleListBySPermissionUrl - <==      Total: 0
2020-03-28 17:20:14.076 [http-nio-8080-exec-1] INFO  c.q.p.c.VFilterInvocationSecurityMetadataSource - VFilterInvocationSecurityMetadataSource getAttributes [sRoleList=[]]
2020-03-28 17:20:14.077 [http-nio-8080-exec-1] DEBUG c.q.p.d.S.findSPermissionListBySPermissionUrl - ==>  Preparing: SELECT * FROM s_permission sp WHERE sp.url = ? 
2020-03-28 17:20:14.078 [http-nio-8080-exec-1] DEBUG c.q.p.d.S.findSPermissionListBySPermissionUrl - ==> Parameters: /vue/axios.min.map(String)
2020-03-28 17:20:14.079 [http-nio-8080-exec-1] DEBUG c.q.p.d.S.findSPermissionListBySPermissionUrl - <==      Total: 0
2020-03-28 17:20:14.080 [http-nio-8080-exec-1] INFO  c.q.p.c.VFilterInvocationSecurityMetadataSource - VFilterInvocationSecurityMetadataSource getAttributes [sPermissionList=[]]
2020-03-28 17:23:42.354 [RMI TCP Connection(2)-127.0.0.1] INFO  o.s.b.a.SpringApplicationAdminMXBeanRegistrar$SpringApplicationAdmin - Application shutdown requested.
2020-03-28 17:23:42.357 [RMI TCP Connection(2)-127.0.0.1] INFO  o.s.scheduling.concurrent.ThreadPoolTaskExecutor - Shutting down ExecutorService 'applicationTaskExecutor'
2020-03-28 17:23:42.359 [RMI TCP Connection(2)-127.0.0.1] INFO  com.zaxxer.hikari.HikariDataSource - HikariPool-1 - Shutdown initiated...
2020-03-28 17:23:42.365 [RMI TCP Connection(2)-127.0.0.1] INFO  com.zaxxer.hikari.HikariDataSource - HikariPool-1 - Shutdown completed.
