2020-03-28 15:08:29.508 [main] INFO  cn.qianshu.pingfen.PingfenApplication - Starting PingfenApplication on yu-PC with PID 12216 (C:\Users\Administrator\Desktop\pingfen\target\classes started by Administrator in C:\Users\Administrator\Desktop\pingfen)
2020-03-28 15:08:29.957 [main] INFO  cn.qianshu.pingfen.PingfenApplication - No active profile set, falling back to default profiles: default
2020-03-28 15:08:36.363 [main] INFO  o.s.boot.web.embedded.tomcat.TomcatWebServer - Tomcat initialized with port(s): 8080 (http)
2020-03-28 15:08:36.403 [main] INFO  org.apache.coyote.http11.Http11NioProtocol - Initializing ProtocolHandler ["http-nio-8080"]
2020-03-28 15:08:36.405 [main] INFO  org.apache.catalina.core.StandardService - Starting service [Tomcat]
2020-03-28 15:08:36.457 [main] INFO  org.apache.catalina.core.StandardEngine - Starting Servlet engine: [Apache Tomcat/9.0.29]
2020-03-28 15:08:36.713 [main] INFO  o.a.c.core.ContainerBase.[Tomcat].[localhost].[/] - Initializing Spring embedded WebApplicationContext
2020-03-28 15:08:36.714 [main] INFO  org.springframework.web.context.ContextLoader - Root WebApplicationContext: initialization completed in 6304 ms
2020-03-28 15:08:39.943 [main] INFO  cn.qianshu.pingfen.PingfenApplication - Starting PingfenApplication on yu-PC with PID 1072 (C:\Users\Administrator\Desktop\pingfen\target\classes started by Administrator in C:\Users\Administrator\Desktop\pingfen)
2020-03-28 15:08:39.954 [main] INFO  cn.qianshu.pingfen.PingfenApplication - No active profile set, falling back to default profiles: default
2020-03-28 15:08:41.539 [main] WARN  c.q.pingfen.config.VFilterSecurityInterceptor - Could not validate configuration attributes as the SecurityMetadataSource did not return any attributes from getAllConfigAttributes()
2020-03-28 15:08:41.553 [main] WARN  c.q.pingfen.config.VFilterSecurityInterceptor - Could not validate configuration attributes as the SecurityMetadataSource did not return any attributes from getAllConfigAttributes()
2020-03-28 15:08:43.852 [main] INFO  cn.qianshu.pingfen.PingfenApplication - Starting PingfenApplication on yu-PC with PID 15428 (C:\Users\Administrator\Desktop\pingfen\target\classes started by Administrator in C:\Users\Administrator\Desktop\pingfen)
2020-03-28 15:08:44.284 [main] INFO  cn.qianshu.pingfen.PingfenApplication - No active profile set, falling back to default profiles: default
2020-03-28 15:08:45.070 [main] INFO  o.s.boot.web.embedded.tomcat.TomcatWebServer - Tomcat initialized with port(s): 8080 (http)
2020-03-28 15:08:45.095 [main] INFO  org.apache.coyote.http11.Http11NioProtocol - Initializing ProtocolHandler ["http-nio-8080"]
2020-03-28 15:08:45.097 [main] INFO  org.apache.catalina.core.StandardService - Starting service [Tomcat]
2020-03-28 15:08:45.099 [main] INFO  org.apache.catalina.core.StandardEngine - Starting Servlet engine: [Apache Tomcat/9.0.29]
2020-03-28 15:08:46.333 [main] INFO  o.a.c.core.ContainerBase.[Tomcat].[localhost].[/] - Initializing Spring embedded WebApplicationContext
2020-03-28 15:08:46.335 [main] INFO  org.springframework.web.context.ContextLoader - Root WebApplicationContext: initialization completed in 6151 ms
2020-03-28 15:08:48.352 [main] INFO  o.s.security.web.DefaultSecurityFilterChain - Creating filter chain: Ant [pattern='/css/**'], []
2020-03-28 15:08:50.361 [main] WARN  c.q.pingfen.config.VFilterSecurityInterceptor - Could not validate configuration attributes as the SecurityMetadataSource did not return any attributes from getAllConfigAttributes()
2020-03-28 15:08:50.382 [main] WARN  c.q.pingfen.config.VFilterSecurityInterceptor - Could not validate configuration attributes as the SecurityMetadataSource did not return any attributes from getAllConfigAttributes()
2020-03-28 15:08:50.630 [main] INFO  o.s.security.web.DefaultSecurityFilterChain - Creating filter chain: any request, [org.springframework.security.web.context.request.async.WebAsyncManagerIntegrationFilter@331ff3ac, org.springframework.security.web.context.SecurityContextPersistenceFilter@66fbc5e7, org.springframework.security.web.header.HeaderWriterFilter@5a90265a, org.springframework.security.web.authentication.logout.LogoutFilter@706ceca6, org.springframework.security.web.authentication.UsernamePasswordAuthenticationFilter@6cae2e4d, org.springframework.security.web.savedrequest.RequestCacheAwareFilter@9accff0, org.springframework.security.web.servletapi.SecurityContextHolderAwareRequestFilter@7186b202, org.springframework.security.web.authentication.AnonymousAuthenticationFilter@2e5e6fc4, org.springframework.security.web.session.SessionManagementFilter@6a32191e, org.springframework.security.web.access.ExceptionTranslationFilter@134f8ef6, org.springframework.security.web.access.intercept.FilterSecurityInterceptor@834e986]
2020-03-28 15:08:52.244 [main] INFO  o.s.security.web.DefaultSecurityFilterChain - Creating filter chain: Ant [pattern='/css/**'], []
2020-03-28 15:08:52.494 [main] INFO  o.s.security.web.DefaultSecurityFilterChain - Creating filter chain: any request, [org.springframework.security.web.context.request.async.WebAsyncManagerIntegrationFilter@7a1b8a46, org.springframework.security.web.context.SecurityContextPersistenceFilter@2785db06, org.springframework.security.web.header.HeaderWriterFilter@604d23fa, org.springframework.security.web.authentication.logout.LogoutFilter@576b7c74, org.springframework.security.web.authentication.UsernamePasswordAuthenticationFilter@47829d6d, org.springframework.security.web.savedrequest.RequestCacheAwareFilter@35d60381, org.springframework.security.web.servletapi.SecurityContextHolderAwareRequestFilter@42507640, org.springframework.security.web.authentication.AnonymousAuthenticationFilter@2921199d, org.springframework.security.web.session.SessionManagementFilter@331ff3ac, org.springframework.security.web.access.ExceptionTranslationFilter@834e986, org.springframework.security.web.access.intercept.FilterSecurityInterceptor@1775c4e7]
2020-03-28 15:08:53.485 [main] INFO  o.s.boot.web.embedded.tomcat.TomcatWebServer - Tomcat initialized with port(s): 8080 (http)
2020-03-28 15:08:53.511 [main] INFO  org.apache.coyote.http11.Http11NioProtocol - Initializing ProtocolHandler ["http-nio-8080"]
2020-03-28 15:08:53.513 [main] INFO  org.apache.catalina.core.StandardService - Starting service [Tomcat]
2020-03-28 15:08:53.515 [main] INFO  org.apache.catalina.core.StandardEngine - Starting Servlet engine: [Apache Tomcat/9.0.29]
2020-03-28 15:08:53.566 [main] INFO  cn.qianshu.pingfen.PingfenApplication - Starting PingfenApplication on yu-PC with PID 13248 (C:\Users\Administrator\Desktop\pingfen\target\classes started by Administrator in C:\Users\Administrator\Desktop\pingfen)
2020-03-28 15:08:53.581 [main] INFO  cn.qianshu.pingfen.PingfenApplication - No active profile set, falling back to default profiles: default
2020-03-28 15:08:54.195 [main] INFO  o.s.scheduling.concurrent.ThreadPoolTaskExecutor - Initializing ExecutorService 'applicationTaskExecutor'
2020-03-28 15:08:54.212 [main] INFO  o.s.scheduling.concurrent.ThreadPoolTaskExecutor - Initializing ExecutorService 'applicationTaskExecutor'
2020-03-28 15:08:54.218 [main] INFO  cn.qianshu.pingfen.PingfenApplication - Starting PingfenApplication on yu-PC with PID 15144 (C:\Users\Administrator\Desktop\pingfen\target\classes started by Administrator in C:\Users\Administrator\Desktop\pingfen)
2020-03-28 15:08:54.243 [main] INFO  cn.qianshu.pingfen.PingfenApplication - No active profile set, falling back to default profiles: default
2020-03-28 15:09:01.477 [main] INFO  o.s.b.a.web.servlet.WelcomePageHandlerMapping - Adding welcome page template: index
2020-03-28 15:09:02.222 [main] INFO  o.s.b.a.web.servlet.WelcomePageHandlerMapping - Adding welcome page template: index
2020-03-28 15:09:05.611 [main] INFO  o.a.c.core.ContainerBase.[Tomcat].[localhost].[/] - Initializing Spring embedded WebApplicationContext
2020-03-28 15:09:05.613 [main] INFO  org.springframework.web.context.ContextLoader - Root WebApplicationContext: initialization completed in 20944 ms
2020-03-28 15:09:20.107 [main] INFO  org.apache.coyote.http11.Http11NioProtocol - Starting ProtocolHandler ["http-nio-8080"]
2020-03-28 15:09:20.107 [main] INFO  org.apache.coyote.http11.Http11NioProtocol - Starting ProtocolHandler ["http-nio-8080"]
2020-03-28 15:09:32.646 [main] INFO  org.apache.coyote.http11.Http11NioProtocol - Pausing ProtocolHandler ["http-nio-8080"]
2020-03-28 15:09:33.043 [main] INFO  org.apache.catalina.core.StandardService - Stopping service [Tomcat]
2020-03-28 15:09:34.439 [main] INFO  o.s.boot.web.embedded.tomcat.TomcatWebServer - Tomcat started on port(s): 8080 (http) with context path ''
2020-03-28 15:09:34.628 [main] INFO  cn.qianshu.pingfen.PingfenApplication - Started PingfenApplication in 57.309 seconds (JVM running for 65.82)
2020-03-28 15:09:34.607 [main] INFO  org.apache.coyote.http11.Http11NioProtocol - Stopping ProtocolHandler ["http-nio-8080"]
2020-03-28 15:09:34.778 [main] INFO  org.apache.coyote.http11.Http11NioProtocol - Destroying ProtocolHandler ["http-nio-8080"]
2020-03-28 15:09:34.786 [main] INFO  o.s.b.a.l.ConditionEvaluationReportLoggingListener - 

Error starting ApplicationContext. To display the conditions report re-run your application with 'debug' enabled.
2020-03-28 15:09:36.463 [main] ERROR o.s.b.diagnostics.LoggingFailureAnalysisReporter - 

***************************
APPLICATION FAILED TO START
***************************

Description:

Web server failed to start. Port 8080 was already in use.

Action:

Identify and stop the process that's listening on port 8080 or configure this application to listen on another port.

2020-03-28 15:09:36.472 [main] INFO  o.s.scheduling.concurrent.ThreadPoolTaskExecutor - Shutting down ExecutorService 'applicationTaskExecutor'
2020-03-28 15:09:48.535 [main] WARN  c.q.pingfen.config.VFilterSecurityInterceptor - Could not validate configuration attributes as the SecurityMetadataSource did not return any attributes from getAllConfigAttributes()
2020-03-28 15:09:49.124 [main] WARN  c.q.pingfen.config.VFilterSecurityInterceptor - Could not validate configuration attributes as the SecurityMetadataSource did not return any attributes from getAllConfigAttributes()
2020-03-28 15:10:18.134 [main] INFO  o.s.security.web.DefaultSecurityFilterChain - Creating filter chain: Ant [pattern='/css/**'], []
2020-03-28 15:10:19.474 [main] INFO  o.s.security.web.DefaultSecurityFilterChain - Creating filter chain: any request, [org.springframework.security.web.context.request.async.WebAsyncManagerIntegrationFilter@740b6628, org.springframework.security.web.context.SecurityContextPersistenceFilter@3f1a9a53, org.springframework.security.web.header.HeaderWriterFilter@24043ec5, org.springframework.security.web.authentication.logout.LogoutFilter@4538856f, org.springframework.security.web.authentication.UsernamePasswordAuthenticationFilter@1eb9a3ef, org.springframework.security.web.savedrequest.RequestCacheAwareFilter@2287395, org.springframework.security.web.servletapi.SecurityContextHolderAwareRequestFilter@16134476, org.springframework.security.web.authentication.AnonymousAuthenticationFilter@27fe059d, org.springframework.security.web.session.SessionManagementFilter@4c6a4ffd, org.springframework.security.web.access.ExceptionTranslationFilter@18dd5ed3, org.springframework.security.web.access.intercept.FilterSecurityInterceptor@3a8cea24]
2020-03-28 15:10:25.859 [main] INFO  o.s.scheduling.concurrent.ThreadPoolTaskExecutor - Initializing ExecutorService 'applicationTaskExecutor'
2020-03-28 15:10:30.115 [main] INFO  o.s.b.a.web.servlet.WelcomePageHandlerMapping - Adding welcome page template: index
2020-03-28 15:10:33.208 [main] INFO  org.apache.coyote.http11.Http11NioProtocol - Starting ProtocolHandler ["http-nio-8080"]
2020-03-28 15:10:50.929 [main] INFO  org.apache.coyote.http11.Http11NioProtocol - Pausing ProtocolHandler ["http-nio-8080"]
2020-03-28 15:10:50.932 [main] INFO  org.apache.catalina.core.StandardService - Stopping service [Tomcat]
2020-03-28 15:10:55.842 [main] INFO  org.apache.coyote.http11.Http11NioProtocol - Stopping ProtocolHandler ["http-nio-8080"]
2020-03-28 15:10:55.844 [main] INFO  org.apache.coyote.http11.Http11NioProtocol - Destroying ProtocolHandler ["http-nio-8080"]
2020-03-28 15:10:55.855 [main] INFO  o.s.b.a.l.ConditionEvaluationReportLoggingListener - 

Error starting ApplicationContext. To display the conditions report re-run your application with 'debug' enabled.
2020-03-28 15:10:55.879 [main] ERROR o.s.b.diagnostics.LoggingFailureAnalysisReporter - 

***************************
APPLICATION FAILED TO START
***************************

Description:

Web server failed to start. Port 8080 was already in use.

Action:

Identify and stop the process that's listening on port 8080 or configure this application to listen on another port.

2020-03-28 15:10:55.885 [main] INFO  o.s.scheduling.concurrent.ThreadPoolTaskExecutor - Shutting down ExecutorService 'applicationTaskExecutor'
2020-03-28 15:15:08.186 [main] INFO  o.s.boot.web.embedded.tomcat.TomcatWebServer - Tomcat initialized with port(s): 8080 (http)
2020-03-28 15:15:08.176 [main] INFO  o.s.boot.web.embedded.tomcat.TomcatWebServer - Tomcat initialized with port(s): 8080 (http)
2020-03-28 15:15:23.675 [main] INFO  org.apache.coyote.http11.Http11NioProtocol - Initializing ProtocolHandler ["http-nio-8080"]
2020-03-28 15:15:23.951 [main] INFO  org.apache.catalina.core.StandardService - Starting service [Tomcat]
2020-03-28 15:15:23.952 [main] INFO  org.apache.catalina.core.StandardEngine - Starting Servlet engine: [Apache Tomcat/9.0.29]
2020-03-28 15:15:24.129 [main] INFO  org.apache.coyote.http11.Http11NioProtocol - Initializing ProtocolHandler ["http-nio-8080"]
2020-03-28 15:15:24.131 [main] INFO  org.apache.catalina.core.StandardService - Starting service [Tomcat]
2020-03-28 15:15:24.132 [main] INFO  org.apache.catalina.core.StandardEngine - Starting Servlet engine: [Apache Tomcat/9.0.29]
2020-03-28 15:16:07.962 [main] INFO  o.a.c.core.ContainerBase.[Tomcat].[localhost].[/] - Initializing Spring embedded WebApplicationContext
2020-03-28 15:16:07.964 [main] INFO  o.a.c.core.ContainerBase.[Tomcat].[localhost].[/] - Initializing Spring embedded WebApplicationContext
2020-03-28 15:16:07.978 [main] INFO  org.springframework.web.context.ContextLoader - Root WebApplicationContext: initialization completed in 433501 ms
2020-03-28 15:16:07.977 [main] INFO  org.springframework.web.context.ContextLoader - Root WebApplicationContext: initialization completed in 432891 ms
2020-03-28 15:17:34.859 [main] WARN  c.q.pingfen.config.VFilterSecurityInterceptor - Could not validate configuration attributes as the SecurityMetadataSource did not return any attributes from getAllConfigAttributes()
2020-03-28 15:17:35.137 [main] WARN  c.q.pingfen.config.VFilterSecurityInterceptor - Could not validate configuration attributes as the SecurityMetadataSource did not return any attributes from getAllConfigAttributes()
2020-03-28 15:17:36.191 [main] WARN  c.q.pingfen.config.VFilterSecurityInterceptor - Could not validate configuration attributes as the SecurityMetadataSource did not return any attributes from getAllConfigAttributes()
2020-03-28 15:17:36.766 [main] WARN  c.q.pingfen.config.VFilterSecurityInterceptor - Could not validate configuration attributes as the SecurityMetadataSource did not return any attributes from getAllConfigAttributes()
2020-03-28 15:18:27.535 [main] INFO  o.s.security.web.DefaultSecurityFilterChain - Creating filter chain: Ant [pattern='/css/**'], []
2020-03-28 15:18:29.627 [main] INFO  o.s.security.web.DefaultSecurityFilterChain - Creating filter chain: any request, [org.springframework.security.web.context.request.async.WebAsyncManagerIntegrationFilter@64387c17, org.springframework.security.web.context.SecurityContextPersistenceFilter@17b016ac, org.springframework.security.web.header.HeaderWriterFilter@58aa10f4, org.springframework.security.web.authentication.logout.LogoutFilter@220c9a63, org.springframework.security.web.authentication.UsernamePasswordAuthenticationFilter@ab24484, org.springframework.security.web.savedrequest.RequestCacheAwareFilter@723877dd, org.springframework.security.web.servletapi.SecurityContextHolderAwareRequestFilter@62cba181, org.springframework.security.web.authentication.AnonymousAuthenticationFilter@7c369270, org.springframework.security.web.session.SessionManagementFilter@5e5beb8a, org.springframework.security.web.access.ExceptionTranslationFilter@56c8e6f0, org.springframework.security.web.access.intercept.FilterSecurityInterceptor@6963b88c]
2020-03-28 15:18:33.672 [main] INFO  o.s.security.web.DefaultSecurityFilterChain - Creating filter chain: Ant [pattern='/css/**'], []
2020-03-28 15:18:34.025 [main] INFO  o.s.security.web.DefaultSecurityFilterChain - Creating filter chain: any request, [org.springframework.security.web.context.request.async.WebAsyncManagerIntegrationFilter@5d878b25, org.springframework.security.web.context.SecurityContextPersistenceFilter@39941489, org.springframework.security.web.header.HeaderWriterFilter@1980a3f, org.springframework.security.web.authentication.logout.LogoutFilter@59fc6d05, org.springframework.security.web.authentication.UsernamePasswordAuthenticationFilter@1bedc703, org.springframework.security.web.savedrequest.RequestCacheAwareFilter@67332b1e, org.springframework.security.web.servletapi.SecurityContextHolderAwareRequestFilter@3d8d17a3, org.springframework.security.web.authentication.AnonymousAuthenticationFilter@28279a49, org.springframework.security.web.session.SessionManagementFilter@536b71b4, org.springframework.security.web.access.ExceptionTranslationFilter@3e214105, org.springframework.security.web.access.intercept.FilterSecurityInterceptor@673e76b3]
2020-03-28 15:22:36.975 [main] INFO  o.s.scheduling.concurrent.ThreadPoolTaskExecutor - Initializing ExecutorService 'applicationTaskExecutor'
2020-03-28 15:22:38.634 [main] INFO  o.s.b.a.web.servlet.WelcomePageHandlerMapping - Adding welcome page template: index
2020-03-28 15:23:09.322 [main] INFO  org.apache.coyote.http11.Http11NioProtocol - Starting ProtocolHandler ["http-nio-8080"]
2020-03-28 15:23:50.094 [main] INFO  org.apache.coyote.http11.Http11NioProtocol - Pausing ProtocolHandler ["http-nio-8080"]
2020-03-28 15:23:50.097 [main] INFO  org.apache.catalina.core.StandardService - Stopping service [Tomcat]
2020-03-28 15:23:55.657 [main] INFO  org.apache.coyote.http11.Http11NioProtocol - Stopping ProtocolHandler ["http-nio-8080"]
2020-03-28 15:23:55.660 [main] INFO  org.apache.coyote.http11.Http11NioProtocol - Destroying ProtocolHandler ["http-nio-8080"]
2020-03-28 15:23:56.770 [main] INFO  o.s.b.a.l.ConditionEvaluationReportLoggingListener - 

Error starting ApplicationContext. To display the conditions report re-run your application with 'debug' enabled.
2020-03-28 15:24:03.187 [main] ERROR o.s.b.diagnostics.LoggingFailureAnalysisReporter - 

***************************
APPLICATION FAILED TO START
***************************

Description:

Web server failed to start. Port 8080 was already in use.

Action:

Identify and stop the process that's listening on port 8080 or configure this application to listen on another port.

2020-03-28 15:24:04.344 [main] INFO  o.s.scheduling.concurrent.ThreadPoolTaskExecutor - Shutting down ExecutorService 'applicationTaskExecutor'
2020-03-28 15:24:05.153 [main] INFO  o.s.scheduling.concurrent.ThreadPoolTaskExecutor - Initializing ExecutorService 'applicationTaskExecutor'
2020-03-28 15:24:08.706 [main] INFO  o.s.b.a.web.servlet.WelcomePageHandlerMapping - Adding welcome page template: index
2020-03-28 15:24:21.037 [main] INFO  org.apache.coyote.http11.Http11NioProtocol - Starting ProtocolHandler ["http-nio-8080"]
2020-03-28 15:24:25.458 [main] INFO  org.apache.coyote.http11.Http11NioProtocol - Pausing ProtocolHandler ["http-nio-8080"]
2020-03-28 15:24:25.524 [main] INFO  org.apache.catalina.core.StandardService - Stopping service [Tomcat]
2020-03-28 15:24:25.833 [main] INFO  org.apache.coyote.http11.Http11NioProtocol - Stopping ProtocolHandler ["http-nio-8080"]
2020-03-28 15:24:25.835 [main] INFO  org.apache.coyote.http11.Http11NioProtocol - Destroying ProtocolHandler ["http-nio-8080"]
2020-03-28 15:24:25.844 [main] INFO  o.s.b.a.l.ConditionEvaluationReportLoggingListener - 

Error starting ApplicationContext. To display the conditions report re-run your application with 'debug' enabled.
2020-03-28 15:24:26.040 [main] ERROR o.s.b.diagnostics.LoggingFailureAnalysisReporter - 

***************************
APPLICATION FAILED TO START
***************************

Description:

Web server failed to start. Port 8080 was already in use.

Action:

Identify and stop the process that's listening on port 8080 or configure this application to listen on another port.

2020-03-28 15:24:26.084 [main] INFO  o.s.scheduling.concurrent.ThreadPoolTaskExecutor - Shutting down ExecutorService 'applicationTaskExecutor'
